2019-10-20T14:46:45.215Z - info: Website generation started at 22:46:34
2019-10-20T14:46:52.272Z - info: Building assets...
2019-10-20T14:46:55.438Z - info: Assets built
2019-10-20T14:46:55.439Z - info: Generating pages...
2019-10-20T14:49:35.243Z - info: Pages built
2019-10-20T14:50:06.701Z - info: Website generation complete! Total build time: 211.813s
2019-10-20T14:50:07.072Z - info: Serving "C:\repos\nus-cs2103-AY1920S1\cs2103-website\_site" at http://127.0.0.1:8080
2019-10-20T14:50:07.072Z - info: Press CTRL+C to stop ...
2019-10-20T14:50:07.171Z - info: Site data built
2019-10-20T14:53:28.278Z - info: [22:53:28] Reload for file change: C:\repos\nus-cs2103-AY1920S1\cs2103-website\book\designPatterns\observer\what\text.md
2019-10-20T14:53:29.313Z - info: Rebuilding affected source files
2019-10-20T14:53:29.330Z - info: Rebuilding 9 pages
2019-10-20T14:53:48.554Z - info: Pages rebuilt
2019-10-20T14:53:48.640Z - info: Site data built
2019-10-20T14:57:23.134Z - info: [22:57:23] Reload for file deletion: C:\repos\nus-cs2103-AY1920S1\cs2103-website\book\diagrams\designPatterns\observer\whatItIs\~$sequenceDiagram.pptx
2019-10-20T14:57:24.137Z - info: Assets removed
2019-10-20T15:11:41.305Z - info: Website generation started at 23:11:35
2019-10-20T15:11:44.118Z - info: Building assets...
2019-10-20T15:11:47.565Z - info: Assets built
2019-10-20T15:11:47.565Z - info: Generating pages...
2019-10-20T15:14:23.036Z - info: Pages built
2019-10-20T15:14:55.515Z - info: Website generation complete! Total build time: 200.067s
2019-10-20T15:14:55.516Z - info: Build success!
2019-10-20T15:14:55.538Z - info: Site data built
2019-10-20T15:15:46.289Z - info: Deployed!
2019-10-20T15:23:53.867Z - info: Website generation started at 23:23:45
2019-10-20T15:23:57.847Z - info: Building assets...
2019-10-20T15:24:00.458Z - info: Assets built
2019-10-20T15:24:00.474Z - info: Generating pages...
2019-10-20T15:26:38.587Z - info: Pages built
2019-10-20T15:27:03.940Z - info: Website generation complete! Total build time: 198.201s
2019-10-20T15:27:03.940Z - info: Build success!
2019-10-20T15:27:03.960Z - info: Site data built
2019-10-20T15:27:45.758Z - info: Deployed!
