2019-09-12T04:13:39.936Z - info: Website generation started at 12:13:32 PM
2019-09-12T04:13:44.400Z - info: Building assets...
2019-09-12T04:13:47.822Z - info: Assets built
2019-09-12T04:13:47.822Z - info: Generating pages...
2019-09-12T04:15:37.458Z - info: Pages built
2019-09-12T04:15:57.897Z - info: Website generation complete! Total build time: 145.029s
2019-09-12T04:15:58.306Z - info: Serving "C:\repos\nus-cs2103-AY1920S1\cs2103-website\_site" at http://127.0.0.1:8080
2019-09-12T04:15:58.306Z - info: Press CTRL+C to stop ...
2019-09-12T04:15:58.348Z - info: Site data built
2019-09-12T04:17:28.448Z - info: [12:17:28 PM] Reload for file change: C:\repos\nus-cs2103-AY1920S1\cs2103-website\schedule\week5\tutorial-cs2103.md
2019-09-12T04:17:29.450Z - info: Rebuilding affected source files
2019-09-12T04:17:29.454Z - info: Rebuilding 1 pages
2019-09-12T04:17:29.668Z - info: Pages rebuilt
2019-09-12T04:17:29.677Z - info: Site data built
2019-09-12T04:17:58.989Z - info: [12:17:58 PM] Reload for file change: C:\repos\nus-cs2103-AY1920S1\cs2103-website\schedule\week5\tutorial-cs2103.md
2019-09-12T04:17:59.990Z - info: Rebuilding affected source files
2019-09-12T04:17:59.991Z - info: Rebuilding 1 pages
2019-09-12T04:18:00.142Z - info: Pages rebuilt
2019-09-12T04:18:00.152Z - info: Site data built
2019-09-12T04:18:44.351Z - info: [12:18:44 PM] Reload for file change: C:\repos\nus-cs2103-AY1920S1\cs2103-website\schedule\week5\tutorial-cs2103.md
2019-09-12T04:18:45.363Z - info: Rebuilding affected source files
2019-09-12T04:18:45.365Z - info: Rebuilding 1 pages
2019-09-12T04:18:45.519Z - info: Pages rebuilt
2019-09-12T04:18:45.529Z - info: Site data built
2019-09-12T04:19:07.220Z - info: [12:19:07 PM] Reload for file change: C:\repos\nus-cs2103-AY1920S1\cs2103-website\schedule\week5\tutorial-cs2103.md
2019-09-12T04:19:08.222Z - info: Rebuilding affected source files
2019-09-12T04:19:08.223Z - info: Rebuilding 1 pages
2019-09-12T04:19:08.372Z - info: Pages rebuilt
2019-09-12T04:19:08.382Z - info: Site data built
2019-09-12T04:20:42.006Z - info: [12:20:42 PM] Reload for file change: C:\repos\nus-cs2103-AY1920S1\cs2103-website\schedule\week5\tutorial-cs2103.md
2019-09-12T04:20:43.016Z - info: Rebuilding affected source files
2019-09-12T04:20:43.017Z - info: Rebuilding 1 pages
2019-09-12T04:20:43.144Z - info: Pages rebuilt
2019-09-12T04:20:43.154Z - info: Site data built
2019-09-12T04:22:58.635Z - info: [12:22:58 PM] Reload for file change: C:\repos\nus-cs2103-AY1920S1\cs2103-website\schedule\week5\tutorial-cs2103.md
2019-09-12T04:22:59.635Z - info: Rebuilding affected source files
2019-09-12T04:22:59.636Z - info: Rebuilding 1 pages
2019-09-12T04:22:59.802Z - info: Pages rebuilt
2019-09-12T04:22:59.816Z - info: Site data built
2019-09-12T04:29:54.470Z - info: Website generation started at 12:29:48 PM
2019-09-12T04:29:57.975Z - info: Building assets...
