2019-07-29T02:48:37.028Z - info: Website generation started at 10:48:31 AM
2019-07-29T02:48:41.130Z - info: Building assets...
2019-07-29T02:48:43.729Z - info: Assets built
2019-07-29T02:48:43.730Z - info: Generating pages...
2019-07-29T02:50:32.947Z - info: Pages built
2019-07-29T02:50:54.825Z - info: Website generation complete! Total build time: 143.79s
2019-07-29T02:50:55.161Z - info: Serving "C:\repos\nus-cs2103-AY1920S1\cs2103-website\_site" at http://127.0.0.1:8080
2019-07-29T02:50:55.161Z - info: Press CTRL+C to stop ...
2019-07-29T02:50:55.191Z - info: Site data built
2019-07-29T03:08:57.491Z - info: Website generation started at 11:08:52 AM
2019-07-29T03:09:00.784Z - info: Building assets...
2019-07-29T03:09:03.285Z - info: Assets built
2019-07-29T03:09:03.285Z - info: Generating pages...
2019-07-29T03:10:49.093Z - info: Pages built
2019-07-29T03:11:09.813Z - info: Website generation complete! Total build time: 137.767s
2019-07-29T03:11:10.145Z - info: Serving "C:\repos\nus-cs2103-AY1920S1\cs2103-website\_site" at http://127.0.0.1:8080
2019-07-29T03:11:10.145Z - info: Press CTRL+C to stop ...
2019-07-29T03:11:10.181Z - info: Site data built
2019-07-29T04:39:58.044Z - info: [12:39:58 PM] Reload for file change: C:\repos\nus-cs2103-AY1920S1\cs2103-website\admin\ip-w03.md
2019-07-29T04:39:59.046Z - info: Rebuilding affected source files
2019-07-29T04:39:59.049Z - info: Rebuilding 4 pages
2019-07-29T04:40:02.242Z - info: Pages rebuilt
2019-07-29T04:40:02.254Z - info: Site data built
2019-07-29T05:28:17.576Z - info: [1:28:17 PM] Reload for file change: C:\repos\nus-cs2103-AY1920S1\cs2103-website\schedule\week4\project.md
2019-07-29T05:28:17.590Z - info: [1:28:17 PM] Reload for file change: C:\repos\nus-cs2103-AY1920S1\cs2103-website\schedule\week9\project.md
2019-07-29T05:28:17.593Z - info: [1:28:17 PM] Reload for file change: C:\repos\nus-cs2103-AY1920S1\cs2103-website\schedule\week13\project.md
2019-07-29T05:28:17.598Z - info: [1:28:17 PM] Reload for file change: C:\repos\nus-cs2103-AY1920S1\cs2103-website\schedule\week3\project.md
2019-07-29T05:28:17.602Z - info: [1:28:17 PM] Reload for file change: C:\repos\nus-cs2103-AY1920S1\cs2103-website\schedule\week7\project.md
2019-07-29T05:28:17.605Z - info: [1:28:17 PM] Reload for file change: C:\repos\nus-cs2103-AY1920S1\cs2103-website\schedule\week11\project.md
2019-07-29T05:28:17.608Z - info: [1:28:17 PM] Reload for file change: C:\repos\nus-cs2103-AY1920S1\cs2103-website\schedule\week10\project.md
2019-07-29T05:28:17.613Z - info: [1:28:17 PM] Reload for file change: C:\repos\nus-cs2103-AY1920S1\cs2103-website\schedule\week12\project.md
2019-07-29T05:28:17.617Z - info: [1:28:17 PM] Reload for file change: C:\repos\nus-cs2103-AY1920S1\cs2103-website\schedule\week5\project.md
2019-07-29T05:28:17.623Z - info: [1:28:17 PM] Reload for file change: C:\repos\nus-cs2103-AY1920S1\cs2103-website\schedule\week8\project.md
2019-07-29T05:28:17.626Z - info: [1:28:17 PM] Reload for file change: C:\repos\nus-cs2103-AY1920S1\cs2103-website\schedule\week6\project.md
2019-07-29T05:28:18.583Z - info: Rebuilding affected source files
2019-07-29T05:28:18.590Z - info: Rebuilding 17 pages
2019-07-29T05:28:25.811Z - info: Pages rebuilt
2019-07-29T05:28:25.823Z - info: Site data built
2019-07-29T05:34:18.065Z - info: Website generation started at 1:34:12 PM
2019-07-29T05:34:21.338Z - info: Building assets...
