2019-10-08T15:17:25.543Z - info: Website generation started at 23:17:18
2019-10-08T15:17:29.436Z - info: Building assets...
2019-10-08T15:17:33.312Z - info: Assets built
2019-10-08T15:17:33.312Z - info: Generating pages...
2019-10-08T15:20:25.686Z - info: Pages built
2019-10-08T15:20:52.031Z - info: Website generation complete! Total build time: 213.581s
2019-10-08T15:20:52.452Z - info: Serving "C:\repos\nus-cs2103-AY1920S1\cs2103-website\_site" at http://127.0.0.1:8080
2019-10-08T15:20:52.452Z - info: Press CTRL+C to stop ...
2019-10-08T15:20:52.539Z - info: Site data built
2019-10-08T15:21:10.286Z - info: [23:21:10] Reload for file change: C:\repos\nus-cs2103-AY1920S1\cs2103-website\schedule\week8\tutorial-cs2103.md
2019-10-08T15:21:11.291Z - info: Rebuilding affected source files
2019-10-08T15:21:11.293Z - info: Rebuilding 1 pages
2019-10-08T15:21:11.443Z - info: Pages rebuilt
2019-10-08T15:21:11.448Z - info: Site data built
2019-10-08T15:21:11.802Z - info: [23:21:11] Reload for file change: C:\repos\nus-cs2103-AY1920S1\cs2103-website\schedule\week8\tutorial-cs2103.md
2019-10-08T15:21:12.802Z - info: Rebuilding affected source files
2019-10-08T15:21:12.803Z - info: Rebuilding 1 pages
2019-10-08T15:21:13.035Z - info: Pages rebuilt
2019-10-08T15:21:13.051Z - info: Site data built
2019-10-08T15:21:30.885Z - info: [23:21:30] Reload for file change: C:\repos\nus-cs2103-AY1920S1\cs2103-website\schedule\week8\tutorial-cs2103.md
2019-10-08T15:21:31.897Z - info: Rebuilding affected source files
2019-10-08T15:21:31.900Z - info: Rebuilding 1 pages
2019-10-08T15:21:32.056Z - info: Pages rebuilt
2019-10-08T15:21:32.062Z - info: Site data built
2019-10-08T15:22:12.948Z - info: [23:22:12] Reload for file change: C:\repos\nus-cs2103-AY1920S1\cs2103-website\schedule\week8\tutorial-cs2103.md
2019-10-08T15:22:13.950Z - info: Rebuilding affected source files
2019-10-08T15:22:13.951Z - info: Rebuilding 1 pages
2019-10-08T15:22:14.337Z - info: Pages rebuilt
2019-10-08T15:22:14.343Z - info: Site data built
2019-10-08T15:22:30.631Z - info: [23:22:30] Reload for file change: C:\repos\nus-cs2103-AY1920S1\cs2103-website\schedule\week8\tutorial-cs2103.md
2019-10-08T15:22:31.632Z - info: Rebuilding affected source files
2019-10-08T15:22:31.633Z - info: Rebuilding 1 pages
2019-10-08T15:22:31.834Z - info: Pages rebuilt
2019-10-08T15:22:31.839Z - info: Site data built
2019-10-08T15:22:51.665Z - info: [23:22:51] Reload for file add: C:\repos\nus-cs2103-AY1920S1\cs2103-website\book\diagrams\modelling\modellingStructures\classDiagramsIntermediate\ppt2667.tmp
2019-10-08T15:22:51.690Z - info: [23:22:51] Reload for file change: C:\repos\nus-cs2103-AY1920S1\cs2103-website\book\diagrams\modelling\modellingStructures\classDiagramsIntermediate\ppt2667.tmp
2019-10-08T15:22:51.702Z - info: [23:22:51] Reload for file change: C:\repos\nus-cs2103-AY1920S1\cs2103-website\book\diagrams\modelling\modellingStructures\classDiagramsIntermediate\a-classDiagramForItemEtc.pptx
2019-10-08T15:22:51.804Z - info: [23:22:51] Reload for file deletion: C:\repos\nus-cs2103-AY1920S1\cs2103-website\book\diagrams\modelling\modellingStructures\classDiagramsIntermediate\ppt2667.tmp
2019-10-08T15:22:51.805Z - info: [23:22:51] Reload for file deletion: C:\repos\nus-cs2103-AY1920S1\cs2103-website\book\diagrams\modelling\modellingStructures\classDiagramsIntermediate\~$a-classDiagramForItemEtc.pptx
2019-10-08T15:22:52.670Z - info: Assets built
2019-10-08T15:22:52.807Z - info: Assets removed
2019-10-08T15:24:13.645Z - info: [23:24:13] Reload for file change: C:\repos\nus-cs2103-AY1920S1\cs2103-website\schedule\week8\tutorial-cs2103.md
2019-10-08T15:24:14.651Z - info: Rebuilding affected source files
2019-10-08T15:24:14.652Z - info: Rebuilding 1 pages
2019-10-08T15:24:15.008Z - info: Pages rebuilt
2019-10-08T15:24:15.015Z - info: Site data built
2019-10-08T15:26:36.320Z - info: Website generation started at 23:26:30
2019-10-08T15:26:38.800Z - info: Building assets...
2019-10-08T15:26:41.077Z - info: Assets built
2019-10-08T15:26:41.078Z - info: Generating pages...
2019-10-08T15:29:48.242Z - info: Website generation started at 23:29:43
2019-10-08T15:29:50.570Z - info: Building assets...
2019-10-08T15:29:52.868Z - info: Assets built
2019-10-08T15:29:52.869Z - info: Generating pages...
2019-10-08T15:32:12.870Z - info: Pages built
2019-10-08T15:32:40.070Z - info: Website generation complete! Total build time: 176.954s
2019-10-08T15:32:40.072Z - info: Build success!
2019-10-08T15:32:40.131Z - info: Site data built
2019-10-08T15:33:20.849Z - info: Deployed!
