2019-09-15T05:12:39.168Z - info: Website generation started at 1:12:32 PM
2019-09-15T05:12:42.819Z - info: Building assets...
2019-09-15T05:12:45.504Z - info: Assets built
2019-09-15T05:12:45.505Z - info: Generating pages...
2019-09-15T05:14:26.702Z - info: Pages built
2019-09-15T05:14:55.134Z - info: Website generation complete! Total build time: 142.892s
2019-09-15T05:14:55.550Z - info: Serving "C:\repos\nus-cs2103-AY1920S1\cs2103-website\_site" at http://127.0.0.1:8080
2019-09-15T05:14:55.551Z - info: Press CTRL+C to stop ...
2019-09-15T05:14:55.596Z - info: Site data built
2019-09-15T05:15:34.570Z - info: [1:15:34 PM] Reload for file change: C:\repos\nus-cs2103-AY1920S1\cs2103-website\admin\ip-showcase.md
2019-09-15T05:15:35.572Z - info: Rebuilding affected source files
2019-09-15T05:15:35.574Z - info: Rebuilding 1 pages
2019-09-15T05:15:36.836Z - info: Pages rebuilt
2019-09-15T05:15:36.850Z - info: Site data built
2019-09-15T06:00:12.064Z - info: [2:00:12 PM] Reload for file change: C:\repos\nus-cs2103-AY1920S1\cs2103-website\admin\ip-showcase.md
2019-09-15T06:00:13.066Z - info: Rebuilding affected source files
2019-09-15T06:00:13.068Z - info: Rebuilding 1 pages
2019-09-15T06:00:14.315Z - info: Pages rebuilt
2019-09-15T06:00:14.351Z - info: Site data built
2019-09-15T06:03:13.770Z - info: [2:03:13 PM] Reload for file change: C:\repos\nus-cs2103-AY1920S1\cs2103-website\admin\ip-showcase.md
2019-09-15T06:03:14.779Z - info: Rebuilding affected source files
2019-09-15T06:03:14.780Z - info: Rebuilding 1 pages
2019-09-15T06:03:16.060Z - info: Pages rebuilt
2019-09-15T06:03:16.076Z - info: Site data built
2019-09-15T06:07:01.102Z - info: [2:07:01 PM] Reload for file change: C:\repos\nus-cs2103-AY1920S1\cs2103-website\admin\ip-showcase.md
2019-09-15T06:07:02.102Z - info: Rebuilding affected source files
2019-09-15T06:07:02.104Z - info: Rebuilding 1 pages
2019-09-15T06:07:03.465Z - info: Pages rebuilt
2019-09-15T06:07:03.492Z - info: Site data built
2019-09-15T06:08:14.760Z - info: [2:08:14 PM] Reload for file change: C:\repos\nus-cs2103-AY1920S1\cs2103-website\_markbind\headers\header.md
2019-09-15T06:08:15.775Z - info: Rebuilding affected source files
2019-09-15T06:08:15.817Z - info: Rebuilding 155 pages
2019-09-15T06:09:00.530Z - info: [2:09:00 PM] Reload for file change: C:\repos\nus-cs2103-AY1920S1\cs2103-website\_markbind\headers\header.md
2019-09-15T06:09:08.582Z - info: Pages rebuilt
2019-09-15T06:09:08.601Z - info: Site data built
2019-09-15T06:09:08.759Z - info: Rebuilding affected source files
2019-09-15T06:09:08.775Z - info: Rebuilding 155 pages
2019-09-15T06:10:00.564Z - info: Pages rebuilt
2019-09-15T06:10:00.603Z - info: Site data built
2019-09-15T11:48:11.398Z - info: Website generation started at 7:48:04 PM
2019-09-15T11:48:15.995Z - info: Building assets...
