2019-09-01T01:32:22.362Z - info: Website generation started at 09:32:16
2019-09-01T01:32:26.038Z - info: Building assets...
2019-09-01T01:32:28.759Z - info: Assets built
2019-09-01T01:32:28.759Z - info: Generating pages...
2019-09-01T01:34:46.073Z - info: Pages built
2019-09-01T01:35:19.337Z - info: Website generation complete! Total build time: 183.118s
2019-09-01T01:35:19.762Z - info: Serving "C:\repos\nus-cs2103-AY1920S1\cs2103-website\_site" at http://127.0.0.1:8080
2019-09-01T01:35:19.762Z - info: Press CTRL+C to stop ...
2019-09-01T01:35:20.043Z - info: Site data built
2019-09-01T01:35:30.280Z - info: [09:35:30] Reload for file change: C:\repos\nus-cs2103-AY1920S1\cs2103-website\admin\ip-w04.md
2019-09-01T01:35:31.288Z - info: Rebuilding affected source files
2019-09-01T01:35:31.298Z - info: Rebuilding 6 pages
2019-09-01T01:35:38.457Z - info: Pages rebuilt
2019-09-01T01:35:38.476Z - info: Site data built
2019-09-01T01:37:30.858Z - info: [09:37:30] Reload for file change: C:\repos\nus-cs2103-AY1920S1\cs2103-website\admin\ip-w04.md
2019-09-01T01:37:31.860Z - info: Rebuilding affected source files
2019-09-01T01:37:31.872Z - info: Rebuilding 6 pages
2019-09-01T01:37:40.768Z - info: Pages rebuilt
2019-09-01T01:37:40.786Z - info: [09:37:40] Reload for file change: C:\repos\nus-cs2103-AY1920S1\cs2103-website\admin\ip-w04.md
2019-09-01T01:37:40.824Z - info: Site data built
2019-09-01T01:37:41.798Z - info: Rebuilding affected source files
2019-09-01T01:37:41.806Z - info: Rebuilding 6 pages
2019-09-01T01:37:48.594Z - info: Pages rebuilt
2019-09-01T01:37:48.610Z - info: Site data built
2019-09-01T01:38:18.489Z - info: [09:38:18] Reload for file change: C:\repos\nus-cs2103-AY1920S1\cs2103-website\admin\ip-w04.md
2019-09-01T01:38:19.490Z - info: Rebuilding affected source files
2019-09-01T01:38:19.498Z - info: Rebuilding 6 pages
2019-09-01T01:38:26.552Z - info: Pages rebuilt
2019-09-01T01:38:26.586Z - info: Site data built
2019-09-01T01:40:58.494Z - info: [09:40:58] Reload for file change: C:\repos\nus-cs2103-AY1920S1\cs2103-website\admin\ip-w04.md
2019-09-01T01:40:59.496Z - info: Rebuilding affected source files
2019-09-01T01:40:59.516Z - info: Rebuilding 6 pages
2019-09-01T01:41:07.165Z - info: Pages rebuilt
2019-09-01T01:41:07.174Z - info: Site data built
2019-09-01T01:42:33.031Z - info: [09:42:33] Reload for file change: C:\repos\nus-cs2103-AY1920S1\cs2103-website\admin\ip-w04.md
2019-09-01T01:42:34.033Z - info: Rebuilding affected source files
2019-09-01T01:42:34.040Z - info: Rebuilding 6 pages
2019-09-01T01:42:41.492Z - info: Pages rebuilt
2019-09-01T01:42:41.516Z - info: Site data built
2019-09-01T01:43:33.086Z - info: [09:43:33] Reload for file change: C:\repos\nus-cs2103-AY1920S1\cs2103-website\admin\ip-w04.md
2019-09-01T01:43:34.097Z - info: Rebuilding affected source files
2019-09-01T01:43:34.100Z - info: Rebuilding 6 pages
2019-09-01T01:43:41.069Z - info: Pages rebuilt
2019-09-01T01:43:41.223Z - info: Site data built
2019-09-01T01:44:24.343Z - info: [09:44:24] Reload for file change: C:\repos\nus-cs2103-AY1920S1\cs2103-website\admin\ip-w04.md
2019-09-01T01:44:25.344Z - info: Rebuilding affected source files
2019-09-01T01:44:25.346Z - info: Rebuilding 6 pages
2019-09-01T01:44:32.560Z - info: Pages rebuilt
2019-09-01T01:44:32.575Z - info: Site data built
2019-09-01T01:44:51.072Z - info: [09:44:51] Reload for file change: C:\repos\nus-cs2103-AY1920S1\cs2103-website\admin\ip-w04.md
2019-09-01T01:44:52.083Z - info: Rebuilding affected source files
2019-09-01T01:44:52.102Z - info: Rebuilding 6 pages
2019-09-01T01:44:58.726Z - info: Pages rebuilt
2019-09-01T01:44:58.749Z - info: Site data built
2019-09-01T01:46:56.871Z - info: [09:46:56] Reload for file change: C:\repos\nus-cs2103-AY1920S1\cs2103-website\admin\ip-w04.md
2019-09-01T01:46:57.876Z - info: Rebuilding affected source files
2019-09-01T01:46:57.894Z - info: Rebuilding 6 pages
2019-09-01T01:47:05.340Z - info: Pages rebuilt
2019-09-01T01:47:05.364Z - info: Site data built
2019-09-01T01:49:28.209Z - info: Website generation started at 09:49:22
2019-09-01T01:49:30.584Z - info: Building assets...
2019-09-01T01:49:33.187Z - info: Assets built
2019-09-01T01:49:33.187Z - info: Generating pages...
2019-09-01T01:51:55.984Z - info: Pages built
2019-09-01T01:52:24.527Z - info: Website generation complete! Total build time: 181.545s
2019-09-01T01:52:24.536Z - info: Build success!
2019-09-01T01:52:24.554Z - info: Site data built
2019-09-01T01:53:12.360Z - info: Deployed!
2019-09-01T13:58:58.445Z - info: Website generation started at 21:58:52
2019-09-01T13:59:01.341Z - info: Building assets...
2019-09-01T13:59:04.281Z - info: Assets built
2019-09-01T13:59:04.285Z - info: Generating pages...
2019-09-01T14:01:38.982Z - info: Pages built
2019-09-01T14:02:10.424Z - info: Website generation complete! Total build time: 198.358s
2019-09-01T14:02:10.805Z - info: Serving "C:\repos\nus-cs2103-AY1920S1\cs2103-website\_site" at http://127.0.0.1:8080
2019-09-01T14:02:10.805Z - info: Press CTRL+C to stop ...
2019-09-01T14:02:10.837Z - info: Site data built
2019-09-01T14:07:14.924Z - info: [22:07:14] Reload for file change: C:\repos\nus-cs2103-AY1920S1\cs2103-website\_markbind\navigation\adminSiteNav.md
2019-09-01T14:07:15.930Z - info: Rebuilding affected source files
2019-09-01T14:07:15.954Z - info: Rebuilding 47 pages
2019-09-01T14:07:30.840Z - info: Pages rebuilt
2019-09-01T14:07:30.941Z - info: Site data built
2019-09-01T14:08:16.822Z - info: [22:08:16] Reload for file change: C:\repos\nus-cs2103-AY1920S1\cs2103-website\_markbind\navigation\adminSiteNav.md
2019-09-01T14:08:17.829Z - info: Rebuilding affected source files
2019-09-01T14:08:17.870Z - info: Rebuilding 47 pages
2019-09-01T14:08:33.026Z - info: Pages rebuilt
2019-09-01T14:08:33.038Z - info: Site data built
2019-09-01T14:09:38.040Z - info: [22:09:38] Reload for file change: C:\repos\nus-cs2103-AY1920S1\cs2103-website\_markbind\navigation\adminSiteNav.md
2019-09-01T14:09:39.045Z - info: Rebuilding affected source files
2019-09-01T14:09:39.061Z - info: Rebuilding 47 pages
2019-09-01T14:09:55.274Z - info: Pages rebuilt
2019-09-01T14:09:55.286Z - info: Site data built
2019-09-01T14:11:01.781Z - info: [22:11:01] Reload for file change: C:\repos\nus-cs2103-AY1920S1\cs2103-website\_markbind\navigation\adminSiteNav.md
2019-09-01T14:11:02.786Z - info: Rebuilding affected source files
2019-09-01T14:11:02.794Z - info: Rebuilding 47 pages
2019-09-01T14:11:17.389Z - info: Pages rebuilt
2019-09-01T14:11:17.405Z - info: Site data built
2019-09-01T14:14:06.271Z - info: [22:14:06] Reload for file change: C:\repos\nus-cs2103-AY1920S1\cs2103-website\_markbind\navigation\adminSiteNav.md
2019-09-01T14:14:07.274Z - info: Rebuilding affected source files
2019-09-01T14:14:07.294Z - info: Rebuilding 47 pages
2019-09-01T14:14:27.319Z - info: Pages rebuilt
2019-09-01T14:14:27.339Z - info: Site data built
