2019-07-12T02:40:02.067Z - info: Website generation started at 10:39:57 AM
2019-07-12T02:40:05.029Z - info: Building assets...
2019-07-12T02:40:07.274Z - info: Assets built
2019-07-12T02:40:07.274Z - info: Generating pages...
2019-07-12T02:41:47.158Z - info: Pages built
2019-07-12T02:42:08.796Z - info: Website generation complete! Total build time: 131.184s
2019-07-12T02:42:09.129Z - info: Serving "C:\repos\nus-cs2103-AY1920S1\cs2103-website\_site" at http://127.0.0.1:8080
2019-07-12T02:42:09.129Z - info: Press CTRL+C to stop ...
2019-07-12T02:42:09.162Z - info: Site data built
2019-07-12T04:24:30.675Z - info: [12:24:30 PM] Reload for file change: C:\repos\nus-cs2103-AY1920S1\cs2103-website\book\projectDuke\text.md
2019-07-12T04:24:31.680Z - info: Rebuilding affected source files
2019-07-12T04:24:31.682Z - info: Rebuilding 3 pages
2019-07-12T04:24:32.568Z - info: Pages rebuilt
2019-07-12T04:24:32.581Z - info: Site data built
2019-07-12T04:24:44.387Z - info: [12:24:44 PM] Reload for file change: C:\repos\nus-cs2103-AY1920S1\cs2103-website\book\projectDuke\text.md
2019-07-12T04:24:45.388Z - info: Rebuilding affected source files
2019-07-12T04:24:45.390Z - info: Rebuilding 3 pages
2019-07-12T04:24:46.160Z - info: Pages rebuilt
2019-07-12T04:24:46.171Z - info: Site data built
2019-07-12T04:25:05.725Z - info: [12:25:05 PM] Reload for file change: C:\repos\nus-cs2103-AY1920S1\cs2103-website\book\projectDuke\text.md
2019-07-12T04:25:06.726Z - info: Rebuilding affected source files
2019-07-12T04:25:06.727Z - info: Rebuilding 3 pages
2019-07-12T04:25:07.496Z - info: Pages rebuilt
2019-07-12T04:25:07.505Z - info: Site data built
2019-07-12T04:36:13.137Z - info: [12:36:13 PM] Reload for file change: C:\repos\nus-cs2103-AY1920S1\cs2103-website\schedule\week2\project.md
2019-07-12T04:36:14.138Z - info: Rebuilding affected source files
2019-07-12T04:36:14.139Z - info: Rebuilding 1 pages
2019-07-12T04:36:14.407Z - info: Pages rebuilt
2019-07-12T04:36:14.415Z - info: Site data built
2019-07-12T04:37:49.587Z - info: [12:37:49 PM] Reload for file change: C:\repos\nus-cs2103-AY1920S1\cs2103-website\schedule\week2\project.md
2019-07-12T04:37:50.590Z - info: Rebuilding affected source files
2019-07-12T04:37:50.591Z - info: Rebuilding 1 pages
2019-07-12T04:37:50.805Z - info: Pages rebuilt
2019-07-12T04:37:50.813Z - info: Site data built
2019-07-12T04:38:02.943Z - info: [12:38:02 PM] Reload for file change: C:\repos\nus-cs2103-AY1920S1\cs2103-website\schedule\week2\project.md
2019-07-12T04:38:03.944Z - info: Rebuilding affected source files
2019-07-12T04:38:03.945Z - info: Rebuilding 1 pages
2019-07-12T04:38:04.208Z - info: Pages rebuilt
2019-07-12T04:38:04.217Z - info: Site data built
2019-07-12T04:38:50.869Z - info: [12:38:50 PM] Reload for file change: C:\repos\nus-cs2103-AY1920S1\cs2103-website\schedule\week2\project.md
2019-07-12T04:38:51.870Z - info: Rebuilding affected source files
2019-07-12T04:38:51.871Z - info: Rebuilding 1 pages
2019-07-12T04:38:52.103Z - info: Pages rebuilt
2019-07-12T04:38:52.111Z - info: Site data built
2019-07-12T04:39:11.849Z - info: [12:39:11 PM] Reload for file change: C:\repos\nus-cs2103-AY1920S1\cs2103-website\schedule\week2\project.md
2019-07-12T04:39:12.852Z - info: Rebuilding affected source files
2019-07-12T04:39:12.853Z - info: Rebuilding 1 pages
2019-07-12T04:39:13.130Z - info: Pages rebuilt
2019-07-12T04:39:13.140Z - info: Site data built
2019-07-12T04:40:07.074Z - info: [12:40:07 PM] Reload for file change: C:\repos\nus-cs2103-AY1920S1\cs2103-website\schedule\week2\project.md
2019-07-12T04:40:08.075Z - info: Rebuilding affected source files
2019-07-12T04:40:08.076Z - info: Rebuilding 1 pages
2019-07-12T04:40:08.301Z - info: Pages rebuilt
2019-07-12T04:40:08.311Z - info: Site data built
2019-07-12T04:41:38.143Z - info: [12:41:38 PM] Reload for file change: C:\repos\nus-cs2103-AY1920S1\cs2103-website\admin\moduleOverview.md
2019-07-12T04:41:39.144Z - info: Rebuilding affected source files
2019-07-12T04:41:39.146Z - info: Rebuilding 3 pages
2019-07-12T04:41:40.388Z - info: Pages rebuilt
2019-07-12T04:41:40.403Z - info: Site data built
2019-07-12T04:43:25.564Z - info: [12:43:25 PM] Reload for file change: C:\repos\nus-cs2103-AY1920S1\cs2103-website\admin\moduleOverview.md
2019-07-12T04:43:26.566Z - info: Rebuilding affected source files
2019-07-12T04:43:26.567Z - info: Rebuilding 3 pages
2019-07-12T04:43:27.704Z - info: Pages rebuilt
2019-07-12T04:43:27.717Z - info: Site data built
2019-07-12T04:44:19.127Z - info: [12:44:19 PM] Reload for file change: C:\repos\nus-cs2103-AY1920S1\cs2103-website\admin\moduleOverview.md
2019-07-12T04:44:20.128Z - info: Rebuilding affected source files
2019-07-12T04:44:20.132Z - info: Rebuilding 3 pages
2019-07-12T04:44:21.379Z - info: Pages rebuilt
2019-07-12T04:44:21.392Z - info: Site data built
2019-07-12T04:45:17.626Z - info: [12:45:17 PM] Reload for file change: C:\repos\nus-cs2103-AY1920S1\cs2103-website\admin\moduleOverview.md
2019-07-12T04:45:18.626Z - info: Rebuilding affected source files
2019-07-12T04:45:18.628Z - info: Rebuilding 3 pages
2019-07-12T04:45:19.810Z - info: Pages rebuilt
2019-07-12T04:45:19.824Z - info: Site data built
2019-07-12T04:46:00.857Z - info: [12:46:00 PM] Reload for file change: C:\repos\nus-cs2103-AY1920S1\cs2103-website\admin\moduleOverview.md
2019-07-12T04:46:01.859Z - info: Rebuilding affected source files
2019-07-12T04:46:01.862Z - info: Rebuilding 3 pages
2019-07-12T04:46:03.163Z - info: Pages rebuilt
2019-07-12T04:46:03.174Z - info: Site data built
2019-07-12T04:49:30.687Z - info: [12:49:30 PM] Reload for file change: C:\repos\nus-cs2103-AY1920S1\cs2103-website\common\admin.njk
2019-07-12T04:49:31.693Z - info: Assets built
2019-07-12T04:51:18.680Z - info: [12:51:18 PM] Reload for file add: C:\repos\nus-cs2103-AY1920S1\cs2103-website\admin\individualProject.md
2019-07-12T04:51:19.681Z - warn: Rebuilding all source files
2019-07-12T04:51:21.985Z - info: Assets removed
2019-07-12T04:51:21.985Z - info: Generating pages...
2019-07-12T04:52:32.333Z - info: [12:52:32 PM] Reload for file change: C:\repos\nus-cs2103-AY1920S1\cs2103-website\common\admin.njk
2019-07-12T04:52:32.334Z - info: [12:52:32 PM] Reload for file change: C:\repos\nus-cs2103-AY1920S1\cs2103-website\admin\individualProject.md
2019-07-12T04:52:34.749Z - info: Rebuilding affected source files
2019-07-12T04:52:34.750Z - info: Rebuilding 1 pages
2019-07-12T04:52:36.044Z - info: [12:52:36 PM] Reload for file change: C:\repos\nus-cs2103-AY1920S1\cs2103-website\common\admin.njk
2019-07-12T04:52:36.044Z - info: [12:52:36 PM] Reload for file change: C:\repos\nus-cs2103-AY1920S1\cs2103-website\admin\individualProject.md
2019-07-12T04:52:58.622Z - info: Website generation started at 12:52:51 PM
2019-07-12T04:53:01.674Z - info: Building assets...
2019-07-12T04:53:04.001Z - info: Assets built
2019-07-12T04:53:04.002Z - info: Generating pages...
2019-07-12T04:54:42.120Z - info: Pages built
2019-07-12T04:55:03.418Z - info: Website generation complete! Total build time: 131.807s
2019-07-12T04:55:03.764Z - info: Serving "C:\repos\nus-cs2103-AY1920S1\cs2103-website\_site" at http://127.0.0.1:8080
2019-07-12T04:55:03.764Z - info: Press CTRL+C to stop ...
2019-07-12T04:55:03.793Z - info: Site data built
2019-07-12T04:59:15.939Z - info: [12:59:15 PM] Reload for file change: C:\repos\nus-cs2103-AY1920S1\cs2103-website\common\admin.njk
2019-07-12T04:59:15.941Z - info: [12:59:15 PM] Reload for file change: C:\repos\nus-cs2103-AY1920S1\cs2103-website\admin\individualProject.md
2019-07-12T04:59:16.943Z - info: Rebuilding affected source files
2019-07-12T04:59:16.946Z - info: Rebuilding 1 pages
2019-07-12T04:59:17.023Z - info: Assets built
2019-07-12T04:59:17.184Z - info: Pages rebuilt
2019-07-12T04:59:17.208Z - info: Site data built
2019-07-12T05:01:33.599Z - info: [1:01:33 PM] Reload for file change: C:\repos\nus-cs2103-AY1920S1\cs2103-website\common\admin.njk
2019-07-12T05:01:34.606Z - info: Assets built
2019-07-12T05:02:18.218Z - info: Website generation started at 1:02:12 PM
2019-07-12T05:02:22.054Z - info: Building assets...
2019-07-12T05:02:24.614Z - info: Assets built
2019-07-12T05:02:24.615Z - info: Generating pages...
2019-07-12T05:04:11.058Z - info: Pages built
2019-07-12T05:04:33.514Z - info: Website generation complete! Total build time: 140.586s
2019-07-12T05:04:33.863Z - info: Serving "C:\repos\nus-cs2103-AY1920S1\cs2103-website\_site" at http://127.0.0.1:8080
2019-07-12T05:04:33.863Z - info: Press CTRL+C to stop ...
2019-07-12T05:04:33.899Z - info: Site data built
2019-07-12T05:17:15.549Z - info: [1:17:15 PM] Reload for file change: C:\repos\nus-cs2103-AY1920S1\cs2103-website\schedule\week2\project.md
2019-07-12T05:17:15.555Z - info: [1:17:15 PM] Reload for file change: C:\repos\nus-cs2103-AY1920S1\cs2103-website\admin\individualProject.md
2019-07-12T05:17:16.553Z - info: Rebuilding affected source files
2019-07-12T05:17:16.555Z - info: Rebuilding 2 pages
2019-07-12T05:17:16.968Z - info: Pages rebuilt
2019-07-12T05:17:16.977Z - info: Site data built
2019-07-12T05:17:39.030Z - info: [1:17:39 PM] Reload for file change: C:\repos\nus-cs2103-AY1920S1\cs2103-website\admin\individualProject.md
2019-07-12T05:17:40.032Z - info: Rebuilding affected source files
2019-07-12T05:17:40.035Z - info: Rebuilding 1 pages
2019-07-12T05:17:40.217Z - info: Pages rebuilt
2019-07-12T05:17:40.225Z - info: Site data built
2019-07-12T05:18:43.701Z - info: [1:18:43 PM] Reload for file change: C:\repos\nus-cs2103-AY1920S1\cs2103-website\admin\individualProject.md
2019-07-12T05:18:44.703Z - info: Rebuilding affected source files
2019-07-12T05:18:44.705Z - info: Rebuilding 1 pages
2019-07-12T05:18:44.714Z - error:  Error: No such file: C:\repos\nus-cs2103-AY1920S1\book\projectDuke\text.md
Missing reference in C:\repos\nus-cs2103-AY1920S1\cs2103-website\admin\dukeFragment.md
    at Parser._preprocess (C:\Users\dcsdcr\AppData\Roaming\npm\node_modules\markbind-cli\src\lib\markbind\src\parser.js:225:21)
    at element.children.element.children.map.e (C:\Users\dcsdcr\AppData\Roaming\npm\node_modules\markbind-cli\src\lib\markbind\src\parser.js:399:57)
    at Array.map (<anonymous>)
    at Parser._preprocess (C:\Users\dcsdcr\AppData\Roaming\npm\node_modules\markbind-cli\src\lib\markbind\src\parser.js:399:43)
    at element.children.element.children.map.e (C:\Users\dcsdcr\AppData\Roaming\npm\node_modules\markbind-cli\src\lib\markbind\src\parser.js:399:57)
    at Array.map (<anonymous>)
    at Parser._preprocess (C:\Users\dcsdcr\AppData\Roaming\npm\node_modules\markbind-cli\src\lib\markbind\src\parser.js:399:43)
    at element.children.element.children.map.e (C:\Users\dcsdcr\AppData\Roaming\npm\node_modules\markbind-cli\src\lib\markbind\src\parser.js:399:57)
    at Array.map (<anonymous>)
    at Parser._preprocess (C:\Users\dcsdcr\AppData\Roaming\npm\node_modules\markbind-cli\src\lib\markbind\src\parser.js:399:43)
    at element.children.element.children.map.e (C:\Users\dcsdcr\AppData\Roaming\npm\node_modules\markbind-cli\src\lib\markbind\src\parser.js:399:57)
    at Array.map (<anonymous>)
    at Parser._preprocess (C:\Users\dcsdcr\AppData\Roaming\npm\node_modules\markbind-cli\src\lib\markbind\src\parser.js:399:43)
    at element.children.element.children.map.e (C:\Users\dcsdcr\AppData\Roaming\npm\node_modules\markbind-cli\src\lib\markbind\src\parser.js:382:57)
    at Array.map (<anonymous>)
    at Parser._preprocess (C:\Users\dcsdcr\AppData\Roaming\npm\node_modules\markbind-cli\src\lib\markbind\src\parser.js:382:43)
2019-07-12T05:18:44.853Z - info: Pages rebuilt
2019-07-12T05:18:44.863Z - info: Site data built
2019-07-12T05:19:20.519Z - info: [1:19:20 PM] Reload for file change: C:\repos\nus-cs2103-AY1920S1\cs2103-website\_markbind\boilerplates\dukeFragment.md
2019-07-12T05:19:21.520Z - info: Rebuilding affected source files
2019-07-12T05:19:21.522Z - info: Rebuilding 2 pages
2019-07-12T05:19:21.530Z - error:  Error: No such file: C:\repos\nus-cs2103-AY1920S1\cs2103-website\admin\{{baseUrl}}\book\projectDuke\text.md
Missing reference in C:\repos\nus-cs2103-AY1920S1\cs2103-website\admin\dukeFragment.md
    at Parser._preprocess (C:\Users\dcsdcr\AppData\Roaming\npm\node_modules\markbind-cli\src\lib\markbind\src\parser.js:225:21)
    at element.children.element.children.map.e (C:\Users\dcsdcr\AppData\Roaming\npm\node_modules\markbind-cli\src\lib\markbind\src\parser.js:399:57)
    at Array.map (<anonymous>)
    at Parser._preprocess (C:\Users\dcsdcr\AppData\Roaming\npm\node_modules\markbind-cli\src\lib\markbind\src\parser.js:399:43)
    at element.children.element.children.map.e (C:\Users\dcsdcr\AppData\Roaming\npm\node_modules\markbind-cli\src\lib\markbind\src\parser.js:399:57)
    at Array.map (<anonymous>)
    at Parser._preprocess (C:\Users\dcsdcr\AppData\Roaming\npm\node_modules\markbind-cli\src\lib\markbind\src\parser.js:399:43)
    at element.children.element.children.map.e (C:\Users\dcsdcr\AppData\Roaming\npm\node_modules\markbind-cli\src\lib\markbind\src\parser.js:399:57)
    at Array.map (<anonymous>)
    at Parser._preprocess (C:\Users\dcsdcr\AppData\Roaming\npm\node_modules\markbind-cli\src\lib\markbind\src\parser.js:399:43)
    at element.children.element.children.map.e (C:\Users\dcsdcr\AppData\Roaming\npm\node_modules\markbind-cli\src\lib\markbind\src\parser.js:399:57)
    at Array.map (<anonymous>)
    at Parser._preprocess (C:\Users\dcsdcr\AppData\Roaming\npm\node_modules\markbind-cli\src\lib\markbind\src\parser.js:399:43)
    at element.children.element.children.map.e (C:\Users\dcsdcr\AppData\Roaming\npm\node_modules\markbind-cli\src\lib\markbind\src\parser.js:382:57)
    at Array.map (<anonymous>)
    at Parser._preprocess (C:\Users\dcsdcr\AppData\Roaming\npm\node_modules\markbind-cli\src\lib\markbind\src\parser.js:382:43)
2019-07-12T05:19:21.532Z - error:  Error: No such file: C:\repos\nus-cs2103-AY1920S1\cs2103-website\schedule\week2\{{baseUrl}}\book\projectDuke\text.md
Missing reference in C:\repos\nus-cs2103-AY1920S1\cs2103-website\schedule\week2\dukeFragment.md
    at Parser._preprocess (C:\Users\dcsdcr\AppData\Roaming\npm\node_modules\markbind-cli\src\lib\markbind\src\parser.js:225:21)
    at element.children.element.children.map.e (C:\Users\dcsdcr\AppData\Roaming\npm\node_modules\markbind-cli\src\lib\markbind\src\parser.js:399:57)
    at Array.map (<anonymous>)
    at Parser._preprocess (C:\Users\dcsdcr\AppData\Roaming\npm\node_modules\markbind-cli\src\lib\markbind\src\parser.js:399:43)
    at element.children.element.children.map.e (C:\Users\dcsdcr\AppData\Roaming\npm\node_modules\markbind-cli\src\lib\markbind\src\parser.js:399:57)
    at Array.map (<anonymous>)
    at Parser._preprocess (C:\Users\dcsdcr\AppData\Roaming\npm\node_modules\markbind-cli\src\lib\markbind\src\parser.js:399:43)
    at element.children.element.children.map.e (C:\Users\dcsdcr\AppData\Roaming\npm\node_modules\markbind-cli\src\lib\markbind\src\parser.js:399:57)
    at Array.map (<anonymous>)
    at Parser._preprocess (C:\Users\dcsdcr\AppData\Roaming\npm\node_modules\markbind-cli\src\lib\markbind\src\parser.js:399:43)
    at element.children.element.children.map.e (C:\Users\dcsdcr\AppData\Roaming\npm\node_modules\markbind-cli\src\lib\markbind\src\parser.js:399:57)
    at Array.map (<anonymous>)
    at Parser._preprocess (C:\Users\dcsdcr\AppData\Roaming\npm\node_modules\markbind-cli\src\lib\markbind\src\parser.js:399:43)
    at element.children.element.children.map.e (C:\Users\dcsdcr\AppData\Roaming\npm\node_modules\markbind-cli\src\lib\markbind\src\parser.js:382:57)
    at Array.map (<anonymous>)
    at Parser._preprocess (C:\Users\dcsdcr\AppData\Roaming\npm\node_modules\markbind-cli\src\lib\markbind\src\parser.js:382:43)
2019-07-12T05:19:21.533Z - error:  Error: No such file: C:\repos\nus-cs2103-AY1920S1\cs2103-website\schedule\week2\{{baseUrl}}\book\projectDuke\text.md
Missing reference in C:\repos\nus-cs2103-AY1920S1\cs2103-website\schedule\week2\dukeFragment.md
    at Parser._preprocess (C:\Users\dcsdcr\AppData\Roaming\npm\node_modules\markbind-cli\src\lib\markbind\src\parser.js:225:21)
    at element.children.element.children.map.e (C:\Users\dcsdcr\AppData\Roaming\npm\node_modules\markbind-cli\src\lib\markbind\src\parser.js:399:57)
    at Array.map (<anonymous>)
    at Parser._preprocess (C:\Users\dcsdcr\AppData\Roaming\npm\node_modules\markbind-cli\src\lib\markbind\src\parser.js:399:43)
    at element.children.element.children.map.e (C:\Users\dcsdcr\AppData\Roaming\npm\node_modules\markbind-cli\src\lib\markbind\src\parser.js:399:57)
    at Array.map (<anonymous>)
    at Parser._preprocess (C:\Users\dcsdcr\AppData\Roaming\npm\node_modules\markbind-cli\src\lib\markbind\src\parser.js:399:43)
    at element.children.element.children.map.e (C:\Users\dcsdcr\AppData\Roaming\npm\node_modules\markbind-cli\src\lib\markbind\src\parser.js:399:57)
    at Array.map (<anonymous>)
    at Parser._preprocess (C:\Users\dcsdcr\AppData\Roaming\npm\node_modules\markbind-cli\src\lib\markbind\src\parser.js:399:43)
    at element.children.element.children.map.e (C:\Users\dcsdcr\AppData\Roaming\npm\node_modules\markbind-cli\src\lib\markbind\src\parser.js:399:57)
    at Array.map (<anonymous>)
    at Parser._preprocess (C:\Users\dcsdcr\AppData\Roaming\npm\node_modules\markbind-cli\src\lib\markbind\src\parser.js:399:43)
    at element.children.element.children.map.e (C:\Users\dcsdcr\AppData\Roaming\npm\node_modules\markbind-cli\src\lib\markbind\src\parser.js:382:57)
    at Array.map (<anonymous>)
    at Parser._preprocess (C:\Users\dcsdcr\AppData\Roaming\npm\node_modules\markbind-cli\src\lib\markbind\src\parser.js:382:43)
2019-07-12T05:19:21.534Z - error:  Error: No such file: C:\repos\nus-cs2103-AY1920S1\cs2103-website\schedule\week2\{{baseUrl}}\book\projectDuke\text.md
Missing reference in C:\repos\nus-cs2103-AY1920S1\cs2103-website\schedule\week2\dukeFragment.md
    at Parser._preprocess (C:\Users\dcsdcr\AppData\Roaming\npm\node_modules\markbind-cli\src\lib\markbind\src\parser.js:225:21)
    at element.children.element.children.map.e (C:\Users\dcsdcr\AppData\Roaming\npm\node_modules\markbind-cli\src\lib\markbind\src\parser.js:399:57)
    at Array.map (<anonymous>)
    at Parser._preprocess (C:\Users\dcsdcr\AppData\Roaming\npm\node_modules\markbind-cli\src\lib\markbind\src\parser.js:399:43)
    at element.children.element.children.map.e (C:\Users\dcsdcr\AppData\Roaming\npm\node_modules\markbind-cli\src\lib\markbind\src\parser.js:399:57)
    at Array.map (<anonymous>)
    at Parser._preprocess (C:\Users\dcsdcr\AppData\Roaming\npm\node_modules\markbind-cli\src\lib\markbind\src\parser.js:399:43)
    at element.children.element.children.map.e (C:\Users\dcsdcr\AppData\Roaming\npm\node_modules\markbind-cli\src\lib\markbind\src\parser.js:399:57)
    at Array.map (<anonymous>)
    at Parser._preprocess (C:\Users\dcsdcr\AppData\Roaming\npm\node_modules\markbind-cli\src\lib\markbind\src\parser.js:399:43)
    at element.children.element.children.map.e (C:\Users\dcsdcr\AppData\Roaming\npm\node_modules\markbind-cli\src\lib\markbind\src\parser.js:399:57)
    at Array.map (<anonymous>)
    at Parser._preprocess (C:\Users\dcsdcr\AppData\Roaming\npm\node_modules\markbind-cli\src\lib\markbind\src\parser.js:399:43)
    at element.children.element.children.map.e (C:\Users\dcsdcr\AppData\Roaming\npm\node_modules\markbind-cli\src\lib\markbind\src\parser.js:382:57)
    at Array.map (<anonymous>)
    at Parser._preprocess (C:\Users\dcsdcr\AppData\Roaming\npm\node_modules\markbind-cli\src\lib\markbind\src\parser.js:382:43)
2019-07-12T05:19:21.535Z - error:  Error: No such file: C:\repos\nus-cs2103-AY1920S1\cs2103-website\schedule\week2\{{baseUrl}}\book\projectDuke\text.md
Missing reference in C:\repos\nus-cs2103-AY1920S1\cs2103-website\schedule\week2\dukeFragment.md
    at Parser._preprocess (C:\Users\dcsdcr\AppData\Roaming\npm\node_modules\markbind-cli\src\lib\markbind\src\parser.js:225:21)
    at element.children.element.children.map.e (C:\Users\dcsdcr\AppData\Roaming\npm\node_modules\markbind-cli\src\lib\markbind\src\parser.js:399:57)
    at Array.map (<anonymous>)
    at Parser._preprocess (C:\Users\dcsdcr\AppData\Roaming\npm\node_modules\markbind-cli\src\lib\markbind\src\parser.js:399:43)
    at element.children.element.children.map.e (C:\Users\dcsdcr\AppData\Roaming\npm\node_modules\markbind-cli\src\lib\markbind\src\parser.js:399:57)
    at Array.map (<anonymous>)
    at Parser._preprocess (C:\Users\dcsdcr\AppData\Roaming\npm\node_modules\markbind-cli\src\lib\markbind\src\parser.js:399:43)
    at element.children.element.children.map.e (C:\Users\dcsdcr\AppData\Roaming\npm\node_modules\markbind-cli\src\lib\markbind\src\parser.js:399:57)
    at Array.map (<anonymous>)
    at Parser._preprocess (C:\Users\dcsdcr\AppData\Roaming\npm\node_modules\markbind-cli\src\lib\markbind\src\parser.js:399:43)
    at element.children.element.children.map.e (C:\Users\dcsdcr\AppData\Roaming\npm\node_modules\markbind-cli\src\lib\markbind\src\parser.js:399:57)
    at Array.map (<anonymous>)
    at Parser._preprocess (C:\Users\dcsdcr\AppData\Roaming\npm\node_modules\markbind-cli\src\lib\markbind\src\parser.js:399:43)
    at element.children.element.children.map.e (C:\Users\dcsdcr\AppData\Roaming\npm\node_modules\markbind-cli\src\lib\markbind\src\parser.js:382:57)
    at Array.map (<anonymous>)
    at Parser._preprocess (C:\Users\dcsdcr\AppData\Roaming\npm\node_modules\markbind-cli\src\lib\markbind\src\parser.js:382:43)
2019-07-12T05:19:21.536Z - error:  Error: No such file: C:\repos\nus-cs2103-AY1920S1\cs2103-website\schedule\week2\{{baseUrl}}\book\projectDuke\text.md
Missing reference in C:\repos\nus-cs2103-AY1920S1\cs2103-website\schedule\week2\dukeFragment.md
    at Parser._preprocess (C:\Users\dcsdcr\AppData\Roaming\npm\node_modules\markbind-cli\src\lib\markbind\src\parser.js:225:21)
    at element.children.element.children.map.e (C:\Users\dcsdcr\AppData\Roaming\npm\node_modules\markbind-cli\src\lib\markbind\src\parser.js:399:57)
    at Array.map (<anonymous>)
    at Parser._preprocess (C:\Users\dcsdcr\AppData\Roaming\npm\node_modules\markbind-cli\src\lib\markbind\src\parser.js:399:43)
    at element.children.element.children.map.e (C:\Users\dcsdcr\AppData\Roaming\npm\node_modules\markbind-cli\src\lib\markbind\src\parser.js:399:57)
    at Array.map (<anonymous>)
    at Parser._preprocess (C:\Users\dcsdcr\AppData\Roaming\npm\node_modules\markbind-cli\src\lib\markbind\src\parser.js:399:43)
    at element.children.element.children.map.e (C:\Users\dcsdcr\AppData\Roaming\npm\node_modules\markbind-cli\src\lib\markbind\src\parser.js:399:57)
    at Array.map (<anonymous>)
    at Parser._preprocess (C:\Users\dcsdcr\AppData\Roaming\npm\node_modules\markbind-cli\src\lib\markbind\src\parser.js:399:43)
    at element.children.element.children.map.e (C:\Users\dcsdcr\AppData\Roaming\npm\node_modules\markbind-cli\src\lib\markbind\src\parser.js:399:57)
    at Array.map (<anonymous>)
    at Parser._preprocess (C:\Users\dcsdcr\AppData\Roaming\npm\node_modules\markbind-cli\src\lib\markbind\src\parser.js:399:43)
    at element.children.element.children.map.e (C:\Users\dcsdcr\AppData\Roaming\npm\node_modules\markbind-cli\src\lib\markbind\src\parser.js:382:57)
    at Array.map (<anonymous>)
    at Parser._preprocess (C:\Users\dcsdcr\AppData\Roaming\npm\node_modules\markbind-cli\src\lib\markbind\src\parser.js:382:43)
2019-07-12T05:19:21.537Z - error:  Error: No such file: C:\repos\nus-cs2103-AY1920S1\cs2103-website\schedule\week2\{{baseUrl}}\book\projectDuke\extensions.mbdf
Missing reference in C:\repos\nus-cs2103-AY1920S1\cs2103-website\schedule\week2\dukeFragment.md
    at Parser._preprocess (C:\Users\dcsdcr\AppData\Roaming\npm\node_modules\markbind-cli\src\lib\markbind\src\parser.js:225:21)
    at element.children.element.children.map.e (C:\Users\dcsdcr\AppData\Roaming\npm\node_modules\markbind-cli\src\lib\markbind\src\parser.js:399:57)
    at Array.map (<anonymous>)
    at Parser._preprocess (C:\Users\dcsdcr\AppData\Roaming\npm\node_modules\markbind-cli\src\lib\markbind\src\parser.js:399:43)
    at element.children.element.children.map.e (C:\Users\dcsdcr\AppData\Roaming\npm\node_modules\markbind-cli\src\lib\markbind\src\parser.js:399:57)
    at Array.map (<anonymous>)
    at Parser._preprocess (C:\Users\dcsdcr\AppData\Roaming\npm\node_modules\markbind-cli\src\lib\markbind\src\parser.js:399:43)
    at element.children.element.children.map.e (C:\Users\dcsdcr\AppData\Roaming\npm\node_modules\markbind-cli\src\lib\markbind\src\parser.js:399:57)
    at Array.map (<anonymous>)
    at Parser._preprocess (C:\Users\dcsdcr\AppData\Roaming\npm\node_modules\markbind-cli\src\lib\markbind\src\parser.js:399:43)
    at element.children.element.children.map.e (C:\Users\dcsdcr\AppData\Roaming\npm\node_modules\markbind-cli\src\lib\markbind\src\parser.js:399:57)
    at Array.map (<anonymous>)
    at Parser._preprocess (C:\Users\dcsdcr\AppData\Roaming\npm\node_modules\markbind-cli\src\lib\markbind\src\parser.js:399:43)
    at element.children.element.children.map.e (C:\Users\dcsdcr\AppData\Roaming\npm\node_modules\markbind-cli\src\lib\markbind\src\parser.js:382:57)
    at Array.map (<anonymous>)
    at Parser._preprocess (C:\Users\dcsdcr\AppData\Roaming\npm\node_modules\markbind-cli\src\lib\markbind\src\parser.js:382:43)
2019-07-12T05:19:21.538Z - error:  Error: No such file: C:\repos\nus-cs2103-AY1920S1\cs2103-website\schedule\week2\{{baseUrl}}\book\projectDuke\text.md
Missing reference in C:\repos\nus-cs2103-AY1920S1\cs2103-website\schedule\week2\dukeFragment.md
    at Parser._preprocess (C:\Users\dcsdcr\AppData\Roaming\npm\node_modules\markbind-cli\src\lib\markbind\src\parser.js:225:21)
    at element.children.element.children.map.e (C:\Users\dcsdcr\AppData\Roaming\npm\node_modules\markbind-cli\src\lib\markbind\src\parser.js:399:57)
    at Array.map (<anonymous>)
    at Parser._preprocess (C:\Users\dcsdcr\AppData\Roaming\npm\node_modules\markbind-cli\src\lib\markbind\src\parser.js:399:43)
    at element.children.element.children.map.e (C:\Users\dcsdcr\AppData\Roaming\npm\node_modules\markbind-cli\src\lib\markbind\src\parser.js:399:57)
    at Array.map (<anonymous>)
    at Parser._preprocess (C:\Users\dcsdcr\AppData\Roaming\npm\node_modules\markbind-cli\src\lib\markbind\src\parser.js:399:43)
    at element.children.element.children.map.e (C:\Users\dcsdcr\AppData\Roaming\npm\node_modules\markbind-cli\src\lib\markbind\src\parser.js:399:57)
    at Array.map (<anonymous>)
    at Parser._preprocess (C:\Users\dcsdcr\AppData\Roaming\npm\node_modules\markbind-cli\src\lib\markbind\src\parser.js:399:43)
    at element.children.element.children.map.e (C:\Users\dcsdcr\AppData\Roaming\npm\node_modules\markbind-cli\src\lib\markbind\src\parser.js:399:57)
    at Array.map (<anonymous>)
    at Parser._preprocess (C:\Users\dcsdcr\AppData\Roaming\npm\node_modules\markbind-cli\src\lib\markbind\src\parser.js:399:43)
    at element.children.element.children.map.e (C:\Users\dcsdcr\AppData\Roaming\npm\node_modules\markbind-cli\src\lib\markbind\src\parser.js:382:57)
    at Array.map (<anonymous>)
    at Parser._preprocess (C:\Users\dcsdcr\AppData\Roaming\npm\node_modules\markbind-cli\src\lib\markbind\src\parser.js:382:43)
2019-07-12T05:19:21.539Z - error:  Error: No such file: C:\repos\nus-cs2103-AY1920S1\cs2103-website\schedule\week2\{{baseUrl}}\book\projectDuke\text.md
Missing reference in C:\repos\nus-cs2103-AY1920S1\cs2103-website\schedule\week2\dukeFragment.md
    at Parser._preprocess (C:\Users\dcsdcr\AppData\Roaming\npm\node_modules\markbind-cli\src\lib\markbind\src\parser.js:225:21)
    at element.children.element.children.map.e (C:\Users\dcsdcr\AppData\Roaming\npm\node_modules\markbind-cli\src\lib\markbind\src\parser.js:399:57)
    at Array.map (<anonymous>)
    at Parser._preprocess (C:\Users\dcsdcr\AppData\Roaming\npm\node_modules\markbind-cli\src\lib\markbind\src\parser.js:399:43)
    at element.children.element.children.map.e (C:\Users\dcsdcr\AppData\Roaming\npm\node_modules\markbind-cli\src\lib\markbind\src\parser.js:399:57)
    at Array.map (<anonymous>)
    at Parser._preprocess (C:\Users\dcsdcr\AppData\Roaming\npm\node_modules\markbind-cli\src\lib\markbind\src\parser.js:399:43)
    at element.children.element.children.map.e (C:\Users\dcsdcr\AppData\Roaming\npm\node_modules\markbind-cli\src\lib\markbind\src\parser.js:399:57)
    at Array.map (<anonymous>)
    at Parser._preprocess (C:\Users\dcsdcr\AppData\Roaming\npm\node_modules\markbind-cli\src\lib\markbind\src\parser.js:399:43)
    at element.children.element.children.map.e (C:\Users\dcsdcr\AppData\Roaming\npm\node_modules\markbind-cli\src\lib\markbind\src\parser.js:399:57)
    at Array.map (<anonymous>)
    at Parser._preprocess (C:\Users\dcsdcr\AppData\Roaming\npm\node_modules\markbind-cli\src\lib\markbind\src\parser.js:399:43)
    at element.children.element.children.map.e (C:\Users\dcsdcr\AppData\Roaming\npm\node_modules\markbind-cli\src\lib\markbind\src\parser.js:382:57)
    at Array.map (<anonymous>)
    at Parser._preprocess (C:\Users\dcsdcr\AppData\Roaming\npm\node_modules\markbind-cli\src\lib\markbind\src\parser.js:382:43)
2019-07-12T05:19:21.741Z - info: Pages rebuilt
2019-07-12T05:19:21.750Z - info: Site data built
2019-07-12T05:19:31.914Z - info: [1:19:31 PM] Reload for file change: C:\repos\nus-cs2103-AY1920S1\cs2103-website\admin\individualProject.md
2019-07-12T05:19:32.916Z - info: Rebuilding affected source files
2019-07-12T05:19:32.917Z - info: Rebuilding 1 pages
2019-07-12T05:19:32.923Z - error:  Error: No such file: C:\repos\nus-cs2103-AY1920S1\cs2103-website\admin\{{baseUrl}}\book\projectDuke\text.md
Missing reference in C:\repos\nus-cs2103-AY1920S1\cs2103-website\admin\dukeFragment.md
    at Parser._preprocess (C:\Users\dcsdcr\AppData\Roaming\npm\node_modules\markbind-cli\src\lib\markbind\src\parser.js:225:21)
    at element.children.element.children.map.e (C:\Users\dcsdcr\AppData\Roaming\npm\node_modules\markbind-cli\src\lib\markbind\src\parser.js:399:57)
    at Array.map (<anonymous>)
    at Parser._preprocess (C:\Users\dcsdcr\AppData\Roaming\npm\node_modules\markbind-cli\src\lib\markbind\src\parser.js:399:43)
    at element.children.element.children.map.e (C:\Users\dcsdcr\AppData\Roaming\npm\node_modules\markbind-cli\src\lib\markbind\src\parser.js:399:57)
    at Array.map (<anonymous>)
    at Parser._preprocess (C:\Users\dcsdcr\AppData\Roaming\npm\node_modules\markbind-cli\src\lib\markbind\src\parser.js:399:43)
    at element.children.element.children.map.e (C:\Users\dcsdcr\AppData\Roaming\npm\node_modules\markbind-cli\src\lib\markbind\src\parser.js:399:57)
    at Array.map (<anonymous>)
    at Parser._preprocess (C:\Users\dcsdcr\AppData\Roaming\npm\node_modules\markbind-cli\src\lib\markbind\src\parser.js:399:43)
    at element.children.element.children.map.e (C:\Users\dcsdcr\AppData\Roaming\npm\node_modules\markbind-cli\src\lib\markbind\src\parser.js:399:57)
    at Array.map (<anonymous>)
    at Parser._preprocess (C:\Users\dcsdcr\AppData\Roaming\npm\node_modules\markbind-cli\src\lib\markbind\src\parser.js:399:43)
    at element.children.element.children.map.e (C:\Users\dcsdcr\AppData\Roaming\npm\node_modules\markbind-cli\src\lib\markbind\src\parser.js:382:57)
    at Array.map (<anonymous>)
    at Parser._preprocess (C:\Users\dcsdcr\AppData\Roaming\npm\node_modules\markbind-cli\src\lib\markbind\src\parser.js:382:43)
2019-07-12T05:19:33.086Z - info: Pages rebuilt
2019-07-12T05:19:33.097Z - info: Site data built
2019-07-12T05:21:19.617Z - info: [1:21:19 PM] Reload for file change: C:\repos\nus-cs2103-AY1920S1\cs2103-website\_markbind\boilerplates\dukeFragment.md
2019-07-12T05:21:20.618Z - info: Rebuilding affected source files
2019-07-12T05:21:20.619Z - info: Rebuilding 2 pages
2019-07-12T05:21:20.633Z - error:  Error: No such file: C:\repos\nus-cs2103-AY1920S1\cs2103-website\schedule\book\projectDuke\text.md
Missing reference in C:\repos\nus-cs2103-AY1920S1\cs2103-website\schedule\week2\dukeFragment.md
    at Parser._preprocess (C:\Users\dcsdcr\AppData\Roaming\npm\node_modules\markbind-cli\src\lib\markbind\src\parser.js:225:21)
    at element.children.element.children.map.e (C:\Users\dcsdcr\AppData\Roaming\npm\node_modules\markbind-cli\src\lib\markbind\src\parser.js:399:57)
    at Array.map (<anonymous>)
    at Parser._preprocess (C:\Users\dcsdcr\AppData\Roaming\npm\node_modules\markbind-cli\src\lib\markbind\src\parser.js:399:43)
    at element.children.element.children.map.e (C:\Users\dcsdcr\AppData\Roaming\npm\node_modules\markbind-cli\src\lib\markbind\src\parser.js:399:57)
    at Array.map (<anonymous>)
    at Parser._preprocess (C:\Users\dcsdcr\AppData\Roaming\npm\node_modules\markbind-cli\src\lib\markbind\src\parser.js:399:43)
    at element.children.element.children.map.e (C:\Users\dcsdcr\AppData\Roaming\npm\node_modules\markbind-cli\src\lib\markbind\src\parser.js:399:57)
    at Array.map (<anonymous>)
    at Parser._preprocess (C:\Users\dcsdcr\AppData\Roaming\npm\node_modules\markbind-cli\src\lib\markbind\src\parser.js:399:43)
    at element.children.element.children.map.e (C:\Users\dcsdcr\AppData\Roaming\npm\node_modules\markbind-cli\src\lib\markbind\src\parser.js:399:57)
    at Array.map (<anonymous>)
    at Parser._preprocess (C:\Users\dcsdcr\AppData\Roaming\npm\node_modules\markbind-cli\src\lib\markbind\src\parser.js:399:43)
    at element.children.element.children.map.e (C:\Users\dcsdcr\AppData\Roaming\npm\node_modules\markbind-cli\src\lib\markbind\src\parser.js:382:57)
    at Array.map (<anonymous>)
    at Parser._preprocess (C:\Users\dcsdcr\AppData\Roaming\npm\node_modules\markbind-cli\src\lib\markbind\src\parser.js:382:43)
2019-07-12T05:21:20.635Z - error:  Error: No such file: C:\repos\nus-cs2103-AY1920S1\cs2103-website\schedule\book\projectDuke\text.md
Missing reference in C:\repos\nus-cs2103-AY1920S1\cs2103-website\schedule\week2\dukeFragment.md
    at Parser._preprocess (C:\Users\dcsdcr\AppData\Roaming\npm\node_modules\markbind-cli\src\lib\markbind\src\parser.js:225:21)
    at element.children.element.children.map.e (C:\Users\dcsdcr\AppData\Roaming\npm\node_modules\markbind-cli\src\lib\markbind\src\parser.js:399:57)
    at Array.map (<anonymous>)
    at Parser._preprocess (C:\Users\dcsdcr\AppData\Roaming\npm\node_modules\markbind-cli\src\lib\markbind\src\parser.js:399:43)
    at element.children.element.children.map.e (C:\Users\dcsdcr\AppData\Roaming\npm\node_modules\markbind-cli\src\lib\markbind\src\parser.js:399:57)
    at Array.map (<anonymous>)
    at Parser._preprocess (C:\Users\dcsdcr\AppData\Roaming\npm\node_modules\markbind-cli\src\lib\markbind\src\parser.js:399:43)
    at element.children.element.children.map.e (C:\Users\dcsdcr\AppData\Roaming\npm\node_modules\markbind-cli\src\lib\markbind\src\parser.js:399:57)
    at Array.map (<anonymous>)
    at Parser._preprocess (C:\Users\dcsdcr\AppData\Roaming\npm\node_modules\markbind-cli\src\lib\markbind\src\parser.js:399:43)
    at element.children.element.children.map.e (C:\Users\dcsdcr\AppData\Roaming\npm\node_modules\markbind-cli\src\lib\markbind\src\parser.js:399:57)
    at Array.map (<anonymous>)
    at Parser._preprocess (C:\Users\dcsdcr\AppData\Roaming\npm\node_modules\markbind-cli\src\lib\markbind\src\parser.js:399:43)
    at element.children.element.children.map.e (C:\Users\dcsdcr\AppData\Roaming\npm\node_modules\markbind-cli\src\lib\markbind\src\parser.js:382:57)
    at Array.map (<anonymous>)
    at Parser._preprocess (C:\Users\dcsdcr\AppData\Roaming\npm\node_modules\markbind-cli\src\lib\markbind\src\parser.js:382:43)
2019-07-12T05:21:20.636Z - error:  Error: No such file: C:\repos\nus-cs2103-AY1920S1\cs2103-website\schedule\book\projectDuke\text.md
Missing reference in C:\repos\nus-cs2103-AY1920S1\cs2103-website\schedule\week2\dukeFragment.md
    at Parser._preprocess (C:\Users\dcsdcr\AppData\Roaming\npm\node_modules\markbind-cli\src\lib\markbind\src\parser.js:225:21)
    at element.children.element.children.map.e (C:\Users\dcsdcr\AppData\Roaming\npm\node_modules\markbind-cli\src\lib\markbind\src\parser.js:399:57)
    at Array.map (<anonymous>)
    at Parser._preprocess (C:\Users\dcsdcr\AppData\Roaming\npm\node_modules\markbind-cli\src\lib\markbind\src\parser.js:399:43)
    at element.children.element.children.map.e (C:\Users\dcsdcr\AppData\Roaming\npm\node_modules\markbind-cli\src\lib\markbind\src\parser.js:399:57)
    at Array.map (<anonymous>)
    at Parser._preprocess (C:\Users\dcsdcr\AppData\Roaming\npm\node_modules\markbind-cli\src\lib\markbind\src\parser.js:399:43)
    at element.children.element.children.map.e (C:\Users\dcsdcr\AppData\Roaming\npm\node_modules\markbind-cli\src\lib\markbind\src\parser.js:399:57)
    at Array.map (<anonymous>)
    at Parser._preprocess (C:\Users\dcsdcr\AppData\Roaming\npm\node_modules\markbind-cli\src\lib\markbind\src\parser.js:399:43)
    at element.children.element.children.map.e (C:\Users\dcsdcr\AppData\Roaming\npm\node_modules\markbind-cli\src\lib\markbind\src\parser.js:399:57)
    at Array.map (<anonymous>)
    at Parser._preprocess (C:\Users\dcsdcr\AppData\Roaming\npm\node_modules\markbind-cli\src\lib\markbind\src\parser.js:399:43)
    at element.children.element.children.map.e (C:\Users\dcsdcr\AppData\Roaming\npm\node_modules\markbind-cli\src\lib\markbind\src\parser.js:382:57)
    at Array.map (<anonymous>)
    at Parser._preprocess (C:\Users\dcsdcr\AppData\Roaming\npm\node_modules\markbind-cli\src\lib\markbind\src\parser.js:382:43)
2019-07-12T05:21:20.637Z - error:  Error: No such file: C:\repos\nus-cs2103-AY1920S1\cs2103-website\schedule\book\projectDuke\text.md
Missing reference in C:\repos\nus-cs2103-AY1920S1\cs2103-website\schedule\week2\dukeFragment.md
    at Parser._preprocess (C:\Users\dcsdcr\AppData\Roaming\npm\node_modules\markbind-cli\src\lib\markbind\src\parser.js:225:21)
    at element.children.element.children.map.e (C:\Users\dcsdcr\AppData\Roaming\npm\node_modules\markbind-cli\src\lib\markbind\src\parser.js:399:57)
    at Array.map (<anonymous>)
    at Parser._preprocess (C:\Users\dcsdcr\AppData\Roaming\npm\node_modules\markbind-cli\src\lib\markbind\src\parser.js:399:43)
    at element.children.element.children.map.e (C:\Users\dcsdcr\AppData\Roaming\npm\node_modules\markbind-cli\src\lib\markbind\src\parser.js:399:57)
    at Array.map (<anonymous>)
    at Parser._preprocess (C:\Users\dcsdcr\AppData\Roaming\npm\node_modules\markbind-cli\src\lib\markbind\src\parser.js:399:43)
    at element.children.element.children.map.e (C:\Users\dcsdcr\AppData\Roaming\npm\node_modules\markbind-cli\src\lib\markbind\src\parser.js:399:57)
    at Array.map (<anonymous>)
    at Parser._preprocess (C:\Users\dcsdcr\AppData\Roaming\npm\node_modules\markbind-cli\src\lib\markbind\src\parser.js:399:43)
    at element.children.element.children.map.e (C:\Users\dcsdcr\AppData\Roaming\npm\node_modules\markbind-cli\src\lib\markbind\src\parser.js:399:57)
    at Array.map (<anonymous>)
    at Parser._preprocess (C:\Users\dcsdcr\AppData\Roaming\npm\node_modules\markbind-cli\src\lib\markbind\src\parser.js:399:43)
    at element.children.element.children.map.e (C:\Users\dcsdcr\AppData\Roaming\npm\node_modules\markbind-cli\src\lib\markbind\src\parser.js:382:57)
    at Array.map (<anonymous>)
    at Parser._preprocess (C:\Users\dcsdcr\AppData\Roaming\npm\node_modules\markbind-cli\src\lib\markbind\src\parser.js:382:43)
2019-07-12T05:21:20.638Z - error:  Error: No such file: C:\repos\nus-cs2103-AY1920S1\cs2103-website\schedule\book\projectDuke\text.md
Missing reference in C:\repos\nus-cs2103-AY1920S1\cs2103-website\schedule\week2\dukeFragment.md
    at Parser._preprocess (C:\Users\dcsdcr\AppData\Roaming\npm\node_modules\markbind-cli\src\lib\markbind\src\parser.js:225:21)
    at element.children.element.children.map.e (C:\Users\dcsdcr\AppData\Roaming\npm\node_modules\markbind-cli\src\lib\markbind\src\parser.js:399:57)
    at Array.map (<anonymous>)
    at Parser._preprocess (C:\Users\dcsdcr\AppData\Roaming\npm\node_modules\markbind-cli\src\lib\markbind\src\parser.js:399:43)
    at element.children.element.children.map.e (C:\Users\dcsdcr\AppData\Roaming\npm\node_modules\markbind-cli\src\lib\markbind\src\parser.js:399:57)
    at Array.map (<anonymous>)
    at Parser._preprocess (C:\Users\dcsdcr\AppData\Roaming\npm\node_modules\markbind-cli\src\lib\markbind\src\parser.js:399:43)
    at element.children.element.children.map.e (C:\Users\dcsdcr\AppData\Roaming\npm\node_modules\markbind-cli\src\lib\markbind\src\parser.js:399:57)
    at Array.map (<anonymous>)
    at Parser._preprocess (C:\Users\dcsdcr\AppData\Roaming\npm\node_modules\markbind-cli\src\lib\markbind\src\parser.js:399:43)
    at element.children.element.children.map.e (C:\Users\dcsdcr\AppData\Roaming\npm\node_modules\markbind-cli\src\lib\markbind\src\parser.js:399:57)
    at Array.map (<anonymous>)
    at Parser._preprocess (C:\Users\dcsdcr\AppData\Roaming\npm\node_modules\markbind-cli\src\lib\markbind\src\parser.js:399:43)
    at element.children.element.children.map.e (C:\Users\dcsdcr\AppData\Roaming\npm\node_modules\markbind-cli\src\lib\markbind\src\parser.js:382:57)
    at Array.map (<anonymous>)
    at Parser._preprocess (C:\Users\dcsdcr\AppData\Roaming\npm\node_modules\markbind-cli\src\lib\markbind\src\parser.js:382:43)
2019-07-12T05:21:20.640Z - error:  Error: No such file: C:\repos\nus-cs2103-AY1920S1\cs2103-website\schedule\book\projectDuke\extensions.mbdf
Missing reference in C:\repos\nus-cs2103-AY1920S1\cs2103-website\schedule\week2\dukeFragment.md
    at Parser._preprocess (C:\Users\dcsdcr\AppData\Roaming\npm\node_modules\markbind-cli\src\lib\markbind\src\parser.js:225:21)
    at element.children.element.children.map.e (C:\Users\dcsdcr\AppData\Roaming\npm\node_modules\markbind-cli\src\lib\markbind\src\parser.js:399:57)
    at Array.map (<anonymous>)
    at Parser._preprocess (C:\Users\dcsdcr\AppData\Roaming\npm\node_modules\markbind-cli\src\lib\markbind\src\parser.js:399:43)
    at element.children.element.children.map.e (C:\Users\dcsdcr\AppData\Roaming\npm\node_modules\markbind-cli\src\lib\markbind\src\parser.js:399:57)
    at Array.map (<anonymous>)
    at Parser._preprocess (C:\Users\dcsdcr\AppData\Roaming\npm\node_modules\markbind-cli\src\lib\markbind\src\parser.js:399:43)
    at element.children.element.children.map.e (C:\Users\dcsdcr\AppData\Roaming\npm\node_modules\markbind-cli\src\lib\markbind\src\parser.js:399:57)
    at Array.map (<anonymous>)
    at Parser._preprocess (C:\Users\dcsdcr\AppData\Roaming\npm\node_modules\markbind-cli\src\lib\markbind\src\parser.js:399:43)
    at element.children.element.children.map.e (C:\Users\dcsdcr\AppData\Roaming\npm\node_modules\markbind-cli\src\lib\markbind\src\parser.js:399:57)
    at Array.map (<anonymous>)
    at Parser._preprocess (C:\Users\dcsdcr\AppData\Roaming\npm\node_modules\markbind-cli\src\lib\markbind\src\parser.js:399:43)
    at element.children.element.children.map.e (C:\Users\dcsdcr\AppData\Roaming\npm\node_modules\markbind-cli\src\lib\markbind\src\parser.js:382:57)
    at Array.map (<anonymous>)
    at Parser._preprocess (C:\Users\dcsdcr\AppData\Roaming\npm\node_modules\markbind-cli\src\lib\markbind\src\parser.js:382:43)
2019-07-12T05:21:20.641Z - error:  Error: No such file: C:\repos\nus-cs2103-AY1920S1\cs2103-website\schedule\book\projectDuke\text.md
Missing reference in C:\repos\nus-cs2103-AY1920S1\cs2103-website\schedule\week2\dukeFragment.md
    at Parser._preprocess (C:\Users\dcsdcr\AppData\Roaming\npm\node_modules\markbind-cli\src\lib\markbind\src\parser.js:225:21)
    at element.children.element.children.map.e (C:\Users\dcsdcr\AppData\Roaming\npm\node_modules\markbind-cli\src\lib\markbind\src\parser.js:399:57)
    at Array.map (<anonymous>)
    at Parser._preprocess (C:\Users\dcsdcr\AppData\Roaming\npm\node_modules\markbind-cli\src\lib\markbind\src\parser.js:399:43)
    at element.children.element.children.map.e (C:\Users\dcsdcr\AppData\Roaming\npm\node_modules\markbind-cli\src\lib\markbind\src\parser.js:399:57)
    at Array.map (<anonymous>)
    at Parser._preprocess (C:\Users\dcsdcr\AppData\Roaming\npm\node_modules\markbind-cli\src\lib\markbind\src\parser.js:399:43)
    at element.children.element.children.map.e (C:\Users\dcsdcr\AppData\Roaming\npm\node_modules\markbind-cli\src\lib\markbind\src\parser.js:399:57)
    at Array.map (<anonymous>)
    at Parser._preprocess (C:\Users\dcsdcr\AppData\Roaming\npm\node_modules\markbind-cli\src\lib\markbind\src\parser.js:399:43)
    at element.children.element.children.map.e (C:\Users\dcsdcr\AppData\Roaming\npm\node_modules\markbind-cli\src\lib\markbind\src\parser.js:399:57)
    at Array.map (<anonymous>)
    at Parser._preprocess (C:\Users\dcsdcr\AppData\Roaming\npm\node_modules\markbind-cli\src\lib\markbind\src\parser.js:399:43)
    at element.children.element.children.map.e (C:\Users\dcsdcr\AppData\Roaming\npm\node_modules\markbind-cli\src\lib\markbind\src\parser.js:382:57)
    at Array.map (<anonymous>)
    at Parser._preprocess (C:\Users\dcsdcr\AppData\Roaming\npm\node_modules\markbind-cli\src\lib\markbind\src\parser.js:382:43)
2019-07-12T05:21:20.642Z - error:  Error: No such file: C:\repos\nus-cs2103-AY1920S1\cs2103-website\schedule\book\projectDuke\text.md
Missing reference in C:\repos\nus-cs2103-AY1920S1\cs2103-website\schedule\week2\dukeFragment.md
    at Parser._preprocess (C:\Users\dcsdcr\AppData\Roaming\npm\node_modules\markbind-cli\src\lib\markbind\src\parser.js:225:21)
    at element.children.element.children.map.e (C:\Users\dcsdcr\AppData\Roaming\npm\node_modules\markbind-cli\src\lib\markbind\src\parser.js:399:57)
    at Array.map (<anonymous>)
    at Parser._preprocess (C:\Users\dcsdcr\AppData\Roaming\npm\node_modules\markbind-cli\src\lib\markbind\src\parser.js:399:43)
    at element.children.element.children.map.e (C:\Users\dcsdcr\AppData\Roaming\npm\node_modules\markbind-cli\src\lib\markbind\src\parser.js:399:57)
    at Array.map (<anonymous>)
    at Parser._preprocess (C:\Users\dcsdcr\AppData\Roaming\npm\node_modules\markbind-cli\src\lib\markbind\src\parser.js:399:43)
    at element.children.element.children.map.e (C:\Users\dcsdcr\AppData\Roaming\npm\node_modules\markbind-cli\src\lib\markbind\src\parser.js:399:57)
    at Array.map (<anonymous>)
    at Parser._preprocess (C:\Users\dcsdcr\AppData\Roaming\npm\node_modules\markbind-cli\src\lib\markbind\src\parser.js:399:43)
    at element.children.element.children.map.e (C:\Users\dcsdcr\AppData\Roaming\npm\node_modules\markbind-cli\src\lib\markbind\src\parser.js:399:57)
    at Array.map (<anonymous>)
    at Parser._preprocess (C:\Users\dcsdcr\AppData\Roaming\npm\node_modules\markbind-cli\src\lib\markbind\src\parser.js:399:43)
    at element.children.element.children.map.e (C:\Users\dcsdcr\AppData\Roaming\npm\node_modules\markbind-cli\src\lib\markbind\src\parser.js:382:57)
    at Array.map (<anonymous>)
    at Parser._preprocess (C:\Users\dcsdcr\AppData\Roaming\npm\node_modules\markbind-cli\src\lib\markbind\src\parser.js:382:43)
2019-07-12T05:21:20.838Z - info: Pages rebuilt
2019-07-12T05:21:20.846Z - info: Site data built
2019-07-12T05:23:01.628Z - info: [1:23:01 PM] Reload for file change: C:\repos\nus-cs2103-AY1920S1\cs2103-website\admin\individualProject.md
2019-07-12T05:23:02.628Z - info: Rebuilding affected source files
2019-07-12T05:23:02.630Z - info: Rebuilding 1 pages
2019-07-12T05:23:02.833Z - info: Pages rebuilt
2019-07-12T05:23:02.843Z - info: Site data built
2019-07-12T05:23:22.236Z - info: [1:23:22 PM] Reload for file change: C:\repos\nus-cs2103-AY1920S1\cs2103-website\admin\individualProject.md
2019-07-12T05:23:23.237Z - info: Rebuilding affected source files
2019-07-12T05:23:23.239Z - info: Rebuilding 1 pages
2019-07-12T05:23:23.410Z - info: Pages rebuilt
2019-07-12T05:23:23.417Z - info: Site data built
2019-07-12T05:38:40.547Z - info: [1:38:40 PM] Reload for file change: C:\repos\nus-cs2103-AY1920S1\cs2103-website\_markbind\boilerplates\dukeFragment.md
2019-07-12T05:38:40.551Z - info: [1:38:40 PM] Reload for file change: C:\repos\nus-cs2103-AY1920S1\cs2103-website\admin\individualProject.md
2019-07-12T05:38:41.549Z - info: Rebuilding affected source files
2019-07-12T05:38:41.551Z - info: Rebuilding 2 pages
2019-07-12T05:38:41.990Z - info: Pages rebuilt
2019-07-12T05:38:42.000Z - info: Site data built
2019-07-12T05:43:15.059Z - info: [1:43:15 PM] Reload for file change: C:\repos\nus-cs2103-AY1920S1\cs2103-website\admin\individualProject.md
2019-07-12T05:43:16.063Z - info: Rebuilding affected source files
2019-07-12T05:43:16.065Z - info: Rebuilding 1 pages
2019-07-12T05:43:16.255Z - info: Pages rebuilt
2019-07-12T05:43:16.265Z - info: Site data built
2019-07-12T05:45:01.666Z - info: [1:45:01 PM] Reload for file change: C:\repos\nus-cs2103-AY1920S1\cs2103-website\_markbind\boilerplates\dukeFragment.md
2019-07-12T05:45:01.671Z - info: [1:45:01 PM] Reload for file change: C:\repos\nus-cs2103-AY1920S1\cs2103-website\schedule\week2\project.md
2019-07-12T05:45:01.677Z - info: [1:45:01 PM] Reload for file change: C:\repos\nus-cs2103-AY1920S1\cs2103-website\admin\individualProject.md
2019-07-12T05:45:02.667Z - info: Rebuilding affected source files
2019-07-12T05:45:02.670Z - info: Rebuilding 2 pages
2019-07-12T05:45:02.735Z - error:  Error: No such file: C:\repos\nus-cs2103-AY1920S1\cs2103-website\schedule\book\projectDuke\text.md
Missing reference in C:\repos\nus-cs2103-AY1920S1\cs2103-website\schedule\week2\dukeFragment.md
    at Parser._preprocess (C:\Users\dcsdcr\AppData\Roaming\npm\node_modules\markbind-cli\src\lib\markbind\src\parser.js:225:21)
    at element.children.element.children.map.e (C:\Users\dcsdcr\AppData\Roaming\npm\node_modules\markbind-cli\src\lib\markbind\src\parser.js:399:57)
    at Array.map (<anonymous>)
    at Parser._preprocess (C:\Users\dcsdcr\AppData\Roaming\npm\node_modules\markbind-cli\src\lib\markbind\src\parser.js:399:43)
    at element.children.element.children.map.e (C:\Users\dcsdcr\AppData\Roaming\npm\node_modules\markbind-cli\src\lib\markbind\src\parser.js:399:57)
    at Array.map (<anonymous>)
    at Parser._preprocess (C:\Users\dcsdcr\AppData\Roaming\npm\node_modules\markbind-cli\src\lib\markbind\src\parser.js:399:43)
    at element.children.element.children.map.e (C:\Users\dcsdcr\AppData\Roaming\npm\node_modules\markbind-cli\src\lib\markbind\src\parser.js:399:57)
    at Array.map (<anonymous>)
    at Parser._preprocess (C:\Users\dcsdcr\AppData\Roaming\npm\node_modules\markbind-cli\src\lib\markbind\src\parser.js:399:43)
    at element.children.element.children.map.e (C:\Users\dcsdcr\AppData\Roaming\npm\node_modules\markbind-cli\src\lib\markbind\src\parser.js:399:57)
    at Array.map (<anonymous>)
    at Parser._preprocess (C:\Users\dcsdcr\AppData\Roaming\npm\node_modules\markbind-cli\src\lib\markbind\src\parser.js:399:43)
    at element.children.element.children.map.e (C:\Users\dcsdcr\AppData\Roaming\npm\node_modules\markbind-cli\src\lib\markbind\src\parser.js:382:57)
    at Array.map (<anonymous>)
    at Parser._preprocess (C:\Users\dcsdcr\AppData\Roaming\npm\node_modules\markbind-cli\src\lib\markbind\src\parser.js:382:43)
2019-07-12T05:45:02.984Z - info: Pages rebuilt
2019-07-12T05:45:02.992Z - info: Site data built
2019-07-12T05:47:18.441Z - info: [1:47:18 PM] Reload for file add: C:\repos\nus-cs2103-AY1920S1\cs2103-website\admin\ip-w2.md
2019-07-12T05:47:19.443Z - warn: Rebuilding all source files
2019-07-12T05:47:21.713Z - info: Assets removed
2019-07-12T05:47:21.714Z - info: Generating pages...
2019-07-12T05:47:25.911Z - error:  Error: No such file: C:\repos\nus-cs2103-AY1920S1\cs2103-website\schedule\book\projectDuke\text.md
Missing reference in C:\repos\nus-cs2103-AY1920S1\cs2103-website\schedule\week2\dukeFragment.md
    at Parser._preprocess (C:\Users\dcsdcr\AppData\Roaming\npm\node_modules\markbind-cli\src\lib\markbind\src\parser.js:225:21)
    at element.children.element.children.map.e (C:\Users\dcsdcr\AppData\Roaming\npm\node_modules\markbind-cli\src\lib\markbind\src\parser.js:399:57)
    at Array.map (<anonymous>)
    at Parser._preprocess (C:\Users\dcsdcr\AppData\Roaming\npm\node_modules\markbind-cli\src\lib\markbind\src\parser.js:399:43)
    at element.children.element.children.map.e (C:\Users\dcsdcr\AppData\Roaming\npm\node_modules\markbind-cli\src\lib\markbind\src\parser.js:399:57)
    at Array.map (<anonymous>)
    at Parser._preprocess (C:\Users\dcsdcr\AppData\Roaming\npm\node_modules\markbind-cli\src\lib\markbind\src\parser.js:399:43)
    at element.children.element.children.map.e (C:\Users\dcsdcr\AppData\Roaming\npm\node_modules\markbind-cli\src\lib\markbind\src\parser.js:399:57)
    at Array.map (<anonymous>)
    at Parser._preprocess (C:\Users\dcsdcr\AppData\Roaming\npm\node_modules\markbind-cli\src\lib\markbind\src\parser.js:399:43)
    at element.children.element.children.map.e (C:\Users\dcsdcr\AppData\Roaming\npm\node_modules\markbind-cli\src\lib\markbind\src\parser.js:399:57)
    at Array.map (<anonymous>)
    at Parser._preprocess (C:\Users\dcsdcr\AppData\Roaming\npm\node_modules\markbind-cli\src\lib\markbind\src\parser.js:399:43)
    at element.children.element.children.map.e (C:\Users\dcsdcr\AppData\Roaming\npm\node_modules\markbind-cli\src\lib\markbind\src\parser.js:382:57)
    at Array.map (<anonymous>)
    at Parser._preprocess (C:\Users\dcsdcr\AppData\Roaming\npm\node_modules\markbind-cli\src\lib\markbind\src\parser.js:382:43)
2019-07-12T05:49:08.544Z - info: Pages built
2019-07-12T05:49:32.071Z - info: [1:49:32 PM] Reload for file add: C:\repos\nus-cs2103-AY1920S1\cs2103-website\admin\ip-overview.md
2019-07-12T05:49:32.165Z - info: [1:49:32 PM] Reload for file deletion: C:\repos\nus-cs2103-AY1920S1\cs2103-website\admin\individualProject.md
2019-07-12T05:49:33.071Z - warn: Rebuilding all source files
2019-07-12T05:49:35.343Z - info: Assets removed
2019-07-12T05:49:35.344Z - info: Generating pages...
2019-07-12T05:49:39.414Z - error:  Error: No such file: C:\repos\nus-cs2103-AY1920S1\cs2103-website\schedule\book\projectDuke\text.md
Missing reference in C:\repos\nus-cs2103-AY1920S1\cs2103-website\schedule\week2\dukeFragment.md
    at Parser._preprocess (C:\Users\dcsdcr\AppData\Roaming\npm\node_modules\markbind-cli\src\lib\markbind\src\parser.js:225:21)
    at element.children.element.children.map.e (C:\Users\dcsdcr\AppData\Roaming\npm\node_modules\markbind-cli\src\lib\markbind\src\parser.js:399:57)
    at Array.map (<anonymous>)
    at Parser._preprocess (C:\Users\dcsdcr\AppData\Roaming\npm\node_modules\markbind-cli\src\lib\markbind\src\parser.js:399:43)
    at element.children.element.children.map.e (C:\Users\dcsdcr\AppData\Roaming\npm\node_modules\markbind-cli\src\lib\markbind\src\parser.js:399:57)
    at Array.map (<anonymous>)
    at Parser._preprocess (C:\Users\dcsdcr\AppData\Roaming\npm\node_modules\markbind-cli\src\lib\markbind\src\parser.js:399:43)
    at element.children.element.children.map.e (C:\Users\dcsdcr\AppData\Roaming\npm\node_modules\markbind-cli\src\lib\markbind\src\parser.js:399:57)
    at Array.map (<anonymous>)
    at Parser._preprocess (C:\Users\dcsdcr\AppData\Roaming\npm\node_modules\markbind-cli\src\lib\markbind\src\parser.js:399:43)
    at element.children.element.children.map.e (C:\Users\dcsdcr\AppData\Roaming\npm\node_modules\markbind-cli\src\lib\markbind\src\parser.js:399:57)
    at Array.map (<anonymous>)
    at Parser._preprocess (C:\Users\dcsdcr\AppData\Roaming\npm\node_modules\markbind-cli\src\lib\markbind\src\parser.js:399:43)
    at element.children.element.children.map.e (C:\Users\dcsdcr\AppData\Roaming\npm\node_modules\markbind-cli\src\lib\markbind\src\parser.js:382:57)
    at Array.map (<anonymous>)
    at Parser._preprocess (C:\Users\dcsdcr\AppData\Roaming\npm\node_modules\markbind-cli\src\lib\markbind\src\parser.js:382:43)
2019-07-12T05:51:23.112Z - info: Pages built
2019-07-12T05:51:27.661Z - info: [1:51:27 PM] Reload for file change: C:\repos\nus-cs2103-AY1920S1\cs2103-website\admin\ip-w2.md
2019-07-12T05:51:27.666Z - info: [1:51:27 PM] Reload for file change: C:\repos\nus-cs2103-AY1920S1\cs2103-website\common\admin.njk
2019-07-12T05:51:27.670Z - info: [1:51:27 PM] Reload for file change: C:\repos\nus-cs2103-AY1920S1\cs2103-website\admin\ip-overview.md
2019-07-12T05:51:28.662Z - info: Rebuilding affected source files
2019-07-12T05:51:28.663Z - info: Rebuilding 2 pages
2019-07-12T05:51:28.826Z - info: Assets built
2019-07-12T05:51:29.011Z - info: Pages rebuilt
2019-07-12T05:51:29.017Z - info: Site data built
2019-07-12T05:52:29.555Z - info: Website generation started at 1:52:24 PM
2019-07-12T05:52:33.071Z - info: Building assets...
2019-07-12T05:52:35.824Z - info: Assets built
2019-07-12T05:52:35.824Z - info: Generating pages...
2019-07-12T05:52:40.155Z - error:  Error: No such file: C:\repos\nus-cs2103-AY1920S1\cs2103-website\schedule\book\projectDuke\text.md
Missing reference in C:\repos\nus-cs2103-AY1920S1\cs2103-website\schedule\week2\dukeFragment.md
    at Parser._preprocess (C:\Users\dcsdcr\AppData\Roaming\npm\node_modules\markbind-cli\src\lib\markbind\src\parser.js:225:21)
    at element.children.element.children.map.e (C:\Users\dcsdcr\AppData\Roaming\npm\node_modules\markbind-cli\src\lib\markbind\src\parser.js:399:57)
    at Array.map (<anonymous>)
    at Parser._preprocess (C:\Users\dcsdcr\AppData\Roaming\npm\node_modules\markbind-cli\src\lib\markbind\src\parser.js:399:43)
    at element.children.element.children.map.e (C:\Users\dcsdcr\AppData\Roaming\npm\node_modules\markbind-cli\src\lib\markbind\src\parser.js:399:57)
    at Array.map (<anonymous>)
    at Parser._preprocess (C:\Users\dcsdcr\AppData\Roaming\npm\node_modules\markbind-cli\src\lib\markbind\src\parser.js:399:43)
    at element.children.element.children.map.e (C:\Users\dcsdcr\AppData\Roaming\npm\node_modules\markbind-cli\src\lib\markbind\src\parser.js:399:57)
    at Array.map (<anonymous>)
    at Parser._preprocess (C:\Users\dcsdcr\AppData\Roaming\npm\node_modules\markbind-cli\src\lib\markbind\src\parser.js:399:43)
    at element.children.element.children.map.e (C:\Users\dcsdcr\AppData\Roaming\npm\node_modules\markbind-cli\src\lib\markbind\src\parser.js:399:57)
    at Array.map (<anonymous>)
    at Parser._preprocess (C:\Users\dcsdcr\AppData\Roaming\npm\node_modules\markbind-cli\src\lib\markbind\src\parser.js:399:43)
    at element.children.element.children.map.e (C:\Users\dcsdcr\AppData\Roaming\npm\node_modules\markbind-cli\src\lib\markbind\src\parser.js:382:57)
    at Array.map (<anonymous>)
    at Parser._preprocess (C:\Users\dcsdcr\AppData\Roaming\npm\node_modules\markbind-cli\src\lib\markbind\src\parser.js:382:43)
2019-07-12T05:55:07.801Z - info: Website generation started at 1:55:01 PM
2019-07-12T05:55:11.127Z - info: Building assets...
2019-07-12T05:55:13.756Z - info: Assets built
2019-07-12T05:55:13.757Z - info: Generating pages...
2019-07-12T05:56:57.877Z - info: Pages built
2019-07-12T05:57:20.247Z - info: Website generation complete! Total build time: 138.849s
2019-07-12T05:57:20.607Z - info: Serving "C:\repos\nus-cs2103-AY1920S1\cs2103-website\_site" at http://127.0.0.1:8080
2019-07-12T05:57:20.607Z - info: Press CTRL+C to stop ...
2019-07-12T05:57:20.636Z - info: Site data built
2019-07-12T05:59:06.139Z - info: [1:59:06 PM] Reload for file add: C:\repos\nus-cs2103-AY1920S1\cs2103-website\admin\ip-w02.md
2019-07-12T05:59:06.229Z - info: [1:59:06 PM] Reload for file deletion: C:\repos\nus-cs2103-AY1920S1\cs2103-website\admin\ip-w2.md
2019-07-12T05:59:07.140Z - warn: Rebuilding all source files
2019-07-12T05:59:09.893Z - info: Assets removed
2019-07-12T05:59:09.893Z - info: Generating pages...
2019-07-12T06:00:05.084Z - info: [2:00:05 PM] Reload for file change: C:\repos\nus-cs2103-AY1920S1\cs2103-website\common\admin.njk
2019-07-12T06:00:05.084Z - info: [2:00:05 PM] Reload for file change: C:\repos\nus-cs2103-AY1920S1\cs2103-website\admin\ip-overview.md
2019-07-12T06:00:05.454Z - info: [2:00:05 PM] Reload for file change: C:\repos\nus-cs2103-AY1920S1\cs2103-website\common\admin.njk
2019-07-12T06:00:05.454Z - info: [2:00:05 PM] Reload for file change: C:\repos\nus-cs2103-AY1920S1\cs2103-website\admin\ip-overview.md
2019-07-12T06:00:06.090Z - info: Rebuilding affected source files
2019-07-12T06:00:06.091Z - info: Rebuilding 1 pages
2019-07-12T06:00:25.643Z - info: Website generation started at 2:00:16 PM
2019-07-12T06:00:29.372Z - info: Building assets...
2019-07-12T06:00:32.363Z - info: Assets built
2019-07-12T06:00:32.363Z - info: Generating pages...
2019-07-12T06:02:20.221Z - info: Pages built
2019-07-12T06:02:43.227Z - info: Website generation complete! Total build time: 146.872s
2019-07-12T06:02:43.574Z - info: Serving "C:\repos\nus-cs2103-AY1920S1\cs2103-website\_site" at http://127.0.0.1:8080
2019-07-12T06:02:43.574Z - info: Press CTRL+C to stop ...
2019-07-12T06:02:43.604Z - info: Site data built
2019-07-12T06:04:13.424Z - info: [2:04:13 PM] Reload for file change: C:\repos\nus-cs2103-AY1920S1\cs2103-website\common\admin.njk
2019-07-12T06:04:14.434Z - info: Assets built
2019-07-12T06:06:54.076Z - info: [2:06:54 PM] Reload for file change: C:\repos\nus-cs2103-AY1920S1\cs2103-website\common\admin.njk
2019-07-12T06:06:55.085Z - info: Assets built
2019-07-12T06:07:20.387Z - info: [2:07:20 PM] Reload for file change: C:\repos\nus-cs2103-AY1920S1\cs2103-website\common\admin.njk
2019-07-12T06:07:21.394Z - info: Assets built
2019-07-12T06:08:03.039Z - info: [2:08:03 PM] Reload for file change: C:\repos\nus-cs2103-AY1920S1\cs2103-website\admin\ip-overview.md
2019-07-12T06:08:04.042Z - info: Rebuilding affected source files
2019-07-12T06:08:04.046Z - info: Rebuilding 1 pages
2019-07-12T06:08:04.297Z - info: Pages rebuilt
2019-07-12T06:08:04.308Z - info: Site data built
2019-07-12T06:10:33.451Z - info: [2:10:33 PM] Reload for file change: C:\repos\nus-cs2103-AY1920S1\cs2103-website\admin\ip-overview.md
2019-07-12T06:10:34.454Z - info: Rebuilding affected source files
2019-07-12T06:10:34.455Z - info: Rebuilding 1 pages
2019-07-12T06:10:34.650Z - info: Pages rebuilt
2019-07-12T06:10:34.667Z - info: Site data built
2019-07-12T06:12:04.123Z - info: [2:12:04 PM] Reload for file change: C:\repos\nus-cs2103-AY1920S1\cs2103-website\common\admin.njk
2019-07-12T06:12:05.127Z - info: Assets built
2019-07-12T06:12:26.357Z - info: Website generation started at 2:12:20 PM
2019-07-12T06:12:29.989Z - info: Building assets...
2019-07-12T06:12:32.683Z - info: Assets built
2019-07-12T06:12:32.683Z - info: Generating pages...
2019-07-12T06:12:37.242Z - error:  Error: No such file: C:\repos\nus-cs2103-AY1920S1\cs2103-website\admin\ip-w2.md
Missing reference in C:\repos\nus-cs2103-AY1920S1\cs2103-website\schedule\week2\project.md
    at Parser._preprocess (C:\Users\dcsdcr\AppData\Roaming\npm\node_modules\markbind-cli\src\lib\markbind\src\parser.js:225:21)
    at element.children.element.children.map.e (C:\Users\dcsdcr\AppData\Roaming\npm\node_modules\markbind-cli\src\lib\markbind\src\parser.js:399:57)
    at Array.map (<anonymous>)
    at Parser._preprocess (C:\Users\dcsdcr\AppData\Roaming\npm\node_modules\markbind-cli\src\lib\markbind\src\parser.js:399:43)
    at dom.map (C:\Users\dcsdcr\AppData\Roaming\npm\node_modules\markbind-cli\src\lib\markbind\src\parser.js:567:28)
    at Array.map (<anonymous>)
    at DomHandler.htmlparser.DomHandler [as _callback] (C:\Users\dcsdcr\AppData\Roaming\npm\node_modules\markbind-cli\src\lib\markbind\src\parser.js:564:25)
    at DomHandler._handleCallback.DomHandler.onerror (C:\Users\dcsdcr\AppData\Roaming\npm\node_modules\markbind-cli\node_modules\domhandler\index.js:52:8)
    at DomHandler.onend (C:\Users\dcsdcr\AppData\Roaming\npm\node_modules\markbind-cli\node_modules\domhandler\index.js:46:7)
    at Parser.onend (C:\Users\dcsdcr\AppData\Roaming\npm\node_modules\markbind-cli\node_modules\htmlparser2\lib\Parser.js:310:32)
    at Tokenizer._finish (C:\Users\dcsdcr\AppData\Roaming\npm\node_modules\markbind-cli\node_modules\htmlparser2\lib\Tokenizer.js:853:12)
    at Tokenizer.end (C:\Users\dcsdcr\AppData\Roaming\npm\node_modules\markbind-cli\node_modules\htmlparser2\lib\Tokenizer.js:844:25)
    at Parser.end (C:\Users\dcsdcr\AppData\Roaming\npm\node_modules\markbind-cli\node_modules\htmlparser2\lib\Parser.js:338:18)
    at Parser.parseComplete (C:\Users\dcsdcr\AppData\Roaming\npm\node_modules\markbind-cli\node_modules\htmlparser2\lib\Parser.js:330:7)
    at fs.readFile (C:\Users\dcsdcr\AppData\Roaming\npm\node_modules\markbind-cli\src\lib\markbind\src\parser.js:606:16)
    at FSReqWrap.readFileAfterClose [as oncomplete] (internal/fs/read_file_context.js:53:3)
2019-07-12T06:14:19.352Z - info: Pages built
2019-07-12T06:14:44.245Z - info: Website generation complete! Total build time: 143.563s
2019-07-12T06:14:44.671Z - info: Serving "C:\repos\nus-cs2103-AY1920S1\cs2103-website\_site" at http://127.0.0.1:8080
2019-07-12T06:14:44.671Z - info: Press CTRL+C to stop ...
2019-07-12T06:14:44.706Z - info: Site data built
2019-07-12T06:19:38.199Z - info: [2:19:38 PM] Reload for file change: C:\repos\nus-cs2103-AY1920S1\cs2103-website\admin\ip-w02.md
2019-07-12T06:19:38.203Z - info: [2:19:38 PM] Reload for file change: C:\repos\nus-cs2103-AY1920S1\cs2103-website\admin\ip-overview.md
2019-07-12T06:19:39.202Z - info: Rebuilding affected source files
2019-07-12T06:19:39.204Z - info: Rebuilding 2 pages
2019-07-12T06:19:39.723Z - info: Pages rebuilt
2019-07-12T06:19:39.734Z - info: Site data built
2019-07-12T06:21:47.245Z - info: [2:21:47 PM] Reload for file change: C:\repos\nus-cs2103-AY1920S1\cs2103-website\common\admin.njk
2019-07-12T06:21:48.253Z - info: Assets built
2019-07-12T06:22:01.753Z - info: Website generation started at 2:21:57 PM
2019-07-12T06:22:04.742Z - info: Building assets...
2019-07-12T06:22:07.043Z - info: Assets built
2019-07-12T06:22:07.044Z - info: Generating pages...
2019-07-12T06:23:46.763Z - info: Pages built
2019-07-12T06:24:08.473Z - info: Website generation complete! Total build time: 131.122s
2019-07-12T06:24:08.823Z - info: Serving "C:\repos\nus-cs2103-AY1920S1\cs2103-website\_site" at http://127.0.0.1:8080
2019-07-12T06:24:08.823Z - info: Press CTRL+C to stop ...
2019-07-12T06:24:08.849Z - info: Site data built
2019-07-12T06:45:51.289Z - info: [2:45:51 PM] Reload for file add: C:\repos\nus-cs2103-AY1920S1\cs2103-website\admin\ip-w03.md
2019-07-12T06:45:52.291Z - warn: Rebuilding all source files
2019-07-12T06:45:54.517Z - info: Assets removed
2019-07-12T06:45:54.518Z - info: Generating pages...
2019-07-12T06:46:50.786Z - info: [2:46:50 PM] Reload for file add: C:\repos\nus-cs2103-AY1920S1\cs2103-website\admin\ip-w06.md
2019-07-12T06:46:50.786Z - info: [2:46:50 PM] Reload for file add: C:\repos\nus-cs2103-AY1920S1\cs2103-website\admin\ip-w05.md
2019-07-12T06:46:50.786Z - info: [2:46:50 PM] Reload for file add: C:\repos\nus-cs2103-AY1920S1\cs2103-website\admin\ip-w04.md
2019-07-12T06:47:29.042Z - info: [2:47:29 PM] Reload for file change: C:\repos\nus-cs2103-AY1920S1\cs2103-website\common\admin.njk
2019-07-12T06:47:29.042Z - info: [2:47:29 PM] Reload for file change: C:\repos\nus-cs2103-AY1920S1\cs2103-website\admin\ip-w03.md
2019-07-12T06:47:29.042Z - info: [2:47:29 PM] Reload for file change: C:\repos\nus-cs2103-AY1920S1\cs2103-website\admin\ip-w06.md
2019-07-12T06:47:29.042Z - info: [2:47:29 PM] Reload for file change: C:\repos\nus-cs2103-AY1920S1\cs2103-website\admin\ip-w05.md
2019-07-12T06:47:29.042Z - info: [2:47:29 PM] Reload for file change: C:\repos\nus-cs2103-AY1920S1\cs2103-website\admin\ip-w04.md
2019-07-12T06:47:29.467Z - info: [2:47:29 PM] Reload for file change: C:\repos\nus-cs2103-AY1920S1\cs2103-website\admin\ip-w03.md
2019-07-12T06:47:29.467Z - info: [2:47:29 PM] Reload for file change: C:\repos\nus-cs2103-AY1920S1\cs2103-website\admin\ip-w04.md
2019-07-12T06:47:29.467Z - info: [2:47:29 PM] Reload for file change: C:\repos\nus-cs2103-AY1920S1\cs2103-website\admin\ip-w05.md
2019-07-12T06:47:29.467Z - info: [2:47:29 PM] Reload for file change: C:\repos\nus-cs2103-AY1920S1\cs2103-website\admin\ip-w06.md
2019-07-12T06:47:29.467Z - info: [2:47:29 PM] Reload for file change: C:\repos\nus-cs2103-AY1920S1\cs2103-website\common\admin.njk
2019-07-12T06:47:30.383Z - info: Rebuilding affected source files
2019-07-12T06:47:30.385Z - info: Rebuilding 1 pages
2019-07-12T06:47:33.659Z - info: Assets built
2019-07-12T06:47:39.236Z - info: Pages rebuilt
2019-07-12T06:47:56.712Z - info: Website generation started at 2:47:48 PM
2019-07-12T06:47:59.788Z - info: Building assets...
2019-07-12T06:48:02.118Z - info: Assets built
2019-07-12T06:48:02.119Z - info: Generating pages...
2019-07-12T06:49:42.268Z - info: Pages built
2019-07-12T06:50:03.799Z - info: Website generation complete! Total build time: 135.233s
2019-07-12T06:50:04.132Z - info: Serving "C:\repos\nus-cs2103-AY1920S1\cs2103-website\_site" at http://127.0.0.1:8080
2019-07-12T06:50:04.132Z - info: Press CTRL+C to stop ...
2019-07-12T06:50:04.167Z - info: Site data built
2019-07-12T07:53:36.934Z - info: [3:53:36 PM] Reload for file change: C:\repos\nus-cs2103-AY1920S1\cs2103-website\admin\ip-w02.md
2019-07-12T07:53:37.936Z - info: Rebuilding affected source files
2019-07-12T07:53:37.938Z - info: Rebuilding 2 pages
2019-07-12T07:53:38.040Z - error:  Error: No such file: C:\repos\nus-cs2103-AY1920S1\cs2103-website\book\projectDuke\extensions.md
Missing reference in C:\repos\nus-cs2103-AY1920S1\cs2103-website\admin\dukeFragment.md
    at Parser._preprocess (C:\Users\dcsdcr\AppData\Roaming\npm\node_modules\markbind-cli\src\lib\markbind\src\parser.js:225:21)
    at element.children.element.children.map.e (C:\Users\dcsdcr\AppData\Roaming\npm\node_modules\markbind-cli\src\lib\markbind\src\parser.js:399:57)
    at Array.map (<anonymous>)
    at Parser._preprocess (C:\Users\dcsdcr\AppData\Roaming\npm\node_modules\markbind-cli\src\lib\markbind\src\parser.js:399:43)
    at element.children.element.children.map.e (C:\Users\dcsdcr\AppData\Roaming\npm\node_modules\markbind-cli\src\lib\markbind\src\parser.js:399:57)
    at Array.map (<anonymous>)
    at Parser._preprocess (C:\Users\dcsdcr\AppData\Roaming\npm\node_modules\markbind-cli\src\lib\markbind\src\parser.js:399:43)
    at element.children.element.children.map.e (C:\Users\dcsdcr\AppData\Roaming\npm\node_modules\markbind-cli\src\lib\markbind\src\parser.js:399:57)
    at Array.map (<anonymous>)
    at Parser._preprocess (C:\Users\dcsdcr\AppData\Roaming\npm\node_modules\markbind-cli\src\lib\markbind\src\parser.js:399:43)
    at element.children.element.children.map.e (C:\Users\dcsdcr\AppData\Roaming\npm\node_modules\markbind-cli\src\lib\markbind\src\parser.js:399:57)
    at Array.map (<anonymous>)
    at Parser._preprocess (C:\Users\dcsdcr\AppData\Roaming\npm\node_modules\markbind-cli\src\lib\markbind\src\parser.js:399:43)
    at element.children.element.children.map.e (C:\Users\dcsdcr\AppData\Roaming\npm\node_modules\markbind-cli\src\lib\markbind\src\parser.js:382:57)
    at Array.map (<anonymous>)
    at Parser._preprocess (C:\Users\dcsdcr\AppData\Roaming\npm\node_modules\markbind-cli\src\lib\markbind\src\parser.js:382:43)
2019-07-12T07:53:38.160Z - error:  Error: No such file: C:\repos\nus-cs2103-AY1920S1\cs2103-website\book\projectDuke\extensions.md
Missing reference in C:\repos\nus-cs2103-AY1920S1\cs2103-website\admin\dukeFragment.md
    at Parser._preprocess (C:\Users\dcsdcr\AppData\Roaming\npm\node_modules\markbind-cli\src\lib\markbind\src\parser.js:225:21)
    at element.children.element.children.map.e (C:\Users\dcsdcr\AppData\Roaming\npm\node_modules\markbind-cli\src\lib\markbind\src\parser.js:399:57)
    at Array.map (<anonymous>)
    at Parser._preprocess (C:\Users\dcsdcr\AppData\Roaming\npm\node_modules\markbind-cli\src\lib\markbind\src\parser.js:399:43)
    at element.children.element.children.map.e (C:\Users\dcsdcr\AppData\Roaming\npm\node_modules\markbind-cli\src\lib\markbind\src\parser.js:399:57)
    at Array.map (<anonymous>)
    at Parser._preprocess (C:\Users\dcsdcr\AppData\Roaming\npm\node_modules\markbind-cli\src\lib\markbind\src\parser.js:399:43)
    at element.children.element.children.map.e (C:\Users\dcsdcr\AppData\Roaming\npm\node_modules\markbind-cli\src\lib\markbind\src\parser.js:399:57)
    at Array.map (<anonymous>)
    at Parser._preprocess (C:\Users\dcsdcr\AppData\Roaming\npm\node_modules\markbind-cli\src\lib\markbind\src\parser.js:399:43)
    at element.children.element.children.map.e (C:\Users\dcsdcr\AppData\Roaming\npm\node_modules\markbind-cli\src\lib\markbind\src\parser.js:399:57)
    at Array.map (<anonymous>)
    at Parser._preprocess (C:\Users\dcsdcr\AppData\Roaming\npm\node_modules\markbind-cli\src\lib\markbind\src\parser.js:399:43)
    at element.children.element.children.map.e (C:\Users\dcsdcr\AppData\Roaming\npm\node_modules\markbind-cli\src\lib\markbind\src\parser.js:382:57)
    at Array.map (<anonymous>)
    at Parser._preprocess (C:\Users\dcsdcr\AppData\Roaming\npm\node_modules\markbind-cli\src\lib\markbind\src\parser.js:382:43)
2019-07-12T07:53:38.578Z - info: Pages rebuilt
2019-07-12T07:53:38.589Z - info: Site data built
2019-07-12T07:54:41.748Z - info: [3:54:41 PM] Reload for file change: C:\repos\nus-cs2103-AY1920S1\cs2103-website\admin\ip-w02.md
2019-07-12T07:54:42.749Z - info: Rebuilding affected source files
2019-07-12T07:54:42.750Z - info: Rebuilding 2 pages
2019-07-12T07:54:42.827Z - error:  Error: No such file: C:\repos\nus-cs2103-AY1920S1\cs2103-website\book\projectDuke\extensions.md
Missing reference in C:\repos\nus-cs2103-AY1920S1\cs2103-website\admin\dukeFragment.md
    at Parser._preprocess (C:\Users\dcsdcr\AppData\Roaming\npm\node_modules\markbind-cli\src\lib\markbind\src\parser.js:225:21)
    at element.children.element.children.map.e (C:\Users\dcsdcr\AppData\Roaming\npm\node_modules\markbind-cli\src\lib\markbind\src\parser.js:399:57)
    at Array.map (<anonymous>)
    at Parser._preprocess (C:\Users\dcsdcr\AppData\Roaming\npm\node_modules\markbind-cli\src\lib\markbind\src\parser.js:399:43)
    at element.children.element.children.map.e (C:\Users\dcsdcr\AppData\Roaming\npm\node_modules\markbind-cli\src\lib\markbind\src\parser.js:399:57)
    at Array.map (<anonymous>)
    at Parser._preprocess (C:\Users\dcsdcr\AppData\Roaming\npm\node_modules\markbind-cli\src\lib\markbind\src\parser.js:399:43)
    at element.children.element.children.map.e (C:\Users\dcsdcr\AppData\Roaming\npm\node_modules\markbind-cli\src\lib\markbind\src\parser.js:399:57)
    at Array.map (<anonymous>)
    at Parser._preprocess (C:\Users\dcsdcr\AppData\Roaming\npm\node_modules\markbind-cli\src\lib\markbind\src\parser.js:399:43)
    at element.children.element.children.map.e (C:\Users\dcsdcr\AppData\Roaming\npm\node_modules\markbind-cli\src\lib\markbind\src\parser.js:399:57)
    at Array.map (<anonymous>)
    at Parser._preprocess (C:\Users\dcsdcr\AppData\Roaming\npm\node_modules\markbind-cli\src\lib\markbind\src\parser.js:399:43)
    at element.children.element.children.map.e (C:\Users\dcsdcr\AppData\Roaming\npm\node_modules\markbind-cli\src\lib\markbind\src\parser.js:382:57)
    at Array.map (<anonymous>)
    at Parser._preprocess (C:\Users\dcsdcr\AppData\Roaming\npm\node_modules\markbind-cli\src\lib\markbind\src\parser.js:382:43)
2019-07-12T07:54:42.911Z - error:  Error: No such file: C:\repos\nus-cs2103-AY1920S1\cs2103-website\book\projectDuke\extensions.md
Missing reference in C:\repos\nus-cs2103-AY1920S1\cs2103-website\admin\dukeFragment.md
    at Parser._preprocess (C:\Users\dcsdcr\AppData\Roaming\npm\node_modules\markbind-cli\src\lib\markbind\src\parser.js:225:21)
    at element.children.element.children.map.e (C:\Users\dcsdcr\AppData\Roaming\npm\node_modules\markbind-cli\src\lib\markbind\src\parser.js:399:57)
    at Array.map (<anonymous>)
    at Parser._preprocess (C:\Users\dcsdcr\AppData\Roaming\npm\node_modules\markbind-cli\src\lib\markbind\src\parser.js:399:43)
    at element.children.element.children.map.e (C:\Users\dcsdcr\AppData\Roaming\npm\node_modules\markbind-cli\src\lib\markbind\src\parser.js:399:57)
    at Array.map (<anonymous>)
    at Parser._preprocess (C:\Users\dcsdcr\AppData\Roaming\npm\node_modules\markbind-cli\src\lib\markbind\src\parser.js:399:43)
    at element.children.element.children.map.e (C:\Users\dcsdcr\AppData\Roaming\npm\node_modules\markbind-cli\src\lib\markbind\src\parser.js:399:57)
    at Array.map (<anonymous>)
    at Parser._preprocess (C:\Users\dcsdcr\AppData\Roaming\npm\node_modules\markbind-cli\src\lib\markbind\src\parser.js:399:43)
    at element.children.element.children.map.e (C:\Users\dcsdcr\AppData\Roaming\npm\node_modules\markbind-cli\src\lib\markbind\src\parser.js:399:57)
    at Array.map (<anonymous>)
    at Parser._preprocess (C:\Users\dcsdcr\AppData\Roaming\npm\node_modules\markbind-cli\src\lib\markbind\src\parser.js:399:43)
    at element.children.element.children.map.e (C:\Users\dcsdcr\AppData\Roaming\npm\node_modules\markbind-cli\src\lib\markbind\src\parser.js:382:57)
    at Array.map (<anonymous>)
    at Parser._preprocess (C:\Users\dcsdcr\AppData\Roaming\npm\node_modules\markbind-cli\src\lib\markbind\src\parser.js:382:43)
2019-07-12T07:54:43.213Z - info: Pages rebuilt
2019-07-12T07:54:43.221Z - info: Site data built
2019-07-12T07:55:22.525Z - info: [3:55:22 PM] Reload for file change: C:\repos\nus-cs2103-AY1920S1\cs2103-website\admin\ip-w02.md
2019-07-12T07:55:23.525Z - info: Rebuilding affected source files
2019-07-12T07:55:23.527Z - info: Rebuilding 2 pages
2019-07-12T07:55:24.078Z - info: Pages rebuilt
2019-07-12T07:55:24.088Z - info: Site data built
2019-07-12T07:57:25.519Z - info: [3:57:25 PM] Reload for file change: C:\repos\nus-cs2103-AY1920S1\cs2103-website\admin\ip-w03.md
2019-07-12T07:57:26.521Z - info: Rebuilding affected source files
2019-07-12T07:57:26.522Z - info: Rebuilding 1 pages
2019-07-12T07:57:26.763Z - info: Pages rebuilt
2019-07-12T07:57:26.775Z - info: Site data built
2019-07-12T07:58:20.107Z - info: [3:58:20 PM] Reload for file change: C:\repos\nus-cs2103-AY1920S1\cs2103-website\admin\ip-w03.md
2019-07-12T07:58:20.113Z - info: [3:58:20 PM] Reload for file change: C:\repos\nus-cs2103-AY1920S1\cs2103-website\book\projectDuke\text.md
2019-07-12T07:58:21.108Z - info: Rebuilding affected source files
2019-07-12T07:58:21.111Z - info: Rebuilding 9 pages
2019-07-12T07:58:22.967Z - info: Pages rebuilt
2019-07-12T07:58:22.987Z - info: Site data built
2019-07-12T07:59:35.777Z - info: [3:59:35 PM] Reload for file change: C:\repos\nus-cs2103-AY1920S1\cs2103-website\admin\ip-w03.md
2019-07-12T07:59:36.779Z - info: Rebuilding affected source files
2019-07-12T07:59:36.780Z - info: Rebuilding 1 pages
2019-07-12T07:59:37.131Z - info: Pages rebuilt
2019-07-12T07:59:37.141Z - info: Site data built
2019-07-12T08:00:38.281Z - info: [4:00:38 PM] Reload for file change: C:\repos\nus-cs2103-AY1920S1\cs2103-website\admin\ip-w03.md
2019-07-12T08:00:38.289Z - info: [4:00:38 PM] Reload for file change: C:\repos\nus-cs2103-AY1920S1\cs2103-website\book\projectDuke\extensions.mbdf
2019-07-12T08:00:39.282Z - info: Rebuilding affected source files
2019-07-12T08:00:39.286Z - info: Rebuilding 8 pages
2019-07-12T08:00:41.113Z - info: Pages rebuilt
2019-07-12T08:00:41.130Z - info: Site data built
2019-07-12T08:14:11.964Z - info: [4:14:11 PM] Reload for file change: C:\repos\nus-cs2103-AY1920S1\cs2103-website\admin\ip-w03.md
2019-07-12T08:14:12.974Z - info: Rebuilding affected source files
2019-07-12T08:14:12.977Z - info: Rebuilding 1 pages
2019-07-12T08:14:13.298Z - info: Pages rebuilt
2019-07-12T08:14:13.311Z - info: Site data built
2019-07-12T08:15:34.754Z - info: [4:15:34 PM] Reload for file change: C:\repos\nus-cs2103-AY1920S1\cs2103-website\admin\ip-w03.md
2019-07-12T08:15:35.754Z - info: Rebuilding affected source files
2019-07-12T08:15:35.756Z - info: Rebuilding 1 pages
2019-07-12T08:15:36.061Z - info: Pages rebuilt
2019-07-12T08:15:36.071Z - info: Site data built
2019-07-12T08:18:13.046Z - info: [4:18:13 PM] Reload for file change: C:\repos\nus-cs2103-AY1920S1\cs2103-website\admin\ip-w04.md
2019-07-12T08:18:14.058Z - info: Rebuilding affected source files
2019-07-12T08:18:14.059Z - info: Rebuilding 1 pages
2019-07-12T08:18:14.273Z - info: Pages rebuilt
2019-07-12T08:18:14.284Z - info: Site data built
2019-07-12T08:18:55.446Z - info: [4:18:55 PM] Reload for file change: C:\repos\nus-cs2103-AY1920S1\cs2103-website\admin\ip-w05.md
2019-07-12T08:18:56.447Z - info: Rebuilding affected source files
2019-07-12T08:18:56.449Z - info: Rebuilding 1 pages
2019-07-12T08:18:56.659Z - info: Pages rebuilt
2019-07-12T08:18:56.668Z - info: Site data built
2019-07-12T08:19:59.315Z - info: [4:19:59 PM] Reload for file change: C:\repos\nus-cs2103-AY1920S1\cs2103-website\admin\ip-w03.md
2019-07-12T08:19:59.320Z - info: [4:19:59 PM] Reload for file change: C:\repos\nus-cs2103-AY1920S1\cs2103-website\admin\ip-w04.md
2019-07-12T08:19:59.322Z - info: [4:19:59 PM] Reload for file change: C:\repos\nus-cs2103-AY1920S1\cs2103-website\admin\ip-w05.md
2019-07-12T08:19:59.326Z - info: [4:19:59 PM] Reload for file change: C:\repos\nus-cs2103-AY1920S1\cs2103-website\admin\ip-w02.md
2019-07-12T08:20:00.315Z - info: Rebuilding affected source files
2019-07-12T08:20:00.318Z - info: Rebuilding 5 pages
2019-07-12T08:20:01.367Z - info: Pages rebuilt
2019-07-12T08:20:01.376Z - info: Site data built
2019-07-12T08:23:49.246Z - info: [4:23:49 PM] Reload for file change: C:\repos\nus-cs2103-AY1920S1\cs2103-website\admin\ip-w05.md
2019-07-12T08:23:50.248Z - info: Rebuilding affected source files
2019-07-12T08:23:50.249Z - info: Rebuilding 1 pages
2019-07-12T08:23:50.407Z - info: Pages rebuilt
2019-07-12T08:23:50.417Z - info: Site data built
2019-07-12T08:32:31.510Z - info: [4:32:31 PM] Reload for file change: C:\repos\nus-cs2103-AY1920S1\cs2103-website\book\projectDuke\extensions.mbdf
2019-07-12T08:32:32.532Z - info: Rebuilding affected source files
2019-07-12T08:32:32.534Z - info: Rebuilding 8 pages
2019-07-12T08:32:34.216Z - info: Pages rebuilt
2019-07-12T08:32:34.235Z - info: Site data built
2019-07-12T08:34:01.012Z - info: [4:34:01 PM] Reload for file change: C:\repos\nus-cs2103-AY1920S1\cs2103-website\book\projectDuke\extensions.mbdf
2019-07-12T08:34:02.026Z - info: Rebuilding affected source files
2019-07-12T08:34:02.030Z - info: Rebuilding 8 pages
2019-07-12T08:34:03.636Z - info: Pages rebuilt
2019-07-12T08:34:03.651Z - info: Site data built
2019-07-12T08:36:14.964Z - info: [4:36:14 PM] Reload for file change: C:\repos\nus-cs2103-AY1920S1\cs2103-website\book\projectDuke\extensions.mbdf
2019-07-12T08:36:15.966Z - info: Rebuilding affected source files
2019-07-12T08:36:15.969Z - info: Rebuilding 8 pages
2019-07-12T08:36:17.590Z - info: Pages rebuilt
2019-07-12T08:36:17.610Z - info: Site data built
2019-07-12T08:36:35.475Z - info: [4:36:35 PM] Reload for file change: C:\repos\nus-cs2103-AY1920S1\cs2103-website\book\projectDuke\extensions.mbdf
2019-07-12T08:36:36.476Z - info: Rebuilding affected source files
2019-07-12T08:36:36.478Z - info: Rebuilding 8 pages
2019-07-12T08:36:38.119Z - info: Pages rebuilt
2019-07-12T08:36:38.134Z - info: Site data built
2019-07-12T08:36:49.476Z - info: [4:36:49 PM] Reload for file change: C:\repos\nus-cs2103-AY1920S1\cs2103-website\book\projectDuke\extensions.mbdf
2019-07-12T08:36:50.477Z - info: Rebuilding affected source files
2019-07-12T08:36:50.479Z - info: Rebuilding 8 pages
2019-07-12T08:36:52.072Z - info: Pages rebuilt
2019-07-12T08:36:52.085Z - info: Site data built
2019-07-12T08:37:08.172Z - info: [4:37:08 PM] Reload for file change: C:\repos\nus-cs2103-AY1920S1\cs2103-website\book\projectDuke\extensions.mbdf
2019-07-12T08:37:09.174Z - info: Rebuilding affected source files
2019-07-12T08:37:09.176Z - info: Rebuilding 8 pages
2019-07-12T08:37:10.685Z - info: Pages rebuilt
2019-07-12T08:37:10.700Z - info: Site data built
2019-07-12T08:37:25.302Z - info: [4:37:25 PM] Reload for file change: C:\repos\nus-cs2103-AY1920S1\cs2103-website\book\projectDuke\extensions.mbdf
2019-07-12T08:37:26.302Z - info: Rebuilding affected source files
2019-07-12T08:37:26.307Z - info: Rebuilding 8 pages
2019-07-12T08:37:27.856Z - info: Pages rebuilt
2019-07-12T08:37:27.871Z - info: Site data built
2019-07-12T08:37:51.131Z - info: [4:37:51 PM] Reload for file change: C:\repos\nus-cs2103-AY1920S1\cs2103-website\book\projectDuke\extensions.mbdf
2019-07-12T08:37:52.132Z - info: Rebuilding affected source files
2019-07-12T08:37:52.134Z - info: Rebuilding 8 pages
2019-07-12T08:37:53.810Z - info: Pages rebuilt
2019-07-12T08:37:53.825Z - info: Site data built
2019-07-12T08:38:18.098Z - info: [4:38:18 PM] Reload for file change: C:\repos\nus-cs2103-AY1920S1\cs2103-website\book\projectDuke\extensions.mbdf
2019-07-12T08:38:19.101Z - info: Rebuilding affected source files
2019-07-12T08:38:19.103Z - info: Rebuilding 8 pages
2019-07-12T08:38:20.808Z - info: Pages rebuilt
2019-07-12T08:38:20.819Z - info: Site data built
2019-07-12T08:39:05.551Z - info: [4:39:05 PM] Reload for file change: C:\repos\nus-cs2103-AY1920S1\cs2103-website\book\projectDuke\extensions.mbdf
2019-07-12T08:39:06.551Z - info: Rebuilding affected source files
2019-07-12T08:39:06.554Z - info: Rebuilding 8 pages
2019-07-12T08:39:08.169Z - info: Pages rebuilt
2019-07-12T08:39:08.186Z - info: Site data built
2019-07-12T08:39:48.468Z - info: [4:39:48 PM] Reload for file change: C:\repos\nus-cs2103-AY1920S1\cs2103-website\book\projectDuke\extensions.mbdf
2019-07-12T08:39:49.471Z - info: Rebuilding affected source files
2019-07-12T08:39:49.473Z - info: Rebuilding 8 pages
2019-07-12T08:39:51.044Z - info: Pages rebuilt
2019-07-12T08:39:51.062Z - info: Site data built
2019-07-12T08:40:16.702Z - info: [4:40:16 PM] Reload for file change: C:\repos\nus-cs2103-AY1920S1\cs2103-website\book\projectDuke\extensions.mbdf
2019-07-12T08:40:17.703Z - info: Rebuilding affected source files
2019-07-12T08:40:17.705Z - info: Rebuilding 8 pages
2019-07-12T08:40:19.420Z - info: Pages rebuilt
2019-07-12T08:40:19.439Z - info: Site data built
2019-07-12T08:40:53.862Z - info: [4:40:53 PM] Reload for file change: C:\repos\nus-cs2103-AY1920S1\cs2103-website\book\projectDuke\extensions.mbdf
2019-07-12T08:40:53.869Z - info: [4:40:53 PM] Reload for file change: C:\repos\nus-cs2103-AY1920S1\cs2103-website\book\projectDuke\text.md
2019-07-12T08:40:54.865Z - info: Rebuilding affected source files
2019-07-12T08:40:54.868Z - info: Rebuilding 9 pages
2019-07-12T08:40:56.717Z - info: Pages rebuilt
2019-07-12T08:40:56.730Z - info: Site data built
2019-07-12T08:41:28.576Z - info: [4:41:28 PM] Reload for file change: C:\repos\nus-cs2103-AY1920S1\cs2103-website\book\projectDuke\text.md
2019-07-12T08:41:29.578Z - info: Rebuilding affected source files
2019-07-12T08:41:29.581Z - info: Rebuilding 8 pages
2019-07-12T08:41:31.132Z - info: Pages rebuilt
2019-07-12T08:41:31.153Z - info: Site data built
2019-07-12T08:45:35.909Z - info: [4:45:35 PM] Reload for file change: C:\repos\nus-cs2103-AY1920S1\cs2103-website\book\projectDuke\extensions.mbdf
2019-07-12T08:45:36.911Z - info: Rebuilding affected source files
2019-07-12T08:45:36.914Z - info: Rebuilding 8 pages
2019-07-12T08:45:38.587Z - info: Pages rebuilt
2019-07-12T08:45:38.601Z - info: Site data built
2019-07-12T08:47:30.270Z - info: [4:47:30 PM] Reload for file change: C:\repos\nus-cs2103-AY1920S1\cs2103-website\admin\ip-w06.md
2019-07-12T08:47:31.271Z - info: Rebuilding affected source files
2019-07-12T08:47:31.272Z - info: Rebuilding 1 pages
2019-07-12T08:47:31.502Z - info: Pages rebuilt
2019-07-12T08:47:31.512Z - info: Site data built
2019-07-12T09:01:07.239Z - info: [5:01:07 PM] Reload for file change: C:\repos\nus-cs2103-AY1920S1\cs2103-website\admin\ip-w04.md
2019-07-12T09:01:07.242Z - info: [5:01:07 PM] Reload for file change: C:\repos\nus-cs2103-AY1920S1\cs2103-website\admin\ip-w05.md
2019-07-12T09:01:08.241Z - info: Rebuilding affected source files
2019-07-12T09:01:08.244Z - info: Rebuilding 2 pages
2019-07-12T09:01:08.690Z - info: Pages rebuilt
2019-07-12T09:01:08.702Z - info: Site data built
2019-07-12T09:02:38.476Z - info: [5:02:38 PM] Reload for file change: C:\repos\nus-cs2103-AY1920S1\cs2103-website\schedule\week3\project.md
2019-07-12T09:02:38.477Z - info: [5:02:38 PM] Reload for file change: C:\repos\nus-cs2103-AY1920S1\cs2103-website\schedule\week2\project.md
2019-07-12T09:02:39.485Z - info: Rebuilding affected source files
2019-07-12T09:02:39.488Z - info: Rebuilding 2 pages
2019-07-12T09:02:39.872Z - info: Pages rebuilt
2019-07-12T09:02:39.882Z - info: Site data built
2019-07-12T09:04:07.220Z - info: [5:04:07 PM] Reload for file change: C:\repos\nus-cs2103-AY1920S1\cs2103-website\schedule\week3\project.md
2019-07-12T09:04:08.221Z - info: Rebuilding affected source files
2019-07-12T09:04:08.222Z - info: Rebuilding 1 pages
2019-07-12T09:04:08.475Z - info: Pages rebuilt
2019-07-12T09:04:08.485Z - info: Site data built
2019-07-12T09:04:45.408Z - info: [5:04:45 PM] Reload for file change: C:\repos\nus-cs2103-AY1920S1\cs2103-website\schedule\week2\project.md
2019-07-12T09:04:46.409Z - info: Rebuilding affected source files
2019-07-12T09:04:46.411Z - info: Rebuilding 1 pages
2019-07-12T09:04:46.651Z - info: Pages rebuilt
2019-07-12T09:04:46.659Z - info: Site data built
2019-07-12T09:10:05.332Z - info: [5:10:05 PM] Reload for file change: C:\repos\nus-cs2103-AY1920S1\cs2103-website\schedule\week4\project.md
2019-07-12T09:10:06.333Z - info: Rebuilding affected source files
2019-07-12T09:10:06.334Z - info: Rebuilding 1 pages
2019-07-12T09:10:06.962Z - info: Pages rebuilt
2019-07-12T09:10:06.972Z - info: Site data built
2019-07-12T09:11:44.562Z - info: [5:11:44 PM] Reload for file change: C:\repos\nus-cs2103-AY1920S1\cs2103-website\schedule\week6\project.md
2019-07-12T09:11:44.565Z - info: [5:11:44 PM] Reload for file change: C:\repos\nus-cs2103-AY1920S1\cs2103-website\schedule\week5\project.md
2019-07-12T09:11:44.576Z - info: [5:11:44 PM] Reload for file change: C:\repos\nus-cs2103-AY1920S1\cs2103-website\schedule\week4\project.md
2019-07-12T09:11:44.579Z - info: [5:11:44 PM] Reload for file change: C:\repos\nus-cs2103-AY1920S1\cs2103-website\schedule\week3\project.md
2019-07-12T09:11:45.562Z - info: Rebuilding affected source files
2019-07-12T09:11:45.564Z - info: Rebuilding 4 pages
2019-07-12T09:11:48.168Z - info: Pages rebuilt
2019-07-12T09:11:48.183Z - info: Site data built
2019-07-12T09:21:26.647Z - info: Website generation started at 5:21:21 PM
2019-07-12T09:21:30.452Z - info: Building assets...
