2019-11-10T05:05:10.786Z - info: Website generation started at 13:05:04
2019-11-10T05:05:16.053Z - info: Building assets...
2019-11-10T05:05:20.309Z - info: Assets built
2019-11-10T05:05:20.309Z - info: Generating pages...
2019-11-10T05:08:23.122Z - info: Pages built
2019-11-10T05:08:56.041Z - info: Website generation complete! Total build time: 231.838s
2019-11-10T05:08:56.369Z - info: Serving "C:\repos\nus-cs2103-AY1920S1\cs2103-website\_site" at http://127.0.0.1:8080
2019-11-10T05:08:56.369Z - info: Press CTRL+C to stop ...
2019-11-10T05:08:56.569Z - info: Site data built
2019-11-10T05:12:17.175Z - info: [13:12:17] Reload for file change: C:\repos\nus-cs2103-AY1920S1\cs2103-website\admin\project-deliverables.md
2019-11-10T05:12:18.184Z - info: Rebuilding affected source files
2019-11-10T05:12:18.196Z - info: Rebuilding 24 pages
2019-11-10T05:12:36.833Z - info: Pages rebuilt
2019-11-10T05:12:36.949Z - info: Site data built
2019-11-10T05:13:16.280Z - info: [13:13:16] Reload for file change: C:\repos\nus-cs2103-AY1920S1\cs2103-website\admin\project-deliverables.md
2019-11-10T05:13:17.281Z - info: Rebuilding affected source files
2019-11-10T05:13:17.301Z - info: Rebuilding 24 pages
2019-11-10T05:13:39.236Z - info: Pages rebuilt
2019-11-10T05:13:39.264Z - info: Site data built
2019-11-10T05:14:03.984Z - info: [13:14:03] Reload for file change: C:\repos\nus-cs2103-AY1920S1\cs2103-website\admin\project-testing.mbdf
2019-11-10T05:14:04.992Z - info: Rebuilding affected source files
2019-11-10T05:14:04.992Z - info: Rebuilding 6 pages
2019-11-10T05:14:10.788Z - info: Pages rebuilt
2019-11-10T05:14:10.800Z - info: Site data built
2019-11-10T05:16:02.568Z - info: [13:16:02] Reload for file change: C:\repos\nus-cs2103-AY1920S1\cs2103-website\admin\project-w13-v14.md
2019-11-10T05:16:03.576Z - info: Rebuilding affected source files
2019-11-10T05:16:03.584Z - info: Rebuilding 6 pages
2019-11-10T05:16:11.784Z - info: Pages rebuilt
2019-11-10T05:16:11.836Z - info: Site data built
2019-11-10T05:17:58.519Z - info: [13:17:58] Reload for file change: C:\repos\nus-cs2103-AY1920S1\cs2103-website\admin\project-w13-v14.md
2019-11-10T05:17:59.527Z - info: Rebuilding affected source files
2019-11-10T05:17:59.531Z - info: Rebuilding 6 pages
2019-11-10T05:18:08.949Z - info: Pages rebuilt
2019-11-10T05:18:08.993Z - info: Site data built
2019-11-10T05:19:25.506Z - info: [13:19:25] Reload for file change: C:\repos\nus-cs2103-AY1920S1\cs2103-website\admin\project-w13-v14.md
2019-11-10T05:19:25.518Z - info: [13:19:25] Reload for file change: C:\repos\nus-cs2103-AY1920S1\cs2103-website\admin\project-deliverables.md
2019-11-10T05:19:26.512Z - info: Rebuilding affected source files
2019-11-10T05:19:26.540Z - info: Rebuilding 28 pages
2019-11-10T05:19:55.247Z - info: Pages rebuilt
2019-11-10T05:19:55.275Z - info: Site data built
2019-11-10T05:21:38.495Z - info: [13:21:38] Reload for file change: C:\repos\nus-cs2103-AY1920S1\cs2103-website\admin\project-deliverables.md
2019-11-10T05:21:39.519Z - info: Rebuilding affected source files
2019-11-10T05:21:39.531Z - info: Rebuilding 24 pages
2019-11-10T05:22:03.459Z - info: Pages rebuilt
2019-11-10T05:22:03.483Z - info: Site data built
2019-11-10T05:23:07.601Z - info: [13:23:07] Reload for file change: C:\repos\nus-cs2103-AY1920S1\cs2103-website\admin\project-w13-v14.md
2019-11-10T05:23:08.605Z - info: Rebuilding affected source files
2019-11-10T05:23:08.605Z - info: Rebuilding 6 pages
2019-11-10T05:23:18.728Z - info: Pages rebuilt
2019-11-10T05:23:18.792Z - info: Site data built
2019-11-10T05:23:38.620Z - info: [13:23:38] Reload for file change: C:\repos\nus-cs2103-AY1920S1\cs2103-website\admin\project-w13-v14.md
2019-11-10T05:23:39.626Z - info: Rebuilding affected source files
2019-11-10T05:23:39.630Z - info: Rebuilding 6 pages
2019-11-10T05:23:48.422Z - info: Pages rebuilt
2019-11-10T05:23:48.450Z - info: Site data built
2019-11-10T05:24:00.580Z - info: [13:24:00] Reload for file change: C:\repos\nus-cs2103-AY1920S1\cs2103-website\admin\project-w13-v14.md
2019-11-10T05:24:01.590Z - info: Rebuilding affected source files
2019-11-10T05:24:01.590Z - info: Rebuilding 6 pages
2019-11-10T05:24:10.770Z - info: Pages rebuilt
2019-11-10T05:24:10.782Z - info: Site data built
2019-11-10T05:28:28.397Z - info: [13:28:28] Reload for file change: C:\repos\nus-cs2103-AY1920S1\cs2103-website\schedule\week13\tutorial-cs2103.md
2019-11-10T05:28:29.406Z - info: Rebuilding affected source files
2019-11-10T05:28:29.406Z - info: Rebuilding 1 pages
2019-11-10T05:28:29.710Z - info: Pages rebuilt
2019-11-10T05:28:29.718Z - info: Site data built
2019-11-10T05:28:55.878Z - info: [13:28:55] Reload for file change: C:\repos\nus-cs2103-AY1920S1\cs2103-website\schedule\week13\admin.md
2019-11-10T05:28:56.895Z - info: Rebuilding affected source files
2019-11-10T05:28:56.895Z - info: Rebuilding 5 pages
2019-11-10T05:29:03.755Z - info: Pages rebuilt
2019-11-10T05:29:03.771Z - info: Site data built
2019-11-10T05:34:55.609Z - info: [13:34:55] Reload for file change: C:\repos\nus-cs2103-AY1920S1\cs2103-website\admin\project-w13-v14.md
2019-11-10T05:34:56.617Z - info: Rebuilding affected source files
2019-11-10T05:34:56.621Z - info: Rebuilding 6 pages
2019-11-10T05:35:06.521Z - info: Pages rebuilt
2019-11-10T05:35:06.565Z - info: Site data built
2019-11-10T05:37:16.211Z - info: [13:37:16] Reload for file change: C:\repos\nus-cs2103-AY1920S1\cs2103-website\admin\project-w13-v14.md
2019-11-10T05:37:17.218Z - info: Rebuilding affected source files
2019-11-10T05:37:17.226Z - info: Rebuilding 6 pages
2019-11-10T05:37:27.713Z - info: Pages rebuilt
2019-11-10T05:37:27.737Z - info: Site data built
2019-11-10T05:37:57.258Z - info: [13:37:57] Reload for file change: C:\repos\nus-cs2103-AY1920S1\cs2103-website\admin\project-w13-v14.md
2019-11-10T05:37:58.266Z - info: Rebuilding affected source files
2019-11-10T05:37:58.274Z - info: Rebuilding 6 pages
2019-11-10T05:38:12.258Z - info: Pages rebuilt
2019-11-10T05:38:12.346Z - info: Site data built
2019-11-10T05:39:13.549Z - info: [13:39:13] Reload for file change: C:\repos\nus-cs2103-AY1920S1\cs2103-website\admin\project-w13-v14.md
2019-11-10T05:39:14.562Z - info: Rebuilding affected source files
2019-11-10T05:39:14.574Z - info: Rebuilding 6 pages
2019-11-10T05:39:29.286Z - info: Pages rebuilt
2019-11-10T05:39:29.302Z - info: Site data built
2019-11-10T05:41:17.733Z - info: [13:41:17] Reload for file change: C:\repos\nus-cs2103-AY1920S1\cs2103-website\schedule\week13\tutorial-cs2103.md
2019-11-10T05:41:17.737Z - info: [13:41:17] Reload for file change: C:\repos\nus-cs2103-AY1920S1\cs2103-website\admin\project-w13-v14.md
2019-11-10T05:41:18.739Z - info: Rebuilding affected source files
2019-11-10T05:41:18.743Z - info: Rebuilding 7 pages
2019-11-10T05:41:33.981Z - info: Pages rebuilt
2019-11-10T05:41:34.093Z - info: Site data built
2019-11-10T05:42:43.282Z - info: [13:42:43] Reload for file change: C:\repos\nus-cs2103-AY1920S1\cs2103-website\admin\project-w13-v14.md
2019-11-10T05:42:44.289Z - info: Rebuilding affected source files
2019-11-10T05:42:44.289Z - info: Rebuilding 7 pages
2019-11-10T05:42:58.745Z - info: Pages rebuilt
2019-11-10T05:42:58.858Z - info: Site data built
2019-11-10T05:52:46.077Z - info: Website generation started at 13:52:40
2019-11-10T05:52:51.517Z - info: Building assets...
2019-11-10T05:52:54.203Z - info: Assets built
2019-11-10T05:52:54.203Z - info: Generating pages...
2019-11-10T05:55:39.689Z - info: Pages built
2019-11-10T05:56:06.169Z - info: Website generation complete! Total build time: 205.772s
2019-11-10T05:56:06.169Z - info: Build success!
2019-11-10T05:56:06.240Z - info: Site data built
2019-11-10T05:56:37.256Z - info: Deployed!
