2019-09-27T14:46:27.766Z - info: Website generation started at 22:46:20
2019-09-27T14:46:33.242Z - info: Building assets...
2019-09-27T14:46:35.946Z - info: Assets built
2019-09-27T14:46:35.946Z - info: Generating pages...
2019-09-27T14:49:29.724Z - info: Pages built
2019-09-27T14:49:57.673Z - info: Website generation complete! Total build time: 216.722s
2019-09-27T14:49:58.058Z - info: Serving "C:\repos\nus-cs2103-AY1920S1\cs2103-website\_site" at http://127.0.0.1:8080
2019-09-27T14:49:58.058Z - info: Press CTRL+C to stop ...
2019-09-27T14:49:58.086Z - info: Site data built
2019-09-27T14:50:16.443Z - info: [22:50:16] Reload for file change: C:\repos\nus-cs2103-AY1920S1\cs2103-website\admin\ip-showcase.md
2019-09-27T14:50:17.487Z - info: Rebuilding affected source files
2019-09-27T14:50:17.491Z - info: Rebuilding 1 pages
2019-09-27T14:50:19.388Z - info: [22:50:19] Reload for file change: C:\repos\nus-cs2103-AY1920S1\cs2103-website\admin\ip-showcase.md
2019-09-27T14:50:19.794Z - info: Pages rebuilt
2019-09-27T14:50:19.817Z - info: Site data built
2019-09-27T14:50:20.405Z - info: Rebuilding affected source files
2019-09-27T14:50:20.405Z - info: Rebuilding 1 pages
2019-09-27T14:50:22.897Z - info: Pages rebuilt
2019-09-27T14:50:22.913Z - info: Site data built
2019-09-27T14:54:21.523Z - info: [22:54:21] Reload for file change: C:\repos\nus-cs2103-AY1920S1\cs2103-website\admin\ip-showcase.md
2019-09-27T14:54:22.539Z - info: Rebuilding affected source files
2019-09-27T14:54:22.539Z - info: Rebuilding 1 pages
2019-09-27T14:54:25.641Z - info: Pages rebuilt
2019-09-27T14:54:25.763Z - info: Site data built
2019-09-27T14:55:05.342Z - info: [22:55:05] Reload for file change: C:\repos\nus-cs2103-AY1920S1\cs2103-website\admin\ip-showcase.md
2019-09-27T14:55:06.346Z - info: Rebuilding affected source files
2019-09-27T14:55:06.346Z - info: Rebuilding 1 pages
2019-09-27T14:55:10.000Z - info: Pages rebuilt
2019-09-27T14:55:10.076Z - info: Site data built
2019-09-27T14:56:19.966Z - info: [22:56:19] Reload for file change: C:\repos\nus-cs2103-AY1920S1\cs2103-website\admin\ip-showcase.md
2019-09-27T14:56:20.973Z - info: Rebuilding affected source files
2019-09-27T14:56:20.973Z - info: Rebuilding 1 pages
2019-09-27T14:56:24.445Z - info: Pages rebuilt
2019-09-27T14:56:24.478Z - info: Site data built
2019-09-27T14:57:52.362Z - info: [22:57:52] Reload for file change: C:\repos\nus-cs2103-AY1920S1\cs2103-website\admin\ip-showcase.md
2019-09-27T14:57:53.386Z - info: Rebuilding affected source files
2019-09-27T14:57:53.386Z - info: Rebuilding 1 pages
2019-09-27T14:57:56.632Z - info: Pages rebuilt
2019-09-27T14:57:56.660Z - info: Site data built
2019-09-27T14:59:44.903Z - info: [22:59:44] Reload for file change: C:\repos\nus-cs2103-AY1920S1\cs2103-website\admin\ip-showcase.md
2019-09-27T14:59:45.913Z - info: Rebuilding affected source files
2019-09-27T14:59:45.917Z - info: Rebuilding 1 pages
2019-09-27T14:59:49.890Z - info: Pages rebuilt
2019-09-27T14:59:49.904Z - info: Site data built
2019-09-27T15:00:27.436Z - info: [23:00:27] Reload for file change: C:\repos\nus-cs2103-AY1920S1\cs2103-website\admin\ip-showcase.md
2019-09-27T15:00:28.451Z - info: Rebuilding affected source files
2019-09-27T15:00:28.451Z - info: Rebuilding 1 pages
2019-09-27T15:00:31.768Z - info: Pages rebuilt
2019-09-27T15:00:31.776Z - info: Site data built
2019-09-27T15:02:23.383Z - info: [23:02:23] Reload for file change: C:\repos\nus-cs2103-AY1920S1\cs2103-website\admin\ip-showcase.md
2019-09-27T15:02:24.391Z - info: Rebuilding affected source files
2019-09-27T15:02:24.391Z - info: Rebuilding 1 pages
2019-09-27T15:02:29.225Z - info: Pages rebuilt
2019-09-27T15:02:29.255Z - info: Site data built
2019-09-27T15:03:14.532Z - info: [23:03:14] Reload for file change: C:\repos\nus-cs2103-AY1920S1\cs2103-website\admin\ip-showcase.md
2019-09-27T15:03:15.541Z - info: Rebuilding affected source files
2019-09-27T15:03:15.541Z - info: Rebuilding 1 pages
2019-09-27T15:03:19.107Z - info: Pages rebuilt
2019-09-27T15:03:19.123Z - info: Site data built
2019-09-27T15:04:15.504Z - info: [23:04:15] Reload for file change: C:\repos\nus-cs2103-AY1920S1\cs2103-website\admin\ip-showcase.md
2019-09-27T15:04:16.500Z - info: Rebuilding affected source files
2019-09-27T15:04:16.500Z - info: Rebuilding 1 pages
2019-09-27T15:04:20.409Z - info: Pages rebuilt
2019-09-27T15:04:20.444Z - info: Site data built
2019-09-27T15:06:05.893Z - info: Website generation started at 23:05:59
2019-09-27T15:06:10.434Z - info: Building assets...
2019-09-27T15:06:14.009Z - info: Assets built
2019-09-27T15:06:14.009Z - info: Generating pages...
2019-09-27T15:08:49.296Z - info: Pages built
2019-09-27T15:09:16.987Z - info: Website generation complete! Total build time: 197.084s
2019-09-27T15:09:16.987Z - info: Build success!
2019-09-27T15:09:17.007Z - info: Site data built
2019-09-27T15:09:58.293Z - info: Deployed!
