2019-08-28T06:02:36.482Z - info: Website generation started at 2:02:35 PM
2019-08-28T06:02:38.392Z - info: Building assets...
2019-08-28T06:02:39.969Z - info: Assets built
2019-08-28T06:02:39.969Z - info: Generating pages...
2019-08-28T06:04:17.021Z - info: Pages built
2019-08-28T06:04:36.631Z - info: Website generation complete! Total build time: 121.515s
2019-08-28T06:04:36.972Z - info: Serving "C:\repos\nus-cs2103-AY1920S1\cs2103-website\_site" at http://127.0.0.1:8080
2019-08-28T06:04:36.972Z - info: Press CTRL+C to stop ...
2019-08-28T06:04:36.997Z - info: Site data built
2019-08-28T06:28:34.054Z - info: [2:28:34 PM] Reload for file change: C:\repos\nus-cs2103-AY1920S1\cs2103-website\book\projectDuke\extensions.mbdf
2019-08-28T06:28:35.058Z - info: Rebuilding affected source files
2019-08-28T06:28:35.061Z - info: Rebuilding 12 pages
2019-08-28T06:28:39.065Z - info: Pages rebuilt
2019-08-28T06:28:39.075Z - info: Site data built
2019-08-28T06:30:31.988Z - info: [2:30:31 PM] Reload for file change: C:\repos\nus-cs2103-AY1920S1\cs2103-website\book\projectDuke\extensions.mbdf
2019-08-28T06:30:32.990Z - info: Rebuilding affected source files
2019-08-28T06:30:32.993Z - info: Rebuilding 12 pages
2019-08-28T06:30:37.076Z - info: Pages rebuilt
2019-08-28T06:30:37.092Z - info: Site data built
2019-08-28T06:30:58.220Z - info: [2:30:58 PM] Reload for file change: C:\repos\nus-cs2103-AY1920S1\cs2103-website\book\projectDuke\extensions.mbdf
2019-08-28T06:30:59.220Z - info: Rebuilding affected source files
2019-08-28T06:30:59.223Z - info: Rebuilding 12 pages
2019-08-28T06:31:02.986Z - info: Pages rebuilt
2019-08-28T06:31:02.997Z - info: Site data built
2019-08-28T06:31:30.585Z - info: [2:31:30 PM] Reload for file change: C:\repos\nus-cs2103-AY1920S1\cs2103-website\book\projectDuke\extensions.mbdf
2019-08-28T06:31:31.586Z - info: Rebuilding affected source files
2019-08-28T06:31:31.589Z - info: Rebuilding 12 pages
2019-08-28T06:31:35.433Z - info: Pages rebuilt
2019-08-28T06:31:35.446Z - info: Site data built
2019-08-28T06:35:31.555Z - info: [2:35:31 PM] Reload for file change: C:\repos\nus-cs2103-AY1920S1\cs2103-website\admin\ip-w04.md
2019-08-28T06:35:32.558Z - info: Rebuilding affected source files
2019-08-28T06:35:32.563Z - info: Rebuilding 4 pages
2019-08-28T06:35:36.637Z - info: Pages rebuilt
2019-08-28T06:35:36.646Z - info: Site data built
2019-08-28T06:39:42.071Z - info: [2:39:42 PM] Reload for file change: C:\repos\nus-cs2103-AY1920S1\cs2103-website\admin\ip-w04.md
2019-08-28T06:39:43.074Z - info: Rebuilding affected source files
2019-08-28T06:39:43.076Z - info: Rebuilding 4 pages
2019-08-28T06:39:46.588Z - info: Pages rebuilt
2019-08-28T06:39:46.599Z - info: Site data built
2019-08-28T06:40:43.038Z - info: [2:40:43 PM] Reload for file change: C:\repos\nus-cs2103-AY1920S1\cs2103-website\admin\ip-w04.md
2019-08-28T06:40:44.041Z - info: Rebuilding affected source files
2019-08-28T06:40:44.043Z - info: Rebuilding 4 pages
2019-08-28T06:40:47.568Z - info: Pages rebuilt
2019-08-28T06:40:47.580Z - info: Site data built
2019-08-28T06:44:19.565Z - info: [2:44:19 PM] Reload for file change: C:\repos\nus-cs2103-AY1920S1\cs2103-website\admin\ip-w04.md
2019-08-28T06:44:20.567Z - info: Rebuilding affected source files
2019-08-28T06:44:20.571Z - info: Rebuilding 4 pages
2019-08-28T06:44:23.977Z - info: Pages rebuilt
2019-08-28T06:44:23.987Z - info: Site data built
2019-08-28T06:47:50.393Z - info: [2:47:50 PM] Reload for file change: C:\repos\nus-cs2103-AY1920S1\cs2103-website\admin\ip-w04.md
2019-08-28T06:47:51.399Z - info: Rebuilding affected source files
2019-08-28T06:47:51.401Z - info: Rebuilding 4 pages
2019-08-28T06:47:54.780Z - info: Pages rebuilt
2019-08-28T06:47:54.792Z - info: Site data built
2019-08-28T06:49:52.412Z - info: [2:49:52 PM] Reload for file change: C:\repos\nus-cs2103-AY1920S1\cs2103-website\admin\ip-w04.md
2019-08-28T06:49:53.415Z - info: Rebuilding affected source files
2019-08-28T06:49:53.416Z - info: Rebuilding 4 pages
2019-08-28T06:49:56.823Z - info: Pages rebuilt
2019-08-28T06:49:56.835Z - info: Site data built
2019-08-28T06:52:39.862Z - info: [2:52:39 PM] Reload for file change: C:\repos\nus-cs2103-AY1920S1\cs2103-website\admin\ip-w04.md
2019-08-28T06:52:40.868Z - info: Rebuilding affected source files
2019-08-28T06:52:40.869Z - info: Rebuilding 4 pages
2019-08-28T06:52:44.127Z - info: Pages rebuilt
2019-08-28T06:52:44.138Z - info: Site data built
2019-08-28T06:54:38.088Z - info: [2:54:38 PM] Reload for file change: C:\repos\nus-cs2103-AY1920S1\cs2103-website\admin\ip-w04.md
2019-08-28T06:54:39.094Z - info: Rebuilding affected source files
2019-08-28T06:54:39.095Z - info: Rebuilding 4 pages
2019-08-28T06:54:42.473Z - info: Pages rebuilt
2019-08-28T06:54:42.482Z - info: Site data built
2019-08-28T06:55:10.414Z - info: [2:55:10 PM] Reload for file change: C:\repos\nus-cs2103-AY1920S1\cs2103-website\admin\ip-w04.md
2019-08-28T06:55:11.416Z - info: Rebuilding affected source files
2019-08-28T06:55:11.418Z - info: Rebuilding 4 pages
2019-08-28T06:55:14.625Z - info: Pages rebuilt
2019-08-28T06:55:14.636Z - info: Site data built
2019-08-28T06:55:26.039Z - info: [2:55:26 PM] Reload for file change: C:\repos\nus-cs2103-AY1920S1\cs2103-website\admin\ip-w04.md
2019-08-28T06:55:27.041Z - info: Rebuilding affected source files
2019-08-28T06:55:27.042Z - info: Rebuilding 4 pages
2019-08-28T06:55:30.041Z - info: Pages rebuilt
2019-08-28T06:55:30.062Z - info: Site data built
2019-08-28T06:55:55.737Z - info: [2:55:55 PM] Reload for file change: C:\repos\nus-cs2103-AY1920S1\cs2103-website\admin\ip-w04.md
2019-08-28T06:55:56.739Z - info: Rebuilding affected source files
2019-08-28T06:55:56.741Z - info: Rebuilding 4 pages
2019-08-28T06:56:00.064Z - info: Pages rebuilt
2019-08-28T06:56:00.075Z - info: Site data built
2019-08-28T06:56:34.825Z - info: [2:56:34 PM] Reload for file change: C:\repos\nus-cs2103-AY1920S1\cs2103-website\admin\ip-w04.md
2019-08-28T06:56:35.827Z - info: Rebuilding affected source files
2019-08-28T06:56:35.829Z - info: Rebuilding 4 pages
2019-08-28T06:56:39.092Z - info: Pages rebuilt
2019-08-28T06:56:39.101Z - info: Site data built
2019-08-28T06:58:38.618Z - info: [2:58:38 PM] Reload for file change: C:\repos\nus-cs2103-AY1920S1\cs2103-website\admin\project-w04-inception.md
2019-08-28T06:58:39.619Z - info: Rebuilding affected source files
2019-08-28T06:58:39.621Z - info: Rebuilding 4 pages
2019-08-28T06:58:43.031Z - info: Pages rebuilt
2019-08-28T06:58:43.039Z - info: Site data built
2019-08-28T07:08:07.019Z - info: [3:08:07 PM] Reload for file change: C:\repos\nus-cs2103-AY1920S1\cs2103-website\schedule\week4\admin.md
2019-08-28T07:08:07.026Z - info: [3:08:07 PM] Reload for file change: C:\repos\nus-cs2103-AY1920S1\cs2103-website\schedule\week5\admin.md
2019-08-28T07:08:08.021Z - info: Rebuilding affected source files
2019-08-28T07:08:08.024Z - info: Rebuilding 5 pages
2019-08-28T07:08:12.322Z - info: Pages rebuilt
2019-08-28T07:08:12.332Z - info: Site data built
2019-08-28T07:08:33.993Z - info: [3:08:33 PM] Reload for file change: C:\repos\nus-cs2103-AY1920S1\cs2103-website\schedule\week5\admin.md
2019-08-28T07:08:34.995Z - info: Rebuilding affected source files
2019-08-28T07:08:34.996Z - info: Rebuilding 3 pages
2019-08-28T07:08:38.133Z - info: Pages rebuilt
2019-08-28T07:08:38.143Z - info: Site data built
2019-08-28T10:08:03.275Z - info: [6:08:03 PM] Reload for file change: C:\repos\nus-cs2103-AY1920S1\cs2103-website\schedule\index.md
2019-08-28T10:08:04.285Z - info: Rebuilding affected source files
2019-08-28T10:08:04.312Z - info: Rebuilding 2 pages
2019-08-28T10:08:05.294Z - info: Pages rebuilt
2019-08-28T10:08:05.310Z - info: Site data built
2019-08-28T10:11:32.567Z - info: Website generation started at 6:11:30 PM
2019-08-28T10:11:34.950Z - info: Building assets...
