2019-08-11T05:20:30.421Z - info: Website generation started at 13:20:28
2019-08-11T05:20:33.858Z - info: Building assets...
2019-08-11T05:20:36.891Z - info: Assets built
2019-08-11T05:20:36.892Z - info: Generating pages...
2019-08-11T05:23:43.574Z - info: Pages built
2019-08-11T05:24:19.191Z - info: Website generation complete! Total build time: 231.011s
2019-08-11T05:24:19.587Z - info: Serving "C:\repos\nus-cs2103-AY1920S1\cs2103-website\_site" at http://127.0.0.1:8080
2019-08-11T05:24:19.587Z - info: Press CTRL+C to stop ...
2019-08-11T05:24:19.655Z - info: Site data built
2019-08-11T05:32:13.069Z - info: [13:32:13] Reload for file change: C:\repos\nus-cs2103-AY1920S1\cs2103-website\site.json
2019-08-11T05:32:14.089Z - info: Assets built
2019-08-11T06:46:50.375Z - info: [14:46:50] Reload for file change: C:\repos\nus-cs2103-AY1920S1\cs2103-website\book\testing\introduction\what\text.md
2019-08-11T06:46:51.387Z - info: Rebuilding affected source files
2019-08-11T06:46:51.411Z - info: Rebuilding 9 pages
2019-08-11T06:47:11.622Z - info: Pages rebuilt
2019-08-11T06:47:11.650Z - info: Site data built
2019-08-11T06:52:48.368Z - info: [14:52:48] Reload for file change: C:\repos\nus-cs2103-AY1920S1\cs2103-website\book\testing\testingTypes\regressionTesting\what\text.md
2019-08-11T06:52:49.384Z - info: Rebuilding affected source files
2019-08-11T06:52:49.392Z - info: Rebuilding 10 pages
2019-08-11T06:53:08.844Z - info: Pages rebuilt
2019-08-11T06:53:08.919Z - info: Site data built
2019-08-11T07:06:53.202Z - info: [15:06:53] Reload for file change: C:\repos\nus-cs2103-AY1920S1\cs2103-website\admin\participation.md
2019-08-11T07:06:54.211Z - info: Rebuilding affected source files
2019-08-11T07:06:54.219Z - info: Rebuilding 3 pages
2019-08-11T07:06:58.355Z - info: Pages rebuilt
2019-08-11T07:06:58.367Z - info: Site data built
2019-08-11T07:07:44.942Z - info: [15:07:44] Reload for file change: C:\repos\nus-cs2103-AY1920S1\cs2103-website\admin\participation.md
2019-08-11T07:07:45.952Z - info: Rebuilding affected source files
2019-08-11T07:07:45.956Z - info: Rebuilding 3 pages
2019-08-11T07:07:50.120Z - info: Pages rebuilt
2019-08-11T07:07:50.144Z - info: Site data built
2019-08-11T07:10:10.277Z - info: [15:10:10] Reload for file change: C:\repos\nus-cs2103-AY1920S1\cs2103-website\admin\participation.md
2019-08-11T07:10:11.284Z - info: Rebuilding affected source files
2019-08-11T07:10:11.284Z - info: Rebuilding 3 pages
2019-08-11T07:10:14.829Z - info: Pages rebuilt
2019-08-11T07:10:14.849Z - info: Site data built
2019-08-11T09:56:01.191Z - info: [17:56:01] Reload for file change: C:\repos\nus-cs2103-AY1920S1\cs2103-website\book\revisionControl\what\text.md
2019-08-11T09:56:02.214Z - info: Rebuilding affected source files
2019-08-11T09:56:02.259Z - info: Rebuilding 9 pages
2019-08-11T09:56:21.029Z - info: Pages rebuilt
2019-08-11T09:56:21.157Z - info: Site data built
2019-08-11T10:34:00.194Z - info: Website generation started at 18:33:57
2019-08-11T10:34:01.809Z - info: Building assets...
