2019-08-05T14:34:14.513Z - info: Website generation started at 22:34:12
2019-08-05T14:34:17.359Z - info: Building assets...
2019-08-05T14:34:18.875Z - info: Assets built
2019-08-05T14:34:18.875Z - info: Generating pages...
2019-08-05T14:36:32.563Z - info: Pages built
2019-08-05T14:36:56.674Z - info: Website generation complete! Total build time: 164.325s
2019-08-05T14:36:56.971Z - info: Serving "C:\repos\nus-cs2103-AY1920S1\cs2103-website\_site" at http://127.0.0.1:8080
2019-08-05T14:36:56.971Z - info: Press CTRL+C to stop ...
2019-08-05T14:36:57.049Z - info: Site data built
2019-08-05T14:37:45.451Z - info: [22:37:45] Reload for file change: C:\repos\nus-cs2103-AY1920S1\cs2103-website\book\oop\objects\what\text.md
2019-08-05T14:37:46.512Z - info: Rebuilding affected source files
2019-08-05T14:37:46.512Z - info: Rebuilding 11 pages
2019-08-05T14:38:10.117Z - info: Pages rebuilt
2019-08-05T14:38:10.221Z - info: Site data built
2019-08-05T14:38:21.586Z - info: [22:38:21] Reload for file change: C:\repos\nus-cs2103-AY1920S1\cs2103-website\book\oop\objects\what\text.md
2019-08-05T14:38:22.624Z - info: Rebuilding affected source files
2019-08-05T14:38:22.628Z - info: Rebuilding 11 pages
2019-08-05T14:38:44.520Z - info: Pages rebuilt
2019-08-05T14:38:44.652Z - info: Site data built
2019-08-05T14:39:35.039Z - info: [22:39:35] Reload for file change: C:\repos\nus-cs2103-AY1920S1\cs2103-website\book\oop\objects\what\text.md
2019-08-05T14:39:36.055Z - info: Rebuilding affected source files
2019-08-05T14:39:36.071Z - info: Rebuilding 11 pages
2019-08-05T14:39:55.128Z - info: Pages rebuilt
2019-08-05T14:39:55.152Z - info: Site data built
2019-08-05T14:40:35.136Z - info: [22:40:35] Reload for file change: C:\repos\nus-cs2103-AY1920S1\cs2103-website\book\oop\objects\what\text.md
2019-08-05T14:40:36.147Z - info: Rebuilding affected source files
2019-08-05T14:40:36.147Z - info: Rebuilding 11 pages
2019-08-05T14:40:56.178Z - info: Pages rebuilt
2019-08-05T14:40:56.234Z - info: Site data built
2019-08-05T14:43:23.727Z - info: [22:43:23] Reload for file change: C:\repos\nus-cs2103-AY1920S1\cs2103-website\book\oop\objects\encapsulation\text.md
2019-08-05T14:43:24.733Z - info: Rebuilding affected source files
2019-08-05T14:43:24.737Z - info: Rebuilding 11 pages
2019-08-05T14:43:46.740Z - info: Pages rebuilt
2019-08-05T14:43:46.787Z - info: Site data built
2019-08-05T14:43:53.181Z - info: [22:43:53] Reload for file change: C:\repos\nus-cs2103-AY1920S1\cs2103-website\book\oop\classes\what\text.md
2019-08-05T14:43:54.205Z - info: Rebuilding affected source files
2019-08-05T14:43:54.214Z - info: Rebuilding 12 pages
2019-08-05T14:44:15.731Z - info: Pages rebuilt
2019-08-05T14:44:15.766Z - info: Site data built
2019-08-05T14:44:30.067Z - info: [22:44:30] Reload for file change: C:\repos\nus-cs2103-AY1920S1\cs2103-website\book\oop\classes\what\text.md
2019-08-05T14:44:31.074Z - info: Rebuilding affected source files
2019-08-05T14:44:31.074Z - info: Rebuilding 12 pages
2019-08-05T14:44:48.849Z - info: Pages rebuilt
2019-08-05T14:44:48.872Z - info: Site data built
2019-08-05T14:45:28.939Z - info: [22:45:28] Reload for file change: C:\repos\nus-cs2103-AY1920S1\cs2103-website\book\oop\classes\what\text.md
2019-08-05T14:45:29.940Z - info: Rebuilding affected source files
2019-08-05T14:45:29.943Z - info: Rebuilding 12 pages
2019-08-05T14:45:49.058Z - info: Pages rebuilt
2019-08-05T14:45:49.082Z - info: Site data built
2019-08-05T14:49:31.818Z - info: [22:49:31] Reload for file change: C:\repos\nus-cs2103-AY1920S1\cs2103-website\book\cppToJava\classes\definingClasses\text.md
2019-08-05T14:49:32.827Z - info: Rebuilding affected source files
2019-08-05T14:49:32.843Z - info: Rebuilding 10 pages
2019-08-05T14:49:50.213Z - info: Pages rebuilt
2019-08-05T14:49:50.228Z - info: Site data built
2019-08-05T14:51:52.227Z - info: [22:51:52] Reload for file change: C:\repos\nus-cs2103-AY1920S1\cs2103-website\book\cppToJava\classes\definingClasses\text.md
2019-08-05T14:51:53.228Z - info: Rebuilding affected source files
2019-08-05T14:51:53.235Z - info: Rebuilding 10 pages
2019-08-05T14:52:11.291Z - info: Pages rebuilt
2019-08-05T14:52:11.314Z - info: Site data built
2019-08-05T14:53:11.830Z - info: [22:53:11] Reload for file change: C:\repos\nus-cs2103-AY1920S1\cs2103-website\book\cppToJava\classes\definingClasses\text.md
2019-08-05T14:53:12.843Z - info: Rebuilding affected source files
2019-08-05T14:53:12.843Z - info: Rebuilding 10 pages
2019-08-05T14:53:31.257Z - info: Pages rebuilt
2019-08-05T14:53:31.269Z - info: Site data built
2019-08-05T14:53:50.024Z - info: [22:53:50] Reload for file change: C:\repos\nus-cs2103-AY1920S1\cs2103-website\book\cppToJava\classes\definingClasses\text.md
2019-08-05T14:53:51.032Z - info: Rebuilding affected source files
2019-08-05T14:53:51.032Z - info: Rebuilding 10 pages
2019-08-05T14:54:07.915Z - info: Pages rebuilt
2019-08-05T14:54:07.945Z - info: Site data built
2019-08-05T14:54:23.780Z - info: [22:54:23] Reload for file change: C:\repos\nus-cs2103-AY1920S1\cs2103-website\book\cppToJava\classes\definingClasses\text.md
2019-08-05T14:54:24.781Z - info: Rebuilding affected source files
2019-08-05T14:54:24.784Z - info: Rebuilding 10 pages
2019-08-05T14:54:41.366Z - info: Pages rebuilt
2019-08-05T14:54:41.380Z - info: Site data built
2019-08-05T14:55:16.126Z - info: [22:55:16] Reload for file change: C:\repos\nus-cs2103-AY1920S1\cs2103-website\book\cppToJava\classes\definingClasses\text.md
2019-08-05T14:55:17.139Z - info: Rebuilding affected source files
2019-08-05T14:55:17.139Z - info: Rebuilding 10 pages
2019-08-05T14:55:33.995Z - info: Pages rebuilt
2019-08-05T14:55:34.007Z - info: Site data built
2019-08-05T15:14:04.455Z - info: [23:14:04] Reload for file change: C:\repos\nus-cs2103-AY1920S1\cs2103-website\book\oop\classes\enumerations\text.md
2019-08-05T15:14:05.462Z - info: Rebuilding affected source files
2019-08-05T15:14:05.482Z - info: Rebuilding 12 pages
2019-08-05T15:14:29.025Z - info: Pages rebuilt
2019-08-05T15:14:29.051Z - info: Site data built
2019-08-05T15:15:21.047Z - info: [23:15:21] Reload for file change: C:\repos\nus-cs2103-AY1920S1\cs2103-website\book\oop\classes\enumerations\text.md
2019-08-05T15:15:22.048Z - info: Rebuilding affected source files
2019-08-05T15:15:22.052Z - info: Rebuilding 12 pages
2019-08-05T15:15:51.412Z - info: Pages rebuilt
2019-08-05T15:15:51.440Z - info: Site data built
2019-08-05T15:17:04.294Z - info: [23:17:04] Reload for file change: C:\repos\nus-cs2103-AY1920S1\cs2103-website\book\cppToJava\misc\enums\text.md
2019-08-05T15:17:05.294Z - info: Rebuilding affected source files
2019-08-05T15:17:05.301Z - info: Rebuilding 10 pages
2019-08-05T15:17:26.840Z - info: Pages rebuilt
2019-08-05T15:17:26.946Z - info: Site data built
