2019-07-28T13:52:18.843Z - info: Website generation started at 21:52:16
2019-07-28T13:52:21.243Z - info: Building assets...
2019-07-28T13:52:23.011Z - info: Assets built
2019-07-28T13:52:23.012Z - info: Generating pages...
2019-07-28T13:55:51.430Z - info: Pages built
2019-07-28T13:56:30.296Z - info: Website generation complete! Total build time: 253.911s
2019-07-28T13:56:30.644Z - info: Serving "C:\repos\nus-cs2103-AY1920S1\cs2103-website\_site" at http://127.0.0.1:8080
2019-07-28T13:56:30.644Z - info: Press CTRL+C to stop ...
2019-07-28T13:56:30.688Z - info: Site data built
2019-07-28T14:03:05.020Z - info: [22:03:05] Reload for file change: C:\repos\nus-cs2103-AY1920S1\cs2103-website\admin\project-w06-mid-v11.md
2019-07-28T14:03:06.025Z - info: Rebuilding affected source files
2019-07-28T14:03:06.057Z - info: Rebuilding 12 pages
2019-07-28T14:03:19.730Z - info: Pages rebuilt
2019-07-28T14:03:19.930Z - info: Site data built
2019-07-28T14:05:27.408Z - info: [22:05:27] Reload for file change: C:\repos\nus-cs2103-AY1920S1\cs2103-website\admin\project-w06-mid-v11.md
2019-07-28T14:05:28.416Z - info: Rebuilding affected source files
2019-07-28T14:05:28.416Z - info: Rebuilding 11 pages
2019-07-28T14:05:40.973Z - info: Pages rebuilt
2019-07-28T14:05:41.057Z - info: Site data built
2019-07-28T14:16:01.402Z - info: [22:16:01] Reload for file change: C:\repos\nus-cs2103-AY1920S1\cs2103-website\schedule\week7\notices-cs2103.md
2019-07-28T14:16:02.410Z - info: Rebuilding affected source files
2019-07-28T14:16:02.414Z - info: Rebuilding 1 pages
2019-07-28T14:16:03.094Z - info: Pages rebuilt
2019-07-28T14:16:03.102Z - info: Site data built
2019-07-28T14:16:55.748Z - info: [22:16:55] Reload for file change: C:\repos\nus-cs2103-AY1920S1\cs2103-website\schedule\week8\notices-cs2103.md
2019-07-28T14:16:55.756Z - info: [22:16:55] Reload for file change: C:\repos\nus-cs2103-AY1920S1\cs2103-website\schedule\week7\notices-cs2103.md
2019-07-28T14:16:56.754Z - info: Rebuilding affected source files
2019-07-28T14:16:56.758Z - info: Rebuilding 2 pages
2019-07-28T14:16:57.759Z - info: Pages rebuilt
2019-07-28T14:16:57.771Z - info: Site data built
2019-07-28T14:19:02.288Z - info: [22:19:02] Reload for file change: C:\repos\nus-cs2103-AY1920S1\cs2103-website\admin\project-w07-v11.md
2019-07-28T14:19:03.295Z - info: Rebuilding affected source files
2019-07-28T14:19:03.295Z - info: Rebuilding 3 pages
2019-07-28T14:19:09.531Z - info: Pages rebuilt
2019-07-28T14:19:09.543Z - info: Site data built
2019-07-28T14:25:18.388Z - info: [22:25:18] Reload for file change: C:\repos\nus-cs2103-AY1920S1\cs2103-website\admin\project-w07-v11.md
2019-07-28T14:25:19.392Z - info: Rebuilding affected source files
2019-07-28T14:25:19.400Z - info: Rebuilding 3 pages
2019-07-28T14:25:26.014Z - info: Pages rebuilt
2019-07-28T14:25:26.030Z - info: Site data built
2019-07-28T14:31:36.034Z - info: [22:31:36] Reload for file change: C:\repos\nus-cs2103-AY1920S1\cs2103-website\admin\project-w07-v11.md
2019-07-28T14:31:37.042Z - info: Rebuilding affected source files
2019-07-28T14:31:37.042Z - info: Rebuilding 3 pages
2019-07-28T14:31:44.420Z - info: Pages rebuilt
2019-07-28T14:31:44.432Z - info: Site data built
2019-07-28T14:34:01.408Z - info: [22:34:01] Reload for file change: C:\repos\nus-cs2103-AY1920S1\cs2103-website\admin\project-w07-v11.md
2019-07-28T14:34:02.417Z - info: Rebuilding affected source files
2019-07-28T14:34:02.425Z - info: Rebuilding 3 pages
2019-07-28T14:34:08.669Z - info: Pages rebuilt
2019-07-28T14:34:08.685Z - info: Site data built
2019-07-28T14:34:39.556Z - info: [22:34:39] Reload for file change: C:\repos\nus-cs2103-AY1920S1\cs2103-website\admin\project-w07-v11.md
2019-07-28T14:34:40.561Z - info: Rebuilding affected source files
2019-07-28T14:34:40.561Z - info: Rebuilding 3 pages
2019-07-28T14:34:47.315Z - info: Pages rebuilt
2019-07-28T14:34:47.335Z - info: Site data built
2019-07-28T14:34:59.657Z - info: [22:34:59] Reload for file change: C:\repos\nus-cs2103-AY1920S1\cs2103-website\admin\project-w07-v11.md
2019-07-28T14:35:00.657Z - info: Rebuilding affected source files
2019-07-28T14:35:00.657Z - info: Rebuilding 3 pages
2019-07-28T14:35:05.784Z - info: Pages rebuilt
2019-07-28T14:35:05.800Z - info: Site data built
2019-07-28T14:37:51.826Z - info: [22:37:51] Reload for file change: C:\repos\nus-cs2103-AY1920S1\cs2103-website\admin\project-w07-v11.md
2019-07-28T14:37:52.830Z - info: Rebuilding affected source files
2019-07-28T14:37:52.830Z - info: Rebuilding 3 pages
2019-07-28T14:38:01.643Z - info: Pages rebuilt
2019-07-28T14:38:01.659Z - info: Site data built
2019-07-28T14:38:58.101Z - info: [22:38:58] Reload for file change: C:\repos\nus-cs2103-AY1920S1\cs2103-website\admin\project-w07-v11.md
2019-07-28T14:38:59.106Z - info: Rebuilding affected source files
2019-07-28T14:38:59.106Z - info: Rebuilding 3 pages
2019-07-28T14:39:05.568Z - info: Pages rebuilt
2019-07-28T14:39:05.576Z - info: Site data built
2019-07-28T14:40:28.610Z - info: [22:40:28] Reload for file change: C:\repos\nus-cs2103-AY1920S1\cs2103-website\admin\project-w07-v11.md
2019-07-28T14:40:29.619Z - info: Rebuilding affected source files
2019-07-28T14:40:29.619Z - info: Rebuilding 3 pages
2019-07-28T14:40:35.984Z - info: Pages rebuilt
2019-07-28T14:40:35.996Z - info: Site data built
2019-07-28T14:41:33.343Z - info: [22:41:33] Reload for file change: C:\repos\nus-cs2103-AY1920S1\cs2103-website\admin\project-w07-v11.md
2019-07-28T14:41:34.355Z - info: Rebuilding affected source files
2019-07-28T14:41:34.359Z - info: Rebuilding 3 pages
2019-07-28T14:41:41.410Z - info: Pages rebuilt
2019-07-28T14:41:41.430Z - info: Site data built
2019-07-28T14:44:14.066Z - info: [22:44:14] Reload for file change: C:\repos\nus-cs2103-AY1920S1\cs2103-website\admin\project-w07-v11.md
2019-07-28T14:44:15.074Z - info: Rebuilding affected source files
2019-07-28T14:44:15.074Z - info: Rebuilding 3 pages
2019-07-28T14:44:24.841Z - info: Pages rebuilt
2019-07-28T14:44:24.853Z - info: Site data built
2019-07-28T14:50:08.921Z - info: [22:50:08] Reload for file change: C:\repos\nus-cs2103-AY1920S1\cs2103-website\admin\project-deliverables.md
2019-07-28T14:50:09.929Z - info: Rebuilding affected source files
2019-07-28T14:50:09.941Z - info: Rebuilding 30 pages
2019-07-28T14:51:09.924Z - info: Pages rebuilt
2019-07-28T14:51:09.952Z - info: Site data built
2019-07-28T14:52:28.507Z - info: [22:52:28] Reload for file change: C:\repos\nus-cs2103-AY1920S1\cs2103-website\admin\project-w07-v11.md
2019-07-28T14:52:29.511Z - info: Rebuilding affected source files
2019-07-28T14:52:29.515Z - info: Rebuilding 3 pages
2019-07-28T14:52:38.845Z - info: Pages rebuilt
2019-07-28T14:52:38.865Z - info: Site data built
2019-07-28T14:56:10.480Z - info: [22:56:10] Reload for file change: C:\repos\nus-cs2103-AY1920S1\cs2103-website\admin\project-w07-v11.md
2019-07-28T14:56:11.484Z - info: Rebuilding affected source files
2019-07-28T14:56:11.484Z - info: Rebuilding 3 pages
2019-07-28T14:56:19.615Z - info: Pages rebuilt
2019-07-28T14:56:19.623Z - info: Site data built
2019-07-28T14:56:42.227Z - info: [22:56:42] Reload for file change: C:\repos\nus-cs2103-AY1920S1\cs2103-website\admin\project-w07-v11.md
2019-07-28T14:56:43.232Z - info: Rebuilding affected source files
2019-07-28T14:56:43.232Z - info: Rebuilding 3 pages
2019-07-28T14:56:52.453Z - info: Pages rebuilt
2019-07-28T14:56:52.618Z - info: Site data built
2019-07-28T14:57:29.168Z - info: [22:57:29] Reload for file change: C:\repos\nus-cs2103-AY1920S1\cs2103-website\admin\project-w07-v11.md
2019-07-28T14:57:30.172Z - info: Rebuilding affected source files
2019-07-28T14:57:30.172Z - info: Rebuilding 3 pages
2019-07-28T14:57:37.663Z - info: Pages rebuilt
2019-07-28T14:57:37.760Z - info: Site data built
2019-07-28T14:58:03.615Z - info: [22:58:03] Reload for file change: C:\repos\nus-cs2103-AY1920S1\cs2103-website\admin\project-w07-v11.md
2019-07-28T14:58:04.619Z - info: Rebuilding affected source files
2019-07-28T14:58:04.623Z - info: Rebuilding 3 pages
2019-07-28T14:58:12.427Z - info: Pages rebuilt
2019-07-28T14:58:12.443Z - info: Site data built
2019-07-28T15:01:09.067Z - info: [23:01:09] Reload for file change: C:\repos\nus-cs2103-AY1920S1\cs2103-website\admin\project-w07-v11.md
2019-07-28T15:01:10.073Z - info: Rebuilding affected source files
2019-07-28T15:01:10.075Z - info: Rebuilding 3 pages
2019-07-28T15:01:18.644Z - info: Pages rebuilt
2019-07-28T15:01:18.656Z - info: Site data built
2019-07-28T15:03:18.655Z - info: [23:03:18] Reload for file change: C:\repos\nus-cs2103-AY1920S1\cs2103-website\admin\project-w07-v11.md
2019-07-28T15:03:19.661Z - info: Rebuilding affected source files
2019-07-28T15:03:19.665Z - info: Rebuilding 3 pages
2019-07-28T15:03:28.727Z - info: Pages rebuilt
2019-07-28T15:03:28.747Z - info: Site data built
2019-07-28T15:06:47.857Z - info: [23:06:47] Reload for file change: C:\repos\nus-cs2103-AY1920S1\cs2103-website\admin\project-w07-v11.md
2019-07-28T15:06:48.866Z - info: Rebuilding affected source files
2019-07-28T15:06:48.870Z - info: Rebuilding 3 pages
2019-07-28T15:06:58.739Z - info: Pages rebuilt
2019-07-28T15:06:58.743Z - info: Site data built
2019-07-28T15:14:59.889Z - info: [23:14:59] Reload for file change: C:\repos\nus-cs2103-AY1920S1\cs2103-website\admin\project-w07-v11.md
2019-07-28T15:14:59.909Z - info: [23:14:59] Reload for file change: C:\repos\nus-cs2103-AY1920S1\cs2103-website\admin\project-w06-mid-v11.md
2019-07-28T15:15:00.898Z - info: Rebuilding affected source files
2019-07-28T15:15:00.906Z - info: Rebuilding 12 pages
2019-07-28T15:15:23.365Z - info: Pages rebuilt
2019-07-28T15:15:23.389Z - info: Site data built
2019-07-28T15:16:55.610Z - info: [23:16:55] Reload for file change: C:\repos\nus-cs2103-AY1920S1\cs2103-website\admin\project-w07-v11.md
2019-07-28T15:16:56.614Z - info: Rebuilding affected source files
2019-07-28T15:16:56.614Z - info: Rebuilding 3 pages
2019-07-28T15:17:03.591Z - info: Pages rebuilt
2019-07-28T15:17:03.607Z - info: Site data built
2019-07-28T15:17:45.856Z - info: [23:17:45] Reload for file change: C:\repos\nus-cs2103-AY1920S1\cs2103-website\admin\project-w07-v11.md
2019-07-28T15:17:46.868Z - info: Rebuilding affected source files
2019-07-28T15:17:46.872Z - info: Rebuilding 3 pages
2019-07-28T15:17:53.328Z - info: Pages rebuilt
2019-07-28T15:17:53.336Z - info: Site data built
2019-07-28T15:19:13.560Z - info: [23:19:13] Reload for file change: C:\repos\nus-cs2103-AY1920S1\cs2103-website\admin\project-w07-v11.md
2019-07-28T15:19:14.571Z - info: Rebuilding affected source files
2019-07-28T15:19:14.571Z - info: Rebuilding 3 pages
2019-07-28T15:19:21.315Z - info: Pages rebuilt
2019-07-28T15:19:21.323Z - info: Site data built
2019-07-28T15:22:26.438Z - info: [23:22:26] Reload for file change: C:\repos\nus-cs2103-AY1920S1\cs2103-website\admin\project-w07-v11.md
2019-07-28T15:22:27.446Z - info: Rebuilding affected source files
2019-07-28T15:22:27.450Z - info: Rebuilding 3 pages
2019-07-28T15:22:33.932Z - info: Pages rebuilt
2019-07-28T15:22:33.948Z - info: Site data built
2019-07-28T15:28:43.342Z - info: [23:28:43] Reload for file change: C:\repos\nus-cs2103-AY1920S1\cs2103-website\admin\project-w09-v12.md
2019-07-28T15:28:43.362Z - info: [23:28:43] Reload for file change: C:\repos\nus-cs2103-AY1920S1\cs2103-website\admin\project-w07-v11.md
2019-07-28T15:28:44.345Z - info: Rebuilding affected source files
2019-07-28T15:28:44.347Z - info: Rebuilding 6 pages
2019-07-28T15:28:53.023Z - info: Pages rebuilt
2019-07-28T15:28:53.059Z - info: Site data built
2019-07-28T15:30:25.552Z - info: [23:30:25] Reload for file change: C:\repos\nus-cs2103-AY1920S1\cs2103-website\admin\project-w07-v11.md
2019-07-28T15:30:26.564Z - info: Rebuilding affected source files
2019-07-28T15:30:26.568Z - info: Rebuilding 3 pages
2019-07-28T15:30:32.818Z - info: Pages rebuilt
2019-07-28T15:30:32.830Z - info: Site data built
2019-07-28T15:30:52.517Z - info: [23:30:52] Reload for file change: C:\repos\nus-cs2103-AY1920S1\cs2103-website\admin\project-w07-v11.md
2019-07-28T15:30:53.521Z - info: Rebuilding affected source files
2019-07-28T15:30:53.525Z - info: Rebuilding 3 pages
2019-07-28T15:30:59.333Z - info: Pages rebuilt
2019-07-28T15:30:59.349Z - info: Site data built
2019-07-28T15:31:12.940Z - info: [23:31:12] Reload for file change: C:\repos\nus-cs2103-AY1920S1\cs2103-website\admin\project-w07-v11.md
2019-07-28T15:31:13.944Z - info: Rebuilding affected source files
2019-07-28T15:31:13.944Z - info: Rebuilding 3 pages
2019-07-28T15:31:20.134Z - info: Pages rebuilt
2019-07-28T15:31:20.146Z - info: Site data built
2019-07-28T15:32:07.866Z - info: [23:32:07] Reload for file change: C:\repos\nus-cs2103-AY1920S1\cs2103-website\schedule\week7\project.md
2019-07-28T15:32:08.869Z - info: Rebuilding affected source files
2019-07-28T15:32:08.873Z - info: Rebuilding 3 pages
2019-07-28T15:32:18.346Z - info: Pages rebuilt
2019-07-28T15:32:18.370Z - info: Site data built
2019-07-28T15:32:37.004Z - info: [23:32:37] Reload for file change: C:\repos\nus-cs2103-AY1920S1\cs2103-website\schedule\week7\project.md
2019-07-28T15:32:38.010Z - info: Rebuilding affected source files
2019-07-28T15:32:38.010Z - info: Rebuilding 3 pages
2019-07-28T15:32:44.888Z - info: Pages rebuilt
2019-07-28T15:32:44.900Z - info: Site data built
2019-07-28T15:34:55.763Z - info: [23:34:55] Reload for file change: C:\repos\nus-cs2103-AY1920S1\cs2103-website\common\admin.njk
2019-07-28T15:34:56.797Z - info: Assets built
2019-07-28T15:35:06.596Z - info: Website generation started at 23:35:04
2019-07-28T15:35:08.108Z - info: Building assets...
2019-07-28T15:35:10.088Z - info: Assets built
2019-07-28T15:35:10.088Z - info: Generating pages...
2019-07-28T15:38:43.570Z - info: Pages built
2019-07-28T15:39:24.974Z - info: Website generation complete! Total build time: 260.268s
2019-07-28T15:39:25.434Z - info: Serving "C:\repos\nus-cs2103-AY1920S1\cs2103-website\_site" at http://127.0.0.1:8080
2019-07-28T15:39:25.434Z - info: Press CTRL+C to stop ...
2019-07-28T15:39:25.482Z - info: Site data built
2019-07-28T15:43:36.758Z - info: [23:43:36] Reload for file change: C:\repos\nus-cs2103-AY1920S1\cs2103-website\admin\project-w07-v11.md
2019-07-28T15:43:36.763Z - info: [23:43:36] Reload for file change: C:\repos\nus-cs2103-AY1920S1\cs2103-website\admin\project-w06-mid-v11.md
2019-07-28T15:43:37.763Z - info: Rebuilding affected source files
2019-07-28T15:43:37.771Z - info: Rebuilding 13 pages
2019-07-28T15:43:49.204Z - info: Pages rebuilt
2019-07-28T15:43:49.219Z - info: Site data built
2019-07-28T15:45:21.522Z - info: [23:45:21] Reload for file change: C:\repos\nus-cs2103-AY1920S1\cs2103-website\admin\project-w06-mid-v11.md
2019-07-28T15:45:22.525Z - info: Rebuilding affected source files
2019-07-28T15:45:22.535Z - info: Rebuilding 11 pages
2019-07-28T15:45:33.283Z - info: Pages rebuilt
2019-07-28T15:45:33.385Z - info: Site data built
2019-07-28T15:46:22.074Z - info: [23:46:22] Reload for file change: C:\repos\nus-cs2103-AY1920S1\cs2103-website\admin\project-w06-mid-v11.md
2019-07-28T15:46:23.075Z - info: Rebuilding affected source files
2019-07-28T15:46:23.089Z - info: Rebuilding 11 pages
2019-07-28T15:46:32.835Z - info: Pages rebuilt
2019-07-28T15:46:32.861Z - info: Site data built
2019-07-28T15:49:44.984Z - info: [23:49:44] Reload for file change: C:\repos\nus-cs2103-AY1920S1\cs2103-website\admin\project-w06-mid-v11.md
2019-07-28T15:49:45.986Z - info: Rebuilding affected source files
2019-07-28T15:49:45.997Z - info: Rebuilding 11 pages
2019-07-28T15:49:56.124Z - info: Pages rebuilt
2019-07-28T15:49:56.137Z - info: Site data built
2019-07-28T15:50:03.158Z - info: [23:50:03] Reload for file change: C:\repos\nus-cs2103-AY1920S1\cs2103-website\admin\project-w06-mid-v11.md
2019-07-28T15:50:04.161Z - info: Rebuilding affected source files
2019-07-28T15:50:04.163Z - info: Rebuilding 11 pages
2019-07-28T15:50:13.449Z - info: Pages rebuilt
2019-07-28T15:50:13.472Z - info: Site data built
2019-07-28T15:53:19.372Z - info: [23:53:19] Reload for file change: C:\repos\nus-cs2103-AY1920S1\cs2103-website\admin\project-w06-mid-v11.md
2019-07-28T15:53:20.373Z - info: Rebuilding affected source files
2019-07-28T15:53:20.387Z - info: Rebuilding 11 pages
2019-07-28T15:53:31.271Z - info: Pages rebuilt
2019-07-28T15:53:31.301Z - info: Site data built
2019-07-28T15:53:45.588Z - info: [23:53:45] Reload for file change: C:\repos\nus-cs2103-AY1920S1\cs2103-website\admin\project-w06-mid-v11.md
2019-07-28T15:53:46.593Z - info: Rebuilding affected source files
2019-07-28T15:53:46.598Z - info: Rebuilding 11 pages
2019-07-28T15:53:56.401Z - info: Pages rebuilt
2019-07-28T15:53:56.413Z - info: Site data built
2019-07-28T15:56:06.489Z - info: [23:56:06] Reload for file change: C:\repos\nus-cs2103-AY1920S1\cs2103-website\admin\project-w06-mid-v11.md
2019-07-28T15:56:07.493Z - info: Rebuilding affected source files
2019-07-28T15:56:07.496Z - info: Rebuilding 11 pages
2019-07-28T15:56:17.864Z - info: Pages rebuilt
2019-07-28T15:56:17.875Z - info: Site data built
2019-07-28T15:58:02.311Z - info: [23:58:02] Reload for file change: C:\repos\nus-cs2103-AY1920S1\cs2103-website\admin\project-w06-mid-v11.md
2019-07-28T15:58:03.315Z - info: Rebuilding affected source files
2019-07-28T15:58:03.324Z - info: Rebuilding 11 pages
2019-07-28T15:58:15.177Z - info: Pages rebuilt
2019-07-28T15:58:15.190Z - info: Site data built
2019-07-28T15:58:52.109Z - info: [23:58:52] Reload for file change: C:\repos\nus-cs2103-AY1920S1\cs2103-website\admin\project-w06-mid-v11.md
2019-07-28T15:58:53.114Z - info: Rebuilding affected source files
2019-07-28T15:58:53.122Z - info: Rebuilding 11 pages
2019-07-28T15:59:04.308Z - info: Pages rebuilt
2019-07-28T15:59:04.323Z - info: Site data built
