2019-10-19T09:32:45.252Z - info: Website generation started at 17:32:32
2019-10-19T09:32:50.851Z - info: Building assets...
2019-10-19T09:32:54.645Z - info: Assets built
2019-10-19T09:32:54.645Z - info: Generating pages...
2019-10-19T09:35:40.101Z - info: Pages built
2019-10-19T09:36:14.223Z - info: Website generation complete! Total build time: 221.413s
2019-10-19T09:36:14.531Z - info: Serving "C:\repos\nus-cs2103-AY1920S1\cs2103-website\_site" at http://127.0.0.1:8080
2019-10-19T09:36:14.531Z - info: Press CTRL+C to stop ...
2019-10-19T09:36:14.636Z - info: Site data built
2019-10-19T09:53:06.005Z - info: [17:53:06] Reload for file change: C:\repos\nus-cs2103-AY1920S1\cs2103-website\admin\project-w10-mid-v13.md
2019-10-19T09:53:07.018Z - info: Rebuilding affected source files
2019-10-19T09:53:07.034Z - info: Rebuilding 6 pages
2019-10-19T09:53:14.272Z - info: Pages rebuilt
2019-10-19T09:53:14.300Z - info: Site data built
2019-10-19T09:53:15.061Z - info: [17:53:15] Reload for file change: C:\repos\nus-cs2103-AY1920S1\cs2103-website\admin\project-w10-mid-v13.md
2019-10-19T09:53:16.067Z - info: Rebuilding affected source files
2019-10-19T09:53:16.071Z - info: Rebuilding 6 pages
2019-10-19T09:53:22.868Z - info: Pages rebuilt
2019-10-19T09:53:22.956Z - info: Site data built
2019-10-19T09:54:31.100Z - info: [17:54:31] Reload for file change: C:\repos\nus-cs2103-AY1920S1\cs2103-website\_markbind\variables.md
2019-10-19T09:54:31.124Z - info: [17:54:31] Reload for file change: C:\repos\nus-cs2103-AY1920S1\cs2103-website\admin\appendixE-gitHub.md
2019-10-19T09:54:31.148Z - info: [17:54:31] Reload for file change: C:\repos\nus-cs2103-AY1920S1\cs2103-website\admin\project-deliverables.md
2019-10-19T09:54:32.108Z - info: Rebuilding affected source files
2019-10-19T09:54:32.244Z - warn: Rebuilding all pages as variables file was changed, or the --force-reload flag was set
2019-10-19T09:54:32.448Z - info: Rebuilding 776 pages
2019-10-19T10:05:34.534Z - info: Website generation started at 18:05:22
2019-10-19T10:05:38.489Z - info: Building assets...
2019-10-19T10:05:41.053Z - info: Assets built
2019-10-19T10:05:41.053Z - info: Generating pages...
2019-10-19T10:08:30.473Z - info: Pages built
2019-10-19T10:08:57.733Z - info: Website generation complete! Total build time: 215.033s
2019-10-19T10:08:58.061Z - info: Serving "C:\repos\nus-cs2103-AY1920S1\cs2103-website\_site" at http://127.0.0.1:8080
2019-10-19T10:08:58.061Z - info: Press CTRL+C to stop ...
2019-10-19T10:08:58.145Z - info: Site data built
2019-10-19T10:11:41.710Z - info: [18:11:41] Reload for file change: C:\repos\nus-cs2103-AY1920S1\cs2103-website\_markbind\variables.md
2019-10-19T10:11:42.719Z - info: Rebuilding affected source files
2019-10-19T10:11:42.909Z - warn: Rebuilding all pages as variables file was changed, or the --force-reload flag was set
2019-10-19T10:11:43.296Z - info: Rebuilding 776 pages
2019-10-19T10:14:19.196Z - info: [18:14:19] Reload for file change: C:\repos\nus-cs2103-AY1920S1\cs2103-website\admin\project-w10-mid-v13.md
2019-10-19T10:14:55.496Z - info: Pages rebuilt
2019-10-19T10:14:55.560Z - info: Site data built
2019-10-19T10:14:56.588Z - info: Rebuilding affected source files
2019-10-19T10:14:56.588Z - info: Rebuilding 6 pages
2019-10-19T10:15:02.921Z - info: Pages rebuilt
2019-10-19T10:15:03.030Z - info: Site data built
2019-10-19T10:17:13.025Z - info: [18:17:13] Reload for file change: C:\repos\nus-cs2103-AY1920S1\cs2103-website\admin\reposenseCompatibility.md
2019-10-19T10:17:14.037Z - info: Rebuilding affected source files
2019-10-19T10:17:14.037Z - info: Rebuilding 9 pages
2019-10-19T10:17:20.461Z - info: Pages rebuilt
2019-10-19T10:17:20.477Z - info: Site data built
2019-10-19T10:18:32.725Z - info: [18:18:32] Reload for file change: C:\repos\nus-cs2103-AY1920S1\cs2103-website\admin\reposenseCompatibility.md
2019-10-19T10:18:33.746Z - info: Rebuilding affected source files
2019-10-19T10:18:33.754Z - info: Rebuilding 8 pages
2019-10-19T10:18:37.784Z - info: Pages rebuilt
2019-10-19T10:18:37.876Z - info: Site data built
2019-10-19T10:23:17.778Z - info: Website generation started at 18:23:11
2019-10-19T10:23:21.259Z - info: Building assets...
2019-10-19T10:23:25.031Z - info: Assets built
2019-10-19T10:23:25.031Z - info: Generating pages...
2019-10-19T10:26:02.362Z - info: Pages built
2019-10-19T10:26:28.964Z - info: Website generation complete! Total build time: 197.443s
2019-10-19T10:26:28.973Z - info: Build success!
2019-10-19T10:26:28.990Z - info: Site data built
2019-10-19T10:27:27.636Z - info: Deployed!
