2019-08-01T14:02:32.638Z - info: Website generation started at 22:02:25
2019-08-01T14:02:36.741Z - info: Building assets...
2019-08-01T14:02:39.920Z - info: Assets built
2019-08-01T14:02:39.920Z - info: Generating pages...
2019-08-01T14:05:48.654Z - info: Pages built
2019-08-01T14:06:25.417Z - info: Website generation complete! Total build time: 240.072s
2019-08-01T14:06:26.044Z - info: Serving "C:\repos\nus-cs2103-AY1920S1\cs2103-website\_site" at http://127.0.0.1:8080
2019-08-01T14:06:26.044Z - info: Press CTRL+C to stop ...
2019-08-01T14:06:26.100Z - info: Site data built
2019-08-01T14:09:37.847Z - info: [22:09:37] Reload for file change: C:\repos\nus-cs2103-AY1920S1\cs2103-website\admin\appendixE-gitHub.md
2019-08-01T14:09:38.854Z - info: Rebuilding affected source files
2019-08-01T14:09:38.886Z - info: Rebuilding 23 pages
2019-08-01T14:09:55.436Z - info: Pages rebuilt
2019-08-01T14:09:55.554Z - info: Site data built
2019-08-01T14:10:48.275Z - info: [22:10:48] Reload for file deletion: C:\repos\nus-cs2103-AY1920S1\cs2103-website\admin\images\PrDetails.png
2019-08-01T14:10:49.284Z - info: Assets removed
2019-08-01T14:12:07.339Z - info: [22:12:07] Reload for file deletion: C:\repos\nus-cs2103-AY1920S1\cs2103-website\admin\images\FilesChangedTab.png
2019-08-01T14:12:08.351Z - info: Assets removed
2019-08-01T14:12:33.353Z - info: [22:12:33] Reload for file add: C:\repos\nus-cs2103-AY1920S1\cs2103-website\diagrams\admin\~$prDetails.pptx
2019-08-01T14:12:33.357Z - info: [22:12:33] Reload for file change: C:\repos\nus-cs2103-AY1920S1\cs2103-website\diagrams\admin\~$prDetails.pptx
2019-08-01T14:12:34.373Z - info: Assets built
2019-08-01T14:12:36.583Z - info: [22:12:36] Reload for file deletion: C:\repos\nus-cs2103-AY1920S1\cs2103-website\diagrams\admin\~$prDetails.pptx
2019-08-01T14:12:37.587Z - info: Assets removed
2019-08-01T14:12:38.409Z - info: [22:12:38] Reload for file deletion: C:\repos\nus-cs2103-AY1920S1\cs2103-website\diagrams\admin\prDetails.pptx
2019-08-01T14:12:39.410Z - info: Assets removed
2019-08-01T14:13:12.298Z - info: [22:13:12] Reload for file add: C:\repos\nus-cs2103-AY1920S1\cs2103-website\diagrams\admin\~$typical cs2103 week.pptx
2019-08-01T14:13:13.305Z - info: Assets built
2019-08-01T14:13:20.461Z - info: [22:13:20] Reload for file deletion: C:\repos\nus-cs2103-AY1920S1\cs2103-website\diagrams\admin\~$typical cs2103 week.pptx
2019-08-01T14:13:21.465Z - info: Assets removed
2019-08-01T14:13:23.565Z - info: [22:13:23] Reload for file deletion: C:\repos\nus-cs2103-AY1920S1\cs2103-website\diagrams\admin\typical cs2103 week.pptx
2019-08-01T14:13:24.571Z - info: Assets removed
2019-08-01T14:13:59.160Z - info: [22:13:59] Reload for file add: C:\repos\nus-cs2103-AY1920S1\cs2103-website\diagrams\admin\~$timeline.pptx
2019-08-01T14:14:00.180Z - info: Assets built
2019-08-01T14:14:16.979Z - info: [22:14:16] Reload for file deletion: C:\repos\nus-cs2103-AY1920S1\cs2103-website\diagrams\admin\~$timeline.pptx
2019-08-01T14:14:17.983Z - info: Assets removed
2019-08-01T14:14:21.218Z - info: [22:14:21] Reload for file deletion: C:\repos\nus-cs2103-AY1920S1\cs2103-website\diagrams\admin\timeline.pptx
2019-08-01T14:14:22.222Z - info: Assets removed
2019-08-01T14:17:34.828Z - info: [22:17:34] Reload for file change: C:\repos\nus-cs2103-AY1920S1\cs2103-website\admin\appendixE-gitHub.md
2019-08-01T14:17:35.844Z - info: Rebuilding affected source files
2019-08-01T14:17:35.864Z - info: Rebuilding 23 pages
2019-08-01T14:17:54.565Z - info: Pages rebuilt
2019-08-01T14:17:54.687Z - info: Site data built
2019-08-01T14:18:43.987Z - info: [22:18:43] Reload for file change: C:\repos\nus-cs2103-AY1920S1\cs2103-website\admin\appendixE-gitHub.md
2019-08-01T14:18:44.993Z - info: Rebuilding affected source files
2019-08-01T14:18:44.997Z - info: Rebuilding 23 pages
2019-08-01T14:19:00.268Z - info: Pages rebuilt
2019-08-01T14:19:00.384Z - info: Site data built
2019-08-01T14:21:26.965Z - info: [22:21:26] Reload for file change: C:\repos\nus-cs2103-AY1920S1\cs2103-website\admin\ip-w02.md
2019-08-01T14:21:27.973Z - info: Rebuilding affected source files
2019-08-01T14:21:27.973Z - info: Rebuilding 4 pages
2019-08-01T14:21:35.347Z - info: Pages rebuilt
2019-08-01T14:21:35.359Z - info: Site data built
2019-08-01T14:23:19.541Z - info: [22:23:19] Reload for file change: C:\repos\nus-cs2103-AY1920S1\cs2103-website\admin\appendixE-gitHub.md
2019-08-01T14:23:20.547Z - info: Rebuilding affected source files
2019-08-01T14:23:20.555Z - info: Rebuilding 23 pages
2019-08-01T14:23:45.040Z - info: Pages rebuilt
2019-08-01T14:23:45.060Z - info: Site data built
2019-08-01T14:35:17.179Z - info: [22:35:17] Reload for file change: C:\repos\nus-cs2103-AY1920S1\cs2103-website\admin\project-deliverables.md
2019-08-01T14:35:17.183Z - info: [22:35:17] Reload for file change: C:\repos\nus-cs2103-AY1920S1\cs2103-website\admin\project-w10-mid-v13.md
2019-08-01T14:35:17.191Z - info: [22:35:17] Reload for file change: C:\repos\nus-cs2103-AY1920S1\cs2103-website\admin\appendixE-gitHub.md
2019-08-01T14:35:17.195Z - info: [22:35:17] Reload for file change: C:\repos\nus-cs2103-AY1920S1\cs2103-website\admin\project-w07-v11.md
2019-08-01T14:35:17.199Z - info: [22:35:17] Reload for file change: C:\repos\nus-cs2103-AY1920S1\cs2103-website\admin\project-w13-v14.md
2019-08-01T14:35:17.207Z - info: [22:35:17] Reload for file change: C:\repos\nus-cs2103-AY1920S1\cs2103-website\admin\project-grading.md
2019-08-01T14:35:17.215Z - info: [22:35:17] Reload for file change: C:\repos\nus-cs2103-AY1920S1\cs2103-website\schedule\week10\tutorial-cs2103.md
2019-08-01T14:35:17.223Z - info: [22:35:17] Reload for file change: C:\repos\nus-cs2103-AY1920S1\cs2103-website\admin\project-product.md
2019-08-01T14:35:17.223Z - info: [22:35:17] Reload for file change: C:\repos\nus-cs2103-AY1920S1\cs2103-website\admin\projectGrading.md
2019-08-01T14:35:18.193Z - info: Rebuilding affected source files
2019-08-01T14:35:18.285Z - info: Rebuilding 43 pages
2019-08-01T14:36:00.726Z - info: Pages rebuilt
2019-08-01T14:36:00.754Z - info: Site data built
2019-08-01T14:37:49.293Z - info: [22:37:49] Reload for file change: C:\repos\nus-cs2103-AY1920S1\cs2103-website\schedule\week8\tutorial-cs2103.md
2019-08-01T14:37:49.322Z - info: [22:37:49] Reload for file change: C:\repos\nus-cs2103-AY1920S1\cs2103-website\schedule\week10\tutorial-cs2103.md
2019-08-01T14:37:49.323Z - info: [22:37:49] Reload for file change: C:\repos\nus-cs2103-AY1920S1\cs2103-website\schedule\week9\tutorial-cs2103.md
2019-08-01T14:37:49.339Z - info: [22:37:49] Reload for file change: C:\repos\nus-cs2103-AY1920S1\cs2103-website\admin\projectGrading.md
2019-08-01T14:37:49.346Z - info: [22:37:49] Reload for file change: C:\repos\nus-cs2103-AY1920S1\cs2103-website\schedule\week11\tutorial-cs2103.md
2019-08-01T14:37:50.293Z - info: Rebuilding affected source files
2019-08-01T14:37:50.298Z - info: Rebuilding 5 pages
2019-08-01T14:37:53.575Z - info: Pages rebuilt
2019-08-01T14:37:53.587Z - info: Site data built
2019-08-01T14:55:54.226Z - info: [22:55:54] Reload for file change: C:\repos\nus-cs2103-AY1920S1\cs2103-website\admin\appendixE-gitHub.md
2019-08-01T14:55:54.254Z - info: [22:55:54] Reload for file change: C:\repos\nus-cs2103-AY1920S1\cs2103-website\admin\appendixE-gitHub.md
2019-08-01T14:55:55.256Z - info: Rebuilding affected source files
2019-08-01T14:55:55.280Z - info: Rebuilding 24 pages
2019-08-01T14:56:17.659Z - info: Pages rebuilt
2019-08-01T14:56:17.755Z - info: Site data built
2019-08-01T14:57:51.924Z - info: [22:57:51] Reload for file change: C:\repos\nus-cs2103-AY1920S1\cs2103-website\admin\appendixE-gitHub.md
2019-08-01T14:57:52.934Z - info: Rebuilding affected source files
2019-08-01T14:57:52.950Z - info: Rebuilding 23 pages
2019-08-01T14:58:14.956Z - info: Pages rebuilt
2019-08-01T14:58:15.052Z - info: Site data built
2019-08-01T14:58:24.883Z - info: [22:58:24] Reload for file change: C:\repos\nus-cs2103-AY1920S1\cs2103-website\admin\appendixE-gitHub.md
2019-08-01T14:58:25.889Z - info: Rebuilding affected source files
2019-08-01T14:58:25.933Z - info: Rebuilding 23 pages
2019-08-01T14:58:43.818Z - info: Pages rebuilt
2019-08-01T14:58:43.942Z - info: Site data built
2019-08-01T14:59:56.898Z - info: [22:59:56] Reload for file change: C:\repos\nus-cs2103-AY1920S1\cs2103-website\admin\appendixE-gitHub.md
2019-08-01T14:59:57.907Z - info: Rebuilding affected source files
2019-08-01T14:59:57.935Z - info: Rebuilding 23 pages
2019-08-01T15:00:18.220Z - info: Pages rebuilt
2019-08-01T15:00:18.386Z - info: Site data built
2019-08-01T15:00:22.470Z - info: [23:00:22] Reload for file change: C:\repos\nus-cs2103-AY1920S1\cs2103-website\admin\appendixE-gitHub.md
2019-08-01T15:00:23.481Z - info: Rebuilding affected source files
2019-08-01T15:00:23.485Z - info: Rebuilding 23 pages
2019-08-01T15:00:42.409Z - info: Pages rebuilt
2019-08-01T15:00:42.433Z - info: Site data built
2019-08-01T15:01:16.449Z - info: [23:01:16] Reload for file change: C:\repos\nus-cs2103-AY1920S1\cs2103-website\admin\appendixE-gitHub.md
2019-08-01T15:01:17.453Z - info: Rebuilding affected source files
2019-08-01T15:01:17.461Z - info: Rebuilding 23 pages
2019-08-01T15:01:43.175Z - info: Pages rebuilt
2019-08-01T15:01:43.191Z - info: Site data built
2019-08-01T15:02:12.492Z - info: [23:02:12] Reload for file change: C:\repos\nus-cs2103-AY1920S1\cs2103-website\admin\appendixE-gitHub.md
2019-08-01T15:02:13.512Z - info: Rebuilding affected source files
2019-08-01T15:02:13.528Z - info: Rebuilding 23 pages
2019-08-01T15:02:37.732Z - info: Pages rebuilt
2019-08-01T15:02:37.752Z - info: Site data built
2019-08-01T15:03:27.419Z - info: [23:03:27] Reload for file change: C:\repos\nus-cs2103-AY1920S1\cs2103-website\admin\project-scope.md
2019-08-01T15:03:27.423Z - info: [23:03:27] Reload for file change: C:\repos\nus-cs2103-AY1920S1\cs2103-website\book\codeQuality\nameWell\introduction\text.md
2019-08-01T15:03:27.427Z - info: [23:03:27] Reload for file change: C:\repos\nus-cs2103-AY1920S1\cs2103-website\schedule\week1\admin.md
2019-08-01T15:03:27.435Z - info: [23:03:27] Reload for file change: C:\repos\nus-cs2103-AY1920S1\cs2103-website\book\cppToJava\gettingStarted\running\q-runHelloWorld.md
2019-08-01T15:03:27.439Z - info: [23:03:27] Reload for file change: C:\repos\nus-cs2103-AY1920S1\cs2103-website\book\cppToJava\misc\fileAccess\text.md
2019-08-01T15:03:27.443Z - info: [23:03:27] Reload for file change: C:\repos\nus-cs2103-AY1920S1\cs2103-website\admin\appendixE-gitHub.md
2019-08-01T15:03:27.447Z - info: [23:03:27] Reload for file change: C:\repos\nus-cs2103-AY1920S1\cs2103-website\admin\project-constraints.md
2019-08-01T15:03:27.467Z - info: [23:03:27] Reload for file change: C:\repos\nus-cs2103-AY1920S1\cs2103-website\admin\tools.md
2019-08-01T15:03:27.475Z - info: [23:03:27] Reload for file change: C:\repos\nus-cs2103-AY1920S1\cs2103-website\schedule\week7\tutorial-cs2103.md
2019-08-01T15:03:27.475Z - info: [23:03:27] Reload for file change: C:\repos\nus-cs2103-AY1920S1\cs2103-website\admin\ip-w02.md
2019-08-01T15:03:28.422Z - info: Rebuilding affected source files
2019-08-01T15:03:28.436Z - info: Rebuilding 62 pages
2019-08-01T15:04:53.946Z - info: Pages rebuilt
2019-08-01T15:04:53.983Z - info: Site data built
2019-08-01T15:09:42.941Z - info: [23:09:42] Reload for file change: C:\repos\nus-cs2103-AY1920S1\cs2103-website\book\codeQuality\nameWell\introduction\text.md
2019-08-01T15:09:43.942Z - info: Rebuilding affected source files
2019-08-01T15:09:43.952Z - info: Rebuilding 9 pages
2019-08-01T15:17:30.932Z - info: Website generation started at 23:17:24
2019-08-01T15:17:33.227Z - info: Building assets...
2019-08-01T15:17:35.688Z - info: Assets built
2019-08-01T15:17:35.689Z - info: Generating pages...
2019-08-01T15:20:26.956Z - info: Pages built
2019-08-01T15:21:00.615Z - info: Website generation complete! Total build time: 216.517s
2019-08-01T15:21:00.616Z - info: Build success!
2019-08-01T15:21:00.632Z - info: Site data built
2019-08-01T15:22:06.322Z - info: Deployed!
