2019-07-09T04:06:34.080Z - info: Website generation started at 12:06:30 PM
2019-07-09T04:06:35.834Z - info: Building assets...
2019-07-09T04:06:37.498Z - info: Assets built
2019-07-09T04:06:37.499Z - info: Generating pages...
2019-07-09T04:07:49.121Z - info: Pages built
2019-07-09T04:08:04.138Z - info: Website generation complete! Total build time: 93.669s
2019-07-09T04:08:04.490Z - info: Serving "C:\repos\nus-cs2103-AY1920S1\cs2103-website\_site" at http://127.0.0.1:8080
2019-07-09T04:08:04.490Z - info: Press CTRL+C to stop ...
2019-07-09T04:08:04.521Z - info: Site data built
2019-07-09T04:10:47.540Z - info: [12:10:47 PM] Reload for file change: C:\repos\nus-cs2103-AY1920S1\cs2103-website\schedule\index.md
2019-07-09T04:10:48.542Z - info: Rebuilding affected source files
2019-07-09T04:10:48.544Z - info: Rebuilding 2 pages
2019-07-09T04:10:48.810Z - info: Pages rebuilt
2019-07-09T04:10:48.820Z - info: Site data built
2019-07-09T04:24:44.460Z - info: [12:24:44 PM] Reload for file change: C:\repos\nus-cs2103-AY1920S1\cs2103-website\schedule\index.md
2019-07-09T04:24:45.460Z - info: Rebuilding affected source files
2019-07-09T04:24:45.461Z - info: Rebuilding 2 pages
2019-07-09T04:24:45.709Z - info: Pages rebuilt
2019-07-09T04:24:45.720Z - info: Site data built
2019-07-09T04:28:04.542Z - info: [12:28:04 PM] Reload for file change: C:\repos\nus-cs2103-AY1920S1\cs2103-website\schedule\index.md
2019-07-09T04:28:05.544Z - info: Rebuilding affected source files
2019-07-09T04:28:05.545Z - info: Rebuilding 2 pages
2019-07-09T04:28:05.724Z - info: Pages rebuilt
2019-07-09T04:28:05.735Z - info: Site data built
2019-07-09T04:28:18.168Z - info: Website generation started at 12:28:14 PM
2019-07-09T04:28:20.299Z - info: Building assets...
2019-07-09T04:28:22.272Z - info: Assets built
2019-07-09T04:28:22.272Z - info: Generating pages...
2019-07-09T04:29:36.731Z - info: Pages built
2019-07-09T04:29:53.183Z - info: Website generation complete! Total build time: 98.825s
2019-07-09T04:29:53.536Z - info: Serving "C:\repos\nus-cs2103-AY1920S1\cs2103-website\_site" at http://127.0.0.1:8080
2019-07-09T04:29:53.536Z - info: Press CTRL+C to stop ...
2019-07-09T04:29:53.566Z - info: Site data built
2019-07-09T06:20:42.467Z - info: [2:20:42 PM] Reload for file change: C:\repos\nus-cs2103-AY1920S1\cs2103-website\book\projectDuke\text.md
2019-07-09T06:20:43.471Z - info: Rebuilding affected source files
2019-07-09T06:20:43.473Z - info: Rebuilding 3 pages
2019-07-09T06:20:43.829Z - info: Pages rebuilt
2019-07-09T06:20:43.844Z - info: Site data built
2019-07-09T06:23:27.932Z - info: [2:23:27 PM] Reload for file change: C:\repos\nus-cs2103-AY1920S1\cs2103-website\book\projectDuke\text.md
2019-07-09T06:23:28.934Z - info: Rebuilding affected source files
2019-07-09T06:23:28.935Z - info: Rebuilding 3 pages
2019-07-09T06:23:29.232Z - info: Pages rebuilt
2019-07-09T06:23:29.242Z - info: Site data built
2019-07-09T06:27:12.990Z - info: [2:27:12 PM] Reload for file change: C:\repos\nus-cs2103-AY1920S1\cs2103-website\schedule\week2\project.md
2019-07-09T06:27:13.992Z - info: Rebuilding affected source files
2019-07-09T06:27:13.993Z - info: Rebuilding 1 pages
2019-07-09T06:27:14.125Z - info: Pages rebuilt
2019-07-09T06:27:14.143Z - info: Site data built
2019-07-09T06:30:59.605Z - info: [2:30:59 PM] Reload for file change: C:\repos\nus-cs2103-AY1920S1\cs2103-website\book\projectDuke\text.md
2019-07-09T06:31:00.608Z - info: Rebuilding affected source files
2019-07-09T06:31:00.611Z - info: Rebuilding 3 pages
2019-07-09T06:31:00.943Z - info: Pages rebuilt
2019-07-09T06:31:00.955Z - info: Site data built
2019-07-09T06:32:34.168Z - info: [2:32:34 PM] Reload for file change: C:\repos\nus-cs2103-AY1920S1\cs2103-website\book\projectDuke\text.md
2019-07-09T06:32:35.170Z - info: Rebuilding affected source files
2019-07-09T06:32:35.172Z - info: Rebuilding 3 pages
2019-07-09T06:32:35.494Z - info: Pages rebuilt
2019-07-09T06:32:35.505Z - info: Site data built
2019-07-09T06:32:54.526Z - info: [2:32:54 PM] Reload for file change: C:\repos\nus-cs2103-AY1920S1\cs2103-website\book\projectDuke\text.md
2019-07-09T06:32:55.527Z - info: Rebuilding affected source files
2019-07-09T06:32:55.529Z - info: Rebuilding 3 pages
2019-07-09T06:32:55.798Z - info: Pages rebuilt
2019-07-09T06:32:55.808Z - info: Site data built
2019-07-09T06:33:37.823Z - info: [2:33:37 PM] Reload for file change: C:\repos\nus-cs2103-AY1920S1\cs2103-website\book\projectDuke\text.md
2019-07-09T06:33:38.824Z - info: Rebuilding affected source files
2019-07-09T06:33:38.826Z - info: Rebuilding 3 pages
2019-07-09T06:33:39.114Z - info: Pages rebuilt
2019-07-09T06:33:39.122Z - info: Site data built
2019-07-09T06:34:14.670Z - info: [2:34:14 PM] Reload for file change: C:\repos\nus-cs2103-AY1920S1\cs2103-website\book\projectDuke\text.md
2019-07-09T06:34:15.672Z - info: Rebuilding affected source files
2019-07-09T06:34:15.674Z - info: Rebuilding 3 pages
2019-07-09T06:34:15.947Z - info: Pages rebuilt
2019-07-09T06:34:15.955Z - info: Site data built
2019-07-09T06:37:14.609Z - info: [2:37:14 PM] Reload for file change: C:\repos\nus-cs2103-AY1920S1\cs2103-website\schedule\week2\project.md
2019-07-09T06:37:14.612Z - info: [2:37:14 PM] Reload for file change: C:\repos\nus-cs2103-AY1920S1\cs2103-website\book\projectDuke\text.md
2019-07-09T06:37:15.609Z - info: Rebuilding affected source files
2019-07-09T06:37:15.611Z - info: Rebuilding 3 pages
2019-07-09T06:37:15.951Z - info: Pages rebuilt
2019-07-09T06:37:15.962Z - info: Site data built
2019-07-09T06:38:30.938Z - info: [2:38:30 PM] Reload for file add: C:\repos\nus-cs2103-AY1920S1\cs2103-website\_markbind\boilerplates\dukeNestedFragment.md
2019-07-09T06:38:31.940Z - warn: Rebuilding all source files
2019-07-09T06:38:33.662Z - info: Assets removed
2019-07-09T06:38:33.662Z - info: Generating pages...
2019-07-09T06:39:52.898Z - info: Pages built
2019-07-09T06:41:20.505Z - info: [2:41:20 PM] Reload for file change: C:\repos\nus-cs2103-AY1920S1\cs2103-website\_markbind\boilerplates\dukeNestedFragment.md
2019-07-09T06:41:20.509Z - info: [2:41:20 PM] Reload for file change: C:\repos\nus-cs2103-AY1920S1\cs2103-website\book\projectDuke\text.md
2019-07-09T06:41:21.506Z - info: Rebuilding affected source files
2019-07-09T06:41:21.509Z - info: Rebuilding 3 pages
2019-07-09T06:41:21.554Z - error:  Error: No such file: C:\repos\nus-cs2103-AY1920S1\cs2103-website\book\_markbind\boilerplates\dukeNestedFragment.md
Missing reference in C:\repos\nus-cs2103-AY1920S1\cs2103-website\book\projectDuke\text.md
    at Parser._preprocess (C:\Users\dcsdcr\AppData\Roaming\npm\node_modules\markbind-cli\src\lib\markbind\src\parser.js:225:21)
    at element.children.element.children.map.e (C:\Users\dcsdcr\AppData\Roaming\npm\node_modules\markbind-cli\src\lib\markbind\src\parser.js:399:57)
    at Array.map (<anonymous>)
    at Parser._preprocess (C:\Users\dcsdcr\AppData\Roaming\npm\node_modules\markbind-cli\src\lib\markbind\src\parser.js:399:43)
    at element.children.element.children.map.e (C:\Users\dcsdcr\AppData\Roaming\npm\node_modules\markbind-cli\src\lib\markbind\src\parser.js:382:57)
    at Array.map (<anonymous>)
    at Parser._preprocess (C:\Users\dcsdcr\AppData\Roaming\npm\node_modules\markbind-cli\src\lib\markbind\src\parser.js:382:43)
    at element.children.element.children.map.e (C:\Users\dcsdcr\AppData\Roaming\npm\node_modules\markbind-cli\src\lib\markbind\src\parser.js:399:57)
    at Array.map (<anonymous>)
    at Parser._preprocess (C:\Users\dcsdcr\AppData\Roaming\npm\node_modules\markbind-cli\src\lib\markbind\src\parser.js:399:43)
    at element.children.element.children.map.e (C:\Users\dcsdcr\AppData\Roaming\npm\node_modules\markbind-cli\src\lib\markbind\src\parser.js:399:57)
    at Array.map (<anonymous>)
    at Parser._preprocess (C:\Users\dcsdcr\AppData\Roaming\npm\node_modules\markbind-cli\src\lib\markbind\src\parser.js:399:43)
    at element.children.element.children.map.e (C:\Users\dcsdcr\AppData\Roaming\npm\node_modules\markbind-cli\src\lib\markbind\src\parser.js:399:57)
    at Array.map (<anonymous>)
    at Parser._preprocess (C:\Users\dcsdcr\AppData\Roaming\npm\node_modules\markbind-cli\src\lib\markbind\src\parser.js:399:43)
2019-07-09T06:41:21.557Z - error:  Error: No such file: C:\repos\nus-cs2103-AY1920S1\cs2103-website\book\_markbind\boilerplates\dukeNestedFragment.md
Missing reference in C:\repos\nus-cs2103-AY1920S1\cs2103-website\book\projectDuke\text.md
    at Parser._preprocess (C:\Users\dcsdcr\AppData\Roaming\npm\node_modules\markbind-cli\src\lib\markbind\src\parser.js:225:21)
    at element.children.element.children.map.e (C:\Users\dcsdcr\AppData\Roaming\npm\node_modules\markbind-cli\src\lib\markbind\src\parser.js:399:57)
    at Array.map (<anonymous>)
    at Parser._preprocess (C:\Users\dcsdcr\AppData\Roaming\npm\node_modules\markbind-cli\src\lib\markbind\src\parser.js:399:43)
    at element.children.element.children.map.e (C:\Users\dcsdcr\AppData\Roaming\npm\node_modules\markbind-cli\src\lib\markbind\src\parser.js:382:57)
    at Array.map (<anonymous>)
    at Parser._preprocess (C:\Users\dcsdcr\AppData\Roaming\npm\node_modules\markbind-cli\src\lib\markbind\src\parser.js:382:43)
    at element.children.element.children.map.e (C:\Users\dcsdcr\AppData\Roaming\npm\node_modules\markbind-cli\src\lib\markbind\src\parser.js:399:57)
    at Array.map (<anonymous>)
    at Parser._preprocess (C:\Users\dcsdcr\AppData\Roaming\npm\node_modules\markbind-cli\src\lib\markbind\src\parser.js:399:43)
    at element.children.element.children.map.e (C:\Users\dcsdcr\AppData\Roaming\npm\node_modules\markbind-cli\src\lib\markbind\src\parser.js:399:57)
    at Array.map (<anonymous>)
    at Parser._preprocess (C:\Users\dcsdcr\AppData\Roaming\npm\node_modules\markbind-cli\src\lib\markbind\src\parser.js:399:43)
    at element.children.element.children.map.e (C:\Users\dcsdcr\AppData\Roaming\npm\node_modules\markbind-cli\src\lib\markbind\src\parser.js:399:57)
    at Array.map (<anonymous>)
    at Parser._preprocess (C:\Users\dcsdcr\AppData\Roaming\npm\node_modules\markbind-cli\src\lib\markbind\src\parser.js:399:43)
2019-07-09T06:41:21.572Z - error:  Error: No such file: C:\repos\nus-cs2103-AY1920S1\cs2103-website\book\_markbind\boilerplates\dukeNestedFragment.md
Missing reference in C:\repos\nus-cs2103-AY1920S1\cs2103-website\book\projectDuke\text.md
    at Parser._preprocess (C:\Users\dcsdcr\AppData\Roaming\npm\node_modules\markbind-cli\src\lib\markbind\src\parser.js:225:21)
    at element.children.element.children.map.e (C:\Users\dcsdcr\AppData\Roaming\npm\node_modules\markbind-cli\src\lib\markbind\src\parser.js:399:57)
    at Array.map (<anonymous>)
    at Parser._preprocess (C:\Users\dcsdcr\AppData\Roaming\npm\node_modules\markbind-cli\src\lib\markbind\src\parser.js:399:43)
    at element.children.element.children.map.e (C:\Users\dcsdcr\AppData\Roaming\npm\node_modules\markbind-cli\src\lib\markbind\src\parser.js:399:57)
    at Array.map (<anonymous>)
    at Parser._preprocess (C:\Users\dcsdcr\AppData\Roaming\npm\node_modules\markbind-cli\src\lib\markbind\src\parser.js:399:43)
    at element.children.element.children.map.e (C:\Users\dcsdcr\AppData\Roaming\npm\node_modules\markbind-cli\src\lib\markbind\src\parser.js:382:57)
    at Array.map (<anonymous>)
    at Parser._preprocess (C:\Users\dcsdcr\AppData\Roaming\npm\node_modules\markbind-cli\src\lib\markbind\src\parser.js:382:43)
    at element.children.element.children.map.e (C:\Users\dcsdcr\AppData\Roaming\npm\node_modules\markbind-cli\src\lib\markbind\src\parser.js:399:57)
    at Array.map (<anonymous>)
    at Parser._preprocess (C:\Users\dcsdcr\AppData\Roaming\npm\node_modules\markbind-cli\src\lib\markbind\src\parser.js:399:43)
    at element.children.element.children.map.e (C:\Users\dcsdcr\AppData\Roaming\npm\node_modules\markbind-cli\src\lib\markbind\src\parser.js:399:57)
    at Array.map (<anonymous>)
    at Parser._preprocess (C:\Users\dcsdcr\AppData\Roaming\npm\node_modules\markbind-cli\src\lib\markbind\src\parser.js:399:43)
2019-07-09T06:41:21.573Z - error:  Error: No such file: C:\repos\nus-cs2103-AY1920S1\cs2103-website\book\_markbind\boilerplates\dukeNestedFragment.md
Missing reference in C:\repos\nus-cs2103-AY1920S1\cs2103-website\book\projectDuke\text.md
    at Parser._preprocess (C:\Users\dcsdcr\AppData\Roaming\npm\node_modules\markbind-cli\src\lib\markbind\src\parser.js:225:21)
    at element.children.element.children.map.e (C:\Users\dcsdcr\AppData\Roaming\npm\node_modules\markbind-cli\src\lib\markbind\src\parser.js:399:57)
    at Array.map (<anonymous>)
    at Parser._preprocess (C:\Users\dcsdcr\AppData\Roaming\npm\node_modules\markbind-cli\src\lib\markbind\src\parser.js:399:43)
    at element.children.element.children.map.e (C:\Users\dcsdcr\AppData\Roaming\npm\node_modules\markbind-cli\src\lib\markbind\src\parser.js:399:57)
    at Array.map (<anonymous>)
    at Parser._preprocess (C:\Users\dcsdcr\AppData\Roaming\npm\node_modules\markbind-cli\src\lib\markbind\src\parser.js:399:43)
    at element.children.element.children.map.e (C:\Users\dcsdcr\AppData\Roaming\npm\node_modules\markbind-cli\src\lib\markbind\src\parser.js:382:57)
    at Array.map (<anonymous>)
    at Parser._preprocess (C:\Users\dcsdcr\AppData\Roaming\npm\node_modules\markbind-cli\src\lib\markbind\src\parser.js:382:43)
    at element.children.element.children.map.e (C:\Users\dcsdcr\AppData\Roaming\npm\node_modules\markbind-cli\src\lib\markbind\src\parser.js:399:57)
    at Array.map (<anonymous>)
    at Parser._preprocess (C:\Users\dcsdcr\AppData\Roaming\npm\node_modules\markbind-cli\src\lib\markbind\src\parser.js:399:43)
    at element.children.element.children.map.e (C:\Users\dcsdcr\AppData\Roaming\npm\node_modules\markbind-cli\src\lib\markbind\src\parser.js:399:57)
    at Array.map (<anonymous>)
    at Parser._preprocess (C:\Users\dcsdcr\AppData\Roaming\npm\node_modules\markbind-cli\src\lib\markbind\src\parser.js:399:43)
2019-07-09T06:41:21.579Z - error:  Error: No such file: C:\repos\nus-cs2103-AY1920S1\cs2103-website\book\_markbind\boilerplates\dukeNestedFragment.md
Missing reference in C:\repos\nus-cs2103-AY1920S1\cs2103-website\book\projectDuke\text.md
    at Parser._preprocess (C:\Users\dcsdcr\AppData\Roaming\npm\node_modules\markbind-cli\src\lib\markbind\src\parser.js:225:21)
    at element.children.element.children.map.e (C:\Users\dcsdcr\AppData\Roaming\npm\node_modules\markbind-cli\src\lib\markbind\src\parser.js:399:57)
    at Array.map (<anonymous>)
    at Parser._preprocess (C:\Users\dcsdcr\AppData\Roaming\npm\node_modules\markbind-cli\src\lib\markbind\src\parser.js:399:43)
    at element.children.element.children.map.e (C:\Users\dcsdcr\AppData\Roaming\npm\node_modules\markbind-cli\src\lib\markbind\src\parser.js:399:57)
    at Array.map (<anonymous>)
    at Parser._preprocess (C:\Users\dcsdcr\AppData\Roaming\npm\node_modules\markbind-cli\src\lib\markbind\src\parser.js:399:43)
    at element.children.element.children.map.e (C:\Users\dcsdcr\AppData\Roaming\npm\node_modules\markbind-cli\src\lib\markbind\src\parser.js:382:57)
    at Array.map (<anonymous>)
    at Parser._preprocess (C:\Users\dcsdcr\AppData\Roaming\npm\node_modules\markbind-cli\src\lib\markbind\src\parser.js:382:43)
    at element.children.element.children.map.e (C:\Users\dcsdcr\AppData\Roaming\npm\node_modules\markbind-cli\src\lib\markbind\src\parser.js:399:57)
    at Array.map (<anonymous>)
    at Parser._preprocess (C:\Users\dcsdcr\AppData\Roaming\npm\node_modules\markbind-cli\src\lib\markbind\src\parser.js:399:43)
    at element.children.element.children.map.e (C:\Users\dcsdcr\AppData\Roaming\npm\node_modules\markbind-cli\src\lib\markbind\src\parser.js:399:57)
    at Array.map (<anonymous>)
    at Parser._preprocess (C:\Users\dcsdcr\AppData\Roaming\npm\node_modules\markbind-cli\src\lib\markbind\src\parser.js:399:43)
2019-07-09T06:41:21.580Z - error:  Error: No such file: C:\repos\nus-cs2103-AY1920S1\cs2103-website\book\_markbind\boilerplates\dukeNestedFragment.md
Missing reference in C:\repos\nus-cs2103-AY1920S1\cs2103-website\book\projectDuke\text.md
    at Parser._preprocess (C:\Users\dcsdcr\AppData\Roaming\npm\node_modules\markbind-cli\src\lib\markbind\src\parser.js:225:21)
    at element.children.element.children.map.e (C:\Users\dcsdcr\AppData\Roaming\npm\node_modules\markbind-cli\src\lib\markbind\src\parser.js:399:57)
    at Array.map (<anonymous>)
    at Parser._preprocess (C:\Users\dcsdcr\AppData\Roaming\npm\node_modules\markbind-cli\src\lib\markbind\src\parser.js:399:43)
    at element.children.element.children.map.e (C:\Users\dcsdcr\AppData\Roaming\npm\node_modules\markbind-cli\src\lib\markbind\src\parser.js:399:57)
    at Array.map (<anonymous>)
    at Parser._preprocess (C:\Users\dcsdcr\AppData\Roaming\npm\node_modules\markbind-cli\src\lib\markbind\src\parser.js:399:43)
    at element.children.element.children.map.e (C:\Users\dcsdcr\AppData\Roaming\npm\node_modules\markbind-cli\src\lib\markbind\src\parser.js:382:57)
    at Array.map (<anonymous>)
    at Parser._preprocess (C:\Users\dcsdcr\AppData\Roaming\npm\node_modules\markbind-cli\src\lib\markbind\src\parser.js:382:43)
    at element.children.element.children.map.e (C:\Users\dcsdcr\AppData\Roaming\npm\node_modules\markbind-cli\src\lib\markbind\src\parser.js:399:57)
    at Array.map (<anonymous>)
    at Parser._preprocess (C:\Users\dcsdcr\AppData\Roaming\npm\node_modules\markbind-cli\src\lib\markbind\src\parser.js:399:43)
    at element.children.element.children.map.e (C:\Users\dcsdcr\AppData\Roaming\npm\node_modules\markbind-cli\src\lib\markbind\src\parser.js:399:57)
    at Array.map (<anonymous>)
    at Parser._preprocess (C:\Users\dcsdcr\AppData\Roaming\npm\node_modules\markbind-cli\src\lib\markbind\src\parser.js:399:43)
2019-07-09T06:41:21.861Z - info: Pages rebuilt
2019-07-09T06:41:21.873Z - info: Site data built
2019-07-09T06:42:59.948Z - info: Website generation started at 2:42:56 PM
2019-07-09T06:43:01.687Z - info: Building assets...
2019-07-09T06:43:03.431Z - info: Assets built
2019-07-09T06:43:03.431Z - info: Generating pages...
2019-07-09T06:43:07.491Z - error:  Error: No such file: C:\repos\nus-cs2103-AY1920S1\cs2103-website\book\_markbind\boilerplates\dukeNestedFragment.md
Missing reference in C:\repos\nus-cs2103-AY1920S1\cs2103-website\book\projectDuke\text.md
    at Parser._preprocess (C:\Users\dcsdcr\AppData\Roaming\npm\node_modules\markbind-cli\src\lib\markbind\src\parser.js:225:21)
    at element.children.element.children.map.e (C:\Users\dcsdcr\AppData\Roaming\npm\node_modules\markbind-cli\src\lib\markbind\src\parser.js:399:57)
    at Array.map (<anonymous>)
    at Parser._preprocess (C:\Users\dcsdcr\AppData\Roaming\npm\node_modules\markbind-cli\src\lib\markbind\src\parser.js:399:43)
    at element.children.element.children.map.e (C:\Users\dcsdcr\AppData\Roaming\npm\node_modules\markbind-cli\src\lib\markbind\src\parser.js:382:57)
    at Array.map (<anonymous>)
    at Parser._preprocess (C:\Users\dcsdcr\AppData\Roaming\npm\node_modules\markbind-cli\src\lib\markbind\src\parser.js:382:43)
    at element.children.element.children.map.e (C:\Users\dcsdcr\AppData\Roaming\npm\node_modules\markbind-cli\src\lib\markbind\src\parser.js:399:57)
    at Array.map (<anonymous>)
    at Parser._preprocess (C:\Users\dcsdcr\AppData\Roaming\npm\node_modules\markbind-cli\src\lib\markbind\src\parser.js:399:43)
    at element.children.element.children.map.e (C:\Users\dcsdcr\AppData\Roaming\npm\node_modules\markbind-cli\src\lib\markbind\src\parser.js:399:57)
    at Array.map (<anonymous>)
    at Parser._preprocess (C:\Users\dcsdcr\AppData\Roaming\npm\node_modules\markbind-cli\src\lib\markbind\src\parser.js:399:43)
    at element.children.element.children.map.e (C:\Users\dcsdcr\AppData\Roaming\npm\node_modules\markbind-cli\src\lib\markbind\src\parser.js:399:57)
    at Array.map (<anonymous>)
    at Parser._preprocess (C:\Users\dcsdcr\AppData\Roaming\npm\node_modules\markbind-cli\src\lib\markbind\src\parser.js:399:43)
2019-07-09T06:43:52.732Z - info: Website generation started at 2:43:51 PM
2019-07-09T06:43:54.576Z - info: Building assets...
2019-07-09T06:43:56.229Z - info: Assets built
2019-07-09T06:43:56.229Z - info: Generating pages...
2019-07-09T06:44:00.517Z - error:  Error: Cyclic reference detected.
Last 5 files processed:
	C:\repos\nus-cs2103-AY1920S1\cs2103-website\book\projectDuke\text.md
	C:\repos\nus-cs2103-AY1920S1\cs2103-website\book\projectDuke\dukeNestedFragment.md
	C:\repos\nus-cs2103-AY1920S1\cs2103-website\book\projectDuke\text.md
	C:\repos\nus-cs2103-AY1920S1\cs2103-website\book\projectDuke\dukeNestedFragment.md
	C:\repos\nus-cs2103-AY1920S1\cs2103-website\book\projectDuke\text.md
    at Parser._preprocess (C:\Users\dcsdcr\AppData\Roaming\npm\node_modules\markbind-cli\src\lib\markbind\src\parser.js:378:23)
    at element.children.element.children.map.e (C:\Users\dcsdcr\AppData\Roaming\npm\node_modules\markbind-cli\src\lib\markbind\src\parser.js:399:57)
    at Array.map (<anonymous>)
    at Parser._preprocess (C:\Users\dcsdcr\AppData\Roaming\npm\node_modules\markbind-cli\src\lib\markbind\src\parser.js:399:43)
    at element.children.element.children.map.e (C:\Users\dcsdcr\AppData\Roaming\npm\node_modules\markbind-cli\src\lib\markbind\src\parser.js:382:57)
    at Array.map (<anonymous>)
    at Parser._preprocess (C:\Users\dcsdcr\AppData\Roaming\npm\node_modules\markbind-cli\src\lib\markbind\src\parser.js:382:43)
    at element.children.element.children.map.e (C:\Users\dcsdcr\AppData\Roaming\npm\node_modules\markbind-cli\src\lib\markbind\src\parser.js:399:57)
    at Array.map (<anonymous>)
    at Parser._preprocess (C:\Users\dcsdcr\AppData\Roaming\npm\node_modules\markbind-cli\src\lib\markbind\src\parser.js:399:43)
    at element.children.element.children.map.e (C:\Users\dcsdcr\AppData\Roaming\npm\node_modules\markbind-cli\src\lib\markbind\src\parser.js:399:57)
    at Array.map (<anonymous>)
    at Parser._preprocess (C:\Users\dcsdcr\AppData\Roaming\npm\node_modules\markbind-cli\src\lib\markbind\src\parser.js:399:43)
    at element.children.element.children.map.e (C:\Users\dcsdcr\AppData\Roaming\npm\node_modules\markbind-cli\src\lib\markbind\src\parser.js:382:57)
    at Array.map (<anonymous>)
    at Parser._preprocess (C:\Users\dcsdcr\AppData\Roaming\npm\node_modules\markbind-cli\src\lib\markbind\src\parser.js:382:43)
2019-07-09T06:44:00.633Z - error:  Error: Cyclic reference detected.
Last 5 files processed:
	C:\repos\nus-cs2103-AY1920S1\cs2103-website\book\projectDuke\text.md
	C:\repos\nus-cs2103-AY1920S1\cs2103-website\book\projectDuke\dukeNestedFragment.md
	C:\repos\nus-cs2103-AY1920S1\cs2103-website\book\projectDuke\text.md
	C:\repos\nus-cs2103-AY1920S1\cs2103-website\book\projectDuke\dukeNestedFragment.md
	C:\repos\nus-cs2103-AY1920S1\cs2103-website\book\projectDuke\text.md
    at Parser._preprocess (C:\Users\dcsdcr\AppData\Roaming\npm\node_modules\markbind-cli\src\lib\markbind\src\parser.js:378:23)
    at element.children.element.children.map.e (C:\Users\dcsdcr\AppData\Roaming\npm\node_modules\markbind-cli\src\lib\markbind\src\parser.js:399:57)
    at Array.map (<anonymous>)
    at Parser._preprocess (C:\Users\dcsdcr\AppData\Roaming\npm\node_modules\markbind-cli\src\lib\markbind\src\parser.js:399:43)
    at element.children.element.children.map.e (C:\Users\dcsdcr\AppData\Roaming\npm\node_modules\markbind-cli\src\lib\markbind\src\parser.js:382:57)
    at Array.map (<anonymous>)
    at Parser._preprocess (C:\Users\dcsdcr\AppData\Roaming\npm\node_modules\markbind-cli\src\lib\markbind\src\parser.js:382:43)
    at element.children.element.children.map.e (C:\Users\dcsdcr\AppData\Roaming\npm\node_modules\markbind-cli\src\lib\markbind\src\parser.js:399:57)
    at Array.map (<anonymous>)
    at Parser._preprocess (C:\Users\dcsdcr\AppData\Roaming\npm\node_modules\markbind-cli\src\lib\markbind\src\parser.js:399:43)
    at element.children.element.children.map.e (C:\Users\dcsdcr\AppData\Roaming\npm\node_modules\markbind-cli\src\lib\markbind\src\parser.js:399:57)
    at Array.map (<anonymous>)
    at Parser._preprocess (C:\Users\dcsdcr\AppData\Roaming\npm\node_modules\markbind-cli\src\lib\markbind\src\parser.js:399:43)
    at element.children.element.children.map.e (C:\Users\dcsdcr\AppData\Roaming\npm\node_modules\markbind-cli\src\lib\markbind\src\parser.js:382:57)
    at Array.map (<anonymous>)
    at Parser._preprocess (C:\Users\dcsdcr\AppData\Roaming\npm\node_modules\markbind-cli\src\lib\markbind\src\parser.js:382:43)
2019-07-09T06:45:08.437Z - info: Pages built
2019-07-09T06:45:25.250Z - info: Website generation complete! Total build time: 93.619s
2019-07-09T06:45:25.604Z - info: Serving "C:\repos\nus-cs2103-AY1920S1\cs2103-website\_site" at http://127.0.0.1:8080
2019-07-09T06:45:25.604Z - info: Press CTRL+C to stop ...
2019-07-09T06:45:25.630Z - info: Site data built
2019-07-09T06:48:55.548Z - info: [2:48:55 PM] Reload for file change: C:\repos\nus-cs2103-AY1920S1\cs2103-website\book\_markbind\boilerplates\dukeNestedFragment.md
2019-07-09T06:48:55.551Z - info: [2:48:55 PM] Reload for file change: C:\repos\nus-cs2103-AY1920S1\cs2103-website\book\projectDuke\text.md
2019-07-09T06:48:56.550Z - info: Rebuilding affected source files
2019-07-09T06:48:56.553Z - info: Rebuilding 3 pages
2019-07-09T06:48:56.975Z - info: Pages rebuilt
2019-07-09T06:48:56.989Z - info: Site data built
2019-07-09T06:51:02.077Z - info: [2:51:02 PM] Reload for file change: C:\repos\nus-cs2103-AY1920S1\cs2103-website\schedule\week2\project.md
2019-07-09T06:51:02.081Z - info: [2:51:02 PM] Reload for file change: C:\repos\nus-cs2103-AY1920S1\cs2103-website\_markbind\boilerplates\dukeFragment.md
2019-07-09T06:51:03.080Z - info: Rebuilding affected source files
2019-07-09T06:51:03.082Z - info: Rebuilding 1 pages
2019-07-09T06:51:03.237Z - info: Pages rebuilt
2019-07-09T06:51:03.246Z - info: Site data built
2019-07-09T06:55:56.920Z - info: [2:55:56 PM] Reload for file change: C:\repos\nus-cs2103-AY1920S1\cs2103-website\book\projectDuke\text.md
2019-07-09T06:55:57.922Z - info: Rebuilding affected source files
2019-07-09T06:55:57.925Z - info: Rebuilding 3 pages
2019-07-09T06:55:58.229Z - info: Pages rebuilt
2019-07-09T06:55:58.238Z - info: Site data built
2019-07-09T06:57:25.815Z - info: [2:57:25 PM] Reload for file change: C:\repos\nus-cs2103-AY1920S1\cs2103-website\book\_markbind\boilerplates\dukeNestedFragment.md
2019-07-09T06:57:25.818Z - info: [2:57:25 PM] Reload for file change: C:\repos\nus-cs2103-AY1920S1\cs2103-website\book\projectDuke\text.md
2019-07-09T06:57:26.815Z - info: Rebuilding affected source files
2019-07-09T06:57:26.817Z - info: Rebuilding 3 pages
2019-07-09T06:57:27.140Z - info: Pages rebuilt
2019-07-09T06:57:27.149Z - info: Site data built
2019-07-09T06:58:49.959Z - info: [2:58:49 PM] Reload for file change: C:\repos\nus-cs2103-AY1920S1\cs2103-website\book\_markbind\boilerplates\dukeNestedFragment.md
2019-07-09T06:58:50.960Z - info: Rebuilding affected source files
2019-07-09T06:58:50.961Z - info: Rebuilding 3 pages
2019-07-09T06:58:51.339Z - info: Pages rebuilt
2019-07-09T06:58:51.351Z - info: Site data built
2019-07-09T06:59:17.084Z - info: [2:59:17 PM] Reload for file change: C:\repos\nus-cs2103-AY1920S1\cs2103-website\book\_markbind\boilerplates\dukeNestedFragment.md
2019-07-09T06:59:18.084Z - info: Rebuilding affected source files
2019-07-09T06:59:18.088Z - info: Rebuilding 3 pages
2019-07-09T06:59:18.426Z - info: Pages rebuilt
2019-07-09T06:59:18.442Z - info: Site data built
2019-07-09T07:06:26.996Z - info: [3:06:26 PM] Reload for file change: C:\repos\nus-cs2103-AY1920S1\cs2103-website\book\projectDuke\text.md
2019-07-09T07:06:27.998Z - info: Rebuilding affected source files
2019-07-09T07:06:27.999Z - info: Rebuilding 3 pages
2019-07-09T07:06:28.374Z - info: Pages rebuilt
2019-07-09T07:06:28.385Z - info: Site data built
2019-07-09T07:08:49.134Z - info: [3:08:49 PM] Reload for file change: C:\repos\nus-cs2103-AY1920S1\cs2103-website\book\projectDuke\text.md
2019-07-09T07:08:50.136Z - info: Rebuilding affected source files
2019-07-09T07:08:50.137Z - info: Rebuilding 3 pages
2019-07-09T07:08:50.473Z - info: Pages rebuilt
2019-07-09T07:08:50.481Z - info: Site data built
2019-07-09T07:10:25.265Z - info: [3:10:25 PM] Reload for file change: C:\repos\nus-cs2103-AY1920S1\cs2103-website\book\_markbind\boilerplates\dukeNestedFragment.md
2019-07-09T07:10:26.266Z - info: Rebuilding affected source files
2019-07-09T07:10:26.267Z - info: Rebuilding 3 pages
2019-07-09T07:10:26.624Z - info: Pages rebuilt
2019-07-09T07:10:26.633Z - info: Site data built
2019-07-09T07:10:52.842Z - info: [3:10:52 PM] Reload for file change: C:\repos\nus-cs2103-AY1920S1\cs2103-website\book\projectDuke\text.md
2019-07-09T07:10:53.842Z - info: Rebuilding affected source files
2019-07-09T07:10:53.844Z - info: Rebuilding 3 pages
2019-07-09T07:10:54.183Z - info: Pages rebuilt
2019-07-09T07:10:54.192Z - info: Site data built
2019-07-09T07:10:59.495Z - info: [3:10:59 PM] Reload for file change: C:\repos\nus-cs2103-AY1920S1\cs2103-website\book\projectDuke\text.md
2019-07-09T07:11:00.498Z - info: Rebuilding affected source files
2019-07-09T07:11:00.500Z - info: Rebuilding 3 pages
2019-07-09T07:11:00.794Z - info: Pages rebuilt
2019-07-09T07:11:00.805Z - info: Site data built
2019-07-09T09:48:23.317Z - info: [5:48:23 PM] Reload for file change: C:\repos\nus-cs2103-AY1920S1\cs2103-website\book\projectDuke\text.md
2019-07-09T09:48:24.324Z - info: Rebuilding affected source files
2019-07-09T09:48:24.338Z - info: Rebuilding 3 pages
2019-07-09T09:48:24.865Z - info: Pages rebuilt
2019-07-09T09:48:24.875Z - info: Site data built
2019-07-09T09:48:48.604Z - info: [5:48:48 PM] Reload for file change: C:\repos\nus-cs2103-AY1920S1\cs2103-website\book\projectDuke\text.md
2019-07-09T09:48:49.606Z - info: Rebuilding affected source files
2019-07-09T09:48:49.608Z - info: Rebuilding 3 pages
2019-07-09T09:48:49.979Z - info: Pages rebuilt
2019-07-09T09:48:49.991Z - info: Site data built
2019-07-09T09:49:56.778Z - info: [5:49:56 PM] Reload for file change: C:\repos\nus-cs2103-AY1920S1\cs2103-website\book\projectDuke\text.md
2019-07-09T09:49:57.777Z - info: Rebuilding affected source files
2019-07-09T09:49:57.778Z - info: Rebuilding 3 pages
2019-07-09T09:49:58.147Z - info: Pages rebuilt
2019-07-09T09:49:58.158Z - info: Site data built
2019-07-09T09:51:12.720Z - info: [5:51:12 PM] Reload for file change: C:\repos\nus-cs2103-AY1920S1\cs2103-website\book\projectDuke\text.md
2019-07-09T09:51:13.721Z - info: Rebuilding affected source files
2019-07-09T09:51:13.724Z - info: Rebuilding 3 pages
2019-07-09T09:51:14.083Z - info: Pages rebuilt
2019-07-09T09:51:14.092Z - info: Site data built
2019-07-09T09:51:29.634Z - info: [5:51:29 PM] Reload for file change: C:\repos\nus-cs2103-AY1920S1\cs2103-website\book\projectDuke\text.md
2019-07-09T09:51:30.635Z - info: Rebuilding affected source files
2019-07-09T09:51:30.636Z - info: Rebuilding 3 pages
2019-07-09T09:51:30.947Z - info: Pages rebuilt
2019-07-09T09:51:30.959Z - info: Site data built
2019-07-09T09:52:08.570Z - info: [5:52:08 PM] Reload for file change: C:\repos\nus-cs2103-AY1920S1\cs2103-website\book\projectDuke\text.md
2019-07-09T09:52:09.571Z - info: Rebuilding affected source files
2019-07-09T09:52:09.573Z - info: Rebuilding 3 pages
2019-07-09T09:52:09.698Z - error:  TypeError: Cannot read property 'replace' of undefined
    at Object.ensurePosix (C:\Users\dcsdcr\AppData\Roaming\npm\node_modules\markbind-cli\src\lib\markbind\src\utils.js:21:23)
    at Object.<anonymous> (C:\Users\dcsdcr\AppData\Roaming\npm\node_modules\markbind-cli\src\lib\markbind\src\parser.js:418:32)
    at initialize.exports.each (C:\Users\dcsdcr\AppData\Roaming\npm\node_modules\markbind-cli\node_modules\cheerio\lib\api\traversing.js:300:24)
    at Parser.processDynamicResources (C:\Users\dcsdcr\AppData\Roaming\npm\node_modules\markbind-cli\src\lib\markbind\src\parser.js:412:28)
    at markbinder.includeFile.then.then.then.then.then.then.then.then.then.then.then.then.then.then.result (C:\Users\dcsdcr\AppData\Roaming\npm\node_modules\markbind-cli\src\Page.js:810:34)
    at tryCatcher (C:\Users\dcsdcr\AppData\Roaming\npm\node_modules\markbind-cli\node_modules\bluebird\js\release\util.js:16:23)
    at Promise._settlePromiseFromHandler (C:\Users\dcsdcr\AppData\Roaming\npm\node_modules\markbind-cli\node_modules\bluebird\js\release\promise.js:517:31)
    at Promise._settlePromise (C:\Users\dcsdcr\AppData\Roaming\npm\node_modules\markbind-cli\node_modules\bluebird\js\release\promise.js:574:18)
    at Promise._settlePromise0 (C:\Users\dcsdcr\AppData\Roaming\npm\node_modules\markbind-cli\node_modules\bluebird\js\release\promise.js:619:10)
    at Promise._settlePromises (C:\Users\dcsdcr\AppData\Roaming\npm\node_modules\markbind-cli\node_modules\bluebird\js\release\promise.js:699:18)
    at _drainQueueStep (C:\Users\dcsdcr\AppData\Roaming\npm\node_modules\markbind-cli\node_modules\bluebird\js\release\async.js:138:12)
    at _drainQueue (C:\Users\dcsdcr\AppData\Roaming\npm\node_modules\markbind-cli\node_modules\bluebird\js\release\async.js:131:9)
    at Async._drainQueues (C:\Users\dcsdcr\AppData\Roaming\npm\node_modules\markbind-cli\node_modules\bluebird\js\release\async.js:147:5)
    at Immediate.Async.drainQueues [as _onImmediate] (C:\Users\dcsdcr\AppData\Roaming\npm\node_modules\markbind-cli\node_modules\bluebird\js\release\async.js:17:14)
    at runCallback (timers.js:705:18)
    at tryOnImmediate (timers.js:676:5)
2019-07-09T09:52:09.698Z - warn:  Error: Error while generating C:\repos\nus-cs2103-AY1920S1\cs2103-website\book\projectDuke\index.md
    at processingFiles.push.page.generate.catch (C:\Users\dcsdcr\AppData\Roaming\npm\node_modules\markbind-cli\src\Site.js:1016:33)
    at tryCatcher (C:\Users\dcsdcr\AppData\Roaming\npm\node_modules\markbind-cli\node_modules\bluebird\js\release\util.js:16:23)
    at Promise._settlePromiseFromHandler (C:\Users\dcsdcr\AppData\Roaming\npm\node_modules\markbind-cli\node_modules\bluebird\js\release\promise.js:517:31)
    at Promise._settlePromise (C:\Users\dcsdcr\AppData\Roaming\npm\node_modules\markbind-cli\node_modules\bluebird\js\release\promise.js:574:18)
    at Promise._settlePromise0 (C:\Users\dcsdcr\AppData\Roaming\npm\node_modules\markbind-cli\node_modules\bluebird\js\release\promise.js:619:10)
    at Promise._settlePromises (C:\Users\dcsdcr\AppData\Roaming\npm\node_modules\markbind-cli\node_modules\bluebird\js\release\promise.js:695:18)
    at _drainQueueStep (C:\Users\dcsdcr\AppData\Roaming\npm\node_modules\markbind-cli\node_modules\bluebird\js\release\async.js:138:12)
    at _drainQueue (C:\Users\dcsdcr\AppData\Roaming\npm\node_modules\markbind-cli\node_modules\bluebird\js\release\async.js:131:9)
    at Async._drainQueues (C:\Users\dcsdcr\AppData\Roaming\npm\node_modules\markbind-cli\node_modules\bluebird\js\release\async.js:147:5)
    at Immediate.Async.drainQueues [as _onImmediate] (C:\Users\dcsdcr\AppData\Roaming\npm\node_modules\markbind-cli\node_modules\bluebird\js\release\async.js:17:14)
    at runCallback (timers.js:705:18)
    at tryOnImmediate (timers.js:676:5)
    at processImmediate (timers.js:658:5)
2019-07-09T09:52:09.737Z - error:  TypeError: Cannot read property 'replace' of undefined
    at Object.ensurePosix (C:\Users\dcsdcr\AppData\Roaming\npm\node_modules\markbind-cli\src\lib\markbind\src\utils.js:21:23)
    at Object.<anonymous> (C:\Users\dcsdcr\AppData\Roaming\npm\node_modules\markbind-cli\src\lib\markbind\src\parser.js:418:32)
    at initialize.exports.each (C:\Users\dcsdcr\AppData\Roaming\npm\node_modules\markbind-cli\node_modules\cheerio\lib\api\traversing.js:300:24)
    at Parser.processDynamicResources (C:\Users\dcsdcr\AppData\Roaming\npm\node_modules\markbind-cli\src\lib\markbind\src\parser.js:412:28)
    at markbinder.includeFile.then.then.then.then.then.then.then.then.then.then.then.then.then.then.result (C:\Users\dcsdcr\AppData\Roaming\npm\node_modules\markbind-cli\src\Page.js:810:34)
    at tryCatcher (C:\Users\dcsdcr\AppData\Roaming\npm\node_modules\markbind-cli\node_modules\bluebird\js\release\util.js:16:23)
    at Promise._settlePromiseFromHandler (C:\Users\dcsdcr\AppData\Roaming\npm\node_modules\markbind-cli\node_modules\bluebird\js\release\promise.js:517:31)
    at Promise._settlePromise (C:\Users\dcsdcr\AppData\Roaming\npm\node_modules\markbind-cli\node_modules\bluebird\js\release\promise.js:574:18)
    at Promise._settlePromise0 (C:\Users\dcsdcr\AppData\Roaming\npm\node_modules\markbind-cli\node_modules\bluebird\js\release\promise.js:619:10)
    at Promise._settlePromises (C:\Users\dcsdcr\AppData\Roaming\npm\node_modules\markbind-cli\node_modules\bluebird\js\release\promise.js:699:18)
    at _drainQueueStep (C:\Users\dcsdcr\AppData\Roaming\npm\node_modules\markbind-cli\node_modules\bluebird\js\release\async.js:138:12)
    at _drainQueue (C:\Users\dcsdcr\AppData\Roaming\npm\node_modules\markbind-cli\node_modules\bluebird\js\release\async.js:131:9)
    at Async._drainQueues (C:\Users\dcsdcr\AppData\Roaming\npm\node_modules\markbind-cli\node_modules\bluebird\js\release\async.js:147:5)
    at Immediate.Async.drainQueues [as _onImmediate] (C:\Users\dcsdcr\AppData\Roaming\npm\node_modules\markbind-cli\node_modules\bluebird\js\release\async.js:17:14)
    at runCallback (timers.js:705:18)
    at tryOnImmediate (timers.js:676:5)
2019-07-09T09:52:09.737Z - error:  TypeError: Cannot read property 'replace' of undefined
    at Object.ensurePosix (C:\Users\dcsdcr\AppData\Roaming\npm\node_modules\markbind-cli\src\lib\markbind\src\utils.js:21:23)
    at Object.<anonymous> (C:\Users\dcsdcr\AppData\Roaming\npm\node_modules\markbind-cli\src\lib\markbind\src\parser.js:418:32)
    at initialize.exports.each (C:\Users\dcsdcr\AppData\Roaming\npm\node_modules\markbind-cli\node_modules\cheerio\lib\api\traversing.js:300:24)
    at Parser.processDynamicResources (C:\Users\dcsdcr\AppData\Roaming\npm\node_modules\markbind-cli\src\lib\markbind\src\parser.js:412:28)
    at markbinder.includeFile.then.then.then.then.then.then.then.then.then.then.then.then.then.then.result (C:\Users\dcsdcr\AppData\Roaming\npm\node_modules\markbind-cli\src\Page.js:810:34)
    at tryCatcher (C:\Users\dcsdcr\AppData\Roaming\npm\node_modules\markbind-cli\node_modules\bluebird\js\release\util.js:16:23)
    at Promise._settlePromiseFromHandler (C:\Users\dcsdcr\AppData\Roaming\npm\node_modules\markbind-cli\node_modules\bluebird\js\release\promise.js:517:31)
    at Promise._settlePromise (C:\Users\dcsdcr\AppData\Roaming\npm\node_modules\markbind-cli\node_modules\bluebird\js\release\promise.js:574:18)
    at Promise._settlePromise0 (C:\Users\dcsdcr\AppData\Roaming\npm\node_modules\markbind-cli\node_modules\bluebird\js\release\promise.js:619:10)
    at Promise._settlePromises (C:\Users\dcsdcr\AppData\Roaming\npm\node_modules\markbind-cli\node_modules\bluebird\js\release\promise.js:699:18)
    at _drainQueueStep (C:\Users\dcsdcr\AppData\Roaming\npm\node_modules\markbind-cli\node_modules\bluebird\js\release\async.js:138:12)
    at _drainQueue (C:\Users\dcsdcr\AppData\Roaming\npm\node_modules\markbind-cli\node_modules\bluebird\js\release\async.js:131:9)
    at Async._drainQueues (C:\Users\dcsdcr\AppData\Roaming\npm\node_modules\markbind-cli\node_modules\bluebird\js\release\async.js:147:5)
    at Immediate.Async.drainQueues [as _onImmediate] (C:\Users\dcsdcr\AppData\Roaming\npm\node_modules\markbind-cli\node_modules\bluebird\js\release\async.js:17:14)
    at runCallback (timers.js:705:18)
    at tryOnImmediate (timers.js:676:5)
2019-07-09T09:52:11.545Z - error: Error while generating C:\repos\nus-cs2103-AY1920S1\cs2103-website\book\projectDuke\index.md
2019-07-09T09:52:30.272Z - info: [5:52:30 PM] Reload for file change: C:\repos\nus-cs2103-AY1920S1\cs2103-website\book\projectDuke\text.md
2019-07-09T09:52:30.272Z - info: Rebuilding affected source files
2019-07-09T09:52:30.273Z - info: Rebuilding 0 pages
2019-07-09T09:52:30.273Z - info: Pages rebuilt
2019-07-09T09:52:30.274Z - error: Error while generating C:\repos\nus-cs2103-AY1920S1\cs2103-website\book\projectDuke\index.md
2019-07-09T09:52:30.283Z - info: Site data built
2019-07-09T09:52:50.765Z - info: Website generation started at 5:52:50 PM
2019-07-09T09:52:52.500Z - info: Building assets...
2019-07-09T09:52:54.273Z - info: Assets built
2019-07-09T09:52:54.273Z - info: Generating pages...
2019-07-09T09:54:08.465Z - info: Pages built
2019-07-09T09:54:23.766Z - info: Website generation complete! Total build time: 93.018s
2019-07-09T09:54:24.130Z - info: Serving "C:\repos\nus-cs2103-AY1920S1\cs2103-website\_site" at http://127.0.0.1:8080
2019-07-09T09:54:24.130Z - info: Press CTRL+C to stop ...
2019-07-09T09:54:24.175Z - info: Site data built
2019-07-09T09:55:11.038Z - info: [5:55:11 PM] Reload for file change: C:\repos\nus-cs2103-AY1920S1\cs2103-website\book\projectDuke\text.md
2019-07-09T09:55:12.040Z - info: Rebuilding affected source files
2019-07-09T09:55:12.041Z - info: Rebuilding 3 pages
2019-07-09T09:55:12.463Z - info: Pages rebuilt
2019-07-09T09:55:12.473Z - info: Site data built
2019-07-09T09:55:26.310Z - info: [5:55:26 PM] Reload for file change: C:\repos\nus-cs2103-AY1920S1\cs2103-website\book\projectDuke\text.md
2019-07-09T09:55:27.312Z - info: Rebuilding affected source files
2019-07-09T09:55:27.313Z - info: Rebuilding 3 pages
2019-07-09T09:55:27.553Z - info: Pages rebuilt
2019-07-09T09:55:27.563Z - info: Site data built
2019-07-09T09:55:58.249Z - info: [5:55:58 PM] Reload for file change: C:\repos\nus-cs2103-AY1920S1\cs2103-website\book\projectDuke\text.md
2019-07-09T09:55:59.251Z - info: Rebuilding affected source files
2019-07-09T09:55:59.252Z - info: Rebuilding 3 pages
2019-07-09T09:55:59.526Z - info: Pages rebuilt
2019-07-09T09:55:59.536Z - info: Site data built
2019-07-09T09:56:18.967Z - info: [5:56:18 PM] Reload for file change: C:\repos\nus-cs2103-AY1920S1\cs2103-website\book\projectDuke\text.md
2019-07-09T09:56:19.968Z - info: Rebuilding affected source files
2019-07-09T09:56:19.971Z - info: Rebuilding 3 pages
2019-07-09T09:56:20.326Z - info: Pages rebuilt
2019-07-09T09:56:20.337Z - info: Site data built
2019-07-09T09:57:04.668Z - info: [5:57:04 PM] Reload for file change: C:\repos\nus-cs2103-AY1920S1\cs2103-website\book\projectDuke\text.md
2019-07-09T09:57:05.673Z - info: Rebuilding affected source files
2019-07-09T09:57:05.674Z - info: Rebuilding 3 pages
2019-07-09T09:57:06.011Z - info: Pages rebuilt
2019-07-09T09:57:06.022Z - info: Site data built
2019-07-09T09:57:36.352Z - info: [5:57:36 PM] Reload for file change: C:\repos\nus-cs2103-AY1920S1\cs2103-website\book\projectDuke\text.md
2019-07-09T09:57:37.353Z - info: Rebuilding affected source files
2019-07-09T09:57:37.355Z - info: Rebuilding 3 pages
2019-07-09T09:57:37.748Z - info: Pages rebuilt
2019-07-09T09:57:37.760Z - info: Site data built
2019-07-09T09:57:49.744Z - info: [5:57:49 PM] Reload for file change: C:\repos\nus-cs2103-AY1920S1\cs2103-website\book\projectDuke\text.md
2019-07-09T09:57:50.745Z - info: Rebuilding affected source files
2019-07-09T09:57:50.746Z - info: Rebuilding 3 pages
2019-07-09T09:57:51.057Z - info: Pages rebuilt
2019-07-09T09:57:51.067Z - info: Site data built
2019-07-09T09:58:15.693Z - info: [5:58:15 PM] Reload for file change: C:\repos\nus-cs2103-AY1920S1\cs2103-website\book\projectDuke\text.md
2019-07-09T09:58:16.694Z - info: Rebuilding affected source files
2019-07-09T09:58:16.696Z - info: Rebuilding 3 pages
2019-07-09T09:58:17.034Z - info: Pages rebuilt
2019-07-09T09:58:17.049Z - info: Site data built
2019-07-09T10:00:05.975Z - info: [6:00:05 PM] Reload for file change: C:\repos\nus-cs2103-AY1920S1\cs2103-website\book\projectDuke\text.md
2019-07-09T10:00:06.976Z - info: Rebuilding affected source files
2019-07-09T10:00:06.977Z - info: Rebuilding 3 pages
2019-07-09T10:00:07.418Z - info: Pages rebuilt
2019-07-09T10:00:07.427Z - info: Site data built
2019-07-09T10:03:03.559Z - info: [6:03:03 PM] Reload for file change: C:\repos\nus-cs2103-AY1920S1\cs2103-website\book\projectDuke\text.md
2019-07-09T10:03:04.560Z - info: Rebuilding affected source files
2019-07-09T10:03:04.561Z - info: Rebuilding 3 pages
2019-07-09T10:03:04.925Z - info: Pages rebuilt
2019-07-09T10:03:04.934Z - info: Site data built
2019-07-09T10:03:32.293Z - info: [6:03:32 PM] Reload for file change: C:\repos\nus-cs2103-AY1920S1\cs2103-website\book\projectDuke\text.md
2019-07-09T10:03:33.294Z - info: Rebuilding affected source files
2019-07-09T10:03:33.296Z - info: Rebuilding 3 pages
2019-07-09T10:03:33.646Z - info: Pages rebuilt
2019-07-09T10:03:33.656Z - info: Site data built
2019-07-09T10:04:29.708Z - info: [6:04:29 PM] Reload for file change: C:\repos\nus-cs2103-AY1920S1\cs2103-website\book\projectDuke\text.md
2019-07-09T10:04:30.708Z - info: Rebuilding affected source files
2019-07-09T10:04:30.710Z - info: Rebuilding 3 pages
2019-07-09T10:04:31.062Z - info: Pages rebuilt
2019-07-09T10:04:31.072Z - info: Site data built
2019-07-09T10:04:47.354Z - info: [6:04:47 PM] Reload for file change: C:\repos\nus-cs2103-AY1920S1\cs2103-website\book\projectDuke\text.md
2019-07-09T10:04:48.355Z - info: Rebuilding affected source files
2019-07-09T10:04:48.356Z - info: Rebuilding 3 pages
2019-07-09T10:04:48.748Z - info: Pages rebuilt
2019-07-09T10:04:48.760Z - info: Site data built
2019-07-09T10:05:09.432Z - info: [6:05:09 PM] Reload for file change: C:\repos\nus-cs2103-AY1920S1\cs2103-website\book\projectDuke\text.md
2019-07-09T10:05:10.433Z - info: Rebuilding affected source files
2019-07-09T10:05:10.435Z - info: Rebuilding 3 pages
2019-07-09T10:05:10.704Z - info: Pages rebuilt
2019-07-09T10:05:10.716Z - info: Site data built
2019-07-09T10:07:52.015Z - info: [6:07:52 PM] Reload for file change: C:\repos\nus-cs2103-AY1920S1\cs2103-website\book\projectDuke\text.md
2019-07-09T10:07:53.016Z - info: Rebuilding affected source files
2019-07-09T10:07:53.018Z - info: Rebuilding 3 pages
2019-07-09T10:07:53.501Z - info: Pages rebuilt
2019-07-09T10:07:53.514Z - info: Site data built
2019-07-09T10:43:00.135Z - info: [6:43:00 PM] Reload for file change: C:\repos\nus-cs2103-AY1920S1\cs2103-website\book\projectDuke\text.md
2019-07-09T10:43:01.136Z - info: Rebuilding affected source files
2019-07-09T10:43:01.138Z - info: Rebuilding 3 pages
2019-07-09T10:43:01.464Z - info: Pages rebuilt
2019-07-09T10:43:01.473Z - info: Site data built
2019-07-09T10:43:39.002Z - info: [6:43:39 PM] Reload for file change: C:\repos\nus-cs2103-AY1920S1\cs2103-website\book\projectDuke\text.md
2019-07-09T10:43:40.004Z - info: Rebuilding affected source files
2019-07-09T10:43:40.005Z - info: Rebuilding 3 pages
2019-07-09T10:43:40.364Z - info: Pages rebuilt
2019-07-09T10:43:40.373Z - info: Site data built
2019-07-09T10:44:09.599Z - info: [6:44:09 PM] Reload for file change: C:\repos\nus-cs2103-AY1920S1\cs2103-website\book\projectDuke\text.md
2019-07-09T10:44:10.600Z - info: Rebuilding affected source files
2019-07-09T10:44:10.601Z - info: Rebuilding 3 pages
2019-07-09T10:44:10.946Z - info: Pages rebuilt
2019-07-09T10:44:10.954Z - info: Site data built
2019-07-09T10:44:51.951Z - info: [6:44:51 PM] Reload for file change: C:\repos\nus-cs2103-AY1920S1\cs2103-website\book\projectDuke\text.md
2019-07-09T10:44:52.953Z - info: Rebuilding affected source files
2019-07-09T10:44:52.955Z - info: Rebuilding 3 pages
2019-07-09T10:44:53.346Z - info: Pages rebuilt
2019-07-09T10:44:53.355Z - info: Site data built
2019-07-09T11:09:19.931Z - info: [7:09:19 PM] Reload for file change: C:\repos\nus-cs2103-AY1920S1\cs2103-website\book\projectDuke\text.md
2019-07-09T11:09:20.932Z - info: Rebuilding affected source files
2019-07-09T11:09:20.933Z - info: Rebuilding 3 pages
2019-07-09T11:09:21.341Z - info: Pages rebuilt
2019-07-09T11:09:21.352Z - info: Site data built
2019-07-09T11:15:14.905Z - info: [7:15:14 PM] Reload for file change: C:\repos\nus-cs2103-AY1920S1\cs2103-website\book\projectDuke\text.md
2019-07-09T11:15:15.907Z - info: Rebuilding affected source files
2019-07-09T11:15:15.909Z - info: Rebuilding 3 pages
2019-07-09T11:15:16.325Z - info: Pages rebuilt
2019-07-09T11:15:16.340Z - info: Site data built
2019-07-09T11:18:19.071Z - info: [7:18:19 PM] Reload for file change: C:\repos\nus-cs2103-AY1920S1\cs2103-website\book\projectDuke\text.md
2019-07-09T11:18:20.073Z - info: Rebuilding affected source files
2019-07-09T11:18:20.077Z - info: Rebuilding 3 pages
2019-07-09T11:18:20.420Z - info: Pages rebuilt
2019-07-09T11:18:20.434Z - info: Site data built
2019-07-09T11:18:49.436Z - info: [7:18:49 PM] Reload for file change: C:\repos\nus-cs2103-AY1920S1\cs2103-website\book\projectDuke\text.md
2019-07-09T11:18:50.438Z - info: Rebuilding affected source files
2019-07-09T11:18:50.440Z - info: Rebuilding 3 pages
2019-07-09T11:18:50.851Z - info: Pages rebuilt
2019-07-09T11:18:50.863Z - info: Site data built
2019-07-09T11:20:38.907Z - info: [7:20:38 PM] Reload for file change: C:\repos\nus-cs2103-AY1920S1\cs2103-website\book\projectDuke\text.md
2019-07-09T11:20:39.910Z - info: Rebuilding affected source files
2019-07-09T11:20:39.912Z - info: Rebuilding 3 pages
2019-07-09T11:20:40.211Z - info: Pages rebuilt
2019-07-09T11:20:40.220Z - info: Site data built
2019-07-09T11:21:00.627Z - info: [7:21:00 PM] Reload for file change: C:\repos\nus-cs2103-AY1920S1\cs2103-website\book\projectDuke\text.md
2019-07-09T11:21:01.628Z - info: Rebuilding affected source files
2019-07-09T11:21:01.630Z - info: Rebuilding 3 pages
2019-07-09T11:21:02.065Z - info: Pages rebuilt
2019-07-09T11:21:02.078Z - info: Site data built
2019-07-09T11:21:59.438Z - info: [7:21:59 PM] Reload for file change: C:\repos\nus-cs2103-AY1920S1\cs2103-website\book\projectDuke\text.md
2019-07-09T11:22:00.441Z - info: Rebuilding affected source files
2019-07-09T11:22:00.442Z - info: Rebuilding 3 pages
2019-07-09T11:22:00.800Z - info: Pages rebuilt
2019-07-09T11:22:00.810Z - info: Site data built
2019-07-09T11:22:52.099Z - info: [7:22:52 PM] Reload for file change: C:\repos\nus-cs2103-AY1920S1\cs2103-website\book\projectDuke\text.md
2019-07-09T11:22:53.101Z - info: Rebuilding affected source files
2019-07-09T11:22:53.102Z - info: Rebuilding 3 pages
2019-07-09T11:22:53.505Z - info: Pages rebuilt
2019-07-09T11:22:53.514Z - info: Site data built
2019-07-09T11:38:49.468Z - info: [7:38:49 PM] Reload for file change: C:\repos\nus-cs2103-AY1920S1\cs2103-website\book\projectDuke\text.md
2019-07-09T11:38:50.470Z - info: Rebuilding affected source files
2019-07-09T11:38:50.474Z - info: Rebuilding 3 pages
2019-07-09T11:38:50.946Z - info: Pages rebuilt
2019-07-09T11:38:50.956Z - info: Site data built
2019-07-09T11:39:43.969Z - info: [7:39:43 PM] Reload for file change: C:\repos\nus-cs2103-AY1920S1\cs2103-website\book\projectDuke\text.md
2019-07-09T11:39:44.971Z - info: Rebuilding affected source files
2019-07-09T11:39:44.972Z - info: Rebuilding 3 pages
2019-07-09T11:39:45.322Z - info: Pages rebuilt
2019-07-09T11:39:45.333Z - info: Site data built
2019-07-09T11:43:02.493Z - info: [7:43:02 PM] Reload for file change: C:\repos\nus-cs2103-AY1920S1\cs2103-website\book\projectDuke\text.md
2019-07-09T11:43:03.493Z - info: Rebuilding affected source files
2019-07-09T11:43:03.496Z - info: Rebuilding 3 pages
2019-07-09T11:43:03.959Z - info: Pages rebuilt
2019-07-09T11:43:03.973Z - info: Site data built
2019-07-09T11:43:14.181Z - info: [7:43:14 PM] Reload for file change: C:\repos\nus-cs2103-AY1920S1\cs2103-website\book\projectDuke\text.md
2019-07-09T11:43:15.181Z - info: Rebuilding affected source files
2019-07-09T11:43:15.182Z - info: Rebuilding 3 pages
2019-07-09T11:43:15.469Z - info: Pages rebuilt
2019-07-09T11:43:15.477Z - info: Site data built
2019-07-09T11:44:19.445Z - info: [7:44:19 PM] Reload for file change: C:\repos\nus-cs2103-AY1920S1\cs2103-website\book\projectDuke\text.md
2019-07-09T11:44:20.448Z - info: Rebuilding affected source files
2019-07-09T11:44:20.449Z - info: Rebuilding 3 pages
2019-07-09T11:44:20.755Z - info: Pages rebuilt
2019-07-09T11:44:20.764Z - info: Site data built
2019-07-09T11:46:15.198Z - info: [7:46:15 PM] Reload for file change: C:\repos\nus-cs2103-AY1920S1\cs2103-website\book\projectDuke\text.md
2019-07-09T11:46:16.201Z - info: Rebuilding affected source files
2019-07-09T11:46:16.204Z - info: Rebuilding 3 pages
2019-07-09T11:46:16.653Z - info: Pages rebuilt
2019-07-09T11:46:16.665Z - info: Site data built
2019-07-09T11:52:27.716Z - info: [7:52:27 PM] Reload for file change: C:\repos\nus-cs2103-AY1920S1\cs2103-website\book\projectDuke\text.md
2019-07-09T11:52:28.718Z - info: Rebuilding affected source files
2019-07-09T11:52:28.719Z - info: Rebuilding 3 pages
2019-07-09T11:52:29.050Z - info: Pages rebuilt
2019-07-09T11:52:29.059Z - info: Site data built
2019-07-09T11:53:29.292Z - info: [7:53:29 PM] Reload for file change: C:\repos\nus-cs2103-AY1920S1\cs2103-website\book\projectDuke\text.md
2019-07-09T11:53:30.293Z - info: Rebuilding affected source files
2019-07-09T11:53:30.295Z - info: Rebuilding 3 pages
2019-07-09T11:53:30.673Z - info: Pages rebuilt
2019-07-09T11:53:30.683Z - info: Site data built
