2019-11-05T04:05:42.179Z - info: Website generation started at 12:05:35 PM
2019-11-05T04:05:45.996Z - info: Building assets...
2019-11-05T04:05:48.925Z - info: Assets built
2019-11-05T04:05:48.925Z - info: Generating pages...
2019-11-05T04:07:43.155Z - info: Pages built
2019-11-05T04:08:04.317Z - info: Website generation complete! Total build time: 148.744s
2019-11-05T04:08:04.317Z - info: Build success!
2019-11-05T04:08:04.335Z - info: Site data built
2019-11-05T04:09:07.251Z - info: Deployed!
2019-11-05T06:05:32.857Z - info: Website generation started at 2:05:26 PM
2019-11-05T06:05:37.010Z - info: Building assets...
2019-11-05T06:05:39.970Z - info: Assets built
2019-11-05T06:05:39.971Z - info: Generating pages...
2019-11-05T06:07:34.786Z - info: Pages built
2019-11-05T06:07:56.744Z - info: Website generation complete! Total build time: 150.508s
2019-11-05T06:07:57.073Z - info: Serving "C:\repos\nus-cs2103-AY1920S1\cs2103-website\_site" at http://127.0.0.1:8080
2019-11-05T06:07:57.073Z - info: Press CTRL+C to stop ...
2019-11-05T06:07:57.119Z - info: Site data built
2019-11-05T06:11:45.246Z - info: Website generation started at 2:11:38 PM
2019-11-05T06:11:48.820Z - info: Building assets...
2019-11-05T06:11:51.650Z - info: Assets built
2019-11-05T06:11:51.650Z - info: Generating pages...
2019-11-05T06:13:54.361Z - info: Pages built
2019-11-05T06:14:15.614Z - info: Website generation complete! Total build time: 156.942s
2019-11-05T06:14:15.614Z - info: Build success!
2019-11-05T06:14:15.629Z - info: Site data built
2019-11-05T06:15:15.848Z - info: Deployed!
