2019-07-08T10:58:35.249Z - info: Website generation started at 6:58:32 PM
2019-07-08T10:58:37.307Z - info: Building assets...
2019-07-08T10:58:39.582Z - info: Assets built
2019-07-08T10:58:39.582Z - info: Generating pages...
2019-07-08T10:59:55.176Z - info: Pages built
2019-07-08T11:00:11.358Z - info: Website generation complete! Total build time: 99.205s
2019-07-08T11:00:11.714Z - info: Serving "C:\repos\nus-cs2103-AY1920S1\cs2103-website\_site" at http://127.0.0.1:8080
2019-07-08T11:00:11.714Z - info: Press CTRL+C to stop ...
2019-07-08T11:00:11.745Z - info: Site data built
2019-07-08T11:08:16.055Z - info: [7:08:16 PM] Reload for file change: C:\repos\nus-cs2103-AY1920S1\cs2103-website\book\projectDuke\text.md
2019-07-08T11:08:17.057Z - info: Rebuilding affected source files
2019-07-08T11:08:17.059Z - info: Rebuilding 2 pages
2019-07-08T11:08:17.278Z - info: Pages rebuilt
2019-07-08T11:08:17.292Z - info: Site data built
2019-07-08T11:08:35.612Z - info: [7:08:35 PM] Reload for file change: C:\repos\nus-cs2103-AY1920S1\cs2103-website\book\projectDuke\text.md
2019-07-08T11:08:36.613Z - info: Rebuilding affected source files
2019-07-08T11:08:36.615Z - info: Rebuilding 2 pages
2019-07-08T11:08:36.734Z - info: Pages rebuilt
2019-07-08T11:08:36.742Z - info: Site data built
2019-07-08T11:09:31.048Z - info: [7:09:31 PM] Reload for file change: C:\repos\nus-cs2103-AY1920S1\cs2103-website\book\projectDuke\text.md
2019-07-08T11:09:32.049Z - info: Rebuilding affected source files
2019-07-08T11:09:32.050Z - info: Rebuilding 2 pages
2019-07-08T11:09:32.174Z - info: Pages rebuilt
2019-07-08T11:09:32.187Z - info: Site data built
2019-07-08T11:10:32.054Z - info: [7:10:32 PM] Reload for file change: C:\repos\nus-cs2103-AY1920S1\cs2103-website\book\projectDuke\text.md
2019-07-08T11:10:33.055Z - info: Rebuilding affected source files
2019-07-08T11:10:33.056Z - info: Rebuilding 2 pages
2019-07-08T11:10:33.227Z - info: Pages rebuilt
2019-07-08T11:10:33.237Z - info: Site data built
2019-07-08T11:11:07.484Z - info: [7:11:07 PM] Reload for file change: C:\repos\nus-cs2103-AY1920S1\cs2103-website\se-book-adapted\projectDuke\index.md
2019-07-08T11:11:08.484Z - info: Rebuilding affected source files
2019-07-08T11:11:08.485Z - info: Rebuilding 1 pages
2019-07-08T11:11:08.611Z - info: Pages rebuilt
2019-07-08T11:11:08.623Z - info: Site data built
2019-07-08T11:12:49.290Z - info: [7:12:49 PM] Reload for file change: C:\repos\nus-cs2103-AY1920S1\cs2103-website\book\projectDuke\text.md
2019-07-08T11:12:50.291Z - info: Rebuilding affected source files
2019-07-08T11:12:50.292Z - info: Rebuilding 2 pages
2019-07-08T11:12:50.428Z - info: Pages rebuilt
2019-07-08T11:12:50.442Z - info: Site data built
2019-07-08T11:14:55.796Z - info: [7:14:55 PM] Reload for file change: C:\repos\nus-cs2103-AY1920S1\cs2103-website\book\projectDuke\text.md
2019-07-08T11:14:56.797Z - info: Rebuilding affected source files
2019-07-08T11:14:56.798Z - info: Rebuilding 2 pages
2019-07-08T11:14:57.013Z - info: Pages rebuilt
2019-07-08T11:14:57.029Z - info: Site data built
2019-07-08T11:16:23.313Z - info: [7:16:23 PM] Reload for file change: C:\repos\nus-cs2103-AY1920S1\cs2103-website\book\projectDuke\text.md
2019-07-08T11:16:24.314Z - info: Rebuilding affected source files
2019-07-08T11:16:24.315Z - info: Rebuilding 2 pages
2019-07-08T11:16:24.467Z - info: Pages rebuilt
2019-07-08T11:16:24.475Z - info: Site data built
2019-07-08T11:24:15.499Z - info: [7:24:15 PM] Reload for file change: C:\repos\nus-cs2103-AY1920S1\cs2103-website\book\projectDuke\text.md
2019-07-08T11:24:16.500Z - info: Rebuilding affected source files
2019-07-08T11:24:16.503Z - info: Rebuilding 2 pages
2019-07-08T11:24:16.651Z - info: Pages rebuilt
2019-07-08T11:24:16.660Z - info: Site data built
2019-07-08T11:27:05.721Z - info: [7:27:05 PM] Reload for file change: C:\repos\nus-cs2103-AY1920S1\cs2103-website\schedule\week2\project.md
2019-07-08T11:27:06.721Z - info: Rebuilding affected source files
2019-07-08T11:27:06.722Z - info: Rebuilding 1 pages
2019-07-08T11:27:06.825Z - info: Pages rebuilt
2019-07-08T11:27:06.834Z - info: Site data built
2019-07-08T11:27:38.771Z - info: [7:27:38 PM] Reload for file change: C:\repos\nus-cs2103-AY1920S1\cs2103-website\schedule\week2\project.md
2019-07-08T11:27:39.771Z - info: Rebuilding affected source files
2019-07-08T11:27:39.772Z - info: Rebuilding 1 pages
2019-07-08T11:27:39.852Z - info: Pages rebuilt
2019-07-08T11:27:39.861Z - info: Site data built
2019-07-08T11:28:45.872Z - info: [7:28:45 PM] Reload for file change: C:\repos\nus-cs2103-AY1920S1\cs2103-website\schedule\week2\project.md
2019-07-08T11:28:46.872Z - info: Rebuilding affected source files
2019-07-08T11:28:46.873Z - info: Rebuilding 1 pages
2019-07-08T11:28:46.948Z - info: Pages rebuilt
2019-07-08T11:28:46.957Z - info: Site data built
2019-07-08T11:29:19.496Z - info: [7:29:19 PM] Reload for file change: C:\repos\nus-cs2103-AY1920S1\cs2103-website\schedule\week2\project.md
2019-07-08T11:29:20.497Z - info: Rebuilding affected source files
2019-07-08T11:29:20.498Z - info: Rebuilding 1 pages
2019-07-08T11:29:20.588Z - info: Pages rebuilt
2019-07-08T11:29:20.596Z - info: Site data built
2019-07-08T11:32:20.351Z - info: [7:32:20 PM] Reload for file change: C:\repos\nus-cs2103-AY1920S1\cs2103-website\schedule\week2\project.md
2019-07-08T11:32:21.352Z - info: Rebuilding affected source files
2019-07-08T11:32:21.353Z - info: Rebuilding 1 pages
2019-07-08T11:32:21.443Z - info: Pages rebuilt
2019-07-08T11:32:21.451Z - info: Site data built
2019-07-08T11:32:57.318Z - info: [7:32:57 PM] Reload for file change: C:\repos\nus-cs2103-AY1920S1\cs2103-website\schedule\week2\project.md
2019-07-08T11:32:58.320Z - info: Rebuilding affected source files
2019-07-08T11:32:58.321Z - info: Rebuilding 1 pages
2019-07-08T11:32:58.454Z - info: Pages rebuilt
2019-07-08T11:32:58.463Z - info: Site data built
2019-07-08T11:33:11.529Z - info: [7:33:11 PM] Reload for file change: C:\repos\nus-cs2103-AY1920S1\cs2103-website\schedule\week2\project.md
2019-07-08T11:33:12.530Z - info: Rebuilding affected source files
2019-07-08T11:33:12.531Z - info: Rebuilding 1 pages
2019-07-08T11:33:12.631Z - info: Pages rebuilt
2019-07-08T11:33:12.640Z - info: Site data built
2019-07-08T11:33:27.210Z - info: [7:33:27 PM] Reload for file change: C:\repos\nus-cs2103-AY1920S1\cs2103-website\schedule\week2\project.md
2019-07-08T11:33:28.212Z - info: Rebuilding affected source files
2019-07-08T11:33:28.212Z - info: Rebuilding 1 pages
2019-07-08T11:33:28.302Z - info: Pages rebuilt
2019-07-08T11:33:28.310Z - info: Site data built
2019-07-08T11:33:46.793Z - info: [7:33:46 PM] Reload for file change: C:\repos\nus-cs2103-AY1920S1\cs2103-website\schedule\week2\project.md
2019-07-08T11:33:47.794Z - info: Rebuilding affected source files
2019-07-08T11:33:47.795Z - info: Rebuilding 1 pages
2019-07-08T11:33:47.871Z - info: Pages rebuilt
2019-07-08T11:33:47.882Z - info: Site data built
2019-07-08T11:34:13.883Z - info: [7:34:13 PM] Reload for file change: C:\repos\nus-cs2103-AY1920S1\cs2103-website\schedule\week2\project.md
2019-07-08T11:34:14.884Z - info: Rebuilding affected source files
2019-07-08T11:34:14.885Z - info: Rebuilding 1 pages
2019-07-08T11:34:15.018Z - info: Pages rebuilt
2019-07-08T11:34:15.027Z - info: Site data built
2019-07-08T11:39:40.340Z - info: [7:39:40 PM] Reload for file change: C:\repos\nus-cs2103-AY1920S1\cs2103-website\schedule\week2\project.md
2019-07-08T11:39:41.340Z - info: Rebuilding affected source files
2019-07-08T11:39:41.341Z - info: Rebuilding 1 pages
2019-07-08T11:39:41.476Z - info: Pages rebuilt
2019-07-08T11:39:41.485Z - info: Site data built
2019-07-08T11:39:50.744Z - info: [7:39:50 PM] Reload for file change: C:\repos\nus-cs2103-AY1920S1\cs2103-website\schedule\week2\project.md
2019-07-08T11:39:51.746Z - info: Rebuilding affected source files
2019-07-08T11:39:51.747Z - info: Rebuilding 1 pages
2019-07-08T11:39:51.843Z - info: Pages rebuilt
2019-07-08T11:39:51.851Z - info: Site data built
2019-07-08T11:40:01.616Z - info: [7:40:01 PM] Reload for file change: C:\repos\nus-cs2103-AY1920S1\cs2103-website\schedule\week2\project.md
2019-07-08T11:40:02.617Z - info: Rebuilding affected source files
2019-07-08T11:40:02.618Z - info: Rebuilding 1 pages
2019-07-08T11:40:02.715Z - info: Pages rebuilt
2019-07-08T11:40:02.726Z - info: Site data built
2019-07-08T11:41:41.478Z - info: [7:41:41 PM] Reload for file change: C:\repos\nus-cs2103-AY1920S1\cs2103-website\schedule\week2\project.md
2019-07-08T11:41:42.480Z - info: Rebuilding affected source files
2019-07-08T11:41:42.481Z - info: Rebuilding 1 pages
2019-07-08T11:41:42.647Z - info: Pages rebuilt
2019-07-08T11:41:42.659Z - info: Site data built
2019-07-08T11:42:57.198Z - info: [7:42:57 PM] Reload for file change: C:\repos\nus-cs2103-AY1920S1\cs2103-website\schedule\week2\project.md
2019-07-08T11:42:58.200Z - info: Rebuilding affected source files
2019-07-08T11:42:58.201Z - info: Rebuilding 1 pages
2019-07-08T11:42:58.320Z - info: Pages rebuilt
2019-07-08T11:42:58.329Z - info: Site data built
2019-07-08T11:50:47.457Z - info: [7:50:47 PM] Reload for file add: C:\repos\nus-cs2103-AY1920S1\cs2103-website\_markbind\boilerplates\dukeFragment.md
2019-07-08T11:50:48.458Z - warn: Rebuilding all source files
2019-07-08T11:50:50.208Z - info: Assets removed
2019-07-08T11:50:50.208Z - info: Generating pages...
2019-07-08T11:52:17.118Z - info: Pages built
2019-07-08T11:54:25.879Z - info: [7:54:25 PM] Reload for file change: C:\repos\nus-cs2103-AY1920S1\cs2103-website\schedule\week2\project.md
2019-07-08T11:54:25.882Z - info: [7:54:25 PM] Reload for file change: C:\repos\nus-cs2103-AY1920S1\cs2103-website\_markbind\boilerplates\dukeFragment.md
2019-07-08T11:54:26.881Z - info: Rebuilding affected source files
2019-07-08T11:54:26.882Z - info: Rebuilding 1 pages
2019-07-08T11:54:26.898Z - error:  Error: No such file: C:\repos\nus-cs2103-AY1920S1\cs2103-website\schedule\week2\dukeFragment.md
Missing reference in C:\repos\nus-cs2103-AY1920S1\cs2103-website\schedule\week2\project.md
    at Parser._preprocess (C:\Users\dcsdcr\AppData\Roaming\npm\node_modules\markbind-cli\src\lib\markbind\src\parser.js:225:21)
    at element.children.element.children.map.e (C:\Users\dcsdcr\AppData\Roaming\npm\node_modules\markbind-cli\src\lib\markbind\src\parser.js:399:57)
    at Array.map (<anonymous>)
    at Parser._preprocess (C:\Users\dcsdcr\AppData\Roaming\npm\node_modules\markbind-cli\src\lib\markbind\src\parser.js:399:43)
    at dom.map (C:\Users\dcsdcr\AppData\Roaming\npm\node_modules\markbind-cli\src\lib\markbind\src\parser.js:567:28)
    at Array.map (<anonymous>)
    at DomHandler.htmlparser.DomHandler [as _callback] (C:\Users\dcsdcr\AppData\Roaming\npm\node_modules\markbind-cli\src\lib\markbind\src\parser.js:564:25)
    at DomHandler._handleCallback.DomHandler.onerror (C:\Users\dcsdcr\AppData\Roaming\npm\node_modules\markbind-cli\node_modules\domhandler\index.js:52:8)
    at DomHandler.onend (C:\Users\dcsdcr\AppData\Roaming\npm\node_modules\markbind-cli\node_modules\domhandler\index.js:46:7)
    at Parser.onend (C:\Users\dcsdcr\AppData\Roaming\npm\node_modules\markbind-cli\node_modules\htmlparser2\lib\Parser.js:310:32)
    at Tokenizer._finish (C:\Users\dcsdcr\AppData\Roaming\npm\node_modules\markbind-cli\node_modules\htmlparser2\lib\Tokenizer.js:853:12)
    at Tokenizer.end (C:\Users\dcsdcr\AppData\Roaming\npm\node_modules\markbind-cli\node_modules\htmlparser2\lib\Tokenizer.js:844:25)
    at Parser.end (C:\Users\dcsdcr\AppData\Roaming\npm\node_modules\markbind-cli\node_modules\htmlparser2\lib\Parser.js:338:18)
    at Parser.parseComplete (C:\Users\dcsdcr\AppData\Roaming\npm\node_modules\markbind-cli\node_modules\htmlparser2\lib\Parser.js:330:7)
    at fs.readFile (C:\Users\dcsdcr\AppData\Roaming\npm\node_modules\markbind-cli\src\lib\markbind\src\parser.js:606:16)
    at FSReqWrap.readFileAfterClose [as oncomplete] (internal/fs/read_file_context.js:53:3)
2019-07-08T11:54:27.047Z - info: Pages rebuilt
2019-07-08T11:54:27.053Z - info: Site data built
2019-07-08T11:54:54.353Z - info: [7:54:54 PM] Reload for file change: C:\repos\nus-cs2103-AY1920S1\cs2103-website\schedule\week2\project.md
2019-07-08T11:54:55.356Z - info: Rebuilding affected source files
2019-07-08T11:54:55.356Z - info: Rebuilding 1 pages
2019-07-08T11:54:55.498Z - info: Pages rebuilt
2019-07-08T11:54:55.505Z - info: Site data built
2019-07-08T11:55:17.565Z - info: [7:55:17 PM] Reload for file change: C:\repos\nus-cs2103-AY1920S1\cs2103-website\schedule\week2\project.md
2019-07-08T11:55:18.566Z - info: Rebuilding affected source files
2019-07-08T11:55:18.567Z - info: Rebuilding 1 pages
2019-07-08T11:55:18.684Z - info: Pages rebuilt
2019-07-08T11:55:18.692Z - info: Site data built
2019-07-08T11:55:55.516Z - info: [7:55:55 PM] Reload for file change: C:\repos\nus-cs2103-AY1920S1\cs2103-website\_markbind\boilerplates\dukeFragment.md
2019-07-08T11:55:56.517Z - info: Rebuilding affected source files
2019-07-08T11:55:56.518Z - info: Rebuilding 1 pages
2019-07-08T11:55:56.613Z - info: Pages rebuilt
2019-07-08T11:55:56.620Z - info: Site data built
2019-07-08T11:58:04.236Z - info: [7:58:04 PM] Reload for file change: C:\repos\nus-cs2103-AY1920S1\cs2103-website\schedule\week2\project.md
2019-07-08T11:58:05.236Z - info: Rebuilding affected source files
2019-07-08T11:58:05.237Z - info: Rebuilding 1 pages
2019-07-08T11:58:05.330Z - info: Pages rebuilt
2019-07-08T11:58:05.337Z - info: Site data built
2019-07-08T11:58:50.898Z - info: [7:58:50 PM] Reload for file change: C:\repos\nus-cs2103-AY1920S1\cs2103-website\_markbind\boilerplates\dukeFragment.md
2019-07-08T11:58:51.899Z - info: Rebuilding affected source files
2019-07-08T11:58:51.899Z - info: Rebuilding 1 pages
2019-07-08T11:58:51.988Z - info: Pages rebuilt
2019-07-08T11:58:51.996Z - info: Site data built
2019-07-08T12:00:08.064Z - info: [8:00:08 PM] Reload for file change: C:\repos\nus-cs2103-AY1920S1\cs2103-website\schedule\week2\project.md
2019-07-08T12:00:09.064Z - info: Rebuilding affected source files
2019-07-08T12:00:09.065Z - info: Rebuilding 1 pages
2019-07-08T12:00:09.214Z - info: Pages rebuilt
2019-07-08T12:00:09.221Z - info: Site data built
2019-07-08T12:01:04.089Z - info: [8:01:04 PM] Reload for file change: C:\repos\nus-cs2103-AY1920S1\cs2103-website\schedule\week2\project.md
2019-07-08T12:01:05.091Z - info: Rebuilding affected source files
2019-07-08T12:01:05.092Z - info: Rebuilding 1 pages
2019-07-08T12:01:05.212Z - info: Pages rebuilt
2019-07-08T12:01:05.220Z - info: Site data built
2019-07-08T12:03:11.885Z - info: [8:03:11 PM] Reload for file change: C:\repos\nus-cs2103-AY1920S1\cs2103-website\schedule\week2\project.md
2019-07-08T12:03:12.886Z - info: Rebuilding affected source files
2019-07-08T12:03:12.887Z - info: Rebuilding 1 pages
2019-07-08T12:03:13.061Z - info: Pages rebuilt
2019-07-08T12:03:13.068Z - info: Site data built
2019-07-08T12:03:44.742Z - info: [8:03:44 PM] Reload for file change: C:\repos\nus-cs2103-AY1920S1\cs2103-website\schedule\week2\project.md
2019-07-08T12:03:45.742Z - info: Rebuilding affected source files
2019-07-08T12:03:45.743Z - info: Rebuilding 1 pages
2019-07-08T12:03:45.879Z - info: Pages rebuilt
2019-07-08T12:03:45.885Z - info: Site data built
2019-07-08T12:09:21.460Z - info: [8:09:21 PM] Reload for file change: C:\repos\nus-cs2103-AY1920S1\cs2103-website\_markbind\boilerplates\dukeFragment.md
2019-07-08T12:09:22.461Z - info: Rebuilding affected source files
2019-07-08T12:09:22.462Z - info: Rebuilding 1 pages
2019-07-08T12:09:22.634Z - info: Pages rebuilt
2019-07-08T12:09:22.642Z - info: Site data built
2019-07-08T12:10:31.401Z - info: [8:10:31 PM] Reload for file change: C:\repos\nus-cs2103-AY1920S1\cs2103-website\_markbind\boilerplates\dukeFragment.md
2019-07-08T12:10:32.403Z - info: Rebuilding affected source files
2019-07-08T12:10:32.404Z - info: Rebuilding 1 pages
2019-07-08T12:10:32.564Z - info: Pages rebuilt
2019-07-08T12:10:32.571Z - info: Site data built
2019-07-08T12:11:25.447Z - info: [8:11:25 PM] Reload for file change: C:\repos\nus-cs2103-AY1920S1\cs2103-website\_markbind\boilerplates\dukeFragment.md
2019-07-08T12:11:26.448Z - info: Rebuilding affected source files
2019-07-08T12:11:26.449Z - info: Rebuilding 1 pages
2019-07-08T12:11:26.629Z - info: Pages rebuilt
2019-07-08T12:11:26.636Z - info: Site data built
2019-07-08T12:12:04.013Z - info: [8:12:04 PM] Reload for file change: C:\repos\nus-cs2103-AY1920S1\cs2103-website\_markbind\boilerplates\dukeFragment.md
2019-07-08T12:12:05.014Z - info: Rebuilding affected source files
2019-07-08T12:12:05.016Z - info: Rebuilding 1 pages
2019-07-08T12:12:05.145Z - info: Pages rebuilt
2019-07-08T12:12:05.152Z - info: Site data built
2019-07-08T12:12:27.478Z - info: [8:12:27 PM] Reload for file change: C:\repos\nus-cs2103-AY1920S1\cs2103-website\_markbind\boilerplates\dukeFragment.md
2019-07-08T12:12:28.480Z - info: Rebuilding affected source files
2019-07-08T12:12:28.481Z - info: Rebuilding 1 pages
2019-07-08T12:12:28.657Z - info: Pages rebuilt
2019-07-08T12:12:28.664Z - info: Site data built
2019-07-08T12:12:53.512Z - info: [8:12:53 PM] Reload for file change: C:\repos\nus-cs2103-AY1920S1\cs2103-website\_markbind\boilerplates\dukeFragment.md
2019-07-08T12:12:54.513Z - info: Rebuilding affected source files
2019-07-08T12:12:54.514Z - info: Rebuilding 1 pages
2019-07-08T12:12:54.655Z - info: Pages rebuilt
2019-07-08T12:12:54.664Z - info: Site data built
2019-07-08T12:13:07.576Z - info: [8:13:07 PM] Reload for file change: C:\repos\nus-cs2103-AY1920S1\cs2103-website\_markbind\boilerplates\dukeFragment.md
2019-07-08T12:13:08.577Z - info: Rebuilding affected source files
2019-07-08T12:13:08.579Z - info: Rebuilding 1 pages
2019-07-08T12:13:08.769Z - info: Pages rebuilt
2019-07-08T12:13:08.776Z - info: Site data built
2019-07-08T12:13:28.813Z - info: [8:13:28 PM] Reload for file change: C:\repos\nus-cs2103-AY1920S1\cs2103-website\schedule\week2\project.md
2019-07-08T12:13:29.815Z - info: Rebuilding affected source files
2019-07-08T12:13:29.816Z - info: Rebuilding 1 pages
2019-07-08T12:13:29.946Z - info: Pages rebuilt
2019-07-08T12:13:29.957Z - info: Site data built
2019-07-08T12:13:44.406Z - info: [8:13:44 PM] Reload for file change: C:\repos\nus-cs2103-AY1920S1\cs2103-website\schedule\week2\project.md
2019-07-08T12:13:45.408Z - info: Rebuilding affected source files
2019-07-08T12:13:45.409Z - info: Rebuilding 1 pages
2019-07-08T12:13:45.570Z - info: Pages rebuilt
2019-07-08T12:13:45.578Z - info: Site data built
2019-07-08T12:14:09.714Z - info: [8:14:09 PM] Reload for file change: C:\repos\nus-cs2103-AY1920S1\cs2103-website\schedule\week2\project.md
2019-07-08T12:14:09.716Z - info: [8:14:09 PM] Reload for file change: C:\repos\nus-cs2103-AY1920S1\cs2103-website\_markbind\boilerplates\dukeFragment.md
2019-07-08T12:14:10.714Z - info: Rebuilding affected source files
2019-07-08T12:14:10.715Z - info: Rebuilding 1 pages
2019-07-08T12:14:10.854Z - info: Pages rebuilt
2019-07-08T12:14:10.863Z - info: Site data built
2019-07-08T12:14:39.363Z - info: [8:14:39 PM] Reload for file change: C:\repos\nus-cs2103-AY1920S1\cs2103-website\_markbind\boilerplates\dukeFragment.md
2019-07-08T12:14:40.365Z - info: Rebuilding affected source files
2019-07-08T12:14:40.366Z - info: Rebuilding 1 pages
2019-07-08T12:14:40.507Z - info: Pages rebuilt
2019-07-08T12:14:40.513Z - info: Site data built
2019-07-08T12:15:24.490Z - info: [8:15:24 PM] Reload for file change: C:\repos\nus-cs2103-AY1920S1\cs2103-website\_markbind\boilerplates\dukeFragment.md
2019-07-08T12:15:25.490Z - info: Rebuilding affected source files
2019-07-08T12:15:25.491Z - info: Rebuilding 1 pages
2019-07-08T12:15:25.612Z - info: Pages rebuilt
2019-07-08T12:15:25.622Z - info: Site data built
2019-07-08T12:15:41.182Z - info: [8:15:41 PM] Reload for file change: C:\repos\nus-cs2103-AY1920S1\cs2103-website\_markbind\boilerplates\dukeFragment.md
2019-07-08T12:15:42.183Z - info: Rebuilding affected source files
2019-07-08T12:15:42.183Z - info: Rebuilding 1 pages
2019-07-08T12:15:42.351Z - info: Pages rebuilt
2019-07-08T12:15:42.358Z - info: Site data built
2019-07-08T12:16:05.839Z - info: [8:16:05 PM] Reload for file change: C:\repos\nus-cs2103-AY1920S1\cs2103-website\_markbind\boilerplates\dukeFragment.md
2019-07-08T12:16:06.840Z - info: Rebuilding affected source files
2019-07-08T12:16:06.841Z - info: Rebuilding 1 pages
2019-07-08T12:16:06.955Z - info: Pages rebuilt
2019-07-08T12:16:06.966Z - info: Site data built
2019-07-08T12:16:57.710Z - info: [8:16:57 PM] Reload for file change: C:\repos\nus-cs2103-AY1920S1\cs2103-website\_markbind\boilerplates\dukeFragment.md
2019-07-08T12:16:58.711Z - info: Rebuilding affected source files
2019-07-08T12:16:58.713Z - info: Rebuilding 1 pages
2019-07-08T12:16:58.899Z - info: Pages rebuilt
2019-07-08T12:16:58.907Z - info: Site data built
2019-07-08T12:17:16.155Z - info: [8:17:16 PM] Reload for file change: C:\repos\nus-cs2103-AY1920S1\cs2103-website\_markbind\boilerplates\dukeFragment.md
2019-07-08T12:17:17.156Z - info: Rebuilding affected source files
2019-07-08T12:17:17.157Z - info: Rebuilding 1 pages
2019-07-08T12:17:17.335Z - info: Pages rebuilt
2019-07-08T12:17:17.344Z - info: Site data built
2019-07-08T12:18:12.055Z - info: [8:18:12 PM] Reload for file change: C:\repos\nus-cs2103-AY1920S1\cs2103-website\schedule\week2\project.md
2019-07-08T12:18:13.057Z - info: Rebuilding affected source files
2019-07-08T12:18:13.058Z - info: Rebuilding 1 pages
2019-07-08T12:18:13.217Z - info: Pages rebuilt
2019-07-08T12:18:13.224Z - info: Site data built
2019-07-08T12:19:56.297Z - info: [8:19:56 PM] Reload for file change: C:\repos\nus-cs2103-AY1920S1\cs2103-website\schedule\week2\project.md
2019-07-08T12:19:57.298Z - info: Rebuilding affected source files
2019-07-08T12:19:57.300Z - info: Rebuilding 1 pages
2019-07-08T12:19:57.441Z - info: Pages rebuilt
2019-07-08T12:19:57.450Z - info: Site data built
2019-07-08T12:20:24.121Z - info: [8:20:24 PM] Reload for file change: C:\repos\nus-cs2103-AY1920S1\cs2103-website\_markbind\boilerplates\dukeFragment.md
2019-07-08T12:20:25.122Z - info: Rebuilding affected source files
2019-07-08T12:20:25.122Z - info: Rebuilding 1 pages
2019-07-08T12:20:25.260Z - info: Pages rebuilt
2019-07-08T12:20:25.267Z - info: Site data built
2019-07-08T12:20:45.487Z - info: [8:20:45 PM] Reload for file change: C:\repos\nus-cs2103-AY1920S1\cs2103-website\_markbind\boilerplates\dukeFragment.md
2019-07-08T12:20:46.488Z - info: Rebuilding affected source files
2019-07-08T12:20:46.489Z - info: Rebuilding 1 pages
2019-07-08T12:20:46.622Z - info: Pages rebuilt
2019-07-08T12:20:46.630Z - info: Site data built
2019-07-08T12:21:44.648Z - info: [8:21:44 PM] Reload for file change: C:\repos\nus-cs2103-AY1920S1\cs2103-website\_markbind\boilerplates\dukeFragment.md
2019-07-08T12:21:45.648Z - info: Rebuilding affected source files
2019-07-08T12:21:45.649Z - info: Rebuilding 1 pages
2019-07-08T12:21:45.802Z - info: Pages rebuilt
2019-07-08T12:21:45.809Z - info: Site data built
2019-07-08T12:21:58.720Z - info: [8:21:58 PM] Reload for file change: C:\repos\nus-cs2103-AY1920S1\cs2103-website\_markbind\boilerplates\dukeFragment.md
2019-07-08T12:21:59.721Z - info: Rebuilding affected source files
2019-07-08T12:21:59.722Z - info: Rebuilding 1 pages
2019-07-08T12:21:59.849Z - info: Pages rebuilt
2019-07-08T12:21:59.857Z - info: Site data built
