2019-08-31T03:27:42.554Z - info: Website generation started at 11:27:34
2019-08-31T03:27:49.013Z - info: Building assets...
2019-08-31T03:27:51.789Z - info: Assets built
2019-08-31T03:27:51.789Z - info: Generating pages...
2019-08-31T03:30:21.631Z - info: Pages built
2019-08-31T03:30:54.934Z - info: Website generation complete! Total build time: 199.938s
2019-08-31T03:30:54.934Z - info: Build success!
2019-08-31T03:30:55.010Z - info: Site data built
2019-08-31T03:32:02.579Z - info: Deployed!
2019-08-31T03:35:44.794Z - info: Website generation started at 11:35:37
2019-08-31T03:35:48.210Z - info: Building assets...
2019-08-31T03:35:51.504Z - info: Assets built
2019-08-31T03:35:51.512Z - info: Generating pages...
2019-08-31T03:38:08.914Z - info: Pages built
2019-08-31T03:38:32.511Z - info: Website generation complete! Total build time: 175.101s
2019-08-31T03:38:32.816Z - info: Serving "C:\repos\nus-cs2103-AY1920S1\cs2103-website\_site" at http://127.0.0.1:8080
2019-08-31T03:38:32.816Z - info: Press CTRL+C to stop ...
2019-08-31T03:38:32.899Z - info: Site data built
2019-08-31T03:43:28.709Z - info: [11:43:28] Reload for file change: C:\repos\nus-cs2103-AY1920S1\cs2103-website\admin\project-w04-inception.md
2019-08-31T03:43:29.715Z - info: Rebuilding affected source files
2019-08-31T03:43:29.721Z - info: Rebuilding 6 pages
2019-08-31T03:43:35.751Z - info: Pages rebuilt
2019-08-31T03:43:35.771Z - info: Site data built
2019-08-31T03:43:54.342Z - info: [11:43:54] Reload for file change: C:\repos\nus-cs2103-AY1920S1\cs2103-website\admin\project-w04-inception.md
2019-08-31T03:43:55.347Z - info: Rebuilding affected source files
2019-08-31T03:43:55.349Z - info: Rebuilding 6 pages
2019-08-31T03:44:00.603Z - info: Pages rebuilt
2019-08-31T03:44:00.616Z - info: Site data built
2019-08-31T03:53:23.723Z - info: Website generation started at 11:53:18
2019-08-31T03:53:26.073Z - info: Building assets...
2019-08-31T03:53:28.270Z - info: Assets built
2019-08-31T03:53:28.271Z - info: Generating pages...
2019-08-31T03:55:34.647Z - info: Pages built
2019-08-31T03:56:01.019Z - info: Website generation complete! Total build time: 162.226s
2019-08-31T03:56:01.019Z - info: Build success!
2019-08-31T03:56:01.035Z - info: Site data built
2019-08-31T03:56:44.788Z - info: Deployed!
2019-08-31T04:58:42.700Z - info: Website generation started at 12:58:36
2019-08-31T04:58:46.126Z - info: Building assets...
2019-08-31T04:58:49.544Z - info: Assets built
2019-08-31T04:58:49.545Z - info: Generating pages...
2019-08-31T05:01:13.633Z - info: Pages built
2019-08-31T05:01:44.628Z - info: Website generation complete! Total build time: 187.772s
2019-08-31T05:01:44.628Z - info: Build success!
2019-08-31T05:01:44.651Z - info: Site data built
2019-08-31T05:02:33.832Z - info: Deployed!
2019-08-31T06:03:14.950Z - info: Website generation started at 14:03:07
2019-08-31T06:03:18.893Z - info: Building assets...
2019-08-31T06:03:21.923Z - info: Assets built
2019-08-31T06:03:21.923Z - info: Generating pages...
2019-08-31T06:06:23.947Z - info: Pages built
2019-08-31T06:07:00.244Z - info: Website generation complete! Total build time: 232.701s
2019-08-31T06:07:00.749Z - info: Serving "C:\repos\nus-cs2103-AY1920S1\cs2103-website\_site" at http://127.0.0.1:8080
2019-08-31T06:07:00.749Z - info: Press CTRL+C to stop ...
2019-08-31T06:07:00.777Z - info: Site data built
2019-08-31T06:07:01.221Z - info: [14:07:01] Reload for file change: C:\repos\nus-cs2103-AY1920S1\cs2103-website\admin\ip-w04.md
2019-08-31T06:07:02.583Z - info: Rebuilding affected source files
2019-08-31T06:07:02.587Z - info: Rebuilding 6 pages
2019-08-31T06:07:14.141Z - info: Pages rebuilt
2019-08-31T06:07:14.745Z - info: Site data built
2019-08-31T06:07:48.906Z - info: [14:07:48] Reload for file change: C:\repos\nus-cs2103-AY1920S1\cs2103-website\admin\ip-w04.md
2019-08-31T06:07:49.913Z - info: Rebuilding affected source files
2019-08-31T06:07:49.920Z - info: Rebuilding 6 pages
2019-08-31T06:07:55.949Z - info: Pages rebuilt
2019-08-31T06:07:55.964Z - info: Site data built
2019-08-31T06:08:09.175Z - info: [14:08:09] Reload for file change: C:\repos\nus-cs2103-AY1920S1\cs2103-website\admin\ip-w04.md
2019-08-31T06:08:10.178Z - info: Rebuilding affected source files
2019-08-31T06:08:10.190Z - info: Rebuilding 6 pages
2019-08-31T06:08:17.120Z - info: Pages rebuilt
2019-08-31T06:08:17.136Z - info: Site data built
2019-08-31T06:08:40.708Z - info: [14:08:40] Reload for file change: C:\repos\nus-cs2103-AY1920S1\cs2103-website\admin\ip-w04.md
2019-08-31T06:08:41.710Z - info: Rebuilding affected source files
2019-08-31T06:08:41.710Z - info: Rebuilding 6 pages
2019-08-31T06:08:48.130Z - info: Pages rebuilt
2019-08-31T06:08:48.144Z - info: Site data built
2019-08-31T06:09:32.726Z - info: [14:09:32] Reload for file change: C:\repos\nus-cs2103-AY1920S1\cs2103-website\admin\ip-w04.md
2019-08-31T06:09:33.729Z - info: Rebuilding affected source files
2019-08-31T06:09:33.737Z - info: Rebuilding 6 pages
2019-08-31T06:09:40.275Z - info: Pages rebuilt
2019-08-31T06:09:40.291Z - info: Site data built
2019-08-31T06:22:04.681Z - info: [14:22:04] Reload for file change: C:\repos\nus-cs2103-AY1920S1\cs2103-website\admin\ip-w04.md
2019-08-31T06:22:05.698Z - info: Rebuilding affected source files
2019-08-31T06:22:05.714Z - info: Rebuilding 6 pages
2019-08-31T06:22:12.570Z - info: Pages rebuilt
2019-08-31T06:22:12.598Z - info: Site data built
2019-08-31T06:25:40.671Z - info: [14:25:40] Reload for file change: C:\repos\nus-cs2103-AY1920S1\cs2103-website\admin\ip-w04.md
2019-08-31T06:25:41.676Z - info: Rebuilding affected source files
2019-08-31T06:25:41.676Z - info: Rebuilding 6 pages
2019-08-31T06:25:48.761Z - info: Pages rebuilt
2019-08-31T06:25:48.769Z - info: Site data built
2019-08-31T06:26:11.931Z - info: [14:26:11] Reload for file change: C:\repos\nus-cs2103-AY1920S1\cs2103-website\admin\ip-w04.md
2019-08-31T06:26:12.940Z - info: Rebuilding affected source files
2019-08-31T06:26:12.940Z - info: Rebuilding 6 pages
2019-08-31T06:26:19.564Z - info: Pages rebuilt
2019-08-31T06:26:19.592Z - info: Site data built
2019-08-31T06:28:30.299Z - info: [14:28:30] Reload for file change: C:\repos\nus-cs2103-AY1920S1\cs2103-website\admin\ip-w04.md
2019-08-31T06:28:31.305Z - info: Rebuilding affected source files
2019-08-31T06:28:31.309Z - info: Rebuilding 6 pages
2019-08-31T06:28:38.734Z - info: Pages rebuilt
2019-08-31T06:28:38.746Z - info: Site data built
2019-08-31T06:31:31.955Z - info: [14:31:31] Reload for file change: C:\repos\nus-cs2103-AY1920S1\cs2103-website\admin\ip-w04.md
2019-08-31T06:31:32.960Z - info: Rebuilding affected source files
2019-08-31T06:31:32.967Z - info: Rebuilding 6 pages
2019-08-31T06:31:40.618Z - info: Pages rebuilt
2019-08-31T06:31:40.626Z - info: Site data built
2019-08-31T06:32:48.919Z - info: [14:32:48] Reload for file change: C:\repos\nus-cs2103-AY1920S1\cs2103-website\admin\ip-w04.md
2019-08-31T06:32:49.925Z - info: Rebuilding affected source files
2019-08-31T06:32:49.933Z - info: Rebuilding 6 pages
2019-08-31T06:32:57.643Z - info: Pages rebuilt
2019-08-31T06:32:57.655Z - info: Site data built
2019-08-31T07:13:42.481Z - info: Website generation started at 15:13:35
2019-08-31T07:13:46.764Z - info: Building assets...
2019-08-31T07:13:49.462Z - info: Assets built
2019-08-31T07:13:49.462Z - info: Generating pages...
2019-08-31T07:16:14.604Z - info: Pages built
2019-08-31T07:16:40.801Z - info: Website generation complete! Total build time: 185.181s
2019-08-31T07:16:40.801Z - info: Build success!
2019-08-31T07:16:40.821Z - info: Site data built
2019-08-31T07:17:33.751Z - info: Deployed!
