2019-09-08T14:52:36.786Z - info: Website generation started at 22:52:30
2019-09-08T14:52:39.928Z - info: Building assets...
2019-09-08T14:52:42.613Z - info: Assets built
2019-09-08T14:52:42.613Z - info: Generating pages...
2019-09-08T14:55:41.790Z - info: Pages built
2019-09-08T14:56:14.812Z - info: Website generation complete! Total build time: 224.394s
2019-09-08T14:56:15.153Z - info: Serving "C:\repos\nus-cs2103-AY1920S1\cs2103-website\_site" at http://127.0.0.1:8080
2019-09-08T14:56:15.153Z - info: Press CTRL+C to stop ...
2019-09-08T14:56:15.173Z - info: Site data built
2019-09-08T14:58:29.469Z - info: [22:58:29] Reload for file change: C:\repos\nus-cs2103-AY1920S1\cs2103-website\schedule\week6\notices-cs2103.md
2019-09-08T14:58:30.481Z - info: Rebuilding affected source files
2019-09-08T14:58:30.481Z - info: Rebuilding 1 pages
2019-09-08T14:58:31.128Z - info: Pages rebuilt
2019-09-08T14:58:31.132Z - info: Site data built
2019-09-08T15:13:12.592Z - info: [23:13:12] Reload for file change: C:\repos\nus-cs2103-AY1920S1\cs2103-website\schedule\week6\notices-cs2103.md
2019-09-08T15:13:13.613Z - info: Rebuilding affected source files
2019-09-08T15:13:13.629Z - info: Rebuilding 1 pages
2019-09-08T15:13:14.289Z - info: Pages rebuilt
2019-09-08T15:13:14.297Z - info: Site data built
2019-09-08T15:14:18.591Z - info: [23:14:18] Reload for file change: C:\repos\nus-cs2103-AY1920S1\cs2103-website\schedule\week6\notices-cs2103.md
2019-09-08T15:14:19.597Z - info: Rebuilding affected source files
2019-09-08T15:14:19.597Z - info: Rebuilding 1 pages
2019-09-08T15:14:20.049Z - info: Pages rebuilt
2019-09-08T15:14:20.057Z - info: Site data built
2019-09-08T15:26:45.379Z - info: Website generation started at 23:26:39
2019-09-08T15:26:47.914Z - info: Building assets...
2019-09-08T15:26:50.291Z - info: Assets built
2019-09-08T15:26:50.292Z - info: Generating pages...
2019-09-08T15:30:13.043Z - info: Pages built
2019-09-08T15:30:39.686Z - info: Website generation complete! Total build time: 239.86s
2019-09-08T15:30:39.690Z - info: Build success!
2019-09-08T15:30:39.710Z - info: Site data built
2019-09-08T15:31:40.881Z - info: Deployed!
