2019-11-13T07:52:01.651Z - info: Website generation started at 3:51:54 PM
2019-11-13T07:52:06.401Z - info: Building assets...
2019-11-13T07:52:09.319Z - info: Assets built
2019-11-13T07:52:09.319Z - info: Generating pages...
2019-11-13T07:53:58.810Z - info: Pages built
2019-11-13T07:54:20.687Z - info: Website generation complete! Total build time: 146.423s
2019-11-13T07:54:21.042Z - info: Serving "C:\repos\nus-cs2103-AY1920S1\cs2103-website\_site" at http://127.0.0.1:8080
2019-11-13T07:54:21.042Z - info: Press CTRL+C to stop ...
2019-11-13T07:54:21.087Z - info: Site data built
2019-11-13T07:55:36.189Z - info: [3:55:36 PM] Reload for file change: C:\repos\nus-cs2103-AY1920S1\cs2103-website\admin\projectGrading.md
2019-11-13T07:55:37.191Z - info: Rebuilding affected source files
2019-11-13T07:55:37.192Z - info: Rebuilding 1 pages
2019-11-13T07:55:39.115Z - info: Pages rebuilt
2019-11-13T07:55:39.132Z - info: Site data built
2019-11-13T07:57:17.686Z - info: [3:57:17 PM] Reload for file change: C:\repos\nus-cs2103-AY1920S1\cs2103-website\admin\projectGrading.md
2019-11-13T07:57:18.688Z - info: Rebuilding affected source files
2019-11-13T07:57:18.690Z - info: Rebuilding 1 pages
2019-11-13T07:57:20.567Z - info: Pages rebuilt
2019-11-13T07:57:20.597Z - info: Site data built
2019-11-13T08:01:53.968Z - info: [4:01:53 PM] Reload for file change: C:\repos\nus-cs2103-AY1920S1\cs2103-website\admin\projectGrading.md
2019-11-13T08:01:54.970Z - info: Rebuilding affected source files
2019-11-13T08:01:54.972Z - info: Rebuilding 1 pages
2019-11-13T08:01:56.912Z - info: Pages rebuilt
2019-11-13T08:01:56.946Z - info: Site data built
2019-11-13T08:03:58.234Z - info: [4:03:58 PM] Reload for file change: C:\repos\nus-cs2103-AY1920S1\cs2103-website\admin\projectGrading.md
2019-11-13T08:03:59.236Z - info: Rebuilding affected source files
2019-11-13T08:03:59.238Z - info: Rebuilding 1 pages
2019-11-13T08:04:01.194Z - info: Pages rebuilt
2019-11-13T08:04:01.211Z - info: Site data built
2019-11-13T08:07:45.203Z - info: [4:07:45 PM] Reload for file change: C:\repos\nus-cs2103-AY1920S1\cs2103-website\admin\projectGrading.md
2019-11-13T08:07:46.205Z - info: Rebuilding affected source files
2019-11-13T08:07:46.206Z - info: Rebuilding 1 pages
2019-11-13T08:07:48.455Z - info: Pages rebuilt
2019-11-13T08:07:48.473Z - info: Site data built
2019-11-13T08:11:44.786Z - info: [4:11:44 PM] Reload for file change: C:\repos\nus-cs2103-AY1920S1\cs2103-website\admin\projectGrading.md
2019-11-13T08:11:45.789Z - info: Rebuilding affected source files
2019-11-13T08:11:45.790Z - info: Rebuilding 1 pages
2019-11-13T08:11:47.726Z - info: Pages rebuilt
2019-11-13T08:11:47.742Z - info: Site data built
2019-11-13T08:23:30.120Z - info: [4:23:30 PM] Reload for file change: C:\repos\nus-cs2103-AY1920S1\cs2103-website\admin\projectGrading.md
2019-11-13T08:23:31.123Z - info: Rebuilding affected source files
2019-11-13T08:23:31.124Z - info: Rebuilding 1 pages
2019-11-13T08:23:33.161Z - info: Pages rebuilt
2019-11-13T08:23:33.176Z - info: Site data built
2019-11-13T08:24:16.593Z - info: [4:24:16 PM] Reload for file change: C:\repos\nus-cs2103-AY1920S1\cs2103-website\admin\projectGrading.md
2019-11-13T08:24:17.595Z - info: Rebuilding affected source files
2019-11-13T08:24:17.597Z - info: Rebuilding 1 pages
2019-11-13T08:24:19.756Z - info: Pages rebuilt
2019-11-13T08:24:19.776Z - info: Site data built
2019-11-13T08:24:42.193Z - info: [4:24:42 PM] Reload for file change: C:\repos\nus-cs2103-AY1920S1\cs2103-website\admin\projectGrading.md
2019-11-13T08:24:43.194Z - info: Rebuilding affected source files
2019-11-13T08:24:43.195Z - info: Rebuilding 1 pages
2019-11-13T08:24:45.213Z - info: Pages rebuilt
2019-11-13T08:24:45.229Z - info: Site data built
2019-11-13T08:28:53.780Z - info: [4:28:53 PM] Reload for file change: C:\repos\nus-cs2103-AY1920S1\cs2103-website\admin\projectGrading.md
2019-11-13T08:28:54.781Z - info: Rebuilding affected source files
2019-11-13T08:28:54.782Z - info: Rebuilding 1 pages
2019-11-13T08:28:56.775Z - info: Pages rebuilt
2019-11-13T08:28:56.791Z - info: Site data built
2019-11-13T11:44:05.363Z - info: [7:44:05 PM] Reload for file change: C:\repos\nus-cs2103-AY1920S1\cs2103-website\admin\project-w13-v14.md
2019-11-13T11:44:06.372Z - info: Rebuilding affected source files
2019-11-13T11:44:06.396Z - info: Rebuilding 7 pages
2019-11-13T11:44:13.232Z - info: Pages rebuilt
2019-11-13T11:44:13.267Z - info: Site data built
2019-11-13T11:45:37.620Z - info: [7:45:37 PM] Reload for file change: C:\repos\nus-cs2103-AY1920S1\cs2103-website\admin\project-w13-v14.md
2019-11-13T11:45:38.622Z - info: Rebuilding affected source files
2019-11-13T11:45:38.624Z - info: Rebuilding 7 pages
2019-11-13T11:45:43.137Z - info: Pages rebuilt
2019-11-13T11:45:43.153Z - info: Site data built
2019-11-13T11:56:10.518Z - info: Website generation started at 7:56:04 PM
2019-11-13T11:56:14.448Z - info: Building assets...
2019-11-13T11:56:17.652Z - info: Assets built
2019-11-13T11:56:17.652Z - info: Generating pages...
2019-11-13T11:58:10.618Z - info: Pages built
2019-11-13T11:58:32.925Z - info: Website generation complete! Total build time: 148.78s
2019-11-13T11:58:32.925Z - info: Build success!
2019-11-13T11:58:32.942Z - info: Site data built
2019-11-13T11:59:37.064Z - info: Deployed!
