2019-08-16T07:08:51.603Z - info: Website generation started at 3:08:44 PM
2019-08-16T07:08:55.354Z - info: Building assets...
2019-08-16T07:08:58.015Z - info: Assets built
2019-08-16T07:08:58.015Z - info: Generating pages...
2019-08-16T07:10:49.356Z - info: Pages built
2019-08-16T07:11:13.035Z - info: Website generation complete! Total build time: 148.264s
2019-08-16T07:11:13.392Z - info: Serving "C:\repos\nus-cs2103-AY1920S1\cs2103-website\_site" at http://127.0.0.1:8080
2019-08-16T07:11:13.392Z - info: Press CTRL+C to stop ...
2019-08-16T07:11:13.422Z - info: Site data built
2019-08-16T07:15:14.048Z - info: Website generation started at 3:15:07 PM
2019-08-16T07:15:17.903Z - info: Building assets...
2019-08-16T07:15:20.864Z - info: Assets built
2019-08-16T07:15:20.864Z - info: Generating pages...
2019-08-16T07:17:10.546Z - info: Pages built
2019-08-16T07:17:32.389Z - info: Website generation complete! Total build time: 144.425s
2019-08-16T07:17:32.389Z - info: Build success!
2019-08-16T07:17:32.403Z - info: Site data built
2019-08-16T07:18:51.989Z - info: Deployed!
2019-08-16T12:25:56.706Z - info: Website generation started at 8:25:48 PM
2019-08-16T12:26:00.739Z - info: Building assets...
