2019-10-31T04:22:42.280Z - info: Website generation started at 12:22:34 PM
2019-10-31T04:22:47.217Z - info: Building assets...
2019-10-31T04:22:51.155Z - info: Assets built
2019-10-31T04:22:51.156Z - info: Generating pages...
2019-10-31T04:25:08.524Z - info: Pages built
2019-10-31T04:25:33.496Z - info: Website generation complete! Total build time: 179.047s
2019-10-31T04:25:33.861Z - info: Serving "C:\repos\nus-cs2103-AY1920S1\cs2103-website\_site" at http://127.0.0.1:8080
2019-10-31T04:25:33.861Z - info: Press CTRL+C to stop ...
2019-10-31T04:25:33.893Z - info: Site data built
2019-10-31T04:25:34.998Z - info: [12:25:34 PM] Reload for file change: C:\repos\nus-cs2103-AY1920S1\cs2103-website\admin\project-w10-mid-v13.md
2019-10-31T04:25:36.099Z - info: Rebuilding affected source files
2019-10-31T04:25:36.101Z - info: Rebuilding 5 pages
2019-10-31T04:25:52.305Z - info: Pages rebuilt
2019-10-31T04:25:52.335Z - info: Site data built
2019-10-31T04:31:33.702Z - info: [12:31:33 PM] Reload for file change: C:\repos\nus-cs2103-AY1920S1\cs2103-website\admin\project-w10-mid-v13.md
2019-10-31T04:31:34.705Z - info: Rebuilding affected source files
2019-10-31T04:31:34.707Z - info: Rebuilding 5 pages
2019-10-31T04:31:39.000Z - info: Pages rebuilt
2019-10-31T04:31:39.012Z - info: Site data built
2019-10-31T04:32:57.502Z - info: [12:32:57 PM] Reload for file change: C:\repos\nus-cs2103-AY1920S1\cs2103-website\admin\project-w10-mid-v13.md
2019-10-31T04:32:58.504Z - info: Rebuilding affected source files
2019-10-31T04:32:58.506Z - info: Rebuilding 5 pages
2019-10-31T04:33:02.786Z - info: Pages rebuilt
2019-10-31T04:33:02.800Z - info: Site data built
2019-10-31T04:36:30.971Z - info: [12:36:30 PM] Reload for file change: C:\repos\nus-cs2103-AY1920S1\cs2103-website\admin\project-w12-mid-v14.md
2019-10-31T04:36:31.971Z - info: Rebuilding affected source files
2019-10-31T04:36:31.973Z - info: Rebuilding 4 pages
2019-10-31T04:36:36.230Z - info: Pages rebuilt
2019-10-31T04:36:36.245Z - info: Site data built
2019-10-31T04:40:58.684Z - info: Website generation started at 12:40:51 PM
2019-10-31T04:41:02.773Z - info: Building assets...
