2019-10-01T03:12:55.607Z - info: Website generation started at 11:12:49 AM
2019-10-01T03:12:59.706Z - info: Building assets...
2019-10-01T03:13:02.646Z - info: Assets built
2019-10-01T03:13:02.646Z - info: Generating pages...
2019-10-01T03:14:52.890Z - info: Pages built
2019-10-01T03:15:13.651Z - info: Website generation complete! Total build time: 144.649s
2019-10-01T03:15:13.934Z - info: Serving "C:\repos\nus-cs2103-AY1920S1\cs2103-website\_site" at http://127.0.0.1:8080
2019-10-01T03:15:13.934Z - info: Press CTRL+C to stop ...
2019-10-01T03:15:13.967Z - info: Site data built
2019-10-01T03:19:23.717Z - info: [11:19:23 AM] Reload for file change: C:\repos\nus-cs2103-AY1920S1\cs2103-website\admin\project-w07-v11.md
2019-10-01T03:19:24.720Z - info: Rebuilding affected source files
2019-10-01T03:19:24.725Z - info: Rebuilding 6 pages
2019-10-01T03:19:27.678Z - info: [11:19:27 AM] Reload for file change: C:\repos\nus-cs2103-AY1920S1\cs2103-website\admin\project-w07-v11.md
2019-10-01T03:19:29.808Z - info: Pages rebuilt
2019-10-01T03:19:29.822Z - info: Site data built
2019-10-01T03:19:29.836Z - info: Rebuilding affected source files
2019-10-01T03:19:29.838Z - info: Rebuilding 6 pages
2019-10-01T03:19:33.976Z - info: Pages rebuilt
2019-10-01T03:19:33.990Z - info: Site data built
2019-10-01T03:22:06.615Z - info: [11:22:06 AM] Reload for file change: C:\repos\nus-cs2103-AY1920S1\cs2103-website\admin\project-w07-v11.md
2019-10-01T03:22:06.622Z - info: [11:22:06 AM] Reload for file change: C:\repos\nus-cs2103-AY1920S1\cs2103-website\admin\project-w06-mid-v11.md
2019-10-01T03:22:07.617Z - info: Rebuilding affected source files
2019-10-01T03:22:07.621Z - info: Rebuilding 9 pages
2019-10-01T03:22:12.778Z - info: Pages rebuilt
2019-10-01T03:22:12.793Z - info: Site data built
2019-10-01T03:23:02.001Z - info: [11:23:02 AM] Reload for file change: C:\repos\nus-cs2103-AY1920S1\cs2103-website\admin\project-w07-v11.md
2019-10-01T03:23:03.002Z - info: Rebuilding affected source files
2019-10-01T03:23:03.004Z - info: Rebuilding 6 pages
2019-10-01T03:23:07.213Z - info: Pages rebuilt
2019-10-01T03:23:07.228Z - info: Site data built
2019-10-01T03:26:24.611Z - info: Website generation started at 11:26:18 AM
2019-10-01T03:26:28.477Z - info: Building assets...
