2019-10-09T15:36:00.470Z - info: Website generation started at 23:35:51
2019-10-09T15:36:03.076Z - info: Building assets...
2019-10-09T15:36:05.414Z - info: Assets built
2019-10-09T15:36:05.414Z - info: Generating pages...
2019-10-09T15:38:34.454Z - info: Pages built
2019-10-09T15:39:04.154Z - info: Website generation complete! Total build time: 192.946s
2019-10-09T15:39:04.462Z - info: Serving "C:\repos\nus-cs2103-AY1920S1\cs2103-website\_site" at http://127.0.0.1:8080
2019-10-09T15:39:04.462Z - info: Press CTRL+C to stop ...
2019-10-09T15:39:04.499Z - info: Site data built
2019-10-09T15:40:10.511Z - info: [23:40:10] Reload for file change: C:\repos\nus-cs2103-AY1920S1\cs2103-website\book\uml\classDiagrams\associationsAsAttributes\what\text.md
2019-10-09T15:40:11.527Z - info: Rebuilding affected source files
2019-10-09T15:40:11.543Z - info: Rebuilding 14 pages
2019-10-09T15:40:31.275Z - info: Pages rebuilt
2019-10-09T15:40:31.314Z - info: Site data built
2019-10-09T15:42:14.340Z - info: [23:42:14] Reload for file change: C:\repos\nus-cs2103-AY1920S1\cs2103-website\book\uml\classDiagrams\associationsAsAttributes\what\text.md
2019-10-09T15:42:15.346Z - info: Rebuilding affected source files
2019-10-09T15:42:15.353Z - info: Rebuilding 14 pages
2019-10-09T15:42:33.906Z - info: [23:42:33] Reload for file change: C:\repos\nus-cs2103-AY1920S1\cs2103-website\book\uml\classDiagrams\associationsAsAttributes\what\text.md
2019-10-09T15:42:38.195Z - info: Pages rebuilt
2019-10-09T15:42:38.242Z - info: Site data built
2019-10-09T15:42:38.615Z - info: Rebuilding affected source files
2019-10-09T15:42:38.621Z - info: Rebuilding 14 pages
2019-10-09T15:43:02.608Z - info: Pages rebuilt
2019-10-09T15:43:02.641Z - info: Site data built
2019-10-09T15:44:09.323Z - info: [23:44:09] Reload for file change: C:\repos\nus-cs2103-AY1920S1\cs2103-website\schedule\index.md
2019-10-09T15:44:10.326Z - info: Rebuilding affected source files
2019-10-09T15:44:10.331Z - info: Rebuilding 2 pages
2019-10-09T15:44:12.153Z - info: Pages rebuilt
2019-10-09T15:44:12.162Z - info: Site data built
2019-10-09T15:48:59.601Z - info: Website generation started at 23:48:53
2019-10-09T15:49:02.006Z - info: Building assets...
