2019-07-30T04:09:44.332Z - info: Website generation started at 12:09:37 PM
2019-07-30T04:09:48.261Z - info: Building assets...
2019-07-30T04:09:51.113Z - info: Assets built
2019-07-30T04:09:51.113Z - info: Generating pages...
2019-07-30T04:11:51.923Z - info: Pages built
2019-07-30T04:12:15.091Z - info: Website generation complete! Total build time: 157.33s
2019-07-30T04:12:15.136Z - info: Site data built
2019-07-30T04:12:16.805Z - info: Serving "C:\repos\nus-cs2103-AY1920S1\cs2103-website\_site" at http://127.0.0.1:53664
2019-07-30T04:12:16.805Z - info: Press CTRL+C to stop ...
2019-07-30T04:12:55.938Z - info: [12:12:55 PM] Reload for file change: C:\repos\nus-cs2103-AY1920S1\cs2103-website\schedule\week1\notices-cs2103.md
2019-07-30T04:12:56.941Z - info: Rebuilding affected source files
2019-07-30T04:12:56.943Z - info: Rebuilding 3 pages
2019-07-30T04:12:58.177Z - info: Pages rebuilt
2019-07-30T04:12:58.188Z - info: Site data built
2019-07-30T04:13:47.865Z - info: [12:13:47 PM] Reload for file change: C:\repos\nus-cs2103-AY1920S1\cs2103-website\schedule\week1\notices-cs2103.md
2019-07-30T04:13:48.878Z - info: Rebuilding affected source files
2019-07-30T04:13:48.879Z - info: Rebuilding 3 pages
2019-07-30T04:13:49.948Z - info: Pages rebuilt
2019-07-30T04:13:49.957Z - info: Site data built
2019-07-30T04:15:54.257Z - info: [12:15:54 PM] Reload for file change: C:\repos\nus-cs2103-AY1920S1\cs2103-website\schedule\week1\notices-cs2103.md
2019-07-30T04:15:55.259Z - info: Rebuilding affected source files
2019-07-30T04:15:55.261Z - info: Rebuilding 3 pages
2019-07-30T04:15:56.499Z - info: Pages rebuilt
2019-07-30T04:15:56.511Z - info: Site data built
2019-07-30T04:44:04.355Z - info: [12:44:04 PM] Reload for file change: C:\repos\nus-cs2103-AY1920S1\cs2103-website\schedule\week10\notices-cs2103.md
2019-07-30T04:44:05.355Z - info: Rebuilding affected source files
2019-07-30T04:44:05.357Z - info: Rebuilding 1 pages
2019-07-30T04:44:05.740Z - info: Pages rebuilt
2019-07-30T04:44:05.748Z - info: Site data built
2019-07-30T04:46:03.956Z - info: [12:46:03 PM] Reload for file change: C:\repos\nus-cs2103-AY1920S1\cs2103-website\schedule\week9\admin.md
2019-07-30T04:46:04.956Z - info: Rebuilding affected source files
2019-07-30T04:46:04.957Z - info: Rebuilding 3 pages
2019-07-30T04:46:07.958Z - info: Pages rebuilt
2019-07-30T04:46:07.969Z - info: Site data built
2019-07-30T04:47:45.790Z - info: [12:47:45 PM] Reload for file change: C:\repos\nus-cs2103-AY1920S1\cs2103-website\schedule\week9\admin.md
2019-07-30T04:47:45.793Z - info: [12:47:45 PM] Reload for file change: C:\repos\nus-cs2103-AY1920S1\cs2103-website\schedule\week10\admin.md
2019-07-30T04:47:46.792Z - info: Rebuilding affected source files
2019-07-30T04:47:46.794Z - info: Rebuilding 5 pages
2019-07-30T04:47:49.621Z - info: Pages rebuilt
2019-07-30T04:47:49.632Z - info: Site data built
2019-07-30T04:47:58.924Z - info: [12:47:58 PM] Reload for file change: C:\repos\nus-cs2103-AY1920S1\cs2103-website\schedule\week10\admin.md
2019-07-30T04:47:59.927Z - info: Rebuilding affected source files
2019-07-30T04:47:59.929Z - info: Rebuilding 3 pages
2019-07-30T04:48:02.443Z - info: Pages rebuilt
2019-07-30T04:48:02.455Z - info: Site data built
2019-07-30T04:52:06.429Z - info: [12:52:06 PM] Reload for file change: C:\repos\nus-cs2103-AY1920S1\cs2103-website\schedule\week9\admin.md
2019-07-30T04:52:06.434Z - info: [12:52:06 PM] Reload for file change: C:\repos\nus-cs2103-AY1920S1\cs2103-website\schedule\week10\admin.md
2019-07-30T04:52:06.444Z - info: [12:52:06 PM] Reload for file change: C:\repos\nus-cs2103-AY1920S1\cs2103-website\schedule\week8\admin.md
2019-07-30T04:52:07.430Z - info: Rebuilding affected source files
2019-07-30T04:52:07.433Z - info: Rebuilding 7 pages
2019-07-30T04:52:10.916Z - info: Pages rebuilt
2019-07-30T04:52:10.929Z - info: Site data built
2019-07-30T04:53:04.725Z - info: [12:53:04 PM] Reload for file change: C:\repos\nus-cs2103-AY1920S1\cs2103-website\schedule\week7\admin.md
2019-07-30T04:53:05.727Z - info: Rebuilding affected source files
2019-07-30T04:53:05.729Z - info: Rebuilding 3 pages
2019-07-30T04:53:08.989Z - info: Pages rebuilt
2019-07-30T04:53:08.998Z - info: Site data built
2019-07-30T06:13:39.885Z - info: [2:13:39 PM] Reload for file change: C:\repos\nus-cs2103-AY1920S1\cs2103-website\schedule\week6\admin.md
2019-07-30T06:13:40.903Z - info: Rebuilding affected source files
2019-07-30T06:13:40.907Z - info: Rebuilding 3 pages
2019-07-30T06:13:44.998Z - info: Pages rebuilt
2019-07-30T06:13:45.008Z - info: Site data built
2019-07-30T06:14:05.540Z - info: [2:14:05 PM] Reload for file change: C:\repos\nus-cs2103-AY1920S1\cs2103-website\schedule\week5\admin.md
2019-07-30T06:14:06.540Z - info: Rebuilding affected source files
2019-07-30T06:14:06.542Z - info: Rebuilding 3 pages
2019-07-30T06:14:09.206Z - info: Pages rebuilt
2019-07-30T06:14:09.221Z - info: Site data built
2019-07-30T06:17:35.684Z - info: [2:17:35 PM] Reload for file change: C:\repos\nus-cs2103-AY1920S1\cs2103-website\schedule\week4\admin.md
2019-07-30T06:17:36.689Z - info: Rebuilding affected source files
2019-07-30T06:17:36.690Z - info: Rebuilding 3 pages
2019-07-30T06:17:39.139Z - info: Pages rebuilt
2019-07-30T06:17:39.154Z - info: Site data built
2019-07-30T06:17:54.813Z - info: [2:17:54 PM] Reload for file change: C:\repos\nus-cs2103-AY1920S1\cs2103-website\schedule\week4\admin.md
2019-07-30T06:17:55.817Z - info: Rebuilding affected source files
2019-07-30T06:17:55.818Z - info: Rebuilding 3 pages
2019-07-30T06:17:58.348Z - info: Pages rebuilt
2019-07-30T06:17:58.359Z - info: Site data built
2019-07-30T06:20:18.033Z - info: [2:20:18 PM] Reload for file change: C:\repos\nus-cs2103-AY1920S1\cs2103-website\schedule\week9\admin.md
2019-07-30T06:20:18.038Z - info: [2:20:18 PM] Reload for file change: C:\repos\nus-cs2103-AY1920S1\cs2103-website\schedule\week3\admin.md
2019-07-30T06:20:18.042Z - info: [2:20:18 PM] Reload for file change: C:\repos\nus-cs2103-AY1920S1\cs2103-website\schedule\week6\admin.md
2019-07-30T06:20:18.046Z - info: [2:20:18 PM] Reload for file change: C:\repos\nus-cs2103-AY1920S1\cs2103-website\schedule\week10\admin.md
2019-07-30T06:20:18.050Z - info: [2:20:18 PM] Reload for file change: C:\repos\nus-cs2103-AY1920S1\cs2103-website\schedule\week7\admin.md
2019-07-30T06:20:18.054Z - info: [2:20:18 PM] Reload for file change: C:\repos\nus-cs2103-AY1920S1\cs2103-website\schedule\week8\admin.md
2019-07-30T06:20:18.059Z - info: [2:20:18 PM] Reload for file change: C:\repos\nus-cs2103-AY1920S1\cs2103-website\schedule\week5\admin.md
2019-07-30T06:20:19.042Z - info: Rebuilding affected source files
2019-07-30T06:20:19.047Z - info: Rebuilding 15 pages
2019-07-30T06:20:26.182Z - info: Pages rebuilt
2019-07-30T06:20:26.195Z - info: Site data built
2019-07-30T06:23:17.366Z - info: [2:23:17 PM] Reload for file change: C:\repos\nus-cs2103-AY1920S1\cs2103-website\schedule\week10\project.md
2019-07-30T06:23:17.370Z - info: [2:23:17 PM] Reload for file change: C:\repos\nus-cs2103-AY1920S1\cs2103-website\admin\project-w10-mid-v13.md
2019-07-30T06:23:18.368Z - info: Rebuilding affected source files
2019-07-30T06:23:18.371Z - info: Rebuilding 5 pages
2019-07-30T06:23:21.041Z - info: Pages rebuilt
2019-07-30T06:23:21.056Z - info: Site data built
2019-07-30T06:23:58.483Z - info: [2:23:58 PM] Reload for file change: C:\repos\nus-cs2103-AY1920S1\cs2103-website\admin\project-w10-mid-v13.md
2019-07-30T06:23:59.487Z - info: Rebuilding affected source files
2019-07-30T06:23:59.489Z - info: Rebuilding 5 pages
2019-07-30T06:24:02.357Z - info: Pages rebuilt
2019-07-30T06:24:02.368Z - info: Site data built
2019-07-30T06:25:13.904Z - info: [2:25:13 PM] Reload for file change: C:\repos\nus-cs2103-AY1920S1\cs2103-website\admin\project-w10-mid-v13.md
2019-07-30T06:25:14.905Z - info: Rebuilding affected source files
2019-07-30T06:25:14.908Z - info: Rebuilding 5 pages
2019-07-30T06:25:17.668Z - info: Pages rebuilt
2019-07-30T06:25:17.682Z - info: Site data built
2019-07-30T06:26:06.465Z - info: [2:26:06 PM] Reload for file change: C:\repos\nus-cs2103-AY1920S1\cs2103-website\admin\project-w10-mid-v13.md
2019-07-30T06:26:07.467Z - info: Rebuilding affected source files
2019-07-30T06:26:07.469Z - info: Rebuilding 5 pages
2019-07-30T06:26:10.315Z - info: Pages rebuilt
2019-07-30T06:26:10.325Z - info: Site data built
2019-07-30T06:27:30.551Z - info: [2:27:30 PM] Reload for file change: C:\repos\nus-cs2103-AY1920S1\cs2103-website\admin\project-w10-mid-v13.md
2019-07-30T06:27:31.556Z - info: Rebuilding affected source files
2019-07-30T06:27:31.557Z - info: Rebuilding 5 pages
2019-07-30T06:27:34.273Z - info: Pages rebuilt
2019-07-30T06:27:34.289Z - info: Site data built
2019-07-30T06:29:04.965Z - info: [2:29:04 PM] Reload for file change: C:\repos\nus-cs2103-AY1920S1\cs2103-website\admin\reposenseCompatibility.md
2019-07-30T06:29:05.969Z - info: Rebuilding affected source files
2019-07-30T06:29:05.972Z - info: Rebuilding 14 pages
2019-07-30T06:29:12.381Z - info: Pages rebuilt
2019-07-30T06:29:12.390Z - info: Site data built
2019-07-30T06:29:46.937Z - info: [2:29:46 PM] Reload for file change: C:\repos\nus-cs2103-AY1920S1\cs2103-website\admin\project-w10-mid-v13.md
2019-07-30T06:29:47.939Z - info: Rebuilding affected source files
2019-07-30T06:29:47.941Z - info: Rebuilding 5 pages
2019-07-30T06:29:50.641Z - info: Pages rebuilt
2019-07-30T06:29:50.652Z - info: Site data built
2019-07-30T06:29:59.451Z - info: [2:29:59 PM] Reload for file change: C:\repos\nus-cs2103-AY1920S1\cs2103-website\admin\project-w10-mid-v13.md
2019-07-30T06:30:00.455Z - info: Rebuilding affected source files
2019-07-30T06:30:00.458Z - info: Rebuilding 5 pages
2019-07-30T06:30:02.860Z - info: Pages rebuilt
2019-07-30T06:30:02.873Z - info: Site data built
2019-07-30T06:31:15.905Z - info: [2:31:15 PM] Reload for file change: C:\repos\nus-cs2103-AY1920S1\cs2103-website\admin\project-w10-mid-v13.md
2019-07-30T06:31:16.907Z - info: Rebuilding affected source files
2019-07-30T06:31:16.909Z - info: Rebuilding 5 pages
2019-07-30T06:31:19.646Z - info: Pages rebuilt
2019-07-30T06:31:19.661Z - info: Site data built
2019-07-30T06:32:16.966Z - info: [2:32:16 PM] Reload for file change: C:\repos\nus-cs2103-AY1920S1\cs2103-website\admin\project-w10-mid-v13.md
2019-07-30T06:32:17.968Z - info: Rebuilding affected source files
2019-07-30T06:32:17.970Z - info: Rebuilding 5 pages
2019-07-30T06:32:20.725Z - info: Pages rebuilt
2019-07-30T06:32:20.736Z - info: Site data built
2019-07-30T06:32:56.002Z - info: [2:32:56 PM] Reload for file change: C:\repos\nus-cs2103-AY1920S1\cs2103-website\admin\project-w10-mid-v13.md
2019-07-30T06:32:57.009Z - info: Rebuilding affected source files
2019-07-30T06:32:57.011Z - info: Rebuilding 5 pages
2019-07-30T06:32:59.763Z - info: Pages rebuilt
2019-07-30T06:32:59.775Z - info: Site data built
2019-07-30T06:33:45.937Z - info: [2:33:45 PM] Reload for file change: C:\repos\nus-cs2103-AY1920S1\cs2103-website\admin\project-w10-mid-v13.md
2019-07-30T06:33:46.939Z - info: Rebuilding affected source files
2019-07-30T06:33:46.941Z - info: Rebuilding 5 pages
2019-07-30T06:33:49.643Z - info: Pages rebuilt
2019-07-30T06:33:49.655Z - info: Site data built
2019-07-30T06:34:15.133Z - info: [2:34:15 PM] Reload for file change: C:\repos\nus-cs2103-AY1920S1\cs2103-website\admin\project-w10-mid-v13.md
2019-07-30T06:34:16.140Z - info: Rebuilding affected source files
2019-07-30T06:34:16.142Z - info: Rebuilding 5 pages
2019-07-30T06:34:18.848Z - info: Pages rebuilt
2019-07-30T06:34:18.861Z - info: Site data built
2019-07-30T06:35:26.878Z - info: [2:35:26 PM] Reload for file change: C:\repos\nus-cs2103-AY1920S1\cs2103-website\admin\project-w10-mid-v13.md
2019-07-30T06:35:27.886Z - info: Rebuilding affected source files
2019-07-30T06:35:27.888Z - info: Rebuilding 5 pages
2019-07-30T06:35:30.682Z - info: Pages rebuilt
2019-07-30T06:35:30.691Z - info: Site data built
2019-07-30T06:36:54.721Z - info: [2:36:54 PM] Reload for file change: C:\repos\nus-cs2103-AY1920S1\cs2103-website\admin\project-w10-mid-v13.md
2019-07-30T06:36:55.725Z - info: Rebuilding affected source files
2019-07-30T06:36:55.727Z - info: Rebuilding 5 pages
2019-07-30T06:36:58.518Z - info: Pages rebuilt
2019-07-30T06:36:58.532Z - info: Site data built
2019-07-30T06:37:47.345Z - info: [2:37:47 PM] Reload for file change: C:\repos\nus-cs2103-AY1920S1\cs2103-website\admin\project-w10-mid-v13.md
2019-07-30T06:37:48.350Z - info: Rebuilding affected source files
2019-07-30T06:37:48.352Z - info: Rebuilding 5 pages
2019-07-30T06:37:51.079Z - info: Pages rebuilt
2019-07-30T06:37:51.094Z - info: Site data built
2019-07-30T06:38:10.084Z - info: [2:38:10 PM] Reload for file change: C:\repos\nus-cs2103-AY1920S1\cs2103-website\admin\project-w10-mid-v13.md
2019-07-30T06:38:11.086Z - info: Rebuilding affected source files
2019-07-30T06:38:11.088Z - info: Rebuilding 5 pages
2019-07-30T06:38:13.919Z - info: Pages rebuilt
2019-07-30T06:38:13.933Z - info: Site data built
2019-07-30T06:38:23.605Z - info: [2:38:23 PM] Reload for file change: C:\repos\nus-cs2103-AY1920S1\cs2103-website\admin\project-w10-mid-v13.md
2019-07-30T06:38:24.613Z - info: Rebuilding affected source files
2019-07-30T06:38:24.615Z - info: Rebuilding 5 pages
2019-07-30T06:38:27.404Z - info: Pages rebuilt
2019-07-30T06:38:27.414Z - info: Site data built
2019-07-30T06:38:44.085Z - info: [2:38:44 PM] Reload for file change: C:\repos\nus-cs2103-AY1920S1\cs2103-website\admin\project-w10-mid-v13.md
2019-07-30T06:38:45.086Z - info: Rebuilding affected source files
2019-07-30T06:38:45.088Z - info: Rebuilding 5 pages
2019-07-30T06:38:47.613Z - info: Pages rebuilt
2019-07-30T06:38:47.624Z - info: Site data built
2019-07-30T06:39:17.810Z - info: [2:39:17 PM] Reload for file change: C:\repos\nus-cs2103-AY1920S1\cs2103-website\admin\project-w10-mid-v13.md
2019-07-30T06:39:18.825Z - info: Rebuilding affected source files
2019-07-30T06:39:18.826Z - info: Rebuilding 5 pages
2019-07-30T06:39:21.385Z - info: Pages rebuilt
2019-07-30T06:39:21.397Z - info: Site data built
2019-07-30T06:45:23.349Z - info: [2:45:23 PM] Reload for file change: C:\repos\nus-cs2103-AY1920S1\cs2103-website\admin\project-w10-mid-v13.md
2019-07-30T06:45:24.353Z - info: Rebuilding affected source files
2019-07-30T06:45:24.356Z - info: Rebuilding 5 pages
2019-07-30T06:45:27.022Z - info: Pages rebuilt
2019-07-30T06:45:27.033Z - info: Site data built
2019-07-30T06:45:47.821Z - info: [2:45:47 PM] Reload for file change: C:\repos\nus-cs2103-AY1920S1\cs2103-website\admin\project-w10-mid-v13.md
2019-07-30T06:45:48.822Z - info: Rebuilding affected source files
2019-07-30T06:45:48.823Z - info: Rebuilding 5 pages
2019-07-30T06:45:51.299Z - info: Pages rebuilt
2019-07-30T06:45:51.308Z - info: Site data built
2019-07-30T08:25:01.825Z - info: [4:25:01 PM] Reload for file change: C:\repos\nus-cs2103-AY1920S1\cs2103-website\admin\reposenseCompatibility.md
2019-07-30T08:25:02.832Z - info: Rebuilding affected source files
2019-07-30T08:25:02.852Z - info: Rebuilding 14 pages
2019-07-30T08:25:09.950Z - info: Pages rebuilt
2019-07-30T08:25:09.982Z - info: Site data built
2019-07-30T08:26:19.450Z - info: [4:26:19 PM] Reload for file change: C:\repos\nus-cs2103-AY1920S1\cs2103-website\admin\reposenseCompatibility.md
2019-07-30T08:26:19.455Z - info: [4:26:19 PM] Reload for file change: C:\repos\nus-cs2103-AY1920S1\cs2103-website\admin\tools.md
2019-07-30T08:26:20.451Z - info: Rebuilding affected source files
2019-07-30T08:26:20.454Z - info: Rebuilding 15 pages
2019-07-30T08:26:27.815Z - info: Pages rebuilt
2019-07-30T08:26:27.827Z - info: Site data built
2019-07-30T08:26:51.926Z - info: [4:26:51 PM] Reload for file change: C:\repos\nus-cs2103-AY1920S1\cs2103-website\admin\reposenseCompatibility.md
2019-07-30T08:26:52.928Z - info: Rebuilding affected source files
2019-07-30T08:26:52.932Z - info: Rebuilding 14 pages
2019-07-30T08:26:59.200Z - info: Pages rebuilt
2019-07-30T08:26:59.218Z - info: Site data built
2019-07-30T08:27:30.877Z - info: [4:27:30 PM] Reload for file change: C:\repos\nus-cs2103-AY1920S1\cs2103-website\admin\tools.md
2019-07-30T08:27:31.880Z - info: Rebuilding affected source files
2019-07-30T08:27:31.882Z - info: Rebuilding 5 pages
2019-07-30T08:27:34.558Z - info: Pages rebuilt
2019-07-30T08:27:34.571Z - info: Site data built
2019-07-30T08:27:57.335Z - info: [4:27:57 PM] Reload for file change: C:\repos\nus-cs2103-AY1920S1\cs2103-website\admin\reposenseCompatibility.md
2019-07-30T08:27:58.336Z - info: Rebuilding affected source files
2019-07-30T08:27:58.339Z - info: Rebuilding 14 pages
2019-07-30T08:28:04.646Z - info: Pages rebuilt
2019-07-30T08:28:04.668Z - info: Site data built
2019-07-30T08:30:06.997Z - info: [4:30:06 PM] Reload for file change: C:\repos\nus-cs2103-AY1920S1\cs2103-website\admin\reposenseCompatibility.md
2019-07-30T08:30:08.004Z - info: Rebuilding affected source files
2019-07-30T08:30:08.007Z - info: Rebuilding 14 pages
2019-07-30T08:30:14.735Z - info: Pages rebuilt
2019-07-30T08:30:14.751Z - info: Site data built
2019-07-30T08:31:50.886Z - info: [4:31:50 PM] Reload for file change: C:\repos\nus-cs2103-AY1920S1\cs2103-website\admin\reposenseCompatibility.md
2019-07-30T08:31:51.888Z - info: Rebuilding affected source files
2019-07-30T08:31:51.891Z - info: Rebuilding 14 pages
2019-07-30T08:31:58.470Z - info: Pages rebuilt
2019-07-30T08:31:58.485Z - info: Site data built
2019-07-30T08:34:25.342Z - info: [4:34:25 PM] Reload for file change: C:\repos\nus-cs2103-AY1920S1\cs2103-website\admin\reposenseCompatibility.md
2019-07-30T08:34:26.345Z - info: Rebuilding affected source files
2019-07-30T08:34:26.348Z - info: Rebuilding 14 pages
2019-07-30T08:34:32.695Z - info: Pages rebuilt
2019-07-30T08:34:32.710Z - info: Site data built
2019-07-30T08:37:26.207Z - info: [4:37:26 PM] Reload for file change: C:\repos\nus-cs2103-AY1920S1\cs2103-website\admin\reposenseCompatibility.md
2019-07-30T08:37:26.217Z - info: [4:37:26 PM] Reload for file change: C:\repos\nus-cs2103-AY1920S1\cs2103-website\admin\tools.md
2019-07-30T08:37:26.220Z - info: [4:37:26 PM] Reload for file change: C:\repos\nus-cs2103-AY1920S1\cs2103-website\admin\project-w10-mid-v13.md
2019-07-30T08:37:26.230Z - info: [4:37:26 PM] Reload for file change: C:\repos\nus-cs2103-AY1920S1\cs2103-website\admin\project-w12-mid-v14.md
2019-07-30T08:37:27.209Z - info: Rebuilding affected source files
2019-07-30T08:37:27.214Z - info: Rebuilding 17 pages
2019-07-30T08:37:37.596Z - info: Pages rebuilt
2019-07-30T08:37:37.610Z - info: Site data built
2019-07-30T08:38:36.191Z - info: [4:38:36 PM] Reload for file change: C:\repos\nus-cs2103-AY1920S1\cs2103-website\admin\tools.md
2019-07-30T08:38:36.202Z - info: [4:38:36 PM] Reload for file change: C:\repos\nus-cs2103-AY1920S1\cs2103-website\admin\project-w10-mid-v13.md
2019-07-30T08:38:37.202Z - info: Rebuilding affected source files
2019-07-30T08:38:37.206Z - info: Rebuilding 10 pages
2019-07-30T08:38:42.103Z - info: Pages rebuilt
2019-07-30T08:38:42.120Z - info: Site data built
2019-07-30T08:40:47.446Z - info: [4:40:47 PM] Reload for file change: C:\repos\nus-cs2103-AY1920S1\cs2103-website\admin\project-w11-v13.md
2019-07-30T08:40:47.453Z - info: [4:40:47 PM] Reload for file change: C:\repos\nus-cs2103-AY1920S1\cs2103-website\admin\project-w12-mid-v14.md
2019-07-30T08:40:48.461Z - info: Rebuilding affected source files
2019-07-30T08:40:48.463Z - info: Rebuilding 6 pages
2019-07-30T08:40:53.459Z - info: Pages rebuilt
2019-07-30T08:40:53.474Z - info: Site data built
2019-07-30T08:44:37.514Z - info: [4:44:37 PM] Reload for file change: C:\repos\nus-cs2103-AY1920S1\cs2103-website\admin\project-w10-mid-v13.md
2019-07-30T08:44:38.515Z - info: Rebuilding affected source files
2019-07-30T08:44:38.518Z - info: Rebuilding 5 pages
2019-07-30T08:44:41.769Z - info: Pages rebuilt
2019-07-30T08:44:41.781Z - info: Site data built
2019-07-30T08:46:13.491Z - info: [4:46:13 PM] Reload for file change: C:\repos\nus-cs2103-AY1920S1\cs2103-website\admin\project-w10-mid-v13.md
2019-07-30T08:46:14.493Z - info: Rebuilding affected source files
2019-07-30T08:46:14.495Z - info: Rebuilding 5 pages
2019-07-30T08:46:17.675Z - info: Pages rebuilt
2019-07-30T08:46:17.686Z - info: Site data built
2019-07-30T08:46:59.678Z - info: [4:46:59 PM] Reload for file change: C:\repos\nus-cs2103-AY1920S1\cs2103-website\admin\project-w10-mid-v13.md
2019-07-30T08:47:00.679Z - info: Rebuilding affected source files
2019-07-30T08:47:00.681Z - info: Rebuilding 5 pages
2019-07-30T08:47:03.880Z - info: Pages rebuilt
2019-07-30T08:47:03.894Z - info: Site data built
2019-07-30T08:47:31.621Z - info: [4:47:31 PM] Reload for file change: C:\repos\nus-cs2103-AY1920S1\cs2103-website\admin\project-w10-mid-v13.md
2019-07-30T08:47:32.623Z - info: Rebuilding affected source files
2019-07-30T08:47:32.625Z - info: Rebuilding 5 pages
2019-07-30T08:47:35.809Z - info: Pages rebuilt
2019-07-30T08:47:35.822Z - info: Site data built
2019-07-30T08:48:53.515Z - info: [4:48:53 PM] Reload for file change: C:\repos\nus-cs2103-AY1920S1\cs2103-website\admin\project-w10-mid-v13.md
2019-07-30T08:48:54.518Z - info: Rebuilding affected source files
2019-07-30T08:48:54.519Z - info: Rebuilding 5 pages
2019-07-30T08:48:57.839Z - info: Pages rebuilt
2019-07-30T08:48:57.850Z - info: Site data built
2019-07-30T08:50:46.744Z - info: [4:50:46 PM] Reload for file change: C:\repos\nus-cs2103-AY1920S1\cs2103-website\admin\project-w07-v11.md
2019-07-30T08:50:46.750Z - info: [4:50:46 PM] Reload for file change: C:\repos\nus-cs2103-AY1920S1\cs2103-website\admin\project-w11-v13.md
2019-07-30T08:50:46.757Z - info: [4:50:46 PM] Reload for file change: C:\repos\nus-cs2103-AY1920S1\cs2103-website\admin\project-w04-inception.md
2019-07-30T08:50:46.759Z - info: [4:50:46 PM] Reload for file change: C:\repos\nus-cs2103-AY1920S1\cs2103-website\admin\project-w09-v12.md
2019-07-30T08:50:46.763Z - info: [4:50:46 PM] Reload for file change: C:\repos\nus-cs2103-AY1920S1\cs2103-website\admin\project-w03-kickoff.md
2019-07-30T08:50:46.769Z - info: [4:50:46 PM] Reload for file change: C:\repos\nus-cs2103-AY1920S1\cs2103-website\admin\project-w08-mid-v12.md
2019-07-30T08:50:46.776Z - info: [4:50:46 PM] Reload for file change: C:\repos\nus-cs2103-AY1920S1\cs2103-website\admin\project-w05-v10.md
2019-07-30T08:50:46.783Z - info: [4:50:46 PM] Reload for file change: C:\repos\nus-cs2103-AY1920S1\cs2103-website\admin\project-w06-mid-v11.md
2019-07-30T08:50:47.745Z - info: Rebuilding affected source files
2019-07-30T08:50:47.751Z - info: Rebuilding 28 pages
2019-07-30T08:50:56.171Z - info: Pages rebuilt
2019-07-30T08:50:56.200Z - info: Site data built
2019-07-30T09:10:16.587Z - info: [5:10:16 PM] Reload for file change: C:\repos\nus-cs2103-AY1920S1\cs2103-website\schedule\week11\notices-cs2103.md
2019-07-30T09:10:17.589Z - info: Rebuilding affected source files
2019-07-30T09:10:17.591Z - info: Rebuilding 1 pages
2019-07-30T09:10:18.120Z - info: Pages rebuilt
2019-07-30T09:10:18.129Z - info: Site data built
2019-07-30T09:11:36.468Z - info: [5:11:36 PM] Reload for file change: C:\repos\nus-cs2103-AY1920S1\cs2103-website\schedule\week11\admin.md
2019-07-30T09:11:37.486Z - info: Rebuilding affected source files
2019-07-30T09:11:37.487Z - info: Rebuilding 2 pages
2019-07-30T09:11:38.948Z - info: Pages rebuilt
2019-07-30T09:11:38.960Z - info: Site data built
2019-07-30T09:15:33.809Z - info: [5:15:33 PM] Reload for file change: C:\repos\nus-cs2103-AY1920S1\cs2103-website\schedule\week11\project.md
2019-07-30T09:15:33.811Z - info: [5:15:33 PM] Reload for file change: C:\repos\nus-cs2103-AY1920S1\cs2103-website\admin\project-w11-v13.md
2019-07-30T09:15:34.811Z - info: Rebuilding affected source files
2019-07-30T09:15:34.812Z - info: Rebuilding 4 pages
2019-07-30T09:15:37.137Z - info: Pages rebuilt
2019-07-30T09:15:37.148Z - info: Site data built
2019-07-30T09:16:11.555Z - info: [5:16:11 PM] Reload for file change: C:\repos\nus-cs2103-AY1920S1\cs2103-website\admin\project-w11-v13.md
2019-07-30T09:16:12.558Z - info: Rebuilding affected source files
2019-07-30T09:16:12.560Z - info: Rebuilding 4 pages
2019-07-30T09:16:14.943Z - info: Pages rebuilt
2019-07-30T09:16:14.955Z - info: Site data built
2019-07-30T09:19:30.102Z - info: [5:19:30 PM] Reload for file change: C:\repos\nus-cs2103-AY1920S1\cs2103-website\admin\project-w11-v13.md
2019-07-30T09:19:31.104Z - info: Rebuilding affected source files
2019-07-30T09:19:31.106Z - info: Rebuilding 4 pages
2019-07-30T09:19:33.425Z - info: Pages rebuilt
2019-07-30T09:19:33.437Z - info: Site data built
2019-07-30T09:20:42.916Z - info: [5:20:42 PM] Reload for file change: C:\repos\nus-cs2103-AY1920S1\cs2103-website\admin\project-w11-v13.md
2019-07-30T09:20:43.918Z - info: Rebuilding affected source files
2019-07-30T09:20:43.920Z - info: Rebuilding 4 pages
2019-07-30T09:20:46.220Z - info: Pages rebuilt
2019-07-30T09:20:46.233Z - info: Site data built
2019-07-30T09:25:27.158Z - info: [5:25:27 PM] Reload for file change: C:\repos\nus-cs2103-AY1920S1\cs2103-website\admin\project-w11-v13.md
2019-07-30T09:25:28.161Z - info: Rebuilding affected source files
2019-07-30T09:25:28.163Z - info: Rebuilding 4 pages
2019-07-30T09:25:30.559Z - info: Pages rebuilt
2019-07-30T09:25:30.570Z - info: Site data built
2019-07-30T09:30:10.954Z - info: [5:30:10 PM] Reload for file change: C:\repos\nus-cs2103-AY1920S1\cs2103-website\admin\project-w11-v13.md
2019-07-30T09:30:11.956Z - info: Rebuilding affected source files
2019-07-30T09:30:11.958Z - info: Rebuilding 4 pages
2019-07-30T09:30:14.225Z - info: Pages rebuilt
2019-07-30T09:30:14.246Z - info: Site data built
2019-07-30T09:30:27.165Z - info: [5:30:27 PM] Reload for file change: C:\repos\nus-cs2103-AY1920S1\cs2103-website\admin\project-w11-v13.md
2019-07-30T09:30:28.166Z - info: Rebuilding affected source files
2019-07-30T09:30:28.167Z - info: Rebuilding 4 pages
2019-07-30T09:30:30.311Z - info: Pages rebuilt
2019-07-30T09:30:30.326Z - info: Site data built
2019-07-30T09:30:39.220Z - info: [5:30:39 PM] Reload for file change: C:\repos\nus-cs2103-AY1920S1\cs2103-website\admin\project-w11-v13.md
2019-07-30T09:30:40.221Z - info: Rebuilding affected source files
2019-07-30T09:30:40.222Z - info: Rebuilding 4 pages
2019-07-30T09:30:42.007Z - info: Pages rebuilt
2019-07-30T09:30:42.021Z - info: Site data built
2019-07-30T09:31:37.906Z - info: [5:31:37 PM] Reload for file change: C:\repos\nus-cs2103-AY1920S1\cs2103-website\admin\project-w11-v13.md
2019-07-30T09:31:38.908Z - info: Rebuilding affected source files
2019-07-30T09:31:38.909Z - info: Rebuilding 4 pages
2019-07-30T09:31:41.274Z - info: Pages rebuilt
2019-07-30T09:31:41.289Z - info: Site data built
2019-07-30T09:32:43.530Z - info: [5:32:43 PM] Reload for file change: C:\repos\nus-cs2103-AY1920S1\cs2103-website\admin\project-w11-v13.md
2019-07-30T09:32:44.532Z - info: Rebuilding affected source files
2019-07-30T09:32:44.533Z - info: Rebuilding 4 pages
2019-07-30T09:32:46.850Z - info: Pages rebuilt
2019-07-30T09:32:46.865Z - info: Site data built
2019-07-30T09:34:59.330Z - info: [5:34:59 PM] Reload for file change: C:\repos\nus-cs2103-AY1920S1\cs2103-website\admin\project-w11-v13.md
2019-07-30T09:35:00.332Z - info: Rebuilding affected source files
2019-07-30T09:35:00.334Z - info: Rebuilding 4 pages
2019-07-30T09:35:02.576Z - info: Pages rebuilt
2019-07-30T09:35:02.588Z - info: Site data built
2019-07-30T09:37:15.580Z - info: [5:37:15 PM] Reload for file change: C:\repos\nus-cs2103-AY1920S1\cs2103-website\admin\project-w11-v13.md
2019-07-30T09:37:16.581Z - info: Rebuilding affected source files
2019-07-30T09:37:16.582Z - info: Rebuilding 4 pages
2019-07-30T09:37:18.198Z - info: Pages rebuilt
2019-07-30T09:37:18.210Z - info: Site data built
2019-07-30T09:39:33.021Z - info: [5:39:33 PM] Reload for file change: C:\repos\nus-cs2103-AY1920S1\cs2103-website\admin\project-w11-v13.md
2019-07-30T09:39:34.022Z - info: Rebuilding affected source files
2019-07-30T09:39:34.025Z - info: Rebuilding 4 pages
2019-07-30T09:39:35.828Z - info: Pages rebuilt
2019-07-30T09:39:35.866Z - info: Site data built
2019-07-30T09:40:07.907Z - info: [5:40:07 PM] Reload for file change: C:\repos\nus-cs2103-AY1920S1\cs2103-website\admin\project-w11-v13.md
2019-07-30T09:40:08.908Z - info: Rebuilding affected source files
2019-07-30T09:40:08.910Z - info: Rebuilding 4 pages
2019-07-30T09:40:10.648Z - info: Pages rebuilt
2019-07-30T09:40:10.664Z - info: Site data built
2019-07-30T09:40:44.277Z - info: [5:40:44 PM] Reload for file change: C:\repos\nus-cs2103-AY1920S1\cs2103-website\admin\project-w11-v13.md
2019-07-30T09:40:45.280Z - info: Rebuilding affected source files
2019-07-30T09:40:45.281Z - info: Rebuilding 4 pages
2019-07-30T09:40:46.905Z - info: Pages rebuilt
2019-07-30T09:40:46.915Z - info: Site data built
2019-07-30T09:43:54.883Z - info: [5:43:54 PM] Reload for file change: C:\repos\nus-cs2103-AY1920S1\cs2103-website\admin\project-w11-v13.md
2019-07-30T09:43:55.885Z - info: Rebuilding affected source files
2019-07-30T09:43:55.887Z - info: Rebuilding 4 pages
2019-07-30T09:43:57.508Z - info: Pages rebuilt
2019-07-30T09:43:57.521Z - info: Site data built
2019-07-30T09:44:26.853Z - info: [5:44:26 PM] Reload for file change: C:\repos\nus-cs2103-AY1920S1\cs2103-website\admin\project-w11-v13.md
2019-07-30T09:44:27.855Z - info: Rebuilding affected source files
2019-07-30T09:44:27.857Z - info: Rebuilding 4 pages
2019-07-30T09:44:29.630Z - info: Pages rebuilt
2019-07-30T09:44:29.642Z - info: Site data built
2019-07-30T09:46:48.498Z - info: [5:46:48 PM] Reload for file change: C:\repos\nus-cs2103-AY1920S1\cs2103-website\admin\project-w11-v13.md
2019-07-30T09:46:49.500Z - info: Rebuilding affected source files
2019-07-30T09:46:49.502Z - info: Rebuilding 4 pages
2019-07-30T09:46:51.177Z - info: Pages rebuilt
2019-07-30T09:46:51.191Z - info: Site data built
2019-07-30T09:55:03.786Z - info: [5:55:03 PM] Reload for file change: C:\repos\nus-cs2103-AY1920S1\cs2103-website\schedule\week12\project.md
2019-07-30T09:55:03.790Z - info: [5:55:03 PM] Reload for file change: C:\repos\nus-cs2103-AY1920S1\cs2103-website\schedule\week12\notices-cs2103.md
2019-07-30T09:55:03.794Z - info: [5:55:03 PM] Reload for file change: C:\repos\nus-cs2103-AY1920S1\cs2103-website\admin\project-w12-mid-v14.md
2019-07-30T09:55:04.787Z - info: Rebuilding affected source files
2019-07-30T09:55:04.789Z - info: Rebuilding 4 pages
2019-07-30T09:55:04.827Z - error:  Error: No such segment 'body' in file: C:\repos\nus-cs2103-AY1920S1\cs2103-website\admin\project-w12-mid-v14.md
Missing reference in C:\repos\nus-cs2103-AY1920S1\cs2103-website\schedule\week12\project.md
    at Parser._preprocess (C:\Users\dcsdcr\AppData\Roaming\npm\node_modules\markbind-cli\src\lib\markbind\src\parser.js:325:25)
    at dom.map (C:\Users\dcsdcr\AppData\Roaming\npm\node_modules\markbind-cli\src\lib\markbind\src\parser.js:567:28)
    at Array.map (<anonymous>)
    at DomHandler.htmlparser.DomHandler [as _callback] (C:\Users\dcsdcr\AppData\Roaming\npm\node_modules\markbind-cli\src\lib\markbind\src\parser.js:564:25)
    at DomHandler._handleCallback.DomHandler.onerror (C:\Users\dcsdcr\AppData\Roaming\npm\node_modules\markbind-cli\node_modules\domhandler\index.js:52:8)
    at DomHandler.onend (C:\Users\dcsdcr\AppData\Roaming\npm\node_modules\markbind-cli\node_modules\domhandler\index.js:46:7)
    at Parser.onend (C:\Users\dcsdcr\AppData\Roaming\npm\node_modules\markbind-cli\node_modules\htmlparser2\lib\Parser.js:310:32)
    at Tokenizer._finish (C:\Users\dcsdcr\AppData\Roaming\npm\node_modules\markbind-cli\node_modules\htmlparser2\lib\Tokenizer.js:853:12)
    at Tokenizer.end (C:\Users\dcsdcr\AppData\Roaming\npm\node_modules\markbind-cli\node_modules\htmlparser2\lib\Tokenizer.js:844:25)
    at Parser.end (C:\Users\dcsdcr\AppData\Roaming\npm\node_modules\markbind-cli\node_modules\htmlparser2\lib\Parser.js:338:18)
    at Parser.parseComplete (C:\Users\dcsdcr\AppData\Roaming\npm\node_modules\markbind-cli\node_modules\htmlparser2\lib\Parser.js:330:7)
    at fs.readFile (C:\Users\dcsdcr\AppData\Roaming\npm\node_modules\markbind-cli\src\lib\markbind\src\parser.js:606:16)
    at FSReqWrap.readFileAfterClose [as oncomplete] (internal/fs/read_file_context.js:53:3)
2019-07-30T09:55:09.017Z - info: Pages rebuilt
2019-07-30T09:55:09.037Z - info: Site data built
2019-07-30T09:57:07.708Z - info: [5:57:07 PM] Reload for file change: C:\repos\nus-cs2103-AY1920S1\cs2103-website\schedule\week12\admin.md
2019-07-30T09:57:08.712Z - info: Rebuilding affected source files
2019-07-30T09:57:08.713Z - info: Rebuilding 2 pages
2019-07-30T09:57:11.479Z - info: Pages rebuilt
2019-07-30T09:57:11.491Z - info: Site data built
2019-07-30T10:00:47.677Z - info: [6:00:47 PM] Reload for file change: C:\repos\nus-cs2103-AY1920S1\cs2103-website\admin\project-w12-mid-v14.md
2019-07-30T10:00:48.683Z - info: Rebuilding affected source files
2019-07-30T10:00:48.685Z - info: Rebuilding 4 pages
2019-07-30T10:00:48.857Z - error:  Error: No such segment 'body' in file: C:\repos\nus-cs2103-AY1920S1\cs2103-website\admin\project-w12-mid-v14.md
Missing reference in C:\repos\nus-cs2103-AY1920S1\cs2103-website\schedule\week12\project.md
    at Parser._preprocess (C:\Users\dcsdcr\AppData\Roaming\npm\node_modules\markbind-cli\src\lib\markbind\src\parser.js:325:25)
    at dom.map (C:\Users\dcsdcr\AppData\Roaming\npm\node_modules\markbind-cli\src\lib\markbind\src\parser.js:567:28)
    at Array.map (<anonymous>)
    at DomHandler.htmlparser.DomHandler [as _callback] (C:\Users\dcsdcr\AppData\Roaming\npm\node_modules\markbind-cli\src\lib\markbind\src\parser.js:564:25)
    at DomHandler._handleCallback.DomHandler.onerror (C:\Users\dcsdcr\AppData\Roaming\npm\node_modules\markbind-cli\node_modules\domhandler\index.js:52:8)
    at DomHandler.onend (C:\Users\dcsdcr\AppData\Roaming\npm\node_modules\markbind-cli\node_modules\domhandler\index.js:46:7)
    at Parser.onend (C:\Users\dcsdcr\AppData\Roaming\npm\node_modules\markbind-cli\node_modules\htmlparser2\lib\Parser.js:310:32)
    at Tokenizer._finish (C:\Users\dcsdcr\AppData\Roaming\npm\node_modules\markbind-cli\node_modules\htmlparser2\lib\Tokenizer.js:853:12)
    at Tokenizer.end (C:\Users\dcsdcr\AppData\Roaming\npm\node_modules\markbind-cli\node_modules\htmlparser2\lib\Tokenizer.js:844:25)
    at Parser.end (C:\Users\dcsdcr\AppData\Roaming\npm\node_modules\markbind-cli\node_modules\htmlparser2\lib\Parser.js:338:18)
    at Parser.parseComplete (C:\Users\dcsdcr\AppData\Roaming\npm\node_modules\markbind-cli\node_modules\htmlparser2\lib\Parser.js:330:7)
    at fs.readFile (C:\Users\dcsdcr\AppData\Roaming\npm\node_modules\markbind-cli\src\lib\markbind\src\parser.js:606:16)
    at FSReqWrap.readFileAfterClose [as oncomplete] (internal/fs/read_file_context.js:53:3)
2019-07-30T10:00:52.445Z - info: Pages rebuilt
2019-07-30T10:00:52.458Z - info: Site data built
2019-07-30T10:01:14.339Z - info: [6:01:14 PM] Reload for file change: C:\repos\nus-cs2103-AY1920S1\cs2103-website\admin\project-w12-mid-v14.md
2019-07-30T10:01:15.341Z - info: Rebuilding affected source files
2019-07-30T10:01:15.342Z - info: Rebuilding 4 pages
2019-07-30T10:01:15.712Z - error:  Error: No such segment 'body' in file: C:\repos\nus-cs2103-AY1920S1\cs2103-website\admin\project-w12-mid-v14.md
Missing reference in C:\repos\nus-cs2103-AY1920S1\cs2103-website\schedule\week12\project.md
    at Parser._preprocess (C:\Users\dcsdcr\AppData\Roaming\npm\node_modules\markbind-cli\src\lib\markbind\src\parser.js:325:25)
    at dom.map (C:\Users\dcsdcr\AppData\Roaming\npm\node_modules\markbind-cli\src\lib\markbind\src\parser.js:567:28)
    at Array.map (<anonymous>)
    at DomHandler.htmlparser.DomHandler [as _callback] (C:\Users\dcsdcr\AppData\Roaming\npm\node_modules\markbind-cli\src\lib\markbind\src\parser.js:564:25)
    at DomHandler._handleCallback.DomHandler.onerror (C:\Users\dcsdcr\AppData\Roaming\npm\node_modules\markbind-cli\node_modules\domhandler\index.js:52:8)
    at DomHandler.onend (C:\Users\dcsdcr\AppData\Roaming\npm\node_modules\markbind-cli\node_modules\domhandler\index.js:46:7)
    at Parser.onend (C:\Users\dcsdcr\AppData\Roaming\npm\node_modules\markbind-cli\node_modules\htmlparser2\lib\Parser.js:310:32)
    at Tokenizer._finish (C:\Users\dcsdcr\AppData\Roaming\npm\node_modules\markbind-cli\node_modules\htmlparser2\lib\Tokenizer.js:853:12)
    at Tokenizer.end (C:\Users\dcsdcr\AppData\Roaming\npm\node_modules\markbind-cli\node_modules\htmlparser2\lib\Tokenizer.js:844:25)
    at Parser.end (C:\Users\dcsdcr\AppData\Roaming\npm\node_modules\markbind-cli\node_modules\htmlparser2\lib\Parser.js:338:18)
    at Parser.parseComplete (C:\Users\dcsdcr\AppData\Roaming\npm\node_modules\markbind-cli\node_modules\htmlparser2\lib\Parser.js:330:7)
    at fs.readFile (C:\Users\dcsdcr\AppData\Roaming\npm\node_modules\markbind-cli\src\lib\markbind\src\parser.js:606:16)
    at FSReqWrap.readFileAfterClose [as oncomplete] (internal/fs/read_file_context.js:53:3)
2019-07-30T10:01:19.112Z - info: Pages rebuilt
2019-07-30T10:01:19.122Z - info: Site data built
2019-07-30T10:03:40.017Z - info: [6:03:40 PM] Reload for file change: C:\repos\nus-cs2103-AY1920S1\cs2103-website\admin\project-w12-mid-v14.md
2019-07-30T10:03:41.019Z - info: Rebuilding affected source files
2019-07-30T10:03:41.021Z - info: Rebuilding 4 pages
2019-07-30T10:03:41.531Z - error:  Error: No such segment 'body' in file: C:\repos\nus-cs2103-AY1920S1\cs2103-website\admin\project-w12-mid-v14.md
Missing reference in C:\repos\nus-cs2103-AY1920S1\cs2103-website\schedule\week12\project.md
    at Parser._preprocess (C:\Users\dcsdcr\AppData\Roaming\npm\node_modules\markbind-cli\src\lib\markbind\src\parser.js:325:25)
    at dom.map (C:\Users\dcsdcr\AppData\Roaming\npm\node_modules\markbind-cli\src\lib\markbind\src\parser.js:567:28)
    at Array.map (<anonymous>)
    at DomHandler.htmlparser.DomHandler [as _callback] (C:\Users\dcsdcr\AppData\Roaming\npm\node_modules\markbind-cli\src\lib\markbind\src\parser.js:564:25)
    at DomHandler._handleCallback.DomHandler.onerror (C:\Users\dcsdcr\AppData\Roaming\npm\node_modules\markbind-cli\node_modules\domhandler\index.js:52:8)
    at DomHandler.onend (C:\Users\dcsdcr\AppData\Roaming\npm\node_modules\markbind-cli\node_modules\domhandler\index.js:46:7)
    at Parser.onend (C:\Users\dcsdcr\AppData\Roaming\npm\node_modules\markbind-cli\node_modules\htmlparser2\lib\Parser.js:310:32)
    at Tokenizer._finish (C:\Users\dcsdcr\AppData\Roaming\npm\node_modules\markbind-cli\node_modules\htmlparser2\lib\Tokenizer.js:853:12)
    at Tokenizer.end (C:\Users\dcsdcr\AppData\Roaming\npm\node_modules\markbind-cli\node_modules\htmlparser2\lib\Tokenizer.js:844:25)
    at Parser.end (C:\Users\dcsdcr\AppData\Roaming\npm\node_modules\markbind-cli\node_modules\htmlparser2\lib\Parser.js:338:18)
    at Parser.parseComplete (C:\Users\dcsdcr\AppData\Roaming\npm\node_modules\markbind-cli\node_modules\htmlparser2\lib\Parser.js:330:7)
    at fs.readFile (C:\Users\dcsdcr\AppData\Roaming\npm\node_modules\markbind-cli\src\lib\markbind\src\parser.js:606:16)
    at FSReqWrap.readFileAfterClose [as oncomplete] (internal/fs/read_file_context.js:53:3)
2019-07-30T10:03:44.672Z - info: Pages rebuilt
2019-07-30T10:03:44.682Z - info: Site data built
2019-07-30T10:04:52.288Z - info: [6:04:52 PM] Reload for file change: C:\repos\nus-cs2103-AY1920S1\cs2103-website\admin\project-w12-mid-v14.md
2019-07-30T10:04:53.291Z - info: Rebuilding affected source files
2019-07-30T10:04:53.293Z - info: Rebuilding 4 pages
2019-07-30T10:04:57.936Z - info: Pages rebuilt
2019-07-30T10:04:57.951Z - info: Site data built
2019-07-30T10:31:37.044Z - info: [6:31:37 PM] Reload for file change: C:\repos\nus-cs2103-AY1920S1\cs2103-website\admin\project-w12-mid-v14.md
2019-07-30T10:31:38.046Z - info: Rebuilding affected source files
2019-07-30T10:31:38.049Z - info: Rebuilding 4 pages
2019-07-30T10:31:42.599Z - info: Pages rebuilt
2019-07-30T10:31:42.613Z - info: Site data built
2019-07-30T10:31:57.922Z - info: [6:31:57 PM] Reload for file change: C:\repos\nus-cs2103-AY1920S1\cs2103-website\admin\project-w12-mid-v14.md
2019-07-30T10:31:58.925Z - info: Rebuilding affected source files
2019-07-30T10:31:58.926Z - info: Rebuilding 4 pages
2019-07-30T10:32:03.227Z - info: Pages rebuilt
2019-07-30T10:32:03.239Z - info: Site data built
2019-07-30T10:32:44.569Z - info: [6:32:44 PM] Reload for file change: C:\repos\nus-cs2103-AY1920S1\cs2103-website\admin\project-w12-mid-v14.md
2019-07-30T10:32:45.572Z - info: Rebuilding affected source files
2019-07-30T10:32:45.573Z - info: Rebuilding 4 pages
2019-07-30T10:32:50.309Z - info: Pages rebuilt
2019-07-30T10:32:50.340Z - info: Site data built
2019-07-30T10:34:30.188Z - info: [6:34:30 PM] Reload for file change: C:\repos\nus-cs2103-AY1920S1\cs2103-website\admin\project-w12-mid-v14.md
2019-07-30T10:34:31.190Z - info: Rebuilding affected source files
2019-07-30T10:34:31.191Z - info: Rebuilding 4 pages
2019-07-30T10:34:35.518Z - info: Pages rebuilt
2019-07-30T10:34:35.528Z - info: Site data built
2019-07-30T10:37:37.961Z - info: [6:37:37 PM] Reload for file change: C:\repos\nus-cs2103-AY1920S1\cs2103-website\admin\project-grading.md
2019-07-30T10:37:38.968Z - info: Rebuilding affected source files
2019-07-30T10:37:38.971Z - info: Rebuilding 14 pages
2019-07-30T10:37:44.184Z - info: Pages rebuilt
2019-07-30T10:37:44.196Z - info: Site data built
2019-07-30T10:45:40.653Z - info: [6:45:40 PM] Reload for file change: C:\repos\nus-cs2103-AY1920S1\cs2103-website\admin\project-w13-v14.md
2019-07-30T10:45:40.659Z - info: [6:45:40 PM] Reload for file change: C:\repos\nus-cs2103-AY1920S1\cs2103-website\schedule\week12\admin.md
2019-07-30T10:45:40.663Z - info: [6:45:40 PM] Reload for file change: C:\repos\nus-cs2103-AY1920S1\cs2103-website\schedule\week13\admin.md
2019-07-30T10:45:40.671Z - info: [6:45:40 PM] Reload for file change: C:\repos\nus-cs2103-AY1920S1\cs2103-website\schedule\week13\notices-cs2103.md
2019-07-30T10:45:40.674Z - info: [6:45:40 PM] Reload for file change: C:\repos\nus-cs2103-AY1920S1\cs2103-website\schedule\week13\project.md
2019-07-30T10:45:41.654Z - info: Rebuilding affected source files
2019-07-30T10:45:41.657Z - info: Rebuilding 6 pages
2019-07-30T10:45:44.577Z - info: Pages rebuilt
2019-07-30T10:45:44.592Z - info: Site data built
2019-07-30T10:54:22.374Z - info: [6:54:22 PM] Reload for file change: C:\repos\nus-cs2103-AY1920S1\cs2103-website\admin\project-w13-v14.md
2019-07-30T10:54:23.375Z - info: Rebuilding affected source files
2019-07-30T10:54:23.377Z - info: Rebuilding 4 pages
2019-07-30T10:54:25.495Z - info: Pages rebuilt
2019-07-30T10:54:25.506Z - info: Site data built
2019-07-30T10:54:51.693Z - info: [6:54:51 PM] Reload for file change: C:\repos\nus-cs2103-AY1920S1\cs2103-website\admin\project-w13-v14.md
2019-07-30T10:54:52.693Z - info: Rebuilding affected source files
2019-07-30T10:54:52.694Z - info: Rebuilding 4 pages
2019-07-30T10:54:54.796Z - info: Pages rebuilt
2019-07-30T10:54:54.807Z - info: Site data built
2019-07-30T10:58:24.275Z - info: [6:58:24 PM] Reload for file change: C:\repos\nus-cs2103-AY1920S1\cs2103-website\admin\project-w13-v14.md
2019-07-30T10:58:25.275Z - info: Rebuilding affected source files
2019-07-30T10:58:25.276Z - info: Rebuilding 4 pages
2019-07-30T10:58:27.641Z - info: Pages rebuilt
2019-07-30T10:58:27.653Z - info: Site data built
2019-07-30T10:59:07.423Z - info: [6:59:07 PM] Reload for file change: C:\repos\nus-cs2103-AY1920S1\cs2103-website\admin\project-w13-v14.md
2019-07-30T10:59:08.423Z - info: Rebuilding affected source files
2019-07-30T10:59:08.426Z - info: Rebuilding 4 pages
2019-07-30T10:59:10.674Z - info: Pages rebuilt
2019-07-30T10:59:10.686Z - info: Site data built
2019-07-30T11:00:13.187Z - info: [7:00:13 PM] Reload for file change: C:\repos\nus-cs2103-AY1920S1\cs2103-website\admin\project-w13-v14.md
2019-07-30T11:00:14.188Z - info: Rebuilding affected source files
2019-07-30T11:00:14.190Z - info: Rebuilding 4 pages
2019-07-30T11:00:16.372Z - info: Pages rebuilt
2019-07-30T11:00:16.386Z - info: Site data built
2019-07-30T11:02:04.810Z - info: [7:02:04 PM] Reload for file change: C:\repos\nus-cs2103-AY1920S1\cs2103-website\admin\project-w13-v14.md
2019-07-30T11:02:05.813Z - info: Rebuilding affected source files
2019-07-30T11:02:05.815Z - info: Rebuilding 4 pages
2019-07-30T11:02:08.016Z - info: Pages rebuilt
2019-07-30T11:02:08.027Z - info: Site data built
2019-07-30T11:03:36.864Z - info: [7:03:36 PM] Reload for file change: C:\repos\nus-cs2103-AY1920S1\cs2103-website\admin\project-w13-v14.md
2019-07-30T11:03:37.865Z - info: Rebuilding affected source files
2019-07-30T11:03:37.866Z - info: Rebuilding 4 pages
2019-07-30T11:03:39.972Z - info: Pages rebuilt
2019-07-30T11:03:39.984Z - info: Site data built
2019-07-30T11:08:23.895Z - info: [7:08:23 PM] Reload for file change: C:\repos\nus-cs2103-AY1920S1\cs2103-website\admin\project-w13-v14.md
2019-07-30T11:08:24.896Z - info: Rebuilding affected source files
2019-07-30T11:08:24.898Z - info: Rebuilding 4 pages
2019-07-30T11:08:27.050Z - info: Pages rebuilt
2019-07-30T11:08:27.062Z - info: Site data built
2019-07-30T11:09:47.641Z - info: [7:09:47 PM] Reload for file change: C:\repos\nus-cs2103-AY1920S1\cs2103-website\admin\project-w13-v14.md
2019-07-30T11:09:48.648Z - info: Rebuilding affected source files
2019-07-30T11:09:48.650Z - info: Rebuilding 4 pages
2019-07-30T11:09:50.669Z - info: Pages rebuilt
2019-07-30T11:09:50.685Z - info: Site data built
2019-07-30T11:16:20.825Z - info: [7:16:20 PM] Reload for file change: C:\repos\nus-cs2103-AY1920S1\cs2103-website\admin\project-w13-v14.md
2019-07-30T11:16:21.828Z - info: Rebuilding affected source files
2019-07-30T11:16:21.830Z - info: Rebuilding 4 pages
2019-07-30T11:16:23.871Z - info: Pages rebuilt
2019-07-30T11:16:23.882Z - info: Site data built
2019-07-30T11:17:22.538Z - info: [7:17:22 PM] Reload for file change: C:\repos\nus-cs2103-AY1920S1\cs2103-website\admin\project-w13-v14.md
2019-07-30T11:17:23.539Z - info: Rebuilding affected source files
2019-07-30T11:17:23.541Z - info: Rebuilding 4 pages
2019-07-30T11:17:25.526Z - info: Pages rebuilt
2019-07-30T11:17:25.542Z - info: Site data built
2019-07-30T11:18:02.438Z - info: [7:18:02 PM] Reload for file change: C:\repos\nus-cs2103-AY1920S1\cs2103-website\admin\project-w13-v14.md
2019-07-30T11:18:03.439Z - info: Rebuilding affected source files
2019-07-30T11:18:03.441Z - info: Rebuilding 4 pages
2019-07-30T11:18:05.491Z - info: Pages rebuilt
2019-07-30T11:18:05.502Z - info: Site data built
2019-07-30T11:20:49.567Z - info: [7:20:49 PM] Reload for file change: C:\repos\nus-cs2103-AY1920S1\cs2103-website\admin\project-w13-v14.md
2019-07-30T11:20:49.577Z - info: [7:20:49 PM] Reload for file change: C:\repos\nus-cs2103-AY1920S1\cs2103-website\admin\project-w12-mid-v14.md
2019-07-30T11:20:50.568Z - info: Rebuilding affected source files
2019-07-30T11:20:50.571Z - info: Rebuilding 8 pages
2019-07-30T11:20:53.986Z - info: Pages rebuilt
2019-07-30T11:20:54.000Z - info: Site data built
2019-07-30T11:21:57.514Z - info: [7:21:57 PM] Reload for file change: C:\repos\nus-cs2103-AY1920S1\cs2103-website\admin\project-w12-mid-v14.md
2019-07-30T11:21:58.514Z - info: Rebuilding affected source files
2019-07-30T11:21:58.516Z - info: Rebuilding 4 pages
2019-07-30T11:22:00.349Z - info: Pages rebuilt
2019-07-30T11:22:00.372Z - info: Site data built
2019-07-30T11:22:39.818Z - info: [7:22:39 PM] Reload for file change: C:\repos\nus-cs2103-AY1920S1\cs2103-website\admin\project-w12-mid-v14.md
2019-07-30T11:22:40.820Z - info: Rebuilding affected source files
2019-07-30T11:22:40.821Z - info: Rebuilding 4 pages
2019-07-30T11:22:42.751Z - info: Pages rebuilt
2019-07-30T11:22:42.761Z - info: Site data built
2019-07-30T11:22:59.819Z - info: [7:22:59 PM] Reload for file change: C:\repos\nus-cs2103-AY1920S1\cs2103-website\admin\project-w12-mid-v14.md
2019-07-30T11:23:00.821Z - info: Rebuilding affected source files
2019-07-30T11:23:00.822Z - info: Rebuilding 4 pages
2019-07-30T11:23:02.614Z - info: Pages rebuilt
2019-07-30T11:23:02.627Z - info: Site data built
2019-07-30T11:23:39.211Z - info: [7:23:39 PM] Reload for file change: C:\repos\nus-cs2103-AY1920S1\cs2103-website\admin\project-w12-mid-v14.md
2019-07-30T11:23:40.212Z - info: Rebuilding affected source files
2019-07-30T11:23:40.215Z - info: Rebuilding 4 pages
2019-07-30T11:23:41.981Z - info: Pages rebuilt
2019-07-30T11:23:41.994Z - info: Site data built
2019-07-30T11:24:58.024Z - info: [7:24:58 PM] Reload for file change: C:\repos\nus-cs2103-AY1920S1\cs2103-website\admin\project-w13-v14.md
2019-07-30T11:24:59.026Z - info: Rebuilding affected source files
2019-07-30T11:24:59.027Z - info: Rebuilding 4 pages
2019-07-30T11:25:01.148Z - info: Pages rebuilt
2019-07-30T11:25:01.159Z - info: Site data built
2019-07-30T11:26:50.435Z - info: [7:26:50 PM] Reload for file change: C:\repos\nus-cs2103-AY1920S1\cs2103-website\admin\project-w13-v14.md
2019-07-30T11:26:51.438Z - info: Rebuilding affected source files
2019-07-30T11:26:51.439Z - info: Rebuilding 4 pages
2019-07-30T11:26:53.559Z - info: Pages rebuilt
2019-07-30T11:26:53.577Z - info: Site data built
2019-07-30T11:27:35.572Z - info: [7:27:35 PM] Reload for file change: C:\repos\nus-cs2103-AY1920S1\cs2103-website\admin\project-w13-v14.md
2019-07-30T11:27:36.574Z - info: Rebuilding affected source files
2019-07-30T11:27:36.575Z - info: Rebuilding 4 pages
2019-07-30T11:27:38.477Z - info: Pages rebuilt
2019-07-30T11:27:38.492Z - info: Site data built
2019-07-30T11:33:10.776Z - info: Website generation started at 7:33:04 PM
2019-07-30T11:33:14.569Z - info: Building assets...
2019-07-30T11:33:17.536Z - info: Assets built
2019-07-30T11:33:17.537Z - info: Generating pages...
2019-07-30T11:35:16.007Z - info: Pages built
2019-07-30T11:35:40.558Z - info: Website generation complete! Total build time: 156.054s
2019-07-30T11:35:40.558Z - info: Build success!
2019-07-30T11:35:40.572Z - info: Site data built
2019-07-30T11:36:56.712Z - info: Deployed!
