2019-07-22T03:42:40.078Z - info: Website generation started at 11:42:37 AM
2019-07-22T03:42:42.418Z - info: Building assets...
2019-07-22T03:42:44.223Z - info: Assets built
2019-07-22T03:42:44.223Z - info: Generating pages...
2019-07-22T03:44:34.994Z - info: Pages built
2019-07-22T03:44:58.398Z - info: Website generation complete! Total build time: 141.246s
2019-07-22T03:44:58.735Z - info: Serving "C:\repos\nus-cs2103-AY1920S1\cs2103-website\_site" at http://127.0.0.1:8080
2019-07-22T03:44:58.735Z - info: Press CTRL+C to stop ...
2019-07-22T03:44:58.760Z - info: Site data built
2019-07-22T04:55:17.475Z - info: Website generation started at 12:55:15 PM
2019-07-22T04:55:19.838Z - info: Building assets...
2019-07-22T04:55:21.609Z - info: Assets built
2019-07-22T04:55:21.610Z - info: Generating pages...
2019-07-22T04:56:57.638Z - info: Pages built
2019-07-22T04:57:18.479Z - info: Website generation complete! Total build time: 123.046s
2019-07-22T04:57:18.479Z - info: Build success!
2019-07-22T04:57:18.490Z - info: Site data built
2019-07-22T04:58:58.360Z - info: Deployed!
2019-07-22T06:00:07.123Z - info: Website generation started at 2:00:05 PM
2019-07-22T06:00:09.467Z - info: Building assets...
2019-07-22T06:00:11.204Z - info: Assets built
2019-07-22T06:00:11.205Z - info: Generating pages...
2019-07-22T06:01:44.878Z - info: Pages built
2019-07-22T06:02:05.371Z - info: Website generation complete! Total build time: 120.27s
2019-07-22T06:02:05.724Z - info: Serving "C:\repos\nus-cs2103-AY1920S1\cs2103-website\_site" at http://127.0.0.1:8080
2019-07-22T06:02:05.724Z - info: Press CTRL+C to stop ...
2019-07-22T06:02:05.750Z - info: Site data built
2019-07-22T06:02:25.512Z - info: [2:02:25 PM] Reload for file change: C:\repos\nus-cs2103-AY1920S1\cs2103-website\book\designPatterns\singleton\what\text.md
2019-07-22T06:02:26.515Z - info: Rebuilding affected source files
2019-07-22T06:02:26.520Z - info: Rebuilding 7 pages
2019-07-22T06:02:31.868Z - info: Pages rebuilt
2019-07-22T06:02:31.879Z - info: Site data built
