2019-06-23T10:37:53.037Z - info: Website generation started at 6:37:53 PM
2019-06-23T10:37:54.184Z - info: Building assets...
2019-06-23T10:37:55.238Z - info: Assets built
2019-06-23T10:37:55.239Z - info: Generating pages...
2019-06-23T10:38:57.747Z - info: Pages built
2019-06-23T10:39:12.756Z - info: Website generation complete! Total build time: 79.743s
2019-06-23T10:39:13.144Z - info: Serving "C:\repos\nus-cs2103-AY1920S1\cs2103-website\_site" at http://127.0.0.1:8080
2019-06-23T10:39:13.144Z - info: Press CTRL+C to stop ...
2019-06-23T10:39:13.169Z - info: Site data built
2019-06-23T10:48:28.322Z - info: [6:48:28 PM] Reload for file change: C:\repos\nus-cs2103-AY1920S1\cs2103-website\schedule\index.md
2019-06-23T10:48:29.325Z - info: Rebuilding affected source files
2019-06-23T10:48:29.326Z - info: Rebuilding 2 pages
2019-06-23T11:02:06.588Z - info: Website generation started at 7:02:05 PM
2019-06-23T11:02:07.721Z - info: Building assets...
2019-06-23T11:02:08.803Z - info: Assets built
2019-06-23T11:02:08.803Z - info: Generating pages...
2019-06-23T11:03:15.624Z - info: Pages built
2019-06-23T11:03:30.797Z - info: Website generation complete! Total build time: 85.371s
2019-06-23T11:03:31.151Z - info: Serving "C:\repos\nus-cs2103-AY1920S1\cs2103-website\_site" at http://127.0.0.1:8080
2019-06-23T11:03:31.152Z - info: Press CTRL+C to stop ...
2019-06-23T11:03:31.200Z - info: Site data built
2019-06-23T11:05:04.042Z - info: [7:05:04 PM] Reload for file change: C:\repos\nus-cs2103-AY1920S1\cs2103-website\common\tutorial.njk
2019-06-23T11:05:05.049Z - info: Assets built
2019-06-23T11:08:00.973Z - info: Website generation started at 7:07:59 PM
2019-06-23T11:08:02.200Z - info: Building assets...
2019-06-23T11:08:03.310Z - info: Assets built
2019-06-23T11:08:03.310Z - info: Generating pages...
2019-06-23T11:09:08.084Z - info: Pages built
2019-06-23T11:09:23.162Z - info: Website generation complete! Total build time: 83.486s
2019-06-23T11:09:23.509Z - info: Serving "C:\repos\nus-cs2103-AY1920S1\cs2103-website\_site" at http://127.0.0.1:8080
2019-06-23T11:09:23.510Z - info: Press CTRL+C to stop ...
2019-06-23T11:09:23.544Z - info: Site data built
2019-06-23T11:24:12.683Z - info: [7:24:12 PM] Reload for file change: C:\repos\nus-cs2103-AY1920S1\cs2103-website\common\outcomes.njk
2019-06-23T11:24:13.702Z - info: Assets built
2019-06-23T11:24:24.994Z - info: Website generation started at 7:24:23 PM
2019-06-23T11:24:26.152Z - info: Building assets...
2019-06-23T11:24:27.264Z - info: Assets built
2019-06-23T11:24:27.264Z - info: Generating pages...
2019-06-23T11:25:30.971Z - info: Pages built
2019-06-23T11:25:46.120Z - info: Website generation complete! Total build time: 82.441s
2019-06-23T11:25:46.472Z - info: Serving "C:\repos\nus-cs2103-AY1920S1\cs2103-website\_site" at http://127.0.0.1:8080
2019-06-23T11:25:46.472Z - info: Press CTRL+C to stop ...
2019-06-23T11:25:46.498Z - info: Site data built
2019-06-23T11:30:47.861Z - info: [7:30:47 PM] Reload for file change: C:\repos\nus-cs2103-AY1920S1\cs2103-website\schedule\week5\project.md
2019-06-23T11:30:47.865Z - info: [7:30:47 PM] Reload for file change: C:\repos\nus-cs2103-AY1920S1\cs2103-website\schedule\week3\project.md
2019-06-23T11:30:47.866Z - info: [7:30:47 PM] Reload for file change: C:\repos\nus-cs2103-AY1920S1\cs2103-website\schedule\week6\project.md
2019-06-23T11:30:47.871Z - info: [7:30:47 PM] Reload for file change: C:\repos\nus-cs2103-AY1920S1\cs2103-website\schedule\index.md
2019-06-23T11:30:48.865Z - info: Rebuilding affected source files
2019-06-23T11:30:48.872Z - info: Rebuilding 5 pages
2019-06-23T11:33:33.810Z - info: Website generation started at 7:33:32 PM
2019-06-23T11:33:34.985Z - info: Building assets...
2019-06-23T11:33:36.078Z - info: Assets built
2019-06-23T11:33:36.078Z - info: Generating pages...
2019-06-23T11:34:40.089Z - info: Pages built
2019-06-23T11:34:55.933Z - info: Website generation complete! Total build time: 83.523s
2019-06-23T11:34:56.370Z - info: Serving "C:\repos\nus-cs2103-AY1920S1\cs2103-website\_site" at http://127.0.0.1:8080
2019-06-23T11:34:56.370Z - info: Press CTRL+C to stop ...
2019-06-23T11:34:56.396Z - info: Site data built
2019-06-23T11:40:08.458Z - info: [7:40:08 PM] Reload for file change: C:\repos\nus-cs2103-AY1920S1\cs2103-website\site.json
2019-06-23T11:40:09.471Z - info: Assets built
2019-06-23T11:41:42.132Z - info: Website generation started at 7:41:40 PM
2019-06-23T11:41:43.248Z - info: Building assets...
