2019-08-18T06:41:17.789Z - info: Website generation started at 2:41:11 PM
2019-08-18T06:41:22.776Z - info: Building assets...
2019-08-18T06:41:26.068Z - info: Assets built
2019-08-18T06:41:26.069Z - info: Generating pages...
2019-08-18T06:43:20.032Z - info: Pages built
2019-08-18T06:43:41.577Z - info: Website generation complete! Total build time: 150.464s
2019-08-18T06:43:41.577Z - info: Build success!
2019-08-18T06:43:41.595Z - info: Site data built
2019-08-18T06:44:52.115Z - info: Deployed!
2019-08-18T06:57:14.057Z - info: Website generation started at 2:57:08 PM
2019-08-18T06:57:17.323Z - info: Building assets...
2019-08-18T06:57:19.892Z - info: Assets built
2019-08-18T06:57:19.892Z - info: Generating pages...
2019-08-18T06:58:59.322Z - info: Pages built
2019-08-18T06:59:20.242Z - info: Website generation complete! Total build time: 131.567s
2019-08-18T06:59:20.242Z - info: Build success!
2019-08-18T06:59:20.260Z - info: Site data built
2019-08-18T07:00:11.353Z - info: Deployed!
2019-08-18T09:42:34.583Z - info: Website generation started at 5:42:28 PM
2019-08-18T09:42:38.272Z - info: Building assets...
2019-08-18T09:42:41.245Z - info: Assets built
2019-08-18T09:42:41.245Z - info: Generating pages...
2019-08-18T09:44:29.613Z - info: Pages built
2019-08-18T09:44:50.152Z - info: Website generation complete! Total build time: 141.676s
2019-08-18T09:44:50.195Z - info: Site data built
2019-08-18T09:44:51.563Z - info: Serving "C:\repos\nus-cs2103-AY1920S1\cs2103-website\_site" at http://127.0.0.1:65036
2019-08-18T09:44:51.563Z - info: Press CTRL+C to stop ...
2019-08-18T10:55:26.293Z - info: Website generation started at 6:55:20 PM
2019-08-18T10:55:29.820Z - info: Building assets...
2019-08-18T10:55:32.629Z - info: Assets built
2019-08-18T10:55:32.630Z - info: Generating pages...
2019-08-18T10:57:13.709Z - info: Pages built
2019-08-18T10:57:33.388Z - info: Website generation complete! Total build time: 132.909s
2019-08-18T10:57:33.730Z - info: Serving "C:\repos\nus-cs2103-AY1920S1\cs2103-website\_site" at http://127.0.0.1:8080
2019-08-18T10:57:33.730Z - info: Press CTRL+C to stop ...
2019-08-18T10:57:33.759Z - info: Site data built
