2019-10-23T02:32:47.662Z - info: Website generation started at 10:32:41 AM
2019-10-23T02:32:51.392Z - info: Building assets...
2019-10-23T02:32:54.053Z - info: Assets built
2019-10-23T02:32:54.054Z - info: Generating pages...
2019-10-23T02:34:54.605Z - info: Pages built
2019-10-23T02:35:20.519Z - info: Website generation complete! Total build time: 158.888s
2019-10-23T02:35:20.884Z - info: Serving "C:\repos\nus-cs2103-AY1920S1\cs2103-website\_site" at http://127.0.0.1:8080
2019-10-23T02:35:20.884Z - info: Press CTRL+C to stop ...
2019-10-23T02:35:20.915Z - info: Site data built
2019-10-23T02:38:03.983Z - info: Website generation started at 10:37:57 AM
2019-10-23T02:38:07.398Z - info: Building assets...
2019-10-23T02:38:10.049Z - info: Assets built
2019-10-23T02:38:10.049Z - info: Generating pages...
2019-10-23T02:39:56.668Z - info: Pages built
2019-10-23T02:40:18.413Z - info: Website generation complete! Total build time: 140.79s
2019-10-23T02:40:18.413Z - info: Build success!
2019-10-23T02:40:18.431Z - info: Site data built
2019-10-23T02:41:19.155Z - info: Deployed!
2019-10-23T04:10:54.560Z - info: Deployed!
2019-10-23T04:23:47.343Z - info: Website generation started at 12:23:41 PM
2019-10-23T04:23:50.653Z - info: Building assets...
