2019-11-06T05:16:04.525Z - info: Website generation started at 1:15:57 PM
2019-11-06T05:16:08.411Z - info: Building assets...
2019-11-06T05:16:11.441Z - info: Assets built
2019-11-06T05:16:11.441Z - info: Generating pages...
2019-11-06T05:18:14.353Z - info: Pages built
2019-11-06T05:18:38.771Z - info: Website generation complete! Total build time: 161.229s
2019-11-06T05:18:39.149Z - info: Serving "C:\repos\nus-cs2103-AY1920S1\cs2103-website\_site" at http://127.0.0.1:8080
2019-11-06T05:18:39.150Z - info: Press CTRL+C to stop ...
2019-11-06T05:18:39.182Z - info: Site data built
2019-11-06T05:34:16.880Z - info: [1:34:16 PM] Reload for file change: C:\repos\nus-cs2103-AY1920S1\cs2103-website\admin\project-deliverables.md
2019-11-06T05:34:17.882Z - info: Rebuilding affected source files
2019-11-06T05:34:17.895Z - info: Rebuilding 26 pages
2019-11-06T05:34:29.242Z - info: Pages rebuilt
2019-11-06T05:34:29.262Z - info: Site data built
2019-11-06T05:42:35.275Z - info: [1:42:35 PM] Reload for file change: C:\repos\nus-cs2103-AY1920S1\cs2103-website\admin\project-deliverables.md
2019-11-06T05:42:36.278Z - info: Rebuilding affected source files
2019-11-06T05:42:36.288Z - info: Rebuilding 26 pages
2019-11-06T05:42:48.209Z - info: Pages rebuilt
2019-11-06T05:42:48.836Z - info: Site data built
2019-11-06T05:42:55.176Z - info: [1:42:55 PM] Reload for file change: C:\repos\nus-cs2103-AY1920S1\cs2103-website\admin\project-deliverables.md
2019-11-06T05:42:56.188Z - info: Rebuilding affected source files
2019-11-06T05:42:56.192Z - info: Rebuilding 26 pages
2019-11-06T05:43:06.449Z - info: Pages rebuilt
2019-11-06T05:43:06.505Z - info: Site data built
2019-11-06T05:44:54.184Z - info: [1:44:54 PM] Reload for file change: C:\repos\nus-cs2103-AY1920S1\cs2103-website\admin\project-deliverables.md
2019-11-06T05:44:55.186Z - info: Rebuilding affected source files
2019-11-06T05:44:55.194Z - info: Rebuilding 26 pages
2019-11-06T05:45:05.206Z - info: Pages rebuilt
2019-11-06T05:45:05.224Z - info: Site data built
2019-11-06T05:45:19.083Z - info: [1:45:19 PM] Reload for file change: C:\repos\nus-cs2103-AY1920S1\cs2103-website\admin\project-deliverables.md
2019-11-06T05:45:20.098Z - info: Rebuilding affected source files
2019-11-06T05:45:20.104Z - info: Rebuilding 26 pages
2019-11-06T05:45:30.292Z - info: Pages rebuilt
2019-11-06T05:45:30.339Z - info: Site data built
2019-11-06T05:46:30.235Z - info: [1:46:30 PM] Reload for file change: C:\repos\nus-cs2103-AY1920S1\cs2103-website\admin\project-deliverables.md
2019-11-06T05:46:31.237Z - info: Rebuilding affected source files
2019-11-06T05:46:31.243Z - info: Rebuilding 26 pages
2019-11-06T05:46:42.488Z - info: Pages rebuilt
2019-11-06T05:46:42.520Z - info: Site data built
2019-11-06T05:47:03.476Z - info: [1:47:03 PM] Reload for file change: C:\repos\nus-cs2103-AY1920S1\cs2103-website\admin\project-deliverables.md
2019-11-06T05:47:04.477Z - info: Rebuilding affected source files
2019-11-06T05:47:04.485Z - info: Rebuilding 26 pages
2019-11-06T05:47:15.005Z - info: Pages rebuilt
2019-11-06T05:47:15.024Z - info: Site data built
2019-11-06T05:53:51.807Z - info: [1:53:51 PM] Reload for file change: C:\repos\nus-cs2103-AY1920S1\cs2103-website\admin\project-deliverables.md
2019-11-06T05:53:52.809Z - info: Rebuilding affected source files
2019-11-06T05:53:52.815Z - info: Rebuilding 26 pages
2019-11-06T05:54:02.514Z - info: Pages rebuilt
2019-11-06T05:54:02.532Z - info: Site data built
2019-11-06T05:54:26.153Z - info: [1:54:26 PM] Reload for file change: C:\repos\nus-cs2103-AY1920S1\cs2103-website\admin\project-deliverables.md
2019-11-06T05:54:27.162Z - info: Rebuilding affected source files
2019-11-06T05:54:27.168Z - info: Rebuilding 26 pages
2019-11-06T05:54:38.131Z - info: Pages rebuilt
2019-11-06T05:54:38.148Z - info: Site data built
2019-11-06T05:54:52.994Z - info: [1:54:52 PM] Reload for file change: C:\repos\nus-cs2103-AY1920S1\cs2103-website\admin\project-deliverables.md
2019-11-06T05:54:54.008Z - info: Rebuilding affected source files
2019-11-06T05:54:54.012Z - info: Rebuilding 26 pages
2019-11-06T05:55:03.758Z - info: Pages rebuilt
2019-11-06T05:55:03.797Z - info: Site data built
2019-11-06T05:55:52.946Z - info: [1:55:52 PM] Reload for file change: C:\repos\nus-cs2103-AY1920S1\cs2103-website\admin\project-deliverables.md
2019-11-06T05:55:53.962Z - info: Rebuilding affected source files
2019-11-06T05:55:53.969Z - info: Rebuilding 26 pages
2019-11-06T05:56:03.716Z - info: Pages rebuilt
2019-11-06T05:56:03.729Z - info: Site data built
2019-11-06T05:56:18.648Z - info: [1:56:18 PM] Reload for file change: C:\repos\nus-cs2103-AY1920S1\cs2103-website\admin\project-deliverables.md
2019-11-06T05:56:19.650Z - info: Rebuilding affected source files
2019-11-06T05:56:19.655Z - info: Rebuilding 26 pages
2019-11-06T05:56:29.419Z - info: Pages rebuilt
2019-11-06T05:56:29.439Z - info: Site data built
2019-11-06T05:57:29.407Z - info: [1:57:29 PM] Reload for file change: C:\repos\nus-cs2103-AY1920S1\cs2103-website\admin\project-deliverables.md
2019-11-06T05:57:30.409Z - info: Rebuilding affected source files
2019-11-06T05:57:30.415Z - info: Rebuilding 26 pages
2019-11-06T05:57:40.047Z - info: Pages rebuilt
2019-11-06T05:57:40.062Z - info: Site data built
2019-11-06T05:57:51.681Z - info: [1:57:51 PM] Reload for file change: C:\repos\nus-cs2103-AY1920S1\cs2103-website\admin\project-deliverables.md
2019-11-06T05:57:52.683Z - info: Rebuilding affected source files
2019-11-06T05:57:52.687Z - info: Rebuilding 26 pages
2019-11-06T05:58:02.338Z - info: Pages rebuilt
2019-11-06T05:58:02.362Z - info: Site data built
2019-11-06T05:58:24.824Z - info: [1:58:24 PM] Reload for file change: C:\repos\nus-cs2103-AY1920S1\cs2103-website\admin\project-deliverables.md
2019-11-06T05:58:25.829Z - info: Rebuilding affected source files
2019-11-06T05:58:25.835Z - info: Rebuilding 26 pages
2019-11-06T05:58:35.519Z - info: Pages rebuilt
2019-11-06T05:58:35.543Z - info: Site data built
2019-11-06T05:58:41.483Z - info: [1:58:41 PM] Reload for file change: C:\repos\nus-cs2103-AY1920S1\cs2103-website\admin\project-deliverables.md
2019-11-06T05:58:42.493Z - info: Rebuilding affected source files
2019-11-06T05:58:42.497Z - info: Rebuilding 26 pages
2019-11-06T05:58:53.170Z - info: Pages rebuilt
2019-11-06T05:58:53.177Z - info: [1:58:53 PM] Reload for file change: C:\repos\nus-cs2103-AY1920S1\cs2103-website\admin\project-deliverables.md
2019-11-06T05:58:53.193Z - info: Site data built
2019-11-06T05:58:54.178Z - info: Rebuilding affected source files
2019-11-06T05:58:54.182Z - info: Rebuilding 26 pages
2019-11-06T05:59:03.800Z - info: Pages rebuilt
2019-11-06T05:59:03.823Z - info: Site data built
2019-11-06T05:59:23.695Z - info: [1:59:23 PM] Reload for file change: C:\repos\nus-cs2103-AY1920S1\cs2103-website\admin\project-deliverables.md
2019-11-06T05:59:24.698Z - info: Rebuilding affected source files
2019-11-06T05:59:24.704Z - info: Rebuilding 26 pages
2019-11-06T05:59:34.367Z - info: Pages rebuilt
2019-11-06T05:59:34.393Z - info: Site data built
2019-11-06T06:02:58.840Z - info: [2:02:58 PM] Reload for file change: C:\repos\nus-cs2103-AY1920S1\cs2103-website\admin\project-deliverables.md
2019-11-06T06:02:59.842Z - info: Rebuilding affected source files
2019-11-06T06:02:59.847Z - info: Rebuilding 26 pages
2019-11-06T06:03:11.261Z - info: Pages rebuilt
2019-11-06T06:03:11.276Z - info: Site data built
2019-11-06T06:04:02.175Z - info: [2:04:02 PM] Reload for file change: C:\repos\nus-cs2103-AY1920S1\cs2103-website\admin\project-deliverables.md
2019-11-06T06:04:03.175Z - info: Rebuilding affected source files
2019-11-06T06:04:03.179Z - info: Rebuilding 26 pages
2019-11-06T06:04:12.736Z - info: Pages rebuilt
2019-11-06T06:04:12.764Z - info: Site data built
2019-11-06T06:09:05.691Z - info: Website generation started at 2:09:03 PM
2019-11-06T06:09:08.141Z - info: Building assets...
