2019-10-06T05:19:07.125Z - info: Website generation started at 1:19:05 PM
2019-10-06T05:19:09.582Z - info: Building assets...
2019-10-06T05:19:11.227Z - info: Assets built
2019-10-06T05:19:11.227Z - info: Generating pages...
2019-10-06T05:20:59.711Z - info: Pages built
2019-10-06T05:21:21.105Z - info: Website generation complete! Total build time: 135.288s
2019-10-06T05:21:21.442Z - info: Serving "C:\repos\nus-cs2103-AY1920S1\cs2103-website\_site" at http://127.0.0.1:8080
2019-10-06T05:21:21.442Z - info: Press CTRL+C to stop ...
2019-10-06T05:21:21.468Z - info: Site data built
2019-10-06T05:25:22.362Z - info: [1:25:22 PM] Reload for file change: C:\repos\nus-cs2103-AY1920S1\cs2103-website\schedule\week8\tutorial-cs2103.md
2019-10-06T05:25:23.365Z - info: Rebuilding affected source files
2019-10-06T05:25:23.366Z - info: Rebuilding 1 pages
2019-10-06T05:25:23.562Z - info: Pages rebuilt
2019-10-06T05:25:23.573Z - info: Site data built
2019-10-06T05:25:24.721Z - info: [1:25:24 PM] Reload for file change: C:\repos\nus-cs2103-AY1920S1\cs2103-website\schedule\week8\tutorial-cs2103.md
2019-10-06T05:25:25.724Z - info: Rebuilding affected source files
2019-10-06T05:25:25.725Z - info: Rebuilding 1 pages
2019-10-06T05:25:25.837Z - info: Pages rebuilt
2019-10-06T05:25:25.848Z - info: Site data built
2019-10-06T05:25:46.717Z - info: [1:25:46 PM] Reload for file change: C:\repos\nus-cs2103-AY1920S1\cs2103-website\schedule\week8\tutorial-cs2103.md
2019-10-06T05:25:47.718Z - info: Rebuilding affected source files
2019-10-06T05:25:47.719Z - info: Rebuilding 1 pages
2019-10-06T05:25:47.829Z - info: Pages rebuilt
2019-10-06T05:25:47.840Z - info: Site data built
2019-10-06T05:28:16.431Z - info: [1:28:16 PM] Reload for file change: C:\repos\nus-cs2103-AY1920S1\cs2103-website\schedule\week8\tutorial-cs2103.md
2019-10-06T05:28:17.431Z - info: Rebuilding affected source files
2019-10-06T05:28:17.432Z - info: Rebuilding 1 pages
2019-10-06T05:28:17.572Z - info: Pages rebuilt
2019-10-06T05:28:17.588Z - info: Site data built
2019-10-06T05:28:40.615Z - info: [1:28:40 PM] Reload for file change: C:\repos\nus-cs2103-AY1920S1\cs2103-website\schedule\week8\tutorial-cs2103.md
2019-10-06T05:28:41.617Z - info: Rebuilding affected source files
2019-10-06T05:28:41.618Z - info: Rebuilding 1 pages
2019-10-06T05:28:41.784Z - info: Pages rebuilt
2019-10-06T05:28:41.794Z - info: Site data built
2019-10-06T05:31:28.446Z - info: [1:31:28 PM] Reload for file change: C:\repos\nus-cs2103-AY1920S1\cs2103-website\schedule\week8\tutorial-cs2103.md
2019-10-06T05:31:29.449Z - info: Rebuilding affected source files
2019-10-06T05:31:29.450Z - info: Rebuilding 1 pages
2019-10-06T05:31:29.592Z - info: Pages rebuilt
2019-10-06T05:31:29.602Z - info: Site data built
2019-10-06T05:31:45.337Z - info: [1:31:45 PM] Reload for file change: C:\repos\nus-cs2103-AY1920S1\cs2103-website\schedule\week8\tutorial-cs2103.md
2019-10-06T05:31:46.339Z - info: Rebuilding affected source files
2019-10-06T05:31:46.340Z - info: Rebuilding 1 pages
2019-10-06T05:31:46.446Z - info: Pages rebuilt
2019-10-06T05:31:46.456Z - info: Site data built
2019-10-06T05:32:01.816Z - info: [1:32:01 PM] Reload for file change: C:\repos\nus-cs2103-AY1920S1\cs2103-website\schedule\week8\tutorial-cs2103.md
2019-10-06T05:32:02.818Z - info: Rebuilding affected source files
2019-10-06T05:32:02.819Z - info: Rebuilding 1 pages
2019-10-06T05:32:02.947Z - info: Pages rebuilt
2019-10-06T05:32:02.962Z - info: Site data built
2019-10-06T05:33:08.244Z - info: [1:33:08 PM] Reload for file change: C:\repos\nus-cs2103-AY1920S1\cs2103-website\schedule\week8\tutorial-cs2103.md
2019-10-06T05:33:09.246Z - info: Rebuilding affected source files
2019-10-06T05:33:09.249Z - info: Rebuilding 1 pages
2019-10-06T05:33:09.432Z - info: Pages rebuilt
2019-10-06T05:33:09.442Z - info: Site data built
2019-10-06T05:40:27.423Z - info: [1:40:27 PM] Reload for file change: C:\repos\nus-cs2103-AY1920S1\cs2103-website\schedule\week8\tutorial-cs2103.md
2019-10-06T05:40:28.425Z - info: Rebuilding affected source files
2019-10-06T05:40:28.427Z - info: Rebuilding 1 pages
2019-10-06T05:40:28.547Z - info: Pages rebuilt
2019-10-06T05:40:28.556Z - info: Site data built
2019-10-06T05:40:56.708Z - info: [1:40:56 PM] Reload for file change: C:\repos\nus-cs2103-AY1920S1\cs2103-website\schedule\week8\tutorial-cs2103.md
2019-10-06T05:40:57.710Z - info: Rebuilding affected source files
2019-10-06T05:40:57.711Z - info: Rebuilding 1 pages
2019-10-06T05:40:57.810Z - info: Pages rebuilt
2019-10-06T05:40:57.820Z - info: Site data built
2019-10-06T05:41:16.480Z - info: [1:41:16 PM] Reload for file change: C:\repos\nus-cs2103-AY1920S1\cs2103-website\schedule\week8\tutorial-cs2103.md
2019-10-06T05:41:17.482Z - info: Rebuilding affected source files
2019-10-06T05:41:17.483Z - info: Rebuilding 1 pages
2019-10-06T05:41:17.594Z - info: Pages rebuilt
2019-10-06T05:41:17.607Z - info: Site data built
2019-10-06T05:42:19.103Z - info: [1:42:19 PM] Reload for file change: C:\repos\nus-cs2103-AY1920S1\cs2103-website\schedule\week8\tutorial-cs2103.md
2019-10-06T05:42:20.103Z - info: Rebuilding affected source files
2019-10-06T05:42:20.104Z - info: Rebuilding 1 pages
2019-10-06T05:42:20.254Z - info: Pages rebuilt
2019-10-06T05:42:20.263Z - info: Site data built
2019-10-06T05:42:35.379Z - info: [1:42:35 PM] Reload for file change: C:\repos\nus-cs2103-AY1920S1\cs2103-website\schedule\week8\tutorial-cs2103.md
2019-10-06T05:42:36.379Z - info: Rebuilding affected source files
2019-10-06T05:42:36.380Z - info: Rebuilding 1 pages
2019-10-06T05:42:36.488Z - info: Pages rebuilt
2019-10-06T05:42:36.498Z - info: Site data built
2019-10-06T05:43:17.110Z - info: [1:43:17 PM] Reload for file change: C:\repos\nus-cs2103-AY1920S1\cs2103-website\schedule\week8\tutorial-cs2103.md
2019-10-06T05:43:18.111Z - info: Rebuilding affected source files
2019-10-06T05:43:18.113Z - info: Rebuilding 1 pages
2019-10-06T05:43:18.265Z - info: Pages rebuilt
2019-10-06T05:43:18.275Z - info: Site data built
2019-10-06T05:44:21.714Z - info: [1:44:21 PM] Reload for file change: C:\repos\nus-cs2103-AY1920S1\cs2103-website\book\modeling\modelingBehaviors\sequenceDiagramsBasic\q-essay-drawSequenceDiagramForPerson.md
2019-10-06T05:44:22.714Z - info: Rebuilding affected source files
2019-10-06T05:44:22.717Z - info: Rebuilding 8 pages
2019-10-06T05:44:27.913Z - info: Pages rebuilt
2019-10-06T05:44:27.930Z - info: Site data built
2019-10-06T05:45:13.920Z - info: [1:45:13 PM] Reload for file change: C:\repos\nus-cs2103-AY1920S1\cs2103-website\book\modeling\modelingStructures\classDiagramsIntermediate\q-drawClassDiagramForItemEtc.md
2019-10-06T05:45:14.921Z - info: Rebuilding affected source files
2019-10-06T05:45:14.924Z - info: Rebuilding 8 pages
2019-10-06T05:45:20.781Z - info: Pages rebuilt
2019-10-06T05:45:20.796Z - info: Site data built
2019-10-06T05:46:07.719Z - info: [1:46:07 PM] Reload for file change: C:\repos\nus-cs2103-AY1920S1\cs2103-website\schedule\week8\tutorial-cs2103.md
2019-10-06T05:46:08.721Z - info: Rebuilding affected source files
2019-10-06T05:46:08.722Z - info: Rebuilding 1 pages
2019-10-06T05:46:08.953Z - info: Pages rebuilt
2019-10-06T05:46:08.963Z - info: Site data built
2019-10-06T05:54:29.161Z - info: [1:54:29 PM] Reload for file change: C:\repos\nus-cs2103-AY1920S1\cs2103-website\schedule\week8\tutorial-cs2103.md
2019-10-06T05:54:30.162Z - info: Rebuilding affected source files
2019-10-06T05:54:30.163Z - info: Rebuilding 1 pages
2019-10-06T05:54:30.305Z - info: Pages rebuilt
2019-10-06T05:54:30.318Z - info: Site data built
2019-10-06T05:54:44.538Z - info: [1:54:44 PM] Reload for file change: C:\repos\nus-cs2103-AY1920S1\cs2103-website\book\modeling\modelingBehaviors\sequenceDiagramsIntermediate\q-essay-expainParserFactory.md
2019-10-06T05:54:45.540Z - info: Rebuilding affected source files
2019-10-06T05:54:45.542Z - info: Rebuilding 9 pages
2019-10-06T05:54:50.705Z - info: Pages rebuilt
2019-10-06T05:54:50.721Z - info: Site data built
2019-10-06T05:59:01.548Z - info: [1:59:01 PM] Reload for file change: C:\repos\nus-cs2103-AY1920S1\cs2103-website\schedule\week8\tutorial-cs2103.md
2019-10-06T05:59:02.550Z - info: Rebuilding affected source files
2019-10-06T05:59:02.552Z - info: Rebuilding 1 pages
2019-10-06T05:59:02.726Z - info: Pages rebuilt
2019-10-06T05:59:02.738Z - info: Site data built
2019-10-06T06:22:00.122Z - info: [2:22:00 PM] Reload for file change: C:\repos\nus-cs2103-AY1920S1\cs2103-website\schedule\week8\tutorial-cs2103.md
2019-10-06T06:22:01.124Z - info: Rebuilding affected source files
2019-10-06T06:22:01.125Z - info: Rebuilding 1 pages
2019-10-06T06:22:01.296Z - info: Pages rebuilt
2019-10-06T06:22:01.308Z - info: Site data built
2019-10-06T06:26:55.372Z - info: [2:26:55 PM] Reload for file change: C:\repos\nus-cs2103-AY1920S1\cs2103-website\schedule\week8\tutorial-cs2103.md
2019-10-06T06:26:56.373Z - info: Rebuilding affected source files
2019-10-06T06:26:56.374Z - info: Rebuilding 1 pages
2019-10-06T06:26:56.503Z - info: Pages rebuilt
2019-10-06T06:26:56.515Z - info: Site data built
2019-10-06T06:28:17.434Z - info: [2:28:17 PM] Reload for file change: C:\repos\nus-cs2103-AY1920S1\cs2103-website\book\modeling\modelingBehaviors\sequenceDiagramsBasic\q-essay-drawSequenceDiagramForPerson.md
2019-10-06T06:28:17.438Z - info: [2:28:17 PM] Reload for file change: C:\repos\nus-cs2103-AY1920S1\cs2103-website\book\modeling\modelingStructures\classDiagramsIntermediate\q-drawClassDiagramForItemEtc.md
2019-10-06T06:28:18.436Z - info: Rebuilding affected source files
2019-10-06T06:28:18.439Z - info: Rebuilding 11 pages
2019-10-06T06:28:25.105Z - info: Pages rebuilt
2019-10-06T06:28:25.133Z - info: Site data built
2019-10-06T06:32:12.196Z - info: [2:32:12 PM] Reload for file change: C:\repos\nus-cs2103-AY1920S1\cs2103-website\schedule\week8\tutorial-cs2103.md
2019-10-06T06:32:13.208Z - info: Rebuilding affected source files
2019-10-06T06:32:13.210Z - info: Rebuilding 1 pages
2019-10-06T06:32:13.420Z - info: Pages rebuilt
2019-10-06T06:32:13.429Z - info: Site data built
2019-10-06T06:32:29.294Z - info: [2:32:29 PM] Reload for file change: C:\repos\nus-cs2103-AY1920S1\cs2103-website\schedule\week8\tutorial-cs2103.md
2019-10-06T06:32:30.310Z - info: Rebuilding affected source files
2019-10-06T06:32:30.311Z - info: Rebuilding 1 pages
2019-10-06T06:32:30.485Z - info: Pages rebuilt
2019-10-06T06:32:30.496Z - info: Site data built
2019-10-06T06:47:43.926Z - info: [2:47:43 PM] Reload for file change: C:\repos\nus-cs2103-AY1920S1\cs2103-website\schedule\week8\tutorial-cs2103.md
2019-10-06T06:47:44.927Z - info: Rebuilding affected source files
2019-10-06T06:47:44.928Z - info: Rebuilding 1 pages
2019-10-06T06:47:45.071Z - info: Pages rebuilt
2019-10-06T06:47:45.081Z - info: Site data built
2019-10-06T06:48:01.846Z - info: [2:48:01 PM] Reload for file change: C:\repos\nus-cs2103-AY1920S1\cs2103-website\schedule\week8\tutorial-cs2103.md
2019-10-06T06:48:02.847Z - info: Rebuilding affected source files
2019-10-06T06:48:02.848Z - info: Rebuilding 1 pages
2019-10-06T06:48:02.987Z - info: Pages rebuilt
2019-10-06T06:48:02.997Z - info: Site data built
2019-10-06T06:49:52.157Z - info: [2:49:52 PM] Reload for file change: C:\repos\nus-cs2103-AY1920S1\cs2103-website\schedule\week8\tutorial-cs2103.md
2019-10-06T06:49:53.158Z - info: Rebuilding affected source files
2019-10-06T06:49:53.159Z - info: Rebuilding 1 pages
2019-10-06T06:49:53.268Z - info: Pages rebuilt
2019-10-06T06:49:53.280Z - info: Site data built
2019-10-06T06:54:26.563Z - info: [2:54:26 PM] Reload for file change: C:\repos\nus-cs2103-AY1920S1\cs2103-website\schedule\week8\tutorial-cs2103.md
2019-10-06T06:54:27.564Z - info: Rebuilding affected source files
2019-10-06T06:54:27.565Z - info: Rebuilding 1 pages
2019-10-06T06:54:27.702Z - info: Pages rebuilt
2019-10-06T06:54:27.718Z - info: Site data built
2019-10-06T07:18:53.734Z - info: [3:18:53 PM] Reload for file change: C:\repos\nus-cs2103-AY1920S1\cs2103-website\schedule\week8\tutorial-cs2103.md
2019-10-06T07:18:54.735Z - info: Rebuilding affected source files
2019-10-06T07:18:54.736Z - info: Rebuilding 1 pages
2019-10-06T07:18:54.938Z - info: Pages rebuilt
2019-10-06T07:18:54.947Z - info: Site data built
2019-10-06T07:21:35.225Z - info: Website generation started at 3:21:33 PM
2019-10-06T07:21:37.590Z - info: Building assets...
