2019-07-24T14:47:15.506Z - info: Website generation started at 22:47:15
2019-07-24T14:47:16.518Z - info: Building assets...
2019-07-24T14:47:17.559Z - info: Assets built
2019-07-24T14:47:17.560Z - info: Generating pages...
2019-07-24T14:49:25.684Z - info: Pages built
2019-07-24T14:49:55.223Z - info: Website generation complete! Total build time: 159.731s
2019-07-24T14:49:55.533Z - info: Serving "C:\repos\nus-cs2103-AY1920S1\cs2103-website\_site" at http://127.0.0.1:8080
2019-07-24T14:49:55.533Z - info: Press CTRL+C to stop ...
2019-07-24T14:49:55.549Z - info: Site data built
2019-07-24T15:29:00.852Z - info: Website generation started at 23:28:59
2019-07-24T15:29:02.198Z - info: Building assets...
2019-07-24T15:29:03.355Z - info: Assets built
2019-07-24T15:29:03.356Z - info: Generating pages...
2019-07-24T15:31:04.779Z - info: Pages built
2019-07-24T15:31:32.511Z - info: Website generation complete! Total build time: 153.33s
2019-07-24T15:31:32.816Z - info: Serving "C:\repos\nus-cs2103-AY1920S1\cs2103-website\_site" at http://127.0.0.1:8080
2019-07-24T15:31:32.817Z - info: Press CTRL+C to stop ...
2019-07-24T15:31:32.832Z - info: Site data built
2019-07-24T15:37:26.269Z - info: [23:37:26] Reload for file change: C:\repos\nus-cs2103-AY1920S1\cs2103-website\admin\project-constraints.md
2019-07-24T15:37:27.284Z - info: Rebuilding affected source files
2019-07-24T15:37:27.290Z - info: Rebuilding 3 pages
2019-07-24T15:37:29.196Z - info: Pages rebuilt
2019-07-24T15:37:29.208Z - info: Site data built
2019-07-24T15:37:41.352Z - info: [23:37:41] Reload for file change: C:\repos\nus-cs2103-AY1920S1\cs2103-website\admin\project-constraints.md
2019-07-24T15:37:42.354Z - info: Rebuilding affected source files
2019-07-24T15:37:42.355Z - info: Rebuilding 3 pages
2019-07-24T15:37:44.147Z - info: Pages rebuilt
2019-07-24T15:37:44.165Z - info: Site data built
2019-07-24T15:38:53.844Z - info: [23:38:53] Reload for file change: C:\repos\nus-cs2103-AY1920S1\cs2103-website\admin\project-constraints.md
2019-07-24T15:38:54.847Z - info: Rebuilding affected source files
2019-07-24T15:38:54.852Z - info: Rebuilding 3 pages
2019-07-24T15:38:56.652Z - info: Pages rebuilt
2019-07-24T15:38:56.659Z - info: Site data built
2019-07-24T15:40:23.234Z - info: [23:40:23] Reload for file change: C:\repos\nus-cs2103-AY1920S1\cs2103-website\admin\project-constraints.md
2019-07-24T15:40:24.236Z - info: Rebuilding affected source files
2019-07-24T15:40:24.237Z - info: Rebuilding 3 pages
2019-07-24T15:40:25.835Z - info: Pages rebuilt
2019-07-24T15:40:25.855Z - info: Site data built
2019-07-24T15:41:54.760Z - info: [23:41:54] Reload for file change: C:\repos\nus-cs2103-AY1920S1\cs2103-website\admin\project-constraints.md
2019-07-24T15:41:55.762Z - info: Rebuilding affected source files
2019-07-24T15:41:55.768Z - info: Rebuilding 3 pages
2019-07-24T15:41:57.676Z - info: Pages rebuilt
2019-07-24T15:41:57.691Z - info: Site data built
2019-07-24T15:43:26.290Z - info: [23:43:26] Reload for file change: C:\repos\nus-cs2103-AY1920S1\cs2103-website\admin\project-constraints.md
2019-07-24T15:43:27.291Z - info: Rebuilding affected source files
2019-07-24T15:43:27.296Z - info: Rebuilding 3 pages
2019-07-24T15:43:28.913Z - info: Pages rebuilt
2019-07-24T15:43:28.924Z - info: Site data built
2019-07-24T15:45:44.196Z - info: [23:45:44] Reload for file change: C:\repos\nus-cs2103-AY1920S1\cs2103-website\admin\project-constraints.md
2019-07-24T15:45:45.198Z - info: Rebuilding affected source files
2019-07-24T15:45:45.203Z - info: Rebuilding 3 pages
2019-07-24T15:45:47.081Z - info: Pages rebuilt
2019-07-24T15:45:47.088Z - info: Site data built
2019-07-24T15:47:18.927Z - info: [23:47:18] Reload for file change: C:\repos\nus-cs2103-AY1920S1\cs2103-website\admin\project-constraints.md
2019-07-24T15:47:19.937Z - info: Rebuilding affected source files
2019-07-24T15:47:19.941Z - info: Rebuilding 3 pages
2019-07-24T15:47:21.645Z - info: Pages rebuilt
2019-07-24T15:47:21.657Z - info: Site data built
2019-07-24T15:51:38.976Z - info: [23:51:38] Reload for file change: C:\repos\nus-cs2103-AY1920S1\cs2103-website\admin\project-constraints.md
2019-07-24T15:51:39.988Z - info: Rebuilding affected source files
2019-07-24T15:51:39.991Z - info: Rebuilding 3 pages
2019-07-24T15:51:42.031Z - info: Pages rebuilt
2019-07-24T15:51:42.039Z - info: Site data built
2019-07-24T15:59:55.514Z - info: Website generation started at 23:59:53
2019-07-24T15:59:57.479Z - info: Building assets...
2019-07-24T15:59:59.291Z - info: Assets built
2019-07-24T15:59:59.291Z - info: Generating pages...
