2019-10-13T06:45:52.545Z - info: Website generation started at 2:45:46 PM
2019-10-13T06:45:56.010Z - info: Building assets...
2019-10-13T06:45:58.690Z - info: Assets built
2019-10-13T06:45:58.691Z - info: Generating pages...
2019-10-13T06:47:48.375Z - info: Pages built
2019-10-13T06:48:09.541Z - info: Website generation complete! Total build time: 143.208s
2019-10-13T06:48:09.883Z - info: Serving "C:\repos\nus-cs2103-AY1920S1\cs2103-website\_site" at http://127.0.0.1:8080
2019-10-13T06:48:09.883Z - info: Press CTRL+C to stop ...
2019-10-13T06:48:09.915Z - info: Site data built
2019-10-13T06:49:32.195Z - info: [2:49:32 PM] Reload for file add: C:\repos\nus-cs2103-AY1920S1\cs2103-website\book\modeling\modelingStructures\objectOrientedDomainModels\images\CourseDomainLayout.png
2019-10-13T06:49:32.219Z - info: [2:49:32 PM] Reload for file change: C:\repos\nus-cs2103-AY1920S1\cs2103-website\book\modeling\modelingStructures\objectOrientedDomainModels\images\CourseDomainLayout.png
2019-10-13T06:49:33.203Z - info: Assets built
2019-10-13T06:50:09.477Z - info: [2:50:09 PM] Reload for file change: C:\repos\nus-cs2103-AY1920S1\cs2103-website\book\modeling\modelingStructures\objectOrientedDomainModels\q-courseDomainModel.md
2019-10-13T06:50:10.477Z - info: Rebuilding affected source files
2019-10-13T06:50:10.479Z - info: Rebuilding 1 pages
2019-10-13T06:50:10.660Z - info: Pages rebuilt
2019-10-13T06:50:10.673Z - info: Site data built
2019-10-13T06:50:35.310Z - info: [2:50:35 PM] Reload for file change: C:\repos\nus-cs2103-AY1920S1\cs2103-website\book\modeling\modelingStructures\objectOrientedDomainModels\q-courseDomainModel.md
2019-10-13T06:50:36.313Z - info: Rebuilding affected source files
2019-10-13T06:50:36.314Z - info: Rebuilding 1 pages
2019-10-13T06:50:36.437Z - info: Pages rebuilt
2019-10-13T06:50:36.449Z - info: Site data built
2019-10-13T06:50:53.846Z - info: [2:50:53 PM] Reload for file change: C:\repos\nus-cs2103-AY1920S1\cs2103-website\book\modeling\modelingStructures\objectOrientedDomainModels\q-courseDomainModel.md
2019-10-13T06:50:54.847Z - info: Rebuilding affected source files
2019-10-13T06:50:54.848Z - info: Rebuilding 1 pages
2019-10-13T06:50:54.953Z - info: Pages rebuilt
2019-10-13T06:50:54.965Z - info: Site data built
2019-10-13T06:51:09.668Z - info: [2:51:09 PM] Reload for file change: C:\repos\nus-cs2103-AY1920S1\cs2103-website\book\modeling\modelingStructures\objectOrientedDomainModels\q-courseDomainModel.md
2019-10-13T06:51:10.670Z - info: Rebuilding affected source files
2019-10-13T06:51:10.671Z - info: Rebuilding 1 pages
2019-10-13T06:51:10.770Z - info: Pages rebuilt
2019-10-13T06:51:10.781Z - info: Site data built
2019-10-13T06:51:18.934Z - info: [2:51:18 PM] Reload for file change: C:\repos\nus-cs2103-AY1920S1\cs2103-website\book\modeling\modelingStructures\objectOrientedDomainModels\q-courseDomainModel.md
2019-10-13T06:51:19.936Z - info: Rebuilding affected source files
2019-10-13T06:51:19.937Z - info: Rebuilding 1 pages
2019-10-13T06:51:20.032Z - info: Pages rebuilt
2019-10-13T06:51:20.049Z - info: Site data built
2019-10-13T06:51:32.953Z - info: [2:51:32 PM] Reload for file change: C:\repos\nus-cs2103-AY1920S1\cs2103-website\book\modeling\modelingStructures\objectOrientedDomainModels\q-courseDomainModel.md
2019-10-13T06:51:33.955Z - info: Rebuilding affected source files
2019-10-13T06:51:33.956Z - info: Rebuilding 1 pages
2019-10-13T06:51:34.125Z - info: Pages rebuilt
2019-10-13T06:51:34.137Z - info: Site data built
2019-10-13T06:51:38.780Z - info: [2:51:38 PM] Reload for file change: C:\repos\nus-cs2103-AY1920S1\cs2103-website\book\modeling\modelingStructures\objectOrientedDomainModels\q-courseDomainModel.md
2019-10-13T06:51:39.781Z - info: Rebuilding affected source files
2019-10-13T06:51:39.782Z - info: Rebuilding 1 pages
2019-10-13T06:51:39.894Z - info: Pages rebuilt
2019-10-13T06:51:39.908Z - info: Site data built
2019-10-13T06:52:15.658Z - info: [2:52:15 PM] Reload for file change: C:\repos\nus-cs2103-AY1920S1\cs2103-website\book\modeling\modelingStructures\objectOrientedDomainModels\q-courseDomainModel.md
2019-10-13T06:52:16.660Z - info: Rebuilding affected source files
2019-10-13T06:52:16.661Z - info: Rebuilding 1 pages
2019-10-13T06:52:16.764Z - info: Pages rebuilt
2019-10-13T06:52:16.775Z - info: Site data built
2019-10-13T06:52:38.300Z - info: [2:52:38 PM] Reload for file change: C:\repos\nus-cs2103-AY1920S1\cs2103-website\book\modeling\modelingStructures\objectOrientedDomainModels\q-courseDomainModel.md
2019-10-13T06:52:39.307Z - info: Rebuilding affected source files
2019-10-13T06:52:39.307Z - info: Rebuilding 1 pages
2019-10-13T06:52:39.398Z - info: Pages rebuilt
2019-10-13T06:52:39.410Z - info: Site data built
2019-10-13T06:52:52.179Z - info: [2:52:52 PM] Reload for file change: C:\repos\nus-cs2103-AY1920S1\cs2103-website\book\modeling\modelingStructures\objectOrientedDomainModels\q-courseDomainModel.md
2019-10-13T06:52:53.180Z - info: Rebuilding affected source files
2019-10-13T06:52:53.181Z - info: Rebuilding 1 pages
2019-10-13T06:52:53.276Z - info: Pages rebuilt
2019-10-13T06:52:53.291Z - info: Site data built
2019-10-13T06:52:59.842Z - info: [2:52:59 PM] Reload for file change: C:\repos\nus-cs2103-AY1920S1\cs2103-website\book\modeling\modelingStructures\objectOrientedDomainModels\q-courseDomainModel.md
2019-10-13T06:53:00.842Z - info: Rebuilding affected source files
2019-10-13T06:53:00.843Z - info: Rebuilding 1 pages
2019-10-13T06:53:01.009Z - info: Pages rebuilt
2019-10-13T06:53:01.022Z - info: Site data built
2019-10-13T06:54:54.443Z - info: [2:54:54 PM] Reload for file change: C:\repos\nus-cs2103-AY1920S1\cs2103-website\book\modeling\modelingStructures\objectOrientedDomainModels\q-courseDomainModel.md
2019-10-13T06:54:55.445Z - info: Rebuilding affected source files
2019-10-13T06:54:55.447Z - info: Rebuilding 1 pages
2019-10-13T06:54:55.549Z - info: Pages rebuilt
2019-10-13T06:54:55.560Z - info: Site data built
2019-10-13T06:58:45.709Z - info: [2:58:45 PM] Reload for file change: C:\repos\nus-cs2103-AY1920S1\cs2103-website\book\modeling\modelingStructures\objectOrientedDomainModels\q-courseDomainModel.md
2019-10-13T06:58:46.712Z - info: Rebuilding affected source files
2019-10-13T06:58:46.713Z - info: Rebuilding 1 pages
2019-10-13T06:58:46.852Z - info: Pages rebuilt
2019-10-13T06:58:46.865Z - info: Site data built
2019-10-13T06:59:10.329Z - info: [2:59:10 PM] Reload for file change: C:\repos\nus-cs2103-AY1920S1\cs2103-website\book\modeling\modelingStructures\objectOrientedDomainModels\q-courseDomainModel.md
2019-10-13T06:59:11.329Z - info: Rebuilding affected source files
2019-10-13T06:59:11.330Z - info: Rebuilding 1 pages
2019-10-13T06:59:11.419Z - info: Pages rebuilt
2019-10-13T06:59:11.429Z - info: Site data built
2019-10-13T07:01:53.345Z - info: [3:01:53 PM] Reload for file change: C:\repos\nus-cs2103-AY1920S1\cs2103-website\schedule\week9\tutorial-cs2103.md
2019-10-13T07:01:54.346Z - info: Rebuilding affected source files
2019-10-13T07:01:54.349Z - info: Rebuilding 1 pages
2019-10-13T07:01:54.476Z - info: Pages rebuilt
2019-10-13T07:01:54.484Z - info: Site data built
2019-10-13T07:15:40.191Z - info: [3:15:40 PM] Reload for file change: C:\repos\nus-cs2103-AY1920S1\cs2103-website\schedule\week9\tutorial-cs2103.md
2019-10-13T07:15:41.192Z - info: Rebuilding affected source files
2019-10-13T07:15:41.194Z - info: Rebuilding 1 pages
2019-10-13T07:15:41.200Z - error:  Error: No such file: C:\repos\nus-cs2103-AY1920S1\cs2103-website\schedule\week9\project-scope.md
Missing reference in C:\repos\nus-cs2103-AY1920S1\cs2103-website\schedule\week9\tutorial-cs2103.md
    at Parser._preprocess (C:\Users\dcsdcr\AppData\Roaming\npm\node_modules\markbind-cli\src\lib\markbind\src\parser.js:225:21)
    at element.children.element.children.map.e (C:\Users\dcsdcr\AppData\Roaming\npm\node_modules\markbind-cli\src\lib\markbind\src\parser.js:399:57)
    at Array.map (<anonymous>)
    at Parser._preprocess (C:\Users\dcsdcr\AppData\Roaming\npm\node_modules\markbind-cli\src\lib\markbind\src\parser.js:399:43)
    at dom.map (C:\Users\dcsdcr\AppData\Roaming\npm\node_modules\markbind-cli\src\lib\markbind\src\parser.js:567:28)
    at Array.map (<anonymous>)
    at DomHandler.htmlparser.DomHandler [as _callback] (C:\Users\dcsdcr\AppData\Roaming\npm\node_modules\markbind-cli\src\lib\markbind\src\parser.js:564:25)
    at DomHandler._handleCallback.DomHandler.onerror (C:\Users\dcsdcr\AppData\Roaming\npm\node_modules\markbind-cli\node_modules\domhandler\index.js:52:8)
    at DomHandler.onend (C:\Users\dcsdcr\AppData\Roaming\npm\node_modules\markbind-cli\node_modules\domhandler\index.js:46:7)
    at Parser.onend (C:\Users\dcsdcr\AppData\Roaming\npm\node_modules\markbind-cli\node_modules\htmlparser2\lib\Parser.js:310:32)
    at Tokenizer._finish (C:\Users\dcsdcr\AppData\Roaming\npm\node_modules\markbind-cli\node_modules\htmlparser2\lib\Tokenizer.js:853:12)
    at Tokenizer.end (C:\Users\dcsdcr\AppData\Roaming\npm\node_modules\markbind-cli\node_modules\htmlparser2\lib\Tokenizer.js:844:25)
    at Parser.end (C:\Users\dcsdcr\AppData\Roaming\npm\node_modules\markbind-cli\node_modules\htmlparser2\lib\Parser.js:338:18)
    at Parser.parseComplete (C:\Users\dcsdcr\AppData\Roaming\npm\node_modules\markbind-cli\node_modules\htmlparser2\lib\Parser.js:330:7)
    at fs.readFile (C:\Users\dcsdcr\AppData\Roaming\npm\node_modules\markbind-cli\src\lib\markbind\src\parser.js:606:16)
    at FSReqWrap.readFileAfterClose [as oncomplete] (internal/fs/read_file_context.js:53:3)
2019-10-13T07:15:41.202Z - error:  Error: No such file: C:\repos\nus-cs2103-AY1920S1\cs2103-website\schedule\week9\project-scope.md
Missing reference in C:\repos\nus-cs2103-AY1920S1\cs2103-website\schedule\week9\tutorial-cs2103.md
    at Parser._preprocess (C:\Users\dcsdcr\AppData\Roaming\npm\node_modules\markbind-cli\src\lib\markbind\src\parser.js:225:21)
    at dom.map (C:\Users\dcsdcr\AppData\Roaming\npm\node_modules\markbind-cli\src\lib\markbind\src\parser.js:567:28)
    at Array.map (<anonymous>)
    at DomHandler.htmlparser.DomHandler [as _callback] (C:\Users\dcsdcr\AppData\Roaming\npm\node_modules\markbind-cli\src\lib\markbind\src\parser.js:564:25)
    at DomHandler._handleCallback.DomHandler.onerror (C:\Users\dcsdcr\AppData\Roaming\npm\node_modules\markbind-cli\node_modules\domhandler\index.js:52:8)
    at DomHandler.onend (C:\Users\dcsdcr\AppData\Roaming\npm\node_modules\markbind-cli\node_modules\domhandler\index.js:46:7)
    at Parser.onend (C:\Users\dcsdcr\AppData\Roaming\npm\node_modules\markbind-cli\node_modules\htmlparser2\lib\Parser.js:310:32)
    at Tokenizer._finish (C:\Users\dcsdcr\AppData\Roaming\npm\node_modules\markbind-cli\node_modules\htmlparser2\lib\Tokenizer.js:853:12)
    at Tokenizer.end (C:\Users\dcsdcr\AppData\Roaming\npm\node_modules\markbind-cli\node_modules\htmlparser2\lib\Tokenizer.js:844:25)
    at Parser.end (C:\Users\dcsdcr\AppData\Roaming\npm\node_modules\markbind-cli\node_modules\htmlparser2\lib\Parser.js:338:18)
    at Parser.parseComplete (C:\Users\dcsdcr\AppData\Roaming\npm\node_modules\markbind-cli\node_modules\htmlparser2\lib\Parser.js:330:7)
    at fs.readFile (C:\Users\dcsdcr\AppData\Roaming\npm\node_modules\markbind-cli\src\lib\markbind\src\parser.js:606:16)
    at FSReqWrap.readFileAfterClose [as oncomplete] (internal/fs/read_file_context.js:53:3)
2019-10-13T07:15:41.341Z - info: Pages rebuilt
2019-10-13T07:15:41.358Z - info: Site data built
2019-10-13T07:16:03.770Z - info: [3:16:03 PM] Reload for file change: C:\repos\nus-cs2103-AY1920S1\cs2103-website\schedule\week9\tutorial-cs2103.md
2019-10-13T07:16:04.773Z - info: Rebuilding affected source files
2019-10-13T07:16:04.776Z - info: Rebuilding 1 pages
2019-10-13T07:16:05.051Z - info: Pages rebuilt
2019-10-13T07:16:05.062Z - info: Site data built
2019-10-13T07:16:19.383Z - info: [3:16:19 PM] Reload for file change: C:\repos\nus-cs2103-AY1920S1\cs2103-website\schedule\week9\tutorial-cs2103.md
2019-10-13T07:16:20.384Z - info: Rebuilding affected source files
2019-10-13T07:16:20.385Z - info: Rebuilding 1 pages
2019-10-13T07:16:20.646Z - info: Pages rebuilt
2019-10-13T07:16:20.657Z - info: Site data built
2019-10-13T07:17:36.955Z - info: [3:17:36 PM] Reload for file change: C:\repos\nus-cs2103-AY1920S1\cs2103-website\admin\project-w09-v12.md
2019-10-13T07:17:36.961Z - info: [3:17:36 PM] Reload for file change: C:\repos\nus-cs2103-AY1920S1\cs2103-website\schedule\week9\tutorial-cs2103.md
2019-10-13T07:17:37.956Z - info: Rebuilding affected source files
2019-10-13T07:17:37.960Z - info: Rebuilding 7 pages
2019-10-13T07:17:42.365Z - info: Pages rebuilt
2019-10-13T07:17:42.380Z - info: Site data built
2019-10-13T07:18:03.566Z - info: [3:18:03 PM] Reload for file change: C:\repos\nus-cs2103-AY1920S1\cs2103-website\schedule\week9\tutorial-cs2103.md
2019-10-13T07:18:04.569Z - info: Rebuilding affected source files
2019-10-13T07:18:04.571Z - info: Rebuilding 1 pages
2019-10-13T07:18:04.804Z - info: Pages rebuilt
2019-10-13T07:18:04.817Z - info: Site data built
2019-10-13T07:22:43.803Z - info: [3:22:43 PM] Reload for file change: C:\repos\nus-cs2103-AY1920S1\cs2103-website\schedule\week9\tutorial-cs2103.md
2019-10-13T07:22:44.806Z - info: Rebuilding affected source files
2019-10-13T07:22:44.807Z - info: Rebuilding 1 pages
2019-10-13T07:22:45.029Z - info: Pages rebuilt
2019-10-13T07:22:45.041Z - info: Site data built
2019-10-13T07:22:55.164Z - info: [3:22:55 PM] Reload for file change: C:\repos\nus-cs2103-AY1920S1\cs2103-website\schedule\week9\tutorial-cs2103.md
2019-10-13T07:22:56.166Z - info: Rebuilding affected source files
2019-10-13T07:22:56.168Z - info: Rebuilding 1 pages
2019-10-13T07:22:56.326Z - info: Pages rebuilt
2019-10-13T07:22:56.337Z - info: Site data built
2019-10-13T07:23:30.760Z - info: [3:23:30 PM] Reload for file change: C:\repos\nus-cs2103-AY1920S1\cs2103-website\schedule\week9\tutorial-cs2103.md
2019-10-13T07:23:31.761Z - info: Rebuilding affected source files
2019-10-13T07:23:31.762Z - info: Rebuilding 1 pages
2019-10-13T07:23:31.952Z - info: Pages rebuilt
2019-10-13T07:23:31.963Z - info: Site data built
2019-10-13T07:25:19.249Z - info: [3:25:19 PM] Reload for file change: C:\repos\nus-cs2103-AY1920S1\cs2103-website\schedule\week9\tutorial-cs2103.md
2019-10-13T07:25:20.249Z - info: Rebuilding affected source files
2019-10-13T07:25:20.250Z - info: Rebuilding 1 pages
2019-10-13T07:25:20.489Z - info: Pages rebuilt
2019-10-13T07:25:20.499Z - info: Site data built
2019-10-13T07:27:48.705Z - info: [3:27:48 PM] Reload for file change: C:\repos\nus-cs2103-AY1920S1\cs2103-website\admin\project-w10-mid-v13.md
2019-10-13T07:27:49.706Z - info: Rebuilding affected source files
2019-10-13T07:27:49.709Z - info: Rebuilding 4 pages
2019-10-13T07:27:53.622Z - info: Pages rebuilt
2019-10-13T07:27:53.638Z - info: Site data built
2019-10-13T08:11:47.755Z - info: [4:11:47 PM] Reload for file add: C:\repos\nus-cs2103-AY1920S1\cs2103-website\book\diagrams\modelling\modellingStructures\objectOrientedDomainModels\pptD035.tmp
2019-10-13T08:11:47.820Z - info: [4:11:47 PM] Reload for file change: C:\repos\nus-cs2103-AY1920S1\cs2103-website\book\diagrams\modelling\modellingStructures\objectOrientedDomainModels\pptD035.tmp
2019-10-13T08:11:47.998Z - info: [4:11:47 PM] Reload for file change: C:\repos\nus-cs2103-AY1920S1\cs2103-website\book\diagrams\modelling\modellingStructures\objectOrientedDomainModels\courseDomainModel.pptx
2019-10-13T08:11:48.004Z - info: [4:11:48 PM] Reload for file add: C:\repos\nus-cs2103-AY1920S1\cs2103-website\book\diagrams\modelling\modellingStructures\objectOrientedDomainModels\A6FC33.tmp
2019-10-13T08:11:48.084Z - info: [4:11:48 PM] Reload for file change: C:\repos\nus-cs2103-AY1920S1\cs2103-website\book\diagrams\modelling\modellingStructures\objectOrientedDomainModels\courseDomainModel.pptx
2019-10-13T08:11:48.097Z - info: [4:11:48 PM] Reload for file deletion: C:\repos\nus-cs2103-AY1920S1\cs2103-website\book\diagrams\modelling\modellingStructures\objectOrientedDomainModels\pptD035.tmp
2019-10-13T08:11:48.271Z - info: [4:11:48 PM] Reload for file deletion: C:\repos\nus-cs2103-AY1920S1\cs2103-website\book\diagrams\modelling\modellingStructures\objectOrientedDomainModels\A6FC33.tmp
2019-10-13T08:11:48.757Z - info: Assets built
2019-10-13T08:11:49.098Z - info: Assets removed
2019-10-13T08:14:56.103Z - info: [4:14:56 PM] Reload for file change: C:\repos\nus-cs2103-AY1920S1\cs2103-website\schedule\week9\tutorial-cs2103.md
2019-10-13T08:14:57.105Z - info: Rebuilding affected source files
2019-10-13T08:14:57.107Z - info: Rebuilding 1 pages
2019-10-13T08:14:57.343Z - info: Pages rebuilt
2019-10-13T08:14:57.357Z - info: Site data built
2019-10-13T08:17:14.915Z - info: [4:17:14 PM] Reload for file change: C:\repos\nus-cs2103-AY1920S1\cs2103-website\schedule\week9\tutorial-cs2103.md
2019-10-13T08:17:15.917Z - info: Rebuilding affected source files
2019-10-13T08:17:15.919Z - info: Rebuilding 1 pages
2019-10-13T08:17:16.119Z - info: Pages rebuilt
2019-10-13T08:17:16.132Z - info: Site data built
2019-10-13T08:19:10.509Z - info: [4:19:10 PM] Reload for file change: C:\repos\nus-cs2103-AY1920S1\cs2103-website\book\modeling\modelingStructures\objectOrientedDomainModels\q-courseDomainModel.md
2019-10-13T08:19:11.512Z - info: Rebuilding affected source files
2019-10-13T08:19:11.513Z - info: Rebuilding 1 pages
2019-10-13T08:19:11.717Z - info: Pages rebuilt
2019-10-13T08:19:11.731Z - info: Site data built
2019-10-13T08:19:25.368Z - info: [4:19:25 PM] Reload for file change: C:\repos\nus-cs2103-AY1920S1\cs2103-website\book\modeling\modelingStructures\objectOrientedDomainModels\q-courseDomainModel.md
2019-10-13T08:19:26.369Z - info: Rebuilding affected source files
2019-10-13T08:19:26.370Z - info: Rebuilding 1 pages
2019-10-13T08:19:26.555Z - info: Pages rebuilt
2019-10-13T08:19:26.567Z - info: Site data built
2019-10-13T08:26:10.508Z - info: [4:26:10 PM] Reload for file change: C:\repos\nus-cs2103-AY1920S1\cs2103-website\admin\project-w10-mid-v13.md
2019-10-13T08:26:11.510Z - info: Rebuilding affected source files
2019-10-13T08:26:11.514Z - info: Rebuilding 4 pages
2019-10-13T08:26:16.588Z - info: Pages rebuilt
2019-10-13T08:26:16.606Z - info: Site data built
2019-10-13T08:28:43.315Z - info: [4:28:43 PM] Reload for file change: C:\repos\nus-cs2103-AY1920S1\cs2103-website\admin\project-w10-mid-v13.md
2019-10-13T08:28:44.315Z - info: Rebuilding affected source files
2019-10-13T08:28:44.317Z - info: Rebuilding 4 pages
2019-10-13T08:28:47.651Z - info: Pages rebuilt
2019-10-13T08:28:47.669Z - info: Site data built
2019-10-13T08:31:09.623Z - info: [4:31:09 PM] Reload for file change: C:\repos\nus-cs2103-AY1920S1\cs2103-website\admin\reposenseCompatibility.md
2019-10-13T08:31:10.624Z - info: Rebuilding affected source files
2019-10-13T08:31:10.626Z - info: Rebuilding 8 pages
2019-10-13T08:31:13.094Z - info: Pages rebuilt
2019-10-13T08:31:13.107Z - info: Site data built
2019-10-13T08:34:56.064Z - info: [4:34:56 PM] Reload for file change: C:\repos\nus-cs2103-AY1920S1\cs2103-website\admin\reposenseCompatibility.md
2019-10-13T08:34:57.066Z - info: Rebuilding affected source files
2019-10-13T08:34:57.068Z - info: Rebuilding 8 pages
2019-10-13T08:34:59.592Z - info: Pages rebuilt
2019-10-13T08:34:59.604Z - info: Site data built
2019-10-13T08:36:09.777Z - info: [4:36:09 PM] Reload for file change: C:\repos\nus-cs2103-AY1920S1\cs2103-website\admin\reposenseCompatibility.md
2019-10-13T08:36:10.778Z - info: Rebuilding affected source files
2019-10-13T08:36:10.782Z - info: Rebuilding 8 pages
2019-10-13T08:36:13.245Z - info: Pages rebuilt
2019-10-13T08:36:13.262Z - info: Site data built
2019-10-13T08:37:31.581Z - info: [4:37:31 PM] Reload for file change: C:\repos\nus-cs2103-AY1920S1\cs2103-website\admin\reposenseCompatibility.md
2019-10-13T08:37:32.583Z - info: Rebuilding affected source files
2019-10-13T08:37:32.586Z - info: Rebuilding 8 pages
2019-10-13T08:37:34.886Z - info: Pages rebuilt
2019-10-13T08:37:34.895Z - info: Site data built
2019-10-13T08:45:00.211Z - info: [4:45:00 PM] Reload for file change: C:\repos\nus-cs2103-AY1920S1\cs2103-website\admin\reposenseCompatibility.md
2019-10-13T08:45:01.214Z - info: Rebuilding affected source files
2019-10-13T08:45:01.217Z - info: Rebuilding 8 pages
2019-10-13T08:45:03.681Z - info: Pages rebuilt
2019-10-13T08:45:03.697Z - info: Site data built
2019-10-13T08:45:20.834Z - info: [4:45:20 PM] Reload for file change: C:\repos\nus-cs2103-AY1920S1\cs2103-website\admin\reposenseCompatibility.md
2019-10-13T08:45:21.836Z - info: Rebuilding affected source files
2019-10-13T08:45:21.839Z - info: Rebuilding 8 pages
2019-10-13T08:45:24.150Z - info: Pages rebuilt
2019-10-13T08:45:24.165Z - info: Site data built
2019-10-13T08:46:10.197Z - info: [4:46:10 PM] Reload for file change: C:\repos\nus-cs2103-AY1920S1\cs2103-website\admin\reposenseCompatibility.md
2019-10-13T08:46:11.199Z - info: Rebuilding affected source files
2019-10-13T08:46:11.203Z - info: Rebuilding 8 pages
2019-10-13T08:46:13.644Z - info: Pages rebuilt
2019-10-13T08:46:13.656Z - info: Site data built
2019-10-13T08:46:29.958Z - info: [4:46:29 PM] Reload for file change: C:\repos\nus-cs2103-AY1920S1\cs2103-website\admin\reposenseCompatibility.md
2019-10-13T08:46:30.964Z - info: Rebuilding affected source files
2019-10-13T08:46:30.967Z - info: Rebuilding 8 pages
2019-10-13T08:46:33.643Z - info: Pages rebuilt
2019-10-13T08:46:33.657Z - info: Site data built
2019-10-13T08:46:56.319Z - info: [4:46:56 PM] Reload for file change: C:\repos\nus-cs2103-AY1920S1\cs2103-website\admin\reposenseCompatibility.md
2019-10-13T08:46:57.321Z - info: Rebuilding affected source files
2019-10-13T08:46:57.323Z - info: Rebuilding 8 pages
2019-10-13T08:46:59.856Z - info: Pages rebuilt
2019-10-13T08:46:59.871Z - info: Site data built
2019-10-13T08:47:28.494Z - info: [4:47:28 PM] Reload for file change: C:\repos\nus-cs2103-AY1920S1\cs2103-website\admin\reposenseCompatibility.md
2019-10-13T08:47:29.496Z - info: Rebuilding affected source files
2019-10-13T08:47:29.498Z - info: Rebuilding 8 pages
2019-10-13T08:47:31.696Z - info: Pages rebuilt
2019-10-13T08:47:31.709Z - info: Site data built
2019-10-13T08:47:47.634Z - info: [4:47:47 PM] Reload for file change: C:\repos\nus-cs2103-AY1920S1\cs2103-website\admin\reposenseCompatibility.md
2019-10-13T08:47:48.637Z - info: Rebuilding affected source files
2019-10-13T08:47:48.639Z - info: Rebuilding 8 pages
2019-10-13T08:47:50.779Z - info: Pages rebuilt
2019-10-13T08:47:50.791Z - info: Site data built
2019-10-13T09:01:29.519Z - info: [5:01:29 PM] Reload for file change: C:\repos\nus-cs2103-AY1920S1\cs2103-website\schedule\week10\tutorial-cs2103.md
2019-10-13T09:01:29.522Z - info: [5:01:29 PM] Reload for file change: C:\repos\nus-cs2103-AY1920S1\cs2103-website\schedule\week9\tutorial-cs2103.md
2019-10-13T09:01:30.527Z - info: Rebuilding affected source files
2019-10-13T09:01:30.528Z - info: Rebuilding 2 pages
2019-10-13T09:01:30.873Z - info: Pages rebuilt
2019-10-13T09:01:30.886Z - info: Site data built
2019-10-13T09:01:46.994Z - info: [5:01:46 PM] Reload for file change: C:\repos\nus-cs2103-AY1920S1\cs2103-website\schedule\week9\tutorial-cs2103.md
2019-10-13T09:01:47.995Z - info: Rebuilding affected source files
2019-10-13T09:01:47.999Z - info: Rebuilding 1 pages
2019-10-13T09:01:48.154Z - info: Pages rebuilt
2019-10-13T09:01:48.168Z - info: Site data built
2019-10-13T09:02:04.624Z - info: [5:02:04 PM] Reload for file change: C:\repos\nus-cs2103-AY1920S1\cs2103-website\schedule\week9\tutorial-cs2103.md
2019-10-13T09:02:05.626Z - info: Rebuilding affected source files
2019-10-13T09:02:05.627Z - info: Rebuilding 1 pages
2019-10-13T09:02:05.772Z - info: Pages rebuilt
2019-10-13T09:02:05.783Z - info: Site data built
2019-10-13T09:02:18.627Z - info: [5:02:18 PM] Reload for file change: C:\repos\nus-cs2103-AY1920S1\cs2103-website\schedule\week9\tutorial-cs2103.md
2019-10-13T09:02:19.629Z - info: Rebuilding affected source files
2019-10-13T09:02:19.630Z - info: Rebuilding 1 pages
2019-10-13T09:02:19.794Z - info: Pages rebuilt
2019-10-13T09:02:19.805Z - info: Site data built
2019-10-13T09:02:25.913Z - info: [5:02:25 PM] Reload for file change: C:\repos\nus-cs2103-AY1920S1\cs2103-website\schedule\week9\tutorial-cs2103.md
2019-10-13T09:02:26.914Z - info: Rebuilding affected source files
2019-10-13T09:02:26.915Z - info: Rebuilding 1 pages
2019-10-13T09:02:27.038Z - info: Pages rebuilt
2019-10-13T09:02:27.049Z - info: Site data built
2019-10-13T09:02:32.627Z - info: [5:02:32 PM] Reload for file change: C:\repos\nus-cs2103-AY1920S1\cs2103-website\schedule\week9\tutorial-cs2103.md
2019-10-13T09:02:33.628Z - info: Rebuilding affected source files
2019-10-13T09:02:33.629Z - info: Rebuilding 1 pages
2019-10-13T09:02:33.753Z - info: Pages rebuilt
2019-10-13T09:02:33.764Z - info: Site data built
2019-10-13T09:03:30.614Z - info: [5:03:30 PM] Reload for file change: C:\repos\nus-cs2103-AY1920S1\cs2103-website\schedule\week10\tutorial-cs2103.md
2019-10-13T09:03:30.618Z - info: [5:03:30 PM] Reload for file change: C:\repos\nus-cs2103-AY1920S1\cs2103-website\schedule\week9\tutorial-cs2103.md
2019-10-13T09:03:31.616Z - info: Rebuilding affected source files
2019-10-13T09:03:31.617Z - info: Rebuilding 2 pages
2019-10-13T09:03:31.808Z - info: Pages rebuilt
2019-10-13T09:03:31.819Z - info: Site data built
2019-10-13T09:08:21.944Z - info: [5:08:21 PM] Reload for file change: C:\repos\nus-cs2103-AY1920S1\cs2103-website\schedule\week9\tutorial-cs2103.md
2019-10-13T09:08:22.946Z - info: Rebuilding affected source files
2019-10-13T09:08:22.947Z - info: Rebuilding 1 pages
2019-10-13T09:08:23.108Z - info: Pages rebuilt
2019-10-13T09:08:23.119Z - info: Site data built
2019-10-13T09:09:10.203Z - info: [5:09:10 PM] Reload for file change: C:\repos\nus-cs2103-AY1920S1\cs2103-website\schedule\week9\tutorial-cs2103.md
2019-10-13T09:09:11.204Z - info: Rebuilding affected source files
2019-10-13T09:09:11.205Z - info: Rebuilding 1 pages
2019-10-13T09:09:11.354Z - info: Pages rebuilt
2019-10-13T09:09:11.369Z - info: Site data built
2019-10-13T09:09:22.622Z - info: [5:09:22 PM] Reload for file change: C:\repos\nus-cs2103-AY1920S1\cs2103-website\schedule\week9\tutorial-cs2103.md
2019-10-13T09:09:23.623Z - info: Rebuilding affected source files
2019-10-13T09:09:23.624Z - info: Rebuilding 1 pages
2019-10-13T09:09:23.849Z - info: Pages rebuilt
2019-10-13T09:09:23.861Z - info: Site data built
2019-10-13T09:10:11.084Z - info: [5:10:11 PM] Reload for file change: C:\repos\nus-cs2103-AY1920S1\cs2103-website\schedule\week9\tutorial-cs2103.md
2019-10-13T09:10:12.084Z - info: Rebuilding affected source files
2019-10-13T09:10:12.085Z - info: Rebuilding 1 pages
2019-10-13T09:10:12.249Z - info: Pages rebuilt
2019-10-13T09:10:12.259Z - info: Site data built
2019-10-13T09:10:55.849Z - info: [5:10:55 PM] Reload for file change: C:\repos\nus-cs2103-AY1920S1\cs2103-website\schedule\week9\tutorial-cs2103.md
2019-10-13T09:10:56.851Z - info: Rebuilding affected source files
2019-10-13T09:10:56.853Z - info: Rebuilding 1 pages
2019-10-13T09:10:57.027Z - info: Pages rebuilt
2019-10-13T09:10:57.038Z - info: Site data built
2019-10-13T09:15:14.325Z - info: [5:15:14 PM] Reload for file change: C:\repos\nus-cs2103-AY1920S1\cs2103-website\schedule\week9\tutorial-cs2103.md
2019-10-13T09:15:15.326Z - info: Rebuilding affected source files
2019-10-13T09:15:15.327Z - info: Rebuilding 1 pages
2019-10-13T09:15:15.564Z - info: Pages rebuilt
2019-10-13T09:15:15.572Z - info: Site data built
2019-10-13T09:33:29.611Z - info: [5:33:29 PM] Reload for file change: C:\repos\nus-cs2103-AY1920S1\cs2103-website\book\modeling\modelingStructures\objectOrientedDomainModels\q-courseDomainModel.md
2019-10-13T09:33:29.615Z - info: [5:33:29 PM] Reload for file change: C:\repos\nus-cs2103-AY1920S1\cs2103-website\schedule\week9\tutorial-cs2103.md
2019-10-13T09:33:30.614Z - info: Rebuilding affected source files
2019-10-13T09:33:30.616Z - info: Rebuilding 1 pages
2019-10-13T09:33:30.889Z - info: Pages rebuilt
2019-10-13T09:33:30.901Z - info: Site data built
2019-10-13T09:34:16.489Z - info: [5:34:16 PM] Reload for file change: C:\repos\nus-cs2103-AY1920S1\cs2103-website\schedule\week9\tutorial-cs2103.md
2019-10-13T09:34:17.489Z - info: Rebuilding affected source files
2019-10-13T09:34:17.490Z - info: Rebuilding 1 pages
2019-10-13T09:34:17.651Z - info: Pages rebuilt
2019-10-13T09:34:17.661Z - info: Site data built
2019-10-13T09:34:26.922Z - info: [5:34:26 PM] Reload for file change: C:\repos\nus-cs2103-AY1920S1\cs2103-website\schedule\week9\tutorial-cs2103.md
2019-10-13T09:34:27.923Z - info: Rebuilding affected source files
2019-10-13T09:34:27.924Z - info: Rebuilding 1 pages
2019-10-13T09:34:28.064Z - info: Pages rebuilt
2019-10-13T09:34:28.077Z - info: Site data built
2019-10-13T09:35:10.885Z - info: [5:35:10 PM] Reload for file change: C:\repos\nus-cs2103-AY1920S1\cs2103-website\schedule\week9\tutorial-cs2103.md
2019-10-13T09:35:11.887Z - info: Rebuilding affected source files
2019-10-13T09:35:11.888Z - info: Rebuilding 1 pages
2019-10-13T09:35:12.120Z - info: Pages rebuilt
2019-10-13T09:35:12.130Z - info: Site data built
2019-10-13T09:36:32.266Z - info: [5:36:32 PM] Reload for file change: C:\repos\nus-cs2103-AY1920S1\cs2103-website\schedule\week9\tutorial-cs2103.md
2019-10-13T09:36:33.267Z - info: Rebuilding affected source files
2019-10-13T09:36:33.268Z - info: Rebuilding 1 pages
2019-10-13T09:36:33.458Z - info: Pages rebuilt
2019-10-13T09:36:33.469Z - info: Site data built
2019-10-13T09:37:02.568Z - info: [5:37:02 PM] Reload for file change: C:\repos\nus-cs2103-AY1920S1\cs2103-website\schedule\week9\tutorial-cs2103.md
2019-10-13T09:37:03.567Z - info: Rebuilding affected source files
2019-10-13T09:37:03.568Z - info: Rebuilding 1 pages
2019-10-13T09:37:03.723Z - info: Pages rebuilt
2019-10-13T09:37:03.735Z - info: Site data built
2019-10-13T09:38:44.580Z - info: [5:38:44 PM] Reload for file change: C:\repos\nus-cs2103-AY1920S1\cs2103-website\schedule\week9\tutorial-cs2103.md
2019-10-13T09:38:45.581Z - info: Rebuilding affected source files
2019-10-13T09:38:45.583Z - info: Rebuilding 1 pages
2019-10-13T09:38:45.852Z - info: Pages rebuilt
2019-10-13T09:38:45.866Z - info: Site data built
2019-10-13T09:41:32.485Z - info: [5:41:32 PM] Reload for file change: C:\repos\nus-cs2103-AY1920S1\cs2103-website\schedule\week9\tutorial-cs2103.md
2019-10-13T09:41:33.487Z - info: Rebuilding affected source files
2019-10-13T09:41:33.488Z - info: Rebuilding 1 pages
2019-10-13T09:41:33.695Z - info: Pages rebuilt
2019-10-13T09:41:33.707Z - info: Site data built
2019-10-13T09:55:23.082Z - info: Website generation started at 5:55:17 PM
2019-10-13T09:55:26.553Z - info: Building assets...
2019-10-13T09:55:29.459Z - info: Assets built
2019-10-13T09:55:29.460Z - info: Generating pages...
2019-10-13T09:57:20.604Z - info: Pages built
2019-10-13T09:57:41.843Z - info: Website generation complete! Total build time: 144.716s
2019-10-13T09:57:41.843Z - info: Build success!
2019-10-13T09:57:41.866Z - info: Site data built
2019-10-13T09:58:43.490Z - info: Deployed!
2019-10-13T10:53:35.649Z - info: Website generation started at 6:53:29 PM
2019-10-13T10:53:38.893Z - info: Building assets...
2019-10-13T10:53:41.440Z - info: Assets built
2019-10-13T10:53:41.440Z - info: Generating pages...
2019-10-13T10:55:27.246Z - info: Pages built
2019-10-13T10:55:49.300Z - info: Website generation complete! Total build time: 139.825s
2019-10-13T10:55:49.639Z - info: Serving "C:\repos\nus-cs2103-AY1920S1\cs2103-website\_site" at http://127.0.0.1:8080
2019-10-13T10:55:49.639Z - info: Press CTRL+C to stop ...
2019-10-13T10:55:49.673Z - info: Site data built
2019-10-13T10:55:50.094Z - info: [6:55:50 PM] Reload for file change: C:\repos\nus-cs2103-AY1920S1\cs2103-website\admin\reposenseCompatibility.md
2019-10-13T10:55:51.229Z - info: Rebuilding affected source files
2019-10-13T10:55:51.231Z - info: Rebuilding 8 pages
2019-10-13T10:56:02.522Z - info: Pages rebuilt
2019-10-13T10:56:02.600Z - info: Site data built
2019-10-13T10:56:16.330Z - info: [6:56:16 PM] Reload for file change: C:\repos\nus-cs2103-AY1920S1\cs2103-website\admin\reposenseCompatibility.md
2019-10-13T10:56:17.331Z - info: Rebuilding affected source files
2019-10-13T10:56:17.332Z - info: Rebuilding 8 pages
2019-10-13T10:56:19.312Z - info: Pages rebuilt
2019-10-13T10:56:19.330Z - info: Site data built
2019-10-13T10:57:08.249Z - info: [6:57:08 PM] Reload for file change: C:\repos\nus-cs2103-AY1920S1\cs2103-website\admin\reposenseCompatibility.md
2019-10-13T10:57:09.250Z - info: Rebuilding affected source files
2019-10-13T10:57:09.252Z - info: Rebuilding 8 pages
2019-10-13T10:57:11.669Z - info: Pages rebuilt
2019-10-13T10:57:11.682Z - info: Site data built
2019-10-13T10:58:39.336Z - info: [6:58:39 PM] Reload for file change: C:\repos\nus-cs2103-AY1920S1\cs2103-website\admin\reposenseCompatibility.md
2019-10-13T10:58:40.338Z - info: Rebuilding affected source files
2019-10-13T10:58:40.340Z - info: Rebuilding 8 pages
2019-10-13T10:58:42.769Z - info: Pages rebuilt
2019-10-13T10:58:42.793Z - info: Site data built
2019-10-13T12:24:07.696Z - info: Website generation started at 8:23:59 PM
2019-10-13T12:24:12.076Z - info: Building assets...
