2019-08-02T05:05:16.143Z - info: Website generation started at 1:05:09 PM
2019-08-02T05:05:20.346Z - info: Building assets...
2019-08-02T05:05:23.454Z - info: Assets built
2019-08-02T05:05:23.454Z - info: Generating pages...
2019-08-02T05:07:29.437Z - info: Pages built
2019-08-02T05:07:53.329Z - info: Website generation complete! Total build time: 163.805s
2019-08-02T05:07:53.386Z - info: Site data built
2019-08-02T05:07:54.711Z - info: Serving "C:\repos\nus-cs2103-AY1920S1\cs2103-website\_site" at http://127.0.0.1:56942
2019-08-02T05:07:54.711Z - info: Press CTRL+C to stop ...
2019-08-02T05:11:34.881Z - info: [1:11:34 PM] Reload for file change: C:\repos\nus-cs2103-AY1920S1\cs2103-website\_markbind\variables.md
2019-08-02T05:11:35.884Z - info: Rebuilding affected source files
2019-08-02T05:11:35.963Z - warn: Rebuilding all pages as variables file was changed, or the --force-reload flag was set
2019-08-02T05:11:36.190Z - info: Rebuilding 1351 pages
2019-08-02T05:14:02.038Z - info: Pages rebuilt
2019-08-02T05:14:02.057Z - info: Site data built
2019-08-02T05:27:43.385Z - info: [1:27:43 PM] Reload for file change: C:\repos\nus-cs2103-AY1920S1\cs2103-website\admin\tutorials.md
2019-08-02T05:27:44.399Z - info: Rebuilding affected source files
2019-08-02T05:27:44.402Z - info: Rebuilding 5 pages
2019-08-02T05:27:46.468Z - info: Pages rebuilt
2019-08-02T05:27:46.486Z - info: Site data built
2019-08-02T05:29:32.968Z - info: [1:29:32 PM] Reload for file change: C:\repos\nus-cs2103-AY1920S1\cs2103-website\admin\tutorials.md
2019-08-02T05:29:33.970Z - info: Rebuilding affected source files
2019-08-02T05:29:33.972Z - info: Rebuilding 5 pages
2019-08-02T05:29:35.932Z - info: Pages rebuilt
2019-08-02T05:29:35.953Z - info: Site data built
2019-08-02T05:31:04.472Z - info: [1:31:04 PM] Reload for file change: C:\repos\nus-cs2103-AY1920S1\cs2103-website\admin\tutorials.md
2019-08-02T05:31:05.475Z - info: Rebuilding affected source files
2019-08-02T05:31:05.476Z - info: Rebuilding 5 pages
2019-08-02T05:31:07.423Z - info: Pages rebuilt
2019-08-02T05:31:07.444Z - info: Site data built
2019-08-02T05:31:42.724Z - info: [1:31:42 PM] Reload for file change: C:\repos\nus-cs2103-AY1920S1\cs2103-website\admin\tutorials.md
2019-08-02T05:31:43.726Z - info: Rebuilding affected source files
2019-08-02T05:31:43.728Z - info: Rebuilding 5 pages
2019-08-02T05:31:45.743Z - info: Pages rebuilt
2019-08-02T05:31:45.760Z - info: Site data built
2019-08-02T05:31:54.531Z - info: [1:31:54 PM] Reload for file change: C:\repos\nus-cs2103-AY1920S1\cs2103-website\admin\tutorials.md
2019-08-02T05:31:55.534Z - info: Rebuilding affected source files
2019-08-02T05:31:55.537Z - info: Rebuilding 5 pages
2019-08-02T05:31:57.398Z - info: Pages rebuilt
2019-08-02T05:31:57.411Z - info: Site data built
2019-08-02T05:33:55.705Z - info: [1:33:55 PM] Reload for file change: C:\repos\nus-cs2103-AY1920S1\cs2103-website\admin\tutorials.md
2019-08-02T05:33:56.709Z - info: Rebuilding affected source files
2019-08-02T05:33:56.711Z - info: Rebuilding 5 pages
2019-08-02T05:33:58.665Z - info: Pages rebuilt
2019-08-02T05:33:58.679Z - info: Site data built
2019-08-02T05:35:18.042Z - info: [1:35:18 PM] Reload for file change: C:\repos\nus-cs2103-AY1920S1\cs2103-website\admin\tutorials.md
2019-08-02T05:35:19.045Z - info: Rebuilding affected source files
2019-08-02T05:35:19.046Z - info: Rebuilding 5 pages
2019-08-02T05:35:20.948Z - info: Pages rebuilt
2019-08-02T05:35:20.972Z - info: Site data built
2019-08-02T05:37:06.538Z - info: [1:37:06 PM] Reload for file change: C:\repos\nus-cs2103-AY1920S1\cs2103-website\admin\tutorials.md
2019-08-02T05:37:07.541Z - info: Rebuilding affected source files
2019-08-02T05:37:07.543Z - info: Rebuilding 5 pages
2019-08-02T05:37:09.561Z - info: Pages rebuilt
2019-08-02T05:37:09.574Z - info: Site data built
2019-08-02T05:37:29.157Z - info: [1:37:29 PM] Reload for file change: C:\repos\nus-cs2103-AY1920S1\cs2103-website\admin\tutorials.md
2019-08-02T05:37:30.159Z - info: Rebuilding affected source files
2019-08-02T05:37:30.162Z - info: Rebuilding 5 pages
2019-08-02T05:37:32.158Z - info: Pages rebuilt
2019-08-02T05:37:32.184Z - info: Site data built
2019-08-02T05:39:40.467Z - info: [1:39:40 PM] Reload for file change: C:\repos\nus-cs2103-AY1920S1\cs2103-website\admin\tutorials.md
2019-08-02T05:39:41.469Z - info: Rebuilding affected source files
2019-08-02T05:39:41.471Z - info: Rebuilding 5 pages
2019-08-02T05:39:43.357Z - info: Pages rebuilt
2019-08-02T05:39:43.400Z - info: Site data built
2019-08-02T05:40:50.438Z - info: [1:40:50 PM] Reload for file change: C:\repos\nus-cs2103-AY1920S1\cs2103-website\admin\tutorials.md
2019-08-02T05:40:51.453Z - info: Rebuilding affected source files
2019-08-02T05:40:51.455Z - info: Rebuilding 5 pages
2019-08-02T05:40:53.372Z - info: Pages rebuilt
2019-08-02T05:40:53.394Z - info: Site data built
2019-08-02T05:42:08.141Z - info: [1:42:08 PM] Reload for file change: C:\repos\nus-cs2103-AY1920S1\cs2103-website\admin\tutorials.md
2019-08-02T05:42:09.143Z - info: Rebuilding affected source files
2019-08-02T05:42:09.144Z - info: Rebuilding 5 pages
2019-08-02T05:42:11.132Z - info: Pages rebuilt
2019-08-02T05:42:11.143Z - info: Site data built
2019-08-02T05:43:09.511Z - info: [1:43:09 PM] Reload for file change: C:\repos\nus-cs2103-AY1920S1\cs2103-website\admin\tutorials.md
2019-08-02T05:43:10.513Z - info: Rebuilding affected source files
2019-08-02T05:43:10.515Z - info: Rebuilding 5 pages
2019-08-02T05:43:12.470Z - info: Pages rebuilt
2019-08-02T05:43:12.492Z - info: Site data built
2019-08-02T05:43:36.119Z - info: [1:43:36 PM] Reload for file change: C:\repos\nus-cs2103-AY1920S1\cs2103-website\admin\tutorials.md
2019-08-02T05:43:37.121Z - info: Rebuilding affected source files
2019-08-02T05:43:37.123Z - info: Rebuilding 5 pages
2019-08-02T05:43:39.121Z - info: Pages rebuilt
2019-08-02T05:43:39.136Z - info: Site data built
2019-08-02T05:44:28.855Z - info: [1:44:28 PM] Reload for file change: C:\repos\nus-cs2103-AY1920S1\cs2103-website\admin\tutorials.md
2019-08-02T05:44:29.858Z - info: Rebuilding affected source files
2019-08-02T05:44:29.860Z - info: Rebuilding 5 pages
2019-08-02T05:44:31.838Z - info: Pages rebuilt
2019-08-02T05:44:31.847Z - info: Site data built
2019-08-02T05:46:16.109Z - info: [1:46:16 PM] Reload for file change: C:\repos\nus-cs2103-AY1920S1\cs2103-website\admin\tutorials.md
2019-08-02T05:46:17.110Z - info: Rebuilding affected source files
2019-08-02T05:46:17.112Z - info: Rebuilding 5 pages
2019-08-02T05:46:19.098Z - info: Pages rebuilt
2019-08-02T05:46:19.117Z - info: Site data built
2019-08-02T05:47:00.284Z - info: [1:47:00 PM] Reload for file change: C:\repos\nus-cs2103-AY1920S1\cs2103-website\admin\tutorials.md
2019-08-02T05:47:01.286Z - info: Rebuilding affected source files
2019-08-02T05:47:01.288Z - info: Rebuilding 5 pages
2019-08-02T05:47:03.354Z - info: Pages rebuilt
2019-08-02T05:47:03.364Z - info: Site data built
2019-08-02T05:47:26.700Z - info: [1:47:26 PM] Reload for file change: C:\repos\nus-cs2103-AY1920S1\cs2103-website\admin\tutorials.md
2019-08-02T05:47:27.702Z - info: Rebuilding affected source files
2019-08-02T05:47:27.704Z - info: Rebuilding 5 pages
2019-08-02T05:47:29.802Z - info: Pages rebuilt
2019-08-02T05:47:29.814Z - info: Site data built
2019-08-02T05:47:31.878Z - info: [1:47:31 PM] Reload for file change: C:\repos\nus-cs2103-AY1920S1\cs2103-website\admin\tutorials.md
2019-08-02T05:47:32.880Z - info: Rebuilding affected source files
2019-08-02T05:47:32.881Z - info: Rebuilding 5 pages
2019-08-02T05:47:34.849Z - info: Pages rebuilt
2019-08-02T05:47:34.862Z - info: Site data built
2019-08-02T06:01:40.449Z - info: [2:01:40 PM] Reload for file change: C:\repos\nus-cs2103-AY1920S1\cs2103-website\admin\tutorials.md
2019-08-02T06:01:41.452Z - info: Rebuilding affected source files
2019-08-02T06:01:41.454Z - info: Rebuilding 5 pages
2019-08-02T06:01:43.599Z - info: Pages rebuilt
2019-08-02T06:01:43.613Z - info: Site data built
2019-08-02T06:17:37.961Z - info: [2:17:37 PM] Reload for file change: C:\repos\nus-cs2103-AY1920S1\cs2103-website\_markbind\variables.md
2019-08-02T06:17:38.963Z - info: Rebuilding affected source files
2019-08-02T06:17:39.043Z - warn: Rebuilding all pages as variables file was changed, or the --force-reload flag was set
2019-08-02T06:17:39.253Z - info: Rebuilding 1351 pages
2019-08-02T06:20:05.924Z - info: Pages rebuilt
2019-08-02T06:20:05.942Z - info: Site data built
2019-08-02T06:21:45.510Z - info: [2:21:45 PM] Reload for file change: C:\repos\nus-cs2103-AY1920S1\cs2103-website\admin\instructors.md
2019-08-02T06:21:46.511Z - info: Rebuilding affected source files
2019-08-02T06:21:46.513Z - info: Rebuilding 1 pages
2019-08-02T06:21:46.848Z - info: Pages rebuilt
2019-08-02T06:21:46.859Z - info: Site data built
2019-08-02T06:25:14.979Z - info: [2:25:14 PM] Reload for file change: C:\repos\nus-cs2103-AY1920S1\cs2103-website\admin\instructors.md
2019-08-02T06:25:15.980Z - info: Rebuilding affected source files
2019-08-02T06:25:15.981Z - info: Rebuilding 1 pages
2019-08-02T06:25:16.167Z - info: Pages rebuilt
2019-08-02T06:25:16.176Z - info: Site data built
2019-08-02T06:25:51.651Z - info: [2:25:51 PM] Reload for file change: C:\repos\nus-cs2103-AY1920S1\cs2103-website\admin\instructors.md
2019-08-02T06:25:52.653Z - info: Rebuilding affected source files
2019-08-02T06:25:52.656Z - info: Rebuilding 1 pages
2019-08-02T06:25:52.843Z - info: Pages rebuilt
2019-08-02T06:25:52.863Z - info: Site data built
2019-08-02T06:26:31.411Z - info: [2:26:31 PM] Reload for file change: C:\repos\nus-cs2103-AY1920S1\cs2103-website\admin\instructors.md
2019-08-02T06:26:32.411Z - info: Rebuilding affected source files
2019-08-02T06:26:32.412Z - info: Rebuilding 1 pages
2019-08-02T06:26:32.632Z - info: Pages rebuilt
2019-08-02T06:26:32.640Z - info: Site data built
2019-08-02T06:28:33.865Z - info: [2:28:33 PM] Reload for file change: C:\repos\nus-cs2103-AY1920S1\cs2103-website\admin\instructors.md
2019-08-02T06:28:34.867Z - info: Rebuilding affected source files
2019-08-02T06:28:34.868Z - info: Rebuilding 1 pages
2019-08-02T06:28:35.033Z - info: Pages rebuilt
2019-08-02T06:28:35.041Z - info: Site data built
2019-08-02T06:29:34.931Z - info: [2:29:34 PM] Reload for file change: C:\repos\nus-cs2103-AY1920S1\cs2103-website\admin\instructors.md
2019-08-02T06:29:35.933Z - info: Rebuilding affected source files
2019-08-02T06:29:35.935Z - info: Rebuilding 1 pages
2019-08-02T06:29:36.087Z - info: Pages rebuilt
2019-08-02T06:29:36.107Z - info: Site data built
2019-08-02T06:33:10.400Z - info: [2:33:10 PM] Reload for file change: C:\repos\nus-cs2103-AY1920S1\cs2103-website\admin\textbooks.md
2019-08-02T06:33:11.403Z - info: Rebuilding affected source files
2019-08-02T06:33:11.404Z - info: Rebuilding 2 pages
2019-08-02T06:33:12.983Z - info: Pages rebuilt
2019-08-02T06:33:12.997Z - info: Site data built
2019-08-02T06:34:48.662Z - info: [2:34:48 PM] Reload for file change: C:\repos\nus-cs2103-AY1920S1\cs2103-website\admin\programmingLanguages.md
2019-08-02T06:34:49.662Z - info: Rebuilding affected source files
2019-08-02T06:34:49.664Z - info: Rebuilding 2 pages
2019-08-02T06:34:51.043Z - info: Pages rebuilt
2019-08-02T06:34:51.054Z - info: Site data built
2019-08-02T06:37:06.435Z - info: [2:37:06 PM] Reload for file change: C:\repos\nus-cs2103-AY1920S1\cs2103-website\book\projectDuke\text.md
2019-08-02T06:37:07.437Z - info: Rebuilding affected source files
2019-08-02T06:37:07.441Z - info: Rebuilding 9 pages
2019-08-02T06:37:10.393Z - info: Pages rebuilt
2019-08-02T06:37:10.404Z - info: Site data built
2019-08-02T10:02:53.436Z - info: [6:02:53 PM] Reload for file change: C:\repos\nus-cs2103-AY1920S1\cs2103-website\admin\tutorials.md
2019-08-02T10:02:54.438Z - info: Rebuilding affected source files
2019-08-02T10:02:54.439Z - info: Rebuilding 5 pages
2019-08-02T10:02:56.822Z - info: Pages rebuilt
2019-08-02T10:02:56.839Z - info: Site data built
2019-08-02T10:03:05.547Z - info: [6:03:05 PM] Reload for file change: C:\repos\nus-cs2103-AY1920S1\cs2103-website\admin\tutorials.md
2019-08-02T10:03:06.548Z - info: Rebuilding affected source files
2019-08-02T10:03:06.549Z - info: Rebuilding 5 pages
2019-08-02T10:03:08.675Z - info: Pages rebuilt
2019-08-02T10:03:08.685Z - info: Site data built
2019-08-02T10:03:26.528Z - info: [6:03:26 PM] Reload for file change: C:\repos\nus-cs2103-AY1920S1\cs2103-website\admin\tutorials.md
2019-08-02T10:03:27.529Z - info: Rebuilding affected source files
2019-08-02T10:03:27.530Z - info: Rebuilding 5 pages
2019-08-02T10:03:29.439Z - info: Pages rebuilt
2019-08-02T10:03:29.452Z - info: Site data built
2019-08-02T10:11:43.482Z - info: [6:11:43 PM] Reload for file change: C:\repos\nus-cs2103-AY1920S1\cs2103-website\admin\tutorials.md
2019-08-02T10:11:44.485Z - info: Rebuilding affected source files
2019-08-02T10:11:44.486Z - info: Rebuilding 5 pages
2019-08-02T10:11:46.415Z - info: Pages rebuilt
2019-08-02T10:11:46.426Z - info: Site data built
2019-08-02T10:11:56.986Z - info: [6:11:56 PM] Reload for file change: C:\repos\nus-cs2103-AY1920S1\cs2103-website\admin\tutorials.md
2019-08-02T10:11:57.988Z - info: Rebuilding affected source files
2019-08-02T10:11:57.989Z - info: Rebuilding 5 pages
2019-08-02T10:11:59.983Z - info: Pages rebuilt
2019-08-02T10:11:59.992Z - info: Site data built
2019-08-02T10:13:15.008Z - info: [6:13:15 PM] Reload for file change: C:\repos\nus-cs2103-AY1920S1\cs2103-website\admin\tutorials.md
2019-08-02T10:13:16.010Z - info: Rebuilding affected source files
2019-08-02T10:13:16.012Z - info: Rebuilding 5 pages
2019-08-02T10:13:17.992Z - info: Pages rebuilt
2019-08-02T10:13:18.003Z - info: Site data built
2019-08-02T10:15:09.028Z - info: [6:15:09 PM] Reload for file change: C:\repos\nus-cs2103-AY1920S1\cs2103-website\admin\tutorials.md
2019-08-02T10:15:10.031Z - info: Rebuilding affected source files
2019-08-02T10:15:10.032Z - info: Rebuilding 5 pages
2019-08-02T10:15:12.056Z - info: Pages rebuilt
2019-08-02T10:15:12.067Z - info: Site data built
2019-08-02T10:18:27.574Z - info: [6:18:27 PM] Reload for file change: C:\repos\nus-cs2103-AY1920S1\cs2103-website\admin\tutorials.md
2019-08-02T10:18:28.577Z - info: Rebuilding affected source files
2019-08-02T10:18:28.579Z - info: Rebuilding 5 pages
2019-08-02T10:18:30.543Z - info: Pages rebuilt
2019-08-02T10:18:30.556Z - info: Site data built
2019-08-02T10:41:48.448Z - info: [6:41:48 PM] Reload for file change: C:\repos\nus-cs2103-AY1920S1\cs2103-website\admin\project-scope.md
2019-08-02T10:41:49.462Z - info: Rebuilding affected source files
2019-08-02T10:41:49.467Z - info: Rebuilding 23 pages
2019-08-02T10:41:56.067Z - info: Pages rebuilt
2019-08-02T10:41:56.078Z - info: Site data built
2019-08-02T10:42:16.298Z - info: [6:42:16 PM] Reload for file change: C:\repos\nus-cs2103-AY1920S1\cs2103-website\admin\project-scope.md
2019-08-02T10:42:17.300Z - info: Rebuilding affected source files
2019-08-02T10:42:17.303Z - info: Rebuilding 21 pages
2019-08-02T10:42:22.627Z - info: Pages rebuilt
2019-08-02T10:42:22.640Z - info: Site data built
2019-08-02T10:43:11.745Z - info: [6:43:11 PM] Reload for file change: C:\repos\nus-cs2103-AY1920S1\cs2103-website\admin\project-scope.md
2019-08-02T10:43:12.746Z - info: Rebuilding affected source files
2019-08-02T10:43:12.749Z - info: Rebuilding 21 pages
2019-08-02T10:43:18.098Z - info: Pages rebuilt
2019-08-02T10:43:18.110Z - info: Site data built
2019-08-02T10:44:29.742Z - info: [6:44:29 PM] Reload for file change: C:\repos\nus-cs2103-AY1920S1\cs2103-website\admin\project-scope.md
2019-08-02T10:44:30.745Z - info: Rebuilding affected source files
2019-08-02T10:44:30.749Z - info: Rebuilding 21 pages
2019-08-02T10:44:36.098Z - info: Pages rebuilt
2019-08-02T10:44:36.110Z - info: Site data built
2019-08-02T10:49:20.204Z - info: [6:49:20 PM] Reload for file change: C:\repos\nus-cs2103-AY1920S1\cs2103-website\admin\project-scope.md
2019-08-02T10:49:21.205Z - info: Rebuilding affected source files
2019-08-02T10:49:21.209Z - info: Rebuilding 21 pages
2019-08-02T10:49:26.688Z - info: Pages rebuilt
2019-08-02T10:49:26.702Z - info: Site data built
2019-08-02T10:53:14.519Z - info: [6:53:14 PM] Reload for file change: C:\repos\nus-cs2103-AY1920S1\cs2103-website\admin\project-scope.md
2019-08-02T10:53:15.521Z - info: Rebuilding affected source files
2019-08-02T10:53:15.524Z - info: Rebuilding 21 pages
2019-08-02T10:53:20.882Z - info: Pages rebuilt
2019-08-02T10:53:20.897Z - info: Site data built
2019-08-02T10:55:33.269Z - info: [6:55:33 PM] Reload for file change: C:\repos\nus-cs2103-AY1920S1\cs2103-website\admin\project-scope.md
2019-08-02T10:55:34.271Z - info: Rebuilding affected source files
2019-08-02T10:55:34.275Z - info: Rebuilding 21 pages
2019-08-02T10:55:39.514Z - info: Pages rebuilt
2019-08-02T10:55:39.526Z - info: Site data built
2019-08-02T11:13:53.947Z - info: Website generation started at 7:13:51 PM
2019-08-02T11:13:56.586Z - info: Building assets...
2019-08-02T11:13:58.592Z - info: Assets built
2019-08-02T11:13:58.592Z - info: Generating pages...
2019-08-02T11:15:46.631Z - info: Pages built
2019-08-02T11:16:11.790Z - info: Website generation complete! Total build time: 140.225s
2019-08-02T11:16:11.850Z - info: Site data built
2019-08-02T11:16:13.369Z - info: Serving "C:\repos\nus-cs2103-AY1920S1\cs2103-website\_site" at http://127.0.0.1:50897
2019-08-02T11:16:13.369Z - info: Press CTRL+C to stop ...
2019-08-02T11:20:56.776Z - info: [7:20:56 PM] Reload for file change: C:\repos\nus-cs2103-AY1920S1\cs2103-website\book\cppToJava\usefulClasses\stringClass\text.md
2019-08-02T11:20:57.781Z - info: Rebuilding affected source files
2019-08-02T11:20:57.785Z - info: Rebuilding 5 pages
2019-08-02T11:21:03.548Z - info: Pages rebuilt
2019-08-02T11:21:03.557Z - info: Site data built
2019-08-02T11:22:00.992Z - info: [7:22:00 PM] Reload for file change: C:\repos\nus-cs2103-AY1920S1\cs2103-website\book\cppToJava\usefulClasses\stringClass\text.md
2019-08-02T11:22:01.994Z - info: Rebuilding affected source files
2019-08-02T11:22:01.997Z - info: Rebuilding 5 pages
2019-08-02T11:22:07.663Z - info: Pages rebuilt
2019-08-02T11:22:07.674Z - info: Site data built
2019-08-02T11:25:02.071Z - info: Website generation started at 7:24:59 PM
2019-08-02T11:25:04.728Z - info: Building assets...
2019-08-02T11:25:06.821Z - info: Assets built
2019-08-02T11:25:06.821Z - info: Generating pages...
2019-08-02T11:27:04.069Z - info: Pages built
2019-08-02T11:27:27.388Z - info: Website generation complete! Total build time: 147.481s
2019-08-02T11:27:27.435Z - info: Site data built
2019-08-02T11:27:28.871Z - info: Serving "C:\repos\nus-cs2103-AY1920S1\cs2103-website\_site" at http://127.0.0.1:51791
2019-08-02T11:27:28.871Z - info: Press CTRL+C to stop ...
2019-08-02T11:36:27.523Z - info: [7:36:27 PM] Reload for file change: C:\repos\nus-cs2103-AY1920S1\cs2103-website\admin\project-constraints.md
2019-08-02T11:36:28.525Z - info: Rebuilding affected source files
2019-08-02T11:36:28.527Z - info: Rebuilding 3 pages
2019-08-02T11:36:29.820Z - info: Pages rebuilt
2019-08-02T11:36:29.829Z - info: Site data built
2019-08-02T11:36:47.534Z - info: [7:36:47 PM] Reload for file change: C:\repos\nus-cs2103-AY1920S1\cs2103-website\admin\project-constraints.md
2019-08-02T11:36:48.536Z - info: Rebuilding affected source files
2019-08-02T11:36:48.537Z - info: Rebuilding 3 pages
2019-08-02T11:36:49.558Z - info: Pages rebuilt
2019-08-02T11:36:49.568Z - info: Site data built
2019-08-02T11:36:55.182Z - info: [7:36:55 PM] Reload for file change: C:\repos\nus-cs2103-AY1920S1\cs2103-website\admin\project-constraints.md
2019-08-02T11:36:56.184Z - info: Rebuilding affected source files
2019-08-02T11:36:56.185Z - info: Rebuilding 3 pages
2019-08-02T11:36:57.080Z - info: Pages rebuilt
2019-08-02T11:36:57.093Z - info: Site data built
2019-08-02T11:37:30.873Z - info: [7:37:30 PM] Reload for file change: C:\repos\nus-cs2103-AY1920S1\cs2103-website\admin\project-constraints.md
2019-08-02T11:37:31.876Z - info: Rebuilding affected source files
2019-08-02T11:37:31.878Z - info: Rebuilding 3 pages
2019-08-02T11:37:32.886Z - info: Pages rebuilt
2019-08-02T11:37:32.897Z - info: Site data built
2019-08-02T11:38:00.839Z - info: [7:38:00 PM] Reload for file change: C:\repos\nus-cs2103-AY1920S1\cs2103-website\admin\project-constraints.md
2019-08-02T11:38:01.839Z - info: Rebuilding affected source files
2019-08-02T11:38:01.841Z - info: Rebuilding 3 pages
2019-08-02T11:38:02.828Z - info: Pages rebuilt
2019-08-02T11:38:02.838Z - info: Site data built
2019-08-02T11:38:24.522Z - info: [7:38:24 PM] Reload for file change: C:\repos\nus-cs2103-AY1920S1\cs2103-website\admin\project-constraints.md
2019-08-02T11:38:25.527Z - info: Rebuilding affected source files
2019-08-02T11:38:25.528Z - info: Rebuilding 3 pages
2019-08-02T11:38:26.608Z - info: Pages rebuilt
2019-08-02T11:38:26.618Z - info: Site data built
2019-08-02T11:38:48.440Z - info: [7:38:48 PM] Reload for file change: C:\repos\nus-cs2103-AY1920S1\cs2103-website\admin\project-constraints.md
2019-08-02T11:38:49.440Z - info: Rebuilding affected source files
2019-08-02T11:38:49.441Z - info: Rebuilding 3 pages
2019-08-02T11:38:50.398Z - info: Pages rebuilt
2019-08-02T11:38:50.407Z - info: Site data built
2019-08-02T11:39:41.901Z - info: [7:39:41 PM] Reload for file change: C:\repos\nus-cs2103-AY1920S1\cs2103-website\admin\project-constraints.md
2019-08-02T11:39:42.902Z - info: Rebuilding affected source files
2019-08-02T11:39:42.904Z - info: Rebuilding 3 pages
2019-08-02T11:39:44.096Z - info: Pages rebuilt
2019-08-02T11:39:44.107Z - info: Site data built
2019-08-02T11:39:55.373Z - info: [7:39:55 PM] Reload for file change: C:\repos\nus-cs2103-AY1920S1\cs2103-website\admin\project-constraints.md
2019-08-02T11:39:56.374Z - info: Rebuilding affected source files
2019-08-02T11:39:56.375Z - info: Rebuilding 3 pages
2019-08-02T11:39:57.270Z - info: Pages rebuilt
2019-08-02T11:39:57.282Z - info: Site data built
2019-08-02T11:40:53.998Z - info: [7:40:53 PM] Reload for file change: C:\repos\nus-cs2103-AY1920S1\cs2103-website\admin\project-constraints.md
2019-08-02T11:40:55.002Z - info: Rebuilding affected source files
2019-08-02T11:40:55.006Z - info: Rebuilding 3 pages
2019-08-02T11:40:56.168Z - info: Pages rebuilt
2019-08-02T11:40:56.183Z - info: Site data built
2019-08-02T11:41:11.025Z - info: [7:41:11 PM] Reload for file change: C:\repos\nus-cs2103-AY1920S1\cs2103-website\admin\project-constraints.md
2019-08-02T11:41:12.026Z - info: Rebuilding affected source files
2019-08-02T11:41:12.027Z - info: Rebuilding 3 pages
2019-08-02T11:41:12.862Z - info: Pages rebuilt
2019-08-02T11:41:12.873Z - info: Site data built
2019-08-02T11:42:14.135Z - info: [7:42:14 PM] Reload for file change: C:\repos\nus-cs2103-AY1920S1\cs2103-website\admin\project-constraints.md
2019-08-02T11:42:15.137Z - info: Rebuilding affected source files
2019-08-02T11:42:15.139Z - info: Rebuilding 3 pages
2019-08-02T11:42:15.194Z - error: uncaughtException: (C:\repos\nus-cs2103-AY1920S1\cs2103-website\admin\project-constraints.md)
  unexpected end of file date=Fri Aug 02 2019 19:42:15 GMT+0800 (Singapore Standard Time), pid=16988, uid=null, gid=null, cwd=C:\repos\nus-cs2103-AY1920S1\cs2103-website, execPath=C:\Program Files\nodejs\node.exe, version=v10.14.2, argv=[C:\Program Files\nodejs\node.exe, C:\Users\dcsdcr\AppData\Roaming\npm\node_modules\markbind-cli\index.js, serve], rss=316502016, heapTotal=226463744, heapUsed=191211976, external=167054, loadavg=[0, 0, 0], uptime=636087
Template render error: (C:\repos\nus-cs2103-AY1920S1\cs2103-website\admin\project-constraints.md)
  unexpected end of file
    at Object._prettifyError (C:\Users\dcsdcr\AppData\Roaming\npm\node_modules\markbind-cli\node_modules\nunjucks\src\lib.js:36:11)
    at Template.render (C:\Users\dcsdcr\AppData\Roaming\npm\node_modules\markbind-cli\node_modules\nunjucks\src\environment.js:542:21)
    at Environment.renderString (C:\Users\dcsdcr\AppData\Roaming\npm\node_modules\markbind-cli\node_modules\nunjucks\src\environment.js:380:17)
    at Object.renderString (C:\Users\dcsdcr\AppData\Roaming\npm\node_modules\markbind-cli\node_modules\nunjucks\index.js:99:14)
    at fs.readFile (C:\Users\dcsdcr\AppData\Roaming\npm\node_modules\markbind-cli\src\lib\markbind\src\parser.js:600:36)
    at FSReqWrap.readFileAfterClose [as oncomplete] (internal/fs/read_file_context.js:53:3)
2019-08-02T11:42:15.274Z - error:  Template render error: (C:\repos\nus-cs2103-AY1920S1\cs2103-website\admin\project-constraints.md)
  unexpected end of file
Error while preprocessing 'C:\repos\nus-cs2103-AY1920S1\cs2103-website\schedule\week2\admin.md'
    at Object._prettifyError (C:\Users\dcsdcr\AppData\Roaming\npm\node_modules\markbind-cli\node_modules\nunjucks\src\lib.js:36:11)
    at Template.render (C:\Users\dcsdcr\AppData\Roaming\npm\node_modules\markbind-cli\node_modules\nunjucks\src\environment.js:542:21)
    at Environment.renderString (C:\Users\dcsdcr\AppData\Roaming\npm\node_modules\markbind-cli\node_modules\nunjucks\src\environment.js:380:17)
    at Object.renderString (C:\Users\dcsdcr\AppData\Roaming\npm\node_modules\markbind-cli\node_modules\nunjucks\index.js:99:14)
    at Parser._preprocess (C:\Users\dcsdcr\AppData\Roaming\npm\node_modules\markbind-cli\src\lib\markbind\src\parser.js:297:28)
    at element.children.element.children.map.e (C:\Users\dcsdcr\AppData\Roaming\npm\node_modules\markbind-cli\src\lib\markbind\src\parser.js:399:57)
    at Array.map (<anonymous>)
    at Parser._preprocess (C:\Users\dcsdcr\AppData\Roaming\npm\node_modules\markbind-cli\src\lib\markbind\src\parser.js:399:43)
    at element.children.element.children.map.e (C:\Users\dcsdcr\AppData\Roaming\npm\node_modules\markbind-cli\src\lib\markbind\src\parser.js:399:57)
    at Array.map (<anonymous>)
    at Parser._preprocess (C:\Users\dcsdcr\AppData\Roaming\npm\node_modules\markbind-cli\src\lib\markbind\src\parser.js:399:43)
    at element.children.element.children.map.e (C:\Users\dcsdcr\AppData\Roaming\npm\node_modules\markbind-cli\src\lib\markbind\src\parser.js:382:57)
    at Array.map (<anonymous>)
    at Parser._preprocess (C:\Users\dcsdcr\AppData\Roaming\npm\node_modules\markbind-cli\src\lib\markbind\src\parser.js:382:43)
    at element.children.element.children.map.e (C:\Users\dcsdcr\AppData\Roaming\npm\node_modules\markbind-cli\src\lib\markbind\src\parser.js:399:57)
    at Array.map (<anonymous>)
2019-08-02T11:42:15.279Z - error:  Template render error: (C:\repos\nus-cs2103-AY1920S1\cs2103-website\admin\project-constraints.md)
  unexpected end of file
Error while preprocessing 'C:\repos\nus-cs2103-AY1920S1\cs2103-website\admin\project-product.md'
    at Object._prettifyError (C:\Users\dcsdcr\AppData\Roaming\npm\node_modules\markbind-cli\node_modules\nunjucks\src\lib.js:36:11)
    at Template.render (C:\Users\dcsdcr\AppData\Roaming\npm\node_modules\markbind-cli\node_modules\nunjucks\src\environment.js:542:21)
    at Environment.renderString (C:\Users\dcsdcr\AppData\Roaming\npm\node_modules\markbind-cli\node_modules\nunjucks\src\environment.js:380:17)
    at Object.renderString (C:\Users\dcsdcr\AppData\Roaming\npm\node_modules\markbind-cli\node_modules\nunjucks\index.js:99:14)
    at Parser._preprocess (C:\Users\dcsdcr\AppData\Roaming\npm\node_modules\markbind-cli\src\lib\markbind\src\parser.js:297:28)
    at element.children.element.children.map.e (C:\Users\dcsdcr\AppData\Roaming\npm\node_modules\markbind-cli\src\lib\markbind\src\parser.js:399:57)
    at Array.map (<anonymous>)
    at Parser._preprocess (C:\Users\dcsdcr\AppData\Roaming\npm\node_modules\markbind-cli\src\lib\markbind\src\parser.js:399:43)
    at element.children.element.children.map.e (C:\Users\dcsdcr\AppData\Roaming\npm\node_modules\markbind-cli\src\lib\markbind\src\parser.js:399:57)
    at Array.map (<anonymous>)
    at Parser._preprocess (C:\Users\dcsdcr\AppData\Roaming\npm\node_modules\markbind-cli\src\lib\markbind\src\parser.js:399:43)
    at element.children.element.children.map.e (C:\Users\dcsdcr\AppData\Roaming\npm\node_modules\markbind-cli\src\lib\markbind\src\parser.js:399:57)
    at Array.map (<anonymous>)
    at Parser._preprocess (C:\Users\dcsdcr\AppData\Roaming\npm\node_modules\markbind-cli\src\lib\markbind\src\parser.js:399:43)
    at element.children.element.children.map.e (C:\Users\dcsdcr\AppData\Roaming\npm\node_modules\markbind-cli\src\lib\markbind\src\parser.js:399:57)
    at Array.map (<anonymous>)
2019-08-02T11:42:47.131Z - info: [7:42:47 PM] Reload for file change: C:\repos\nus-cs2103-AY1920S1\cs2103-website\admin\project-constraints.md
2019-08-02T11:43:35.719Z - info: Website generation started at 7:43:33 PM
2019-08-02T11:43:38.255Z - info: Building assets...
2019-08-02T11:43:40.071Z - info: Assets built
2019-08-02T11:43:40.072Z - info: Generating pages...
2019-08-02T11:43:41.364Z - error: uncaughtException: (C:\repos\nus-cs2103-AY1920S1\cs2103-website\admin\project-constraints.md)
  unexpected end of file date=Fri Aug 02 2019 19:43:41 GMT+0800 (Singapore Standard Time), pid=5844, uid=null, gid=null, cwd=C:\repos\nus-cs2103-AY1920S1\cs2103-website, execPath=C:\Program Files\nodejs\node.exe, version=v10.14.2, argv=[C:\Program Files\nodejs\node.exe, C:\Users\dcsdcr\AppData\Roaming\npm\node_modules\markbind-cli\index.js, serve], rss=122523648, heapTotal=96780288, heapUsed=60925784, external=931460, loadavg=[0, 0, 0], uptime=636173
Template render error: (C:\repos\nus-cs2103-AY1920S1\cs2103-website\admin\project-constraints.md)
  unexpected end of file
    at Object._prettifyError (C:\Users\dcsdcr\AppData\Roaming\npm\node_modules\markbind-cli\node_modules\nunjucks\src\lib.js:36:11)
    at Template.render (C:\Users\dcsdcr\AppData\Roaming\npm\node_modules\markbind-cli\node_modules\nunjucks\src\environment.js:542:21)
    at Environment.renderString (C:\Users\dcsdcr\AppData\Roaming\npm\node_modules\markbind-cli\node_modules\nunjucks\src\environment.js:380:17)
    at Object.renderString (C:\Users\dcsdcr\AppData\Roaming\npm\node_modules\markbind-cli\node_modules\nunjucks\index.js:99:14)
    at fs.readFile (C:\Users\dcsdcr\AppData\Roaming\npm\node_modules\markbind-cli\src\lib\markbind\src\parser.js:600:36)
    at FSReqWrap.readFileAfterClose [as oncomplete] (internal/fs/read_file_context.js:53:3)
2019-08-02T11:45:08.329Z - info: Website generation started at 7:45:07 PM
2019-08-02T11:45:10.858Z - info: Building assets...
2019-08-02T11:45:12.719Z - info: Assets built
2019-08-02T11:45:12.719Z - info: Generating pages...
2019-08-02T11:46:53.222Z - info: Pages built
2019-08-02T11:47:13.240Z - info: Website generation complete! Total build time: 125.451s
2019-08-02T11:47:13.276Z - info: Site data built
2019-08-02T11:47:14.641Z - info: Serving "C:\repos\nus-cs2103-AY1920S1\cs2103-website\_site" at http://127.0.0.1:53648
2019-08-02T11:47:14.642Z - info: Press CTRL+C to stop ...
2019-08-02T11:52:31.175Z - info: [7:52:31 PM] Reload for file change: C:\repos\nus-cs2103-AY1920S1\cs2103-website\admin\project-constraints.md
2019-08-02T11:52:32.179Z - info: Rebuilding affected source files
2019-08-02T11:52:32.185Z - info: Rebuilding 3 pages
2019-08-02T11:52:33.339Z - info: Pages rebuilt
2019-08-02T11:52:33.347Z - info: Site data built
2019-08-02T11:52:48.646Z - info: [7:52:48 PM] Reload for file change: C:\repos\nus-cs2103-AY1920S1\cs2103-website\admin\project-constraints.md
2019-08-02T11:52:49.661Z - info: Rebuilding affected source files
2019-08-02T11:52:49.662Z - info: Rebuilding 3 pages
2019-08-02T11:52:50.511Z - info: Pages rebuilt
2019-08-02T11:52:50.522Z - info: Site data built
2019-08-02T11:54:54.144Z - info: [7:54:54 PM] Reload for file change: C:\repos\nus-cs2103-AY1920S1\cs2103-website\admin\project-constraints.md
2019-08-02T11:54:55.160Z - info: Rebuilding affected source files
2019-08-02T11:54:55.164Z - info: Rebuilding 3 pages
2019-08-02T11:54:56.251Z - info: Pages rebuilt
2019-08-02T11:54:56.261Z - info: Site data built
2019-08-02T11:55:05.052Z - info: [7:55:05 PM] Reload for file change: C:\repos\nus-cs2103-AY1920S1\cs2103-website\admin\project-constraints.md
2019-08-02T11:55:06.059Z - info: Rebuilding affected source files
2019-08-02T11:55:06.061Z - info: Rebuilding 3 pages
2019-08-02T11:55:06.914Z - info: Pages rebuilt
2019-08-02T11:55:06.925Z - info: Site data built
2019-08-02T11:55:10.634Z - info: [7:55:10 PM] Reload for file change: C:\repos\nus-cs2103-AY1920S1\cs2103-website\admin\project-constraints.md
2019-08-02T11:55:11.635Z - info: Rebuilding affected source files
2019-08-02T11:55:11.636Z - info: Rebuilding 3 pages
2019-08-02T11:55:12.386Z - info: Pages rebuilt
2019-08-02T11:55:12.395Z - info: Site data built
2019-08-02T11:55:25.804Z - info: [7:55:25 PM] Reload for file change: C:\repos\nus-cs2103-AY1920S1\cs2103-website\admin\project-constraints.md
2019-08-02T11:55:26.816Z - info: Rebuilding affected source files
2019-08-02T11:55:26.819Z - info: Rebuilding 3 pages
2019-08-02T11:55:27.911Z - info: Pages rebuilt
2019-08-02T11:55:27.920Z - info: Site data built
2019-08-02T11:56:35.596Z - info: [7:56:35 PM] Reload for file change: C:\repos\nus-cs2103-AY1920S1\cs2103-website\admin\project-constraints.md
2019-08-02T11:56:36.597Z - info: Rebuilding affected source files
2019-08-02T11:56:36.598Z - info: Rebuilding 3 pages
2019-08-02T11:56:37.553Z - info: Pages rebuilt
2019-08-02T11:56:37.564Z - info: Site data built
2019-08-02T11:58:01.038Z - info: [7:58:01 PM] Reload for file change: C:\repos\nus-cs2103-AY1920S1\cs2103-website\admin\project-constraints.md
2019-08-02T11:58:02.041Z - info: Rebuilding affected source files
2019-08-02T11:58:02.043Z - info: Rebuilding 3 pages
2019-08-02T11:58:03.146Z - info: Pages rebuilt
2019-08-02T11:58:03.159Z - info: Site data built
2019-08-02T12:00:09.849Z - info: [8:00:09 PM] Reload for file change: C:\repos\nus-cs2103-AY1920S1\cs2103-website\admin\project-constraints.md
2019-08-02T12:00:10.860Z - info: Rebuilding affected source files
2019-08-02T12:00:10.862Z - info: Rebuilding 3 pages
2019-08-02T12:00:11.869Z - info: Pages rebuilt
2019-08-02T12:00:11.879Z - info: Site data built
2019-08-02T12:00:53.999Z - info: [8:00:53 PM] Reload for file change: C:\repos\nus-cs2103-AY1920S1\cs2103-website\admin\project-constraints.md
2019-08-02T12:00:55.002Z - info: Rebuilding affected source files
2019-08-02T12:00:55.003Z - info: Rebuilding 3 pages
2019-08-02T12:00:56.172Z - info: Pages rebuilt
2019-08-02T12:00:56.183Z - info: Site data built
2019-08-02T12:01:05.896Z - info: [8:01:05 PM] Reload for file change: C:\repos\nus-cs2103-AY1920S1\cs2103-website\admin\project-constraints.md
2019-08-02T12:01:06.898Z - info: Rebuilding affected source files
2019-08-02T12:01:06.899Z - info: Rebuilding 3 pages
2019-08-02T12:01:07.749Z - info: Pages rebuilt
2019-08-02T12:01:07.759Z - info: Site data built
2019-08-02T12:06:46.812Z - info: [8:06:46 PM] Reload for file change: C:\repos\nus-cs2103-AY1920S1\cs2103-website\admin\tutorials.md
2019-08-02T12:06:46.827Z - info: [8:06:46 PM] Reload for file change: C:\repos\nus-cs2103-AY1920S1\cs2103-website\admin\project-teams.md
2019-08-02T12:06:47.814Z - info: Rebuilding affected source files
2019-08-02T12:06:47.816Z - info: Rebuilding 5 pages
2019-08-02T12:06:49.845Z - info: Pages rebuilt
2019-08-02T12:06:49.856Z - info: Site data built
2019-08-02T12:09:34.272Z - info: [8:09:34 PM] Reload for file change: C:\repos\nus-cs2103-AY1920S1\cs2103-website\admin\project-teams.md
2019-08-02T12:09:35.273Z - info: Rebuilding affected source files
2019-08-02T12:09:35.274Z - info: Rebuilding 3 pages
2019-08-02T12:09:37.369Z - info: Pages rebuilt
2019-08-02T12:09:37.416Z - info: Site data built
2019-08-02T12:10:52.090Z - info: [8:10:52 PM] Reload for file change: C:\repos\nus-cs2103-AY1920S1\cs2103-website\book\gitAndGithub\forkingWorkflow\text.md
2019-08-02T12:10:52.092Z - info: [8:10:52 PM] Reload for file change: C:\repos\nus-cs2103-AY1920S1\cs2103-website\book\uml\sequenceDiagrams\parallelPaths\text.md
2019-08-02T12:10:52.102Z - info: [8:10:52 PM] Reload for file change: C:\repos\nus-cs2103-AY1920S1\cs2103-website\admin\project-deliverables.md
2019-08-02T12:10:52.109Z - info: [8:10:52 PM] Reload for file change: C:\repos\nus-cs2103-AY1920S1\cs2103-website\book\integration\buildAutomation\what\text.md
2019-08-02T12:10:52.115Z - info: [8:10:52 PM] Reload for file change: C:\repos\nus-cs2103-AY1920S1\cs2103-website\admin\projectGrading.md
2019-08-02T12:10:52.125Z - info: [8:10:52 PM] Reload for file change: C:\repos\nus-cs2103-AY1920S1\cs2103-website\book\requirements\nonFunctionalRequirements\text.md
2019-08-02T12:10:52.129Z - info: [8:10:52 PM] Reload for file change: C:\repos\nus-cs2103-AY1920S1\cs2103-website\book\reuse\apis\what\text.md
2019-08-02T12:10:52.135Z - info: [8:10:52 PM] Reload for file change: C:\repos\nus-cs2103-AY1920S1\cs2103-website\book\designPatterns\command\what\text.md
2019-08-02T12:10:52.139Z - info: [8:10:52 PM] Reload for file change: C:\repos\nus-cs2103-AY1920S1\cs2103-website\admin\exams.md
2019-08-02T12:10:52.146Z - info: [8:10:52 PM] Reload for file change: C:\repos\nus-cs2103-AY1920S1\cs2103-website\admin\project-w06-mid-v11.md
2019-08-02T12:10:52.153Z - info: [8:10:52 PM] Reload for file change: C:\repos\nus-cs2103-AY1920S1\cs2103-website\book\designFundamentals\cohesion\what\text.md
2019-08-02T12:10:52.155Z - info: [8:10:52 PM] Reload for file change: C:\repos\nus-cs2103-AY1920S1\cs2103-website\admin\project-w11-v13.md
2019-08-02T12:10:52.161Z - info: [8:10:52 PM] Reload for file change: C:\repos\nus-cs2103-AY1920S1\cs2103-website\book\errorHandling\defensiveProgramming\what\text.md
2019-08-02T12:10:52.167Z - info: [8:10:52 PM] Reload for file change: C:\repos\nus-cs2103-AY1920S1\cs2103-website\book\javaTools\streamsBasic\text.md
2019-08-02T12:10:52.170Z - info: [8:10:52 PM] Reload for file change: C:\repos\nus-cs2103-AY1920S1\cs2103-website\book\architecture\architectureDiagrams\drawing\text.md
2019-08-02T12:10:52.176Z - info: [8:10:52 PM] Reload for file change: C:\repos\nus-cs2103-AY1920S1\cs2103-website\book\errorHandling\assertions\when\text.md
2019-08-02T12:10:52.179Z - info: [8:10:52 PM] Reload for file change: C:\repos\nus-cs2103-AY1920S1\cs2103-website\book\integration\approaches\topDownVsBottomUp\text.md
2019-08-02T12:10:52.183Z - info: [8:10:52 PM] Reload for file change: C:\repos\nus-cs2103-AY1920S1\cs2103-website\admin\policies.mbdf
2019-08-02T12:10:52.191Z - info: [8:10:52 PM] Reload for file change: C:\repos\nus-cs2103-AY1920S1\cs2103-website\book\specifyingRequirements\featureList\what\text.md
2019-08-02T12:10:52.193Z - info: [8:10:52 PM] Reload for file change: C:\repos\nus-cs2103-AY1920S1\cs2103-website\book\specifyingRequirements\userStories\usage\text.md
2019-08-02T12:10:52.214Z - info: [8:10:52 PM] Reload for file change: C:\repos\nus-cs2103-AY1920S1\cs2103-website\book\gatheringRequirements\prototyping\text.md
2019-08-02T12:10:52.219Z - info: [8:10:52 PM] Reload for file change: C:\repos\nus-cs2103-AY1920S1\cs2103-website\book\projectPlanning\buffers\text.md
2019-08-02T12:10:52.223Z - info: [8:10:52 PM] Reload for file change: C:\repos\nus-cs2103-AY1920S1\cs2103-website\admin\project-testing.mbdf
2019-08-02T12:10:52.231Z - info: [8:10:52 PM] Reload for file change: C:\repos\nus-cs2103-AY1920S1\cs2103-website\book\designPatterns\facade\what\text.md
2019-08-02T12:10:52.233Z - info: [8:10:52 PM] Reload for file change: C:\repos\nus-cs2103-AY1920S1\cs2103-website\book\gatheringRequirements\observation\text.md
2019-08-02T12:10:52.236Z - info: [8:10:52 PM] Reload for file change: C:\repos\nus-cs2103-AY1920S1\cs2103-website\book\designPatterns\singleton\what\text.md
2019-08-02T12:10:52.241Z - info: [8:10:52 PM] Reload for file change: C:\repos\nus-cs2103-AY1920S1\cs2103-website\book\integration\approaches\lateVsEarly\text.md
2019-08-02T12:10:52.246Z - info: [8:10:52 PM] Reload for file change: C:\repos\nus-cs2103-AY1920S1\cs2103-website\book\uml\sequenceDiagrams\basic\text.md
2019-08-02T12:10:52.251Z - info: [8:10:52 PM] Reload for file change: C:\repos\nus-cs2103-AY1920S1\cs2103-website\book\designPatterns\more\usingDesignPatterns\text.md
2019-08-02T12:10:52.254Z - info: [8:10:52 PM] Reload for file change: C:\repos\nus-cs2103-AY1920S1\cs2103-website\book\testing\testCoverage\what\text.md
2019-08-02T12:10:52.260Z - info: [8:10:52 PM] Reload for file change: C:\repos\nus-cs2103-AY1920S1\cs2103-website\book\projectPlanning\pertCharts\text.md
2019-08-02T12:10:52.266Z - info: [8:10:52 PM] Reload for file change: C:\repos\nus-cs2103-AY1920S1\cs2103-website\book\designFundamentals\coupling\types\text.md
2019-08-02T12:10:52.269Z - info: [8:10:52 PM] Reload for file change: C:\repos\nus-cs2103-AY1920S1\cs2103-website\book\testing\testCoverage\how\text.md
2019-08-02T12:10:52.272Z - info: [8:10:52 PM] Reload for file change: C:\repos\nus-cs2103-AY1920S1\cs2103-website\book\designFundamentals\coupling\what\q-essay-regression-coupling.md
2019-08-02T12:10:52.276Z - info: [8:10:52 PM] Reload for file change: C:\repos\nus-cs2103-AY1920S1\cs2103-website\book\designFundamentals\coupling\how\text.md
2019-08-02T12:10:52.277Z - info: [8:10:52 PM] Reload for file change: C:\repos\nus-cs2103-AY1920S1\cs2103-website\admin\project-scope.md
2019-08-02T12:10:52.284Z - info: [8:10:52 PM] Reload for file change: C:\repos\nus-cs2103-AY1920S1\cs2103-website\admin\project-w05-v10.md
2019-08-02T12:10:52.290Z - info: [8:10:52 PM] Reload for file change: C:\repos\nus-cs2103-AY1920S1\cs2103-website\book\reuse\cloudComputing\services\text.md
2019-08-02T12:10:52.295Z - info: [8:10:52 PM] Reload for file change: C:\repos\nus-cs2103-AY1920S1\cs2103-website\admin\appendixE-gitHub.md
2019-08-02T12:10:52.302Z - info: [8:10:52 PM] Reload for file change: C:\repos\nus-cs2103-AY1920S1\cs2103-website\book\modeling\modelingStructures\ooStructures\text.md
2019-08-02T12:10:52.304Z - info: [8:10:52 PM] Reload for file change: C:\repos\nus-cs2103-AY1920S1\cs2103-website\book\reuse\frameworks\frameworksVsLibraries\text.md
2019-08-02T12:10:52.308Z - info: [8:10:52 PM] Reload for file change: C:\repos\nus-cs2103-AY1920S1\cs2103-website\book\testCaseDesign\introduction\what\text.md
2019-08-02T12:10:52.313Z - info: [8:10:52 PM] Reload for file change: C:\repos\nus-cs2103-AY1920S1\cs2103-website\book\testing\testingTypes\unitTesting\stubs\text.md
2019-08-02T12:10:53.091Z - info: Rebuilding affected source files
2019-08-02T12:10:53.117Z - info: Rebuilding 185 pages
2019-08-02T12:17:07.549Z - info: Website generation started at 8:17:04 PM
2019-08-02T12:17:10.298Z - info: Building assets...
