2019-08-14T02:22:58.507Z - info: Website generation started at 10:22:56 AM
2019-08-14T02:23:01.541Z - info: Building assets...
2019-08-14T02:23:03.642Z - info: Assets built
2019-08-14T02:23:03.643Z - info: Generating pages...
2019-08-14T02:24:46.553Z - info: Pages built
2019-08-14T02:25:05.962Z - info: Website generation complete! Total build time: 129.793s
2019-08-14T02:25:06.288Z - info: Serving "C:\repos\nus-cs2103-AY1920S1\cs2103-website\_site" at http://127.0.0.1:8080
2019-08-14T02:25:06.288Z - info: Press CTRL+C to stop ...
2019-08-14T02:25:06.309Z - info: Site data built
2019-08-14T02:25:06.676Z - info: [10:25:06 AM] Reload for file change: C:\repos\nus-cs2103-AY1920S1\cs2103-website\admin\ip-w02.md
2019-08-14T02:25:07.683Z - info: Rebuilding affected source files
2019-08-14T02:25:07.685Z - info: Rebuilding 4 pages
2019-08-14T02:25:18.148Z - info: Pages rebuilt
2019-08-14T02:25:18.685Z - info: Site data built
2019-08-14T02:26:51.434Z - info: [10:26:51 AM] Reload for file change: C:\repos\nus-cs2103-AY1920S1\cs2103-website\admin\ip-w02.md
2019-08-14T02:26:52.436Z - info: Rebuilding affected source files
2019-08-14T02:26:52.437Z - info: Rebuilding 4 pages
2019-08-14T02:26:56.045Z - info: Pages rebuilt
2019-08-14T02:26:56.066Z - info: Site data built
2019-08-14T02:27:57.839Z - info: [10:27:57 AM] Reload for file change: C:\repos\nus-cs2103-AY1920S1\cs2103-website\admin\ip-w02.md
2019-08-14T02:27:58.840Z - info: Rebuilding affected source files
2019-08-14T02:27:58.842Z - info: Rebuilding 4 pages
2019-08-14T02:28:02.387Z - info: Pages rebuilt
2019-08-14T02:28:02.403Z - info: Site data built
2019-08-14T02:28:30.021Z - info: [10:28:30 AM] Reload for file change: C:\repos\nus-cs2103-AY1920S1\cs2103-website\admin\ip-w03.md
2019-08-14T02:28:31.024Z - info: Rebuilding affected source files
2019-08-14T02:28:31.026Z - info: Rebuilding 4 pages
2019-08-14T02:28:32.697Z - info: [10:28:32 AM] Reload for file change: C:\repos\nus-cs2103-AY1920S1\cs2103-website\admin\ip-w03.md
2019-08-14T02:28:34.286Z - info: Pages rebuilt
2019-08-14T02:28:34.295Z - info: Site data built
2019-08-14T02:28:34.296Z - info: Rebuilding affected source files
2019-08-14T02:28:34.297Z - info: Rebuilding 4 pages
2019-08-14T02:28:37.268Z - info: Pages rebuilt
2019-08-14T02:28:37.279Z - info: Site data built
2019-08-14T10:39:37.300Z - info: Website generation started at 6:39:34 PM
2019-08-14T10:39:40.120Z - info: Building assets...
2019-08-14T10:39:42.190Z - info: Assets built
2019-08-14T10:39:42.191Z - info: Generating pages...
2019-08-14T10:41:23.533Z - info: Pages built
2019-08-14T10:41:50.994Z - info: Website generation complete! Total build time: 136.155s
2019-08-14T10:41:50.994Z - info: Build success!
2019-08-14T10:41:51.003Z - info: Site data built
2019-08-14T10:42:38.209Z - info: Deployed!
