2019-07-15T04:37:51.407Z - info: Website generation started at 12:37:46 PM
2019-07-15T04:37:54.723Z - info: Building assets...
2019-07-15T04:37:57.271Z - info: Assets built
2019-07-15T04:37:57.271Z - info: Generating pages...
2019-07-15T04:39:46.822Z - info: Pages built
2019-07-15T04:40:10.333Z - info: Website generation complete! Total build time: 143.566s
2019-07-15T04:40:10.664Z - info: Serving "C:\repos\nus-cs2103-AY1920S1\cs2103-website\_site" at http://127.0.0.1:8080
2019-07-15T04:40:10.664Z - info: Press CTRL+C to stop ...
2019-07-15T04:40:10.694Z - info: Site data built
2019-07-15T04:43:27.761Z - info: [12:43:27 PM] Reload for file change: C:\repos\nus-cs2103-AY1920S1\cs2103-website\book\projectDuke\extensions.mbdf
2019-07-15T04:43:28.764Z - info: Rebuilding affected source files
2019-07-15T04:43:28.769Z - info: Rebuilding 12 pages
2019-07-15T04:43:32.848Z - info: Pages rebuilt
2019-07-15T04:43:32.870Z - info: Site data built
2019-07-15T08:17:16.811Z - info: [4:17:16 PM] Reload for file change: C:\repos\nus-cs2103-AY1920S1\cs2103-website\admin\ip-w02.md
2019-07-15T08:17:17.817Z - info: Rebuilding affected source files
2019-07-15T08:17:17.822Z - info: Rebuilding 2 pages
2019-07-15T08:17:17.849Z - error:  Error: No such segment 'body' in file: C:\repos\nus-cs2103-AY1920S1\cs2103-website\admin\tools.md
Missing reference in C:\repos\nus-cs2103-AY1920S1\cs2103-website\admin\ip-w02.md
    at Parser._preprocess (C:\Users\dcsdcr\AppData\Roaming\npm\node_modules\markbind-cli\src\lib\markbind\src\parser.js:325:25)
    at element.children.element.children.map.e (C:\Users\dcsdcr\AppData\Roaming\npm\node_modules\markbind-cli\src\lib\markbind\src\parser.js:399:57)
    at Array.map (<anonymous>)
    at Parser._preprocess (C:\Users\dcsdcr\AppData\Roaming\npm\node_modules\markbind-cli\src\lib\markbind\src\parser.js:399:43)
    at element.children.element.children.map.e (C:\Users\dcsdcr\AppData\Roaming\npm\node_modules\markbind-cli\src\lib\markbind\src\parser.js:399:57)
    at Array.map (<anonymous>)
    at Parser._preprocess (C:\Users\dcsdcr\AppData\Roaming\npm\node_modules\markbind-cli\src\lib\markbind\src\parser.js:399:43)
    at element.children.element.children.map.e (C:\Users\dcsdcr\AppData\Roaming\npm\node_modules\markbind-cli\src\lib\markbind\src\parser.js:399:57)
    at Array.map (<anonymous>)
    at Parser._preprocess (C:\Users\dcsdcr\AppData\Roaming\npm\node_modules\markbind-cli\src\lib\markbind\src\parser.js:399:43)
    at element.children.element.children.map.e (C:\Users\dcsdcr\AppData\Roaming\npm\node_modules\markbind-cli\src\lib\markbind\src\parser.js:399:57)
    at Array.map (<anonymous>)
    at Parser._preprocess (C:\Users\dcsdcr\AppData\Roaming\npm\node_modules\markbind-cli\src\lib\markbind\src\parser.js:399:43)
    at element.children.element.children.map.e (C:\Users\dcsdcr\AppData\Roaming\npm\node_modules\markbind-cli\src\lib\markbind\src\parser.js:399:57)
    at Array.map (<anonymous>)
    at Parser._preprocess (C:\Users\dcsdcr\AppData\Roaming\npm\node_modules\markbind-cli\src\lib\markbind\src\parser.js:399:43)
2019-07-15T08:17:18.013Z - error:  Error: No such segment 'body' in file: C:\repos\nus-cs2103-AY1920S1\cs2103-website\admin\tools.md
Missing reference in C:\repos\nus-cs2103-AY1920S1\cs2103-website\admin\ip-w02.md
    at Parser._preprocess (C:\Users\dcsdcr\AppData\Roaming\npm\node_modules\markbind-cli\src\lib\markbind\src\parser.js:325:25)
    at element.children.element.children.map.e (C:\Users\dcsdcr\AppData\Roaming\npm\node_modules\markbind-cli\src\lib\markbind\src\parser.js:399:57)
    at Array.map (<anonymous>)
    at Parser._preprocess (C:\Users\dcsdcr\AppData\Roaming\npm\node_modules\markbind-cli\src\lib\markbind\src\parser.js:399:43)
    at element.children.element.children.map.e (C:\Users\dcsdcr\AppData\Roaming\npm\node_modules\markbind-cli\src\lib\markbind\src\parser.js:399:57)
    at Array.map (<anonymous>)
    at Parser._preprocess (C:\Users\dcsdcr\AppData\Roaming\npm\node_modules\markbind-cli\src\lib\markbind\src\parser.js:399:43)
    at element.children.element.children.map.e (C:\Users\dcsdcr\AppData\Roaming\npm\node_modules\markbind-cli\src\lib\markbind\src\parser.js:382:57)
    at Array.map (<anonymous>)
    at Parser._preprocess (C:\Users\dcsdcr\AppData\Roaming\npm\node_modules\markbind-cli\src\lib\markbind\src\parser.js:382:43)
    at element.children.element.children.map.e (C:\Users\dcsdcr\AppData\Roaming\npm\node_modules\markbind-cli\src\lib\markbind\src\parser.js:399:57)
    at Array.map (<anonymous>)
    at Parser._preprocess (C:\Users\dcsdcr\AppData\Roaming\npm\node_modules\markbind-cli\src\lib\markbind\src\parser.js:399:43)
    at dom.map (C:\Users\dcsdcr\AppData\Roaming\npm\node_modules\markbind-cli\src\lib\markbind\src\parser.js:567:28)
    at Array.map (<anonymous>)
    at DomHandler.htmlparser.DomHandler [as _callback] (C:\Users\dcsdcr\AppData\Roaming\npm\node_modules\markbind-cli\src\lib\markbind\src\parser.js:564:25)
2019-07-15T08:17:18.520Z - info: Pages rebuilt
2019-07-15T08:17:18.533Z - info: Site data built
2019-07-15T08:17:23.555Z - info: [4:17:23 PM] Reload for file change: C:\repos\nus-cs2103-AY1920S1\cs2103-website\admin\ip-w02.md
2019-07-15T08:17:24.556Z - info: Rebuilding affected source files
2019-07-15T08:17:24.557Z - info: Rebuilding 2 pages
2019-07-15T08:17:24.570Z - error:  Error: No such segment 'body' in file: C:\repos\nus-cs2103-AY1920S1\cs2103-website\admin\tools.md
Missing reference in C:\repos\nus-cs2103-AY1920S1\cs2103-website\admin\ip-w02.md
    at Parser._preprocess (C:\Users\dcsdcr\AppData\Roaming\npm\node_modules\markbind-cli\src\lib\markbind\src\parser.js:325:25)
    at element.children.element.children.map.e (C:\Users\dcsdcr\AppData\Roaming\npm\node_modules\markbind-cli\src\lib\markbind\src\parser.js:399:57)
    at Array.map (<anonymous>)
    at Parser._preprocess (C:\Users\dcsdcr\AppData\Roaming\npm\node_modules\markbind-cli\src\lib\markbind\src\parser.js:399:43)
    at element.children.element.children.map.e (C:\Users\dcsdcr\AppData\Roaming\npm\node_modules\markbind-cli\src\lib\markbind\src\parser.js:399:57)
    at Array.map (<anonymous>)
    at Parser._preprocess (C:\Users\dcsdcr\AppData\Roaming\npm\node_modules\markbind-cli\src\lib\markbind\src\parser.js:399:43)
    at element.children.element.children.map.e (C:\Users\dcsdcr\AppData\Roaming\npm\node_modules\markbind-cli\src\lib\markbind\src\parser.js:382:57)
    at Array.map (<anonymous>)
    at Parser._preprocess (C:\Users\dcsdcr\AppData\Roaming\npm\node_modules\markbind-cli\src\lib\markbind\src\parser.js:382:43)
    at element.children.element.children.map.e (C:\Users\dcsdcr\AppData\Roaming\npm\node_modules\markbind-cli\src\lib\markbind\src\parser.js:399:57)
    at Array.map (<anonymous>)
    at Parser._preprocess (C:\Users\dcsdcr\AppData\Roaming\npm\node_modules\markbind-cli\src\lib\markbind\src\parser.js:399:43)
    at dom.map (C:\Users\dcsdcr\AppData\Roaming\npm\node_modules\markbind-cli\src\lib\markbind\src\parser.js:567:28)
    at Array.map (<anonymous>)
    at DomHandler.htmlparser.DomHandler [as _callback] (C:\Users\dcsdcr\AppData\Roaming\npm\node_modules\markbind-cli\src\lib\markbind\src\parser.js:564:25)
2019-07-15T08:17:24.639Z - error:  Error: No such segment 'body' in file: C:\repos\nus-cs2103-AY1920S1\cs2103-website\admin\tools.md
Missing reference in C:\repos\nus-cs2103-AY1920S1\cs2103-website\admin\ip-w02.md
    at Parser._preprocess (C:\Users\dcsdcr\AppData\Roaming\npm\node_modules\markbind-cli\src\lib\markbind\src\parser.js:325:25)
    at element.children.element.children.map.e (C:\Users\dcsdcr\AppData\Roaming\npm\node_modules\markbind-cli\src\lib\markbind\src\parser.js:399:57)
    at Array.map (<anonymous>)
    at Parser._preprocess (C:\Users\dcsdcr\AppData\Roaming\npm\node_modules\markbind-cli\src\lib\markbind\src\parser.js:399:43)
    at element.children.element.children.map.e (C:\Users\dcsdcr\AppData\Roaming\npm\node_modules\markbind-cli\src\lib\markbind\src\parser.js:399:57)
    at Array.map (<anonymous>)
    at Parser._preprocess (C:\Users\dcsdcr\AppData\Roaming\npm\node_modules\markbind-cli\src\lib\markbind\src\parser.js:399:43)
    at element.children.element.children.map.e (C:\Users\dcsdcr\AppData\Roaming\npm\node_modules\markbind-cli\src\lib\markbind\src\parser.js:399:57)
    at Array.map (<anonymous>)
    at Parser._preprocess (C:\Users\dcsdcr\AppData\Roaming\npm\node_modules\markbind-cli\src\lib\markbind\src\parser.js:399:43)
    at element.children.element.children.map.e (C:\Users\dcsdcr\AppData\Roaming\npm\node_modules\markbind-cli\src\lib\markbind\src\parser.js:399:57)
    at Array.map (<anonymous>)
    at Parser._preprocess (C:\Users\dcsdcr\AppData\Roaming\npm\node_modules\markbind-cli\src\lib\markbind\src\parser.js:399:43)
    at element.children.element.children.map.e (C:\Users\dcsdcr\AppData\Roaming\npm\node_modules\markbind-cli\src\lib\markbind\src\parser.js:399:57)
    at Array.map (<anonymous>)
    at Parser._preprocess (C:\Users\dcsdcr\AppData\Roaming\npm\node_modules\markbind-cli\src\lib\markbind\src\parser.js:399:43)
2019-07-15T08:17:24.986Z - info: Pages rebuilt
2019-07-15T08:17:24.996Z - info: Site data built
2019-07-15T08:18:52.003Z - info: [4:18:52 PM] Reload for file change: C:\repos\nus-cs2103-AY1920S1\cs2103-website\admin\ip-w02.md
2019-07-15T08:18:53.005Z - info: Rebuilding affected source files
2019-07-15T08:18:53.006Z - info: Rebuilding 2 pages
2019-07-15T08:18:53.012Z - error:  Error: No such segment 'body' in file: C:\repos\nus-cs2103-AY1920S1\cs2103-website\admin\tools.md
Missing reference in C:\repos\nus-cs2103-AY1920S1\cs2103-website\admin\ip-w02.md
    at Parser._preprocess (C:\Users\dcsdcr\AppData\Roaming\npm\node_modules\markbind-cli\src\lib\markbind\src\parser.js:325:25)
    at element.children.element.children.map.e (C:\Users\dcsdcr\AppData\Roaming\npm\node_modules\markbind-cli\src\lib\markbind\src\parser.js:399:57)
    at Array.map (<anonymous>)
    at Parser._preprocess (C:\Users\dcsdcr\AppData\Roaming\npm\node_modules\markbind-cli\src\lib\markbind\src\parser.js:399:43)
    at element.children.element.children.map.e (C:\Users\dcsdcr\AppData\Roaming\npm\node_modules\markbind-cli\src\lib\markbind\src\parser.js:399:57)
    at Array.map (<anonymous>)
    at Parser._preprocess (C:\Users\dcsdcr\AppData\Roaming\npm\node_modules\markbind-cli\src\lib\markbind\src\parser.js:399:43)
    at element.children.element.children.map.e (C:\Users\dcsdcr\AppData\Roaming\npm\node_modules\markbind-cli\src\lib\markbind\src\parser.js:399:57)
    at Array.map (<anonymous>)
    at Parser._preprocess (C:\Users\dcsdcr\AppData\Roaming\npm\node_modules\markbind-cli\src\lib\markbind\src\parser.js:399:43)
    at element.children.element.children.map.e (C:\Users\dcsdcr\AppData\Roaming\npm\node_modules\markbind-cli\src\lib\markbind\src\parser.js:399:57)
    at Array.map (<anonymous>)
    at Parser._preprocess (C:\Users\dcsdcr\AppData\Roaming\npm\node_modules\markbind-cli\src\lib\markbind\src\parser.js:399:43)
    at element.children.element.children.map.e (C:\Users\dcsdcr\AppData\Roaming\npm\node_modules\markbind-cli\src\lib\markbind\src\parser.js:399:57)
    at Array.map (<anonymous>)
    at Parser._preprocess (C:\Users\dcsdcr\AppData\Roaming\npm\node_modules\markbind-cli\src\lib\markbind\src\parser.js:399:43)
2019-07-15T08:18:53.081Z - error:  Error: No such segment 'body' in file: C:\repos\nus-cs2103-AY1920S1\cs2103-website\admin\tools.md
Missing reference in C:\repos\nus-cs2103-AY1920S1\cs2103-website\admin\ip-w02.md
    at Parser._preprocess (C:\Users\dcsdcr\AppData\Roaming\npm\node_modules\markbind-cli\src\lib\markbind\src\parser.js:325:25)
    at element.children.element.children.map.e (C:\Users\dcsdcr\AppData\Roaming\npm\node_modules\markbind-cli\src\lib\markbind\src\parser.js:399:57)
    at Array.map (<anonymous>)
    at Parser._preprocess (C:\Users\dcsdcr\AppData\Roaming\npm\node_modules\markbind-cli\src\lib\markbind\src\parser.js:399:43)
    at element.children.element.children.map.e (C:\Users\dcsdcr\AppData\Roaming\npm\node_modules\markbind-cli\src\lib\markbind\src\parser.js:399:57)
    at Array.map (<anonymous>)
    at Parser._preprocess (C:\Users\dcsdcr\AppData\Roaming\npm\node_modules\markbind-cli\src\lib\markbind\src\parser.js:399:43)
    at element.children.element.children.map.e (C:\Users\dcsdcr\AppData\Roaming\npm\node_modules\markbind-cli\src\lib\markbind\src\parser.js:399:57)
    at Array.map (<anonymous>)
    at Parser._preprocess (C:\Users\dcsdcr\AppData\Roaming\npm\node_modules\markbind-cli\src\lib\markbind\src\parser.js:399:43)
    at element.children.element.children.map.e (C:\Users\dcsdcr\AppData\Roaming\npm\node_modules\markbind-cli\src\lib\markbind\src\parser.js:382:57)
    at Array.map (<anonymous>)
    at Parser._preprocess (C:\Users\dcsdcr\AppData\Roaming\npm\node_modules\markbind-cli\src\lib\markbind\src\parser.js:382:43)
    at element.children.element.children.map.e (C:\Users\dcsdcr\AppData\Roaming\npm\node_modules\markbind-cli\src\lib\markbind\src\parser.js:399:57)
    at Array.map (<anonymous>)
    at Parser._preprocess (C:\Users\dcsdcr\AppData\Roaming\npm\node_modules\markbind-cli\src\lib\markbind\src\parser.js:399:43)
2019-07-15T08:18:53.505Z - info: Pages rebuilt
2019-07-15T08:18:53.518Z - info: Site data built
2019-07-15T08:19:26.918Z - info: [4:19:26 PM] Reload for file change: C:\repos\nus-cs2103-AY1920S1\cs2103-website\admin\ip-w02.md
2019-07-15T08:19:27.929Z - info: Rebuilding affected source files
2019-07-15T08:19:27.931Z - info: Rebuilding 2 pages
2019-07-15T08:19:28.491Z - info: Pages rebuilt
2019-07-15T08:19:28.501Z - info: Site data built
2019-07-15T08:20:00.324Z - info: [4:20:00 PM] Reload for file change: C:\repos\nus-cs2103-AY1920S1\cs2103-website\admin\ip-w02.md
2019-07-15T08:20:01.331Z - info: Rebuilding affected source files
2019-07-15T08:20:01.334Z - info: Rebuilding 2 pages
2019-07-15T08:20:01.993Z - info: Pages rebuilt
2019-07-15T08:20:02.003Z - info: Site data built
2019-07-15T08:20:40.631Z - info: [4:20:40 PM] Reload for file change: C:\repos\nus-cs2103-AY1920S1\cs2103-website\admin\ip-w02.md
2019-07-15T08:20:41.632Z - info: Rebuilding affected source files
2019-07-15T08:20:41.635Z - info: Rebuilding 2 pages
2019-07-15T08:20:42.262Z - info: Pages rebuilt
2019-07-15T08:20:42.272Z - info: Site data built
2019-07-15T08:20:49.594Z - info: [4:20:49 PM] Reload for file change: C:\repos\nus-cs2103-AY1920S1\cs2103-website\admin\ip-w02.md
2019-07-15T08:20:50.596Z - info: Rebuilding affected source files
2019-07-15T08:20:50.597Z - info: Rebuilding 2 pages
2019-07-15T08:20:51.060Z - info: Pages rebuilt
2019-07-15T08:20:51.069Z - info: Site data built
2019-07-15T08:21:14.817Z - info: [4:21:14 PM] Reload for file change: C:\repos\nus-cs2103-AY1920S1\cs2103-website\admin\ip-w02.md
2019-07-15T08:21:15.818Z - info: Rebuilding affected source files
2019-07-15T08:21:15.820Z - info: Rebuilding 2 pages
2019-07-15T08:21:16.447Z - info: Pages rebuilt
2019-07-15T08:21:16.457Z - info: Site data built
2019-07-15T08:21:34.120Z - info: [4:21:34 PM] Reload for file change: C:\repos\nus-cs2103-AY1920S1\cs2103-website\admin\ip-w02.md
2019-07-15T08:21:35.125Z - info: Rebuilding affected source files
2019-07-15T08:21:35.129Z - info: Rebuilding 2 pages
2019-07-15T08:21:35.774Z - info: Pages rebuilt
2019-07-15T08:21:35.783Z - info: Site data built
2019-07-15T08:21:56.197Z - info: [4:21:56 PM] Reload for file change: C:\repos\nus-cs2103-AY1920S1\cs2103-website\admin\ip-w02.md
2019-07-15T08:21:57.198Z - info: Rebuilding affected source files
2019-07-15T08:21:57.200Z - info: Rebuilding 2 pages
2019-07-15T08:21:57.785Z - info: Pages rebuilt
2019-07-15T08:21:57.793Z - info: Site data built
2019-07-15T08:22:06.227Z - info: [4:22:06 PM] Reload for file change: C:\repos\nus-cs2103-AY1920S1\cs2103-website\admin\ip-w02.md
2019-07-15T08:22:07.228Z - info: Rebuilding affected source files
2019-07-15T08:22:07.229Z - info: Rebuilding 2 pages
2019-07-15T08:22:07.684Z - info: Pages rebuilt
2019-07-15T08:22:07.693Z - info: Site data built
2019-07-15T08:22:25.722Z - info: [4:22:25 PM] Reload for file change: C:\repos\nus-cs2103-AY1920S1\cs2103-website\admin\ip-w02.md
2019-07-15T08:22:26.724Z - info: Rebuilding affected source files
2019-07-15T08:22:26.725Z - info: Rebuilding 2 pages
2019-07-15T08:22:27.359Z - info: Pages rebuilt
2019-07-15T08:22:27.368Z - info: Site data built
2019-07-15T08:22:37.071Z - info: [4:22:37 PM] Reload for file change: C:\repos\nus-cs2103-AY1920S1\cs2103-website\admin\ip-w02.md
2019-07-15T08:22:38.080Z - info: Rebuilding affected source files
2019-07-15T08:22:38.081Z - info: Rebuilding 2 pages
2019-07-15T08:22:38.560Z - info: Pages rebuilt
2019-07-15T08:22:38.568Z - info: Site data built
2019-07-15T08:22:52.408Z - info: [4:22:52 PM] Reload for file change: C:\repos\nus-cs2103-AY1920S1\cs2103-website\admin\ip-w02.md
2019-07-15T08:22:53.412Z - info: Rebuilding affected source files
2019-07-15T08:22:53.414Z - info: Rebuilding 2 pages
2019-07-15T08:22:53.994Z - info: Pages rebuilt
2019-07-15T08:22:54.004Z - info: Site data built
2019-07-15T08:23:08.824Z - info: [4:23:08 PM] Reload for file change: C:\repos\nus-cs2103-AY1920S1\cs2103-website\admin\ip-w02.md
2019-07-15T08:23:09.826Z - info: Rebuilding affected source files
2019-07-15T08:23:09.830Z - info: Rebuilding 2 pages
2019-07-15T08:23:10.480Z - info: Pages rebuilt
2019-07-15T08:23:10.489Z - info: Site data built
2019-07-15T08:23:18.650Z - info: [4:23:18 PM] Reload for file change: C:\repos\nus-cs2103-AY1920S1\cs2103-website\admin\ip-w02.md
2019-07-15T08:23:19.654Z - info: Rebuilding affected source files
2019-07-15T08:23:19.656Z - info: Rebuilding 2 pages
2019-07-15T08:23:20.106Z - info: Pages rebuilt
2019-07-15T08:23:20.117Z - info: Site data built
2019-07-15T08:23:41.676Z - info: [4:23:41 PM] Reload for file change: C:\repos\nus-cs2103-AY1920S1\cs2103-website\admin\ip-w02.md
2019-07-15T08:23:42.679Z - info: Rebuilding affected source files
2019-07-15T08:23:42.682Z - info: Rebuilding 2 pages
2019-07-15T08:23:43.318Z - info: Pages rebuilt
2019-07-15T08:23:43.327Z - info: Site data built
2019-07-15T08:23:56.986Z - info: [4:23:56 PM] Reload for file change: C:\repos\nus-cs2103-AY1920S1\cs2103-website\admin\ip-w02.md
2019-07-15T08:23:57.988Z - info: Rebuilding affected source files
2019-07-15T08:23:57.991Z - info: Rebuilding 2 pages
2019-07-15T08:23:58.509Z - info: Pages rebuilt
2019-07-15T08:23:58.520Z - info: Site data built
2019-07-15T08:24:46.351Z - info: [4:24:46 PM] Reload for file change: C:\repos\nus-cs2103-AY1920S1\cs2103-website\admin\ip-w02.md
2019-07-15T08:24:47.351Z - info: Rebuilding affected source files
2019-07-15T08:24:47.354Z - info: Rebuilding 2 pages
2019-07-15T08:24:47.966Z - info: Pages rebuilt
2019-07-15T08:24:47.976Z - info: Site data built
2019-07-15T08:25:58.149Z - info: [4:25:58 PM] Reload for file change: C:\repos\nus-cs2103-AY1920S1\cs2103-website\admin\ip-w02.md
2019-07-15T08:25:59.151Z - info: Rebuilding affected source files
2019-07-15T08:25:59.155Z - info: Rebuilding 2 pages
2019-07-15T08:25:59.892Z - info: Pages rebuilt
2019-07-15T08:25:59.906Z - info: Site data built
2019-07-15T08:27:17.620Z - info: [4:27:17 PM] Reload for file change: C:\repos\nus-cs2103-AY1920S1\cs2103-website\admin\ip-w02.md
2019-07-15T08:27:18.622Z - info: Rebuilding affected source files
2019-07-15T08:27:18.624Z - info: Rebuilding 2 pages
2019-07-15T08:27:18.657Z - error: uncaughtException: Template render error: (C:\repos\nus-cs2103-AY1920S1\cs2103-website\admin\ip-w02.md)
  Error: Unable to call `embed_topic`, which is undefined or falsey date=Mon Jul 15 2019 16:27:18 GMT+0800 (Singapore Standard Time), pid=15892, uid=null, gid=null, cwd=C:\repos\nus-cs2103-AY1920S1\cs2103-website, execPath=C:\Program Files\nodejs\node.exe, version=v10.14.2, argv=[C:\Program Files\nodejs\node.exe, C:\Users\dcsdcr\AppData\Roaming\npm\node_modules\markbind-cli\index.js, serve], rss=211435520, heapTotal=265089024, heapUsed=208440712, external=360483, loadavg=[0, 0, 0], uptime=414893
Template render error: (C:\repos\nus-cs2103-AY1920S1\cs2103-website\admin\ip-w02.md)
  Error: Unable to call `embed_topic`, which is undefined or falsey
    at Object._prettifyError (C:\Users\dcsdcr\AppData\Roaming\npm\node_modules\markbind-cli\node_modules\nunjucks\src\lib.js:36:11)
    at C:\Users\dcsdcr\AppData\Roaming\npm\node_modules\markbind-cli\node_modules\nunjucks\src\environment.js:567:19
    at eval (eval at _compile (C:\Users\dcsdcr\AppData\Roaming\npm\node_modules\markbind-cli\node_modules\nunjucks\src\environment.js:637:18), <anonymous>:31:11)
    at C:\Users\dcsdcr\AppData\Roaming\npm\node_modules\markbind-cli\node_modules\nunjucks\src\environment.js:617:9
    at eval (eval at _compile (C:\Users\dcsdcr\AppData\Roaming\npm\node_modules\markbind-cli\node_modules\nunjucks\src\environment.js:637:18), <anonymous>:12:11)
    at C:\Users\dcsdcr\AppData\Roaming\npm\node_modules\markbind-cli\node_modules\nunjucks\src\environment.js:617:9
    at eval (eval at _compile (C:\Users\dcsdcr\AppData\Roaming\npm\node_modules\markbind-cli\node_modules\nunjucks\src\environment.js:637:18), <anonymous>:12:11)
    at C:\Users\dcsdcr\AppData\Roaming\npm\node_modules\markbind-cli\node_modules\nunjucks\src\environment.js:617:9
    at Template.root [as rootRenderFunc] (eval at _compile (C:\Users\dcsdcr\AppData\Roaming\npm\node_modules\markbind-cli\node_modules\nunjucks\src\environment.js:637:18), <anonymous>:249:3)
    at Template.getExported (C:\Users\dcsdcr\AppData\Roaming\npm\node_modules\markbind-cli\node_modules\nunjucks\src\environment.js:615:10)
    at eval (eval at _compile (C:\Users\dcsdcr\AppData\Roaming\npm\node_modules\markbind-cli\node_modules\nunjucks\src\environment.js:637:18), <anonymous>:11:5)
    at Environment.getTemplate (C:\Users\dcsdcr\AppData\Roaming\npm\node_modules\markbind-cli\node_modules\nunjucks\src\environment.js:279:9)
    at Template.root [as rootRenderFunc] (eval at _compile (C:\Users\dcsdcr\AppData\Roaming\npm\node_modules\markbind-cli\node_modules\nunjucks\src\environment.js:637:18), <anonymous>:9:5)
    at Template.getExported (C:\Users\dcsdcr\AppData\Roaming\npm\node_modules\markbind-cli\node_modules\nunjucks\src\environment.js:615:10)
    at eval (eval at _compile (C:\Users\dcsdcr\AppData\Roaming\npm\node_modules\markbind-cli\node_modules\nunjucks\src\environment.js:637:18), <anonymous>:11:5)
    at Environment.getTemplate (C:\Users\dcsdcr\AppData\Roaming\npm\node_modules\markbind-cli\node_modules\nunjucks\src\environment.js:279:9)
2019-07-15T08:27:18.661Z - error:  Template render error: (C:\repos\nus-cs2103-AY1920S1\cs2103-website\admin\ip-w02.md)
  Error: Unable to call `embed_topic`, which is undefined or falsey
    at Object._prettifyError (C:\Users\dcsdcr\AppData\Roaming\npm\node_modules\markbind-cli\node_modules\nunjucks\src\lib.js:36:11)
    at C:\Users\dcsdcr\AppData\Roaming\npm\node_modules\markbind-cli\node_modules\nunjucks\src\environment.js:567:19
    at eval (eval at _compile (C:\Users\dcsdcr\AppData\Roaming\npm\node_modules\markbind-cli\node_modules\nunjucks\src\environment.js:637:18), <anonymous>:31:11)
    at C:\Users\dcsdcr\AppData\Roaming\npm\node_modules\markbind-cli\node_modules\nunjucks\src\environment.js:617:9
    at eval (eval at _compile (C:\Users\dcsdcr\AppData\Roaming\npm\node_modules\markbind-cli\node_modules\nunjucks\src\environment.js:637:18), <anonymous>:12:11)
    at C:\Users\dcsdcr\AppData\Roaming\npm\node_modules\markbind-cli\node_modules\nunjucks\src\environment.js:617:9
    at eval (eval at _compile (C:\Users\dcsdcr\AppData\Roaming\npm\node_modules\markbind-cli\node_modules\nunjucks\src\environment.js:637:18), <anonymous>:12:11)
    at C:\Users\dcsdcr\AppData\Roaming\npm\node_modules\markbind-cli\node_modules\nunjucks\src\environment.js:617:9
    at Template.root [as rootRenderFunc] (eval at _compile (C:\Users\dcsdcr\AppData\Roaming\npm\node_modules\markbind-cli\node_modules\nunjucks\src\environment.js:637:18), <anonymous>:249:3)
    at Template.getExported (C:\Users\dcsdcr\AppData\Roaming\npm\node_modules\markbind-cli\node_modules\nunjucks\src\environment.js:615:10)
    at eval (eval at _compile (C:\Users\dcsdcr\AppData\Roaming\npm\node_modules\markbind-cli\node_modules\nunjucks\src\environment.js:637:18), <anonymous>:11:5)
    at Environment.getTemplate (C:\Users\dcsdcr\AppData\Roaming\npm\node_modules\markbind-cli\node_modules\nunjucks\src\environment.js:279:9)
    at Template.root [as rootRenderFunc] (eval at _compile (C:\Users\dcsdcr\AppData\Roaming\npm\node_modules\markbind-cli\node_modules\nunjucks\src\environment.js:637:18), <anonymous>:9:5)
    at Template.getExported (C:\Users\dcsdcr\AppData\Roaming\npm\node_modules\markbind-cli\node_modules\nunjucks\src\environment.js:615:10)
    at eval (eval at _compile (C:\Users\dcsdcr\AppData\Roaming\npm\node_modules\markbind-cli\node_modules\nunjucks\src\environment.js:637:18), <anonymous>:11:5)
    at Environment.getTemplate (C:\Users\dcsdcr\AppData\Roaming\npm\node_modules\markbind-cli\node_modules\nunjucks\src\environment.js:279:9)
2019-07-15T08:28:26.253Z - info: [4:28:26 PM] Reload for file change: C:\repos\nus-cs2103-AY1920S1\cs2103-website\admin\ip-w02.md
2019-07-15T08:28:47.754Z - info: Website generation started at 4:28:45 PM
2019-07-15T08:28:50.136Z - info: Building assets...
2019-07-15T08:28:51.854Z - info: Assets built
2019-07-15T08:28:51.855Z - info: Generating pages...
2019-07-15T08:30:28.326Z - info: Pages built
2019-07-15T08:30:49.412Z - info: Website generation complete! Total build time: 123.673s
2019-07-15T08:30:49.742Z - info: Serving "C:\repos\nus-cs2103-AY1920S1\cs2103-website\_site" at http://127.0.0.1:8080
2019-07-15T08:30:49.742Z - info: Press CTRL+C to stop ...
2019-07-15T08:30:49.768Z - info: Site data built
2019-07-15T08:33:17.863Z - info: [4:33:17 PM] Reload for file change: C:\repos\nus-cs2103-AY1920S1\cs2103-website\admin\ip-w02.md
2019-07-15T08:33:18.867Z - info: Rebuilding affected source files
2019-07-15T08:33:18.872Z - info: Rebuilding 2 pages
2019-07-15T08:33:19.779Z - info: Pages rebuilt
2019-07-15T08:33:19.793Z - info: Site data built
2019-07-15T08:33:36.304Z - info: [4:33:36 PM] Reload for file change: C:\repos\nus-cs2103-AY1920S1\cs2103-website\admin\ip-w02.md
2019-07-15T08:33:37.304Z - info: Rebuilding affected source files
2019-07-15T08:33:37.305Z - info: Rebuilding 2 pages
2019-07-15T08:33:37.976Z - info: Pages rebuilt
2019-07-15T08:33:37.985Z - info: Site data built
2019-07-15T08:35:53.245Z - info: [4:35:53 PM] Reload for file change: C:\repos\nus-cs2103-AY1920S1\cs2103-website\schedule\week2\project.md
2019-07-15T08:35:54.248Z - info: Rebuilding affected source files
2019-07-15T08:35:54.248Z - info: Rebuilding 1 pages
2019-07-15T08:35:54.608Z - info: Pages rebuilt
2019-07-15T08:35:54.617Z - info: Site data built
2019-07-15T08:37:26.272Z - info: [4:37:26 PM] Reload for file change: C:\repos\nus-cs2103-AY1920S1\cs2103-website\schedule\week2\project.md
2019-07-15T08:37:26.277Z - info: [4:37:26 PM] Reload for file change: C:\repos\nus-cs2103-AY1920S1\cs2103-website\admin\ip-w02.md
2019-07-15T08:37:27.287Z - info: Rebuilding affected source files
2019-07-15T08:37:27.288Z - info: Rebuilding 2 pages
2019-07-15T08:37:27.987Z - info: Pages rebuilt
2019-07-15T08:37:27.997Z - info: Site data built
2019-07-15T08:39:07.030Z - info: [4:39:07 PM] Reload for file change: C:\repos\nus-cs2103-AY1920S1\cs2103-website\admin\ip-w02.md
2019-07-15T08:39:08.032Z - info: Rebuilding affected source files
2019-07-15T08:39:08.035Z - info: Rebuilding 2 pages
2019-07-15T08:39:08.769Z - info: Pages rebuilt
2019-07-15T08:39:08.779Z - info: Site data built
2019-07-15T08:39:41.015Z - info: [4:39:41 PM] Reload for file change: C:\repos\nus-cs2103-AY1920S1\cs2103-website\admin\ip-w02.md
2019-07-15T08:39:42.028Z - info: Rebuilding affected source files
2019-07-15T08:39:42.030Z - info: Rebuilding 2 pages
2019-07-15T08:39:42.781Z - info: Pages rebuilt
2019-07-15T08:39:42.790Z - info: Site data built
2019-07-15T08:40:08.054Z - info: [4:40:08 PM] Reload for file change: C:\repos\nus-cs2103-AY1920S1\cs2103-website\admin\ip-w02.md
2019-07-15T08:40:09.060Z - info: Rebuilding affected source files
2019-07-15T08:40:09.063Z - info: Rebuilding 2 pages
2019-07-15T08:40:09.757Z - info: Pages rebuilt
2019-07-15T08:40:09.767Z - info: Site data built
2019-07-15T08:40:39.327Z - info: [4:40:39 PM] Reload for file change: C:\repos\nus-cs2103-AY1920S1\cs2103-website\admin\ip-w02.md
2019-07-15T08:40:40.341Z - info: Rebuilding affected source files
2019-07-15T08:40:40.343Z - info: Rebuilding 2 pages
2019-07-15T08:40:41.041Z - info: Pages rebuilt
2019-07-15T08:40:41.052Z - info: Site data built
2019-07-15T08:43:12.441Z - info: [4:43:12 PM] Reload for file change: C:\repos\nus-cs2103-AY1920S1\cs2103-website\admin\ip-w02.md
2019-07-15T08:43:13.442Z - info: Rebuilding affected source files
2019-07-15T08:43:13.446Z - info: Rebuilding 2 pages
2019-07-15T08:43:13.479Z - error: uncaughtException: Template render error: Template render error: Template render error: (C:\repos\nus-cs2103-AY1920S1\cs2103-website\admin\ip-w02.md)
  Error: cannot import 'thumbs' date=Mon Jul 15 2019 16:43:13 GMT+0800 (Singapore Standard Time), pid=11568, uid=null, gid=null, cwd=C:\repos\nus-cs2103-AY1920S1\cs2103-website, execPath=C:\Program Files\nodejs\node.exe, version=v10.14.2, argv=[C:\Program Files\nodejs\node.exe, C:\Users\dcsdcr\AppData\Roaming\npm\node_modules\markbind-cli\index.js, serve], rss=309760000, heapTotal=223670272, heapUsed=185821656, external=151036, loadavg=[0, 0, 0], uptime=415847
Template render error: (C:\repos\nus-cs2103-AY1920S1\cs2103-website\admin\ip-w02.md)
  Error: cannot import 'thumbs'
    at Object._prettifyError (C:\Users\dcsdcr\AppData\Roaming\npm\node_modules\markbind-cli\node_modules\nunjucks\src\lib.js:36:11)
    at C:\Users\dcsdcr\AppData\Roaming\npm\node_modules\markbind-cli\node_modules\nunjucks\src\environment.js:567:19
    at eval (eval at _compile (C:\Users\dcsdcr\AppData\Roaming\npm\node_modules\markbind-cli\node_modules\nunjucks\src\environment.js:637:18), <anonymous>:45:1)
    at C:\Users\dcsdcr\AppData\Roaming\npm\node_modules\markbind-cli\node_modules\nunjucks\src\environment.js:619:9
    at eval (eval at _compile (C:\Users\dcsdcr\AppData\Roaming\npm\node_modules\markbind-cli\node_modules\nunjucks\src\environment.js:637:18), <anonymous>:616:1)
    at C:\Users\dcsdcr\AppData\Roaming\npm\node_modules\markbind-cli\node_modules\nunjucks\src\environment.js:619:9
    at Template.root [as rootRenderFunc] (eval at _compile (C:\Users\dcsdcr\AppData\Roaming\npm\node_modules\markbind-cli\node_modules\nunjucks\src\environment.js:637:18), <anonymous>:245:1)
    at Template.getExported (C:\Users\dcsdcr\AppData\Roaming\npm\node_modules\markbind-cli\node_modules\nunjucks\src\environment.js:615:10)
    at eval (eval at _compile (C:\Users\dcsdcr\AppData\Roaming\npm\node_modules\markbind-cli\node_modules\nunjucks\src\environment.js:637:18), <anonymous>:11:5)
    at Environment.getTemplate (C:\Users\dcsdcr\AppData\Roaming\npm\node_modules\markbind-cli\node_modules\nunjucks\src\environment.js:279:9)
    at Template.root [as rootRenderFunc] (eval at _compile (C:\Users\dcsdcr\AppData\Roaming\npm\node_modules\markbind-cli\node_modules\nunjucks\src\environment.js:637:18), <anonymous>:9:5)
    at Template.getExported (C:\Users\dcsdcr\AppData\Roaming\npm\node_modules\markbind-cli\node_modules\nunjucks\src\environment.js:615:10)
    at eval (eval at _compile (C:\Users\dcsdcr\AppData\Roaming\npm\node_modules\markbind-cli\node_modules\nunjucks\src\environment.js:637:18), <anonymous>:34:5)
    at Environment.getTemplate (C:\Users\dcsdcr\AppData\Roaming\npm\node_modules\markbind-cli\node_modules\nunjucks\src\environment.js:279:9)
    at Template.root [as rootRenderFunc] (eval at _compile (C:\Users\dcsdcr\AppData\Roaming\npm\node_modules\markbind-cli\node_modules\nunjucks\src\environment.js:637:18), <anonymous>:32:5)
    at Template.render (C:\Users\dcsdcr\AppData\Roaming\npm\node_modules\markbind-cli\node_modules\nunjucks\src\environment.js:556:10)
2019-07-15T08:43:13.489Z - error:  Template render error: (C:\repos\nus-cs2103-AY1920S1\cs2103-website\admin\ip-w02.md)
  Error: cannot import 'thumbs'
    at Object._prettifyError (C:\Users\dcsdcr\AppData\Roaming\npm\node_modules\markbind-cli\node_modules\nunjucks\src\lib.js:36:11)
    at C:\Users\dcsdcr\AppData\Roaming\npm\node_modules\markbind-cli\node_modules\nunjucks\src\environment.js:567:19
    at eval (eval at _compile (C:\Users\dcsdcr\AppData\Roaming\npm\node_modules\markbind-cli\node_modules\nunjucks\src\environment.js:637:18), <anonymous>:45:1)
    at C:\Users\dcsdcr\AppData\Roaming\npm\node_modules\markbind-cli\node_modules\nunjucks\src\environment.js:619:9
    at eval (eval at _compile (C:\Users\dcsdcr\AppData\Roaming\npm\node_modules\markbind-cli\node_modules\nunjucks\src\environment.js:637:18), <anonymous>:616:1)
    at C:\Users\dcsdcr\AppData\Roaming\npm\node_modules\markbind-cli\node_modules\nunjucks\src\environment.js:619:9
    at Template.root [as rootRenderFunc] (eval at _compile (C:\Users\dcsdcr\AppData\Roaming\npm\node_modules\markbind-cli\node_modules\nunjucks\src\environment.js:637:18), <anonymous>:245:1)
    at Template.getExported (C:\Users\dcsdcr\AppData\Roaming\npm\node_modules\markbind-cli\node_modules\nunjucks\src\environment.js:615:10)
    at eval (eval at _compile (C:\Users\dcsdcr\AppData\Roaming\npm\node_modules\markbind-cli\node_modules\nunjucks\src\environment.js:637:18), <anonymous>:11:5)
    at Environment.getTemplate (C:\Users\dcsdcr\AppData\Roaming\npm\node_modules\markbind-cli\node_modules\nunjucks\src\environment.js:279:9)
    at Template.root [as rootRenderFunc] (eval at _compile (C:\Users\dcsdcr\AppData\Roaming\npm\node_modules\markbind-cli\node_modules\nunjucks\src\environment.js:637:18), <anonymous>:9:5)
    at Template.getExported (C:\Users\dcsdcr\AppData\Roaming\npm\node_modules\markbind-cli\node_modules\nunjucks\src\environment.js:615:10)
    at eval (eval at _compile (C:\Users\dcsdcr\AppData\Roaming\npm\node_modules\markbind-cli\node_modules\nunjucks\src\environment.js:637:18), <anonymous>:34:5)
    at Environment.getTemplate (C:\Users\dcsdcr\AppData\Roaming\npm\node_modules\markbind-cli\node_modules\nunjucks\src\environment.js:279:9)
    at Template.root [as rootRenderFunc] (eval at _compile (C:\Users\dcsdcr\AppData\Roaming\npm\node_modules\markbind-cli\node_modules\nunjucks\src\environment.js:637:18), <anonymous>:32:5)
    at Template.render (C:\Users\dcsdcr\AppData\Roaming\npm\node_modules\markbind-cli\node_modules\nunjucks\src\environment.js:556:10)
2019-07-15T08:43:25.317Z - info: [4:43:25 PM] Reload for file change: C:\repos\nus-cs2103-AY1920S1\cs2103-website\admin\ip-w02.md
2019-07-15T08:43:38.641Z - info: Website generation started at 4:43:36 PM
2019-07-15T08:43:40.942Z - info: Building assets...
2019-07-15T08:43:42.655Z - info: Assets built
2019-07-15T08:43:42.656Z - info: Generating pages...
2019-07-15T08:45:14.370Z - info: Pages built
2019-07-15T08:45:35.086Z - info: Website generation complete! Total build time: 118.411s
2019-07-15T08:45:35.415Z - info: Serving "C:\repos\nus-cs2103-AY1920S1\cs2103-website\_site" at http://127.0.0.1:8080
2019-07-15T08:45:35.415Z - info: Press CTRL+C to stop ...
2019-07-15T08:45:35.441Z - info: Site data built
2019-07-15T09:07:26.415Z - info: [5:07:26 PM] Reload for file change: C:\repos\nus-cs2103-AY1920S1\cs2103-website\admin\ip-w02.md
2019-07-15T09:07:27.417Z - info: Rebuilding affected source files
2019-07-15T09:07:27.420Z - info: Rebuilding 2 pages
2019-07-15T09:07:28.241Z - info: Pages rebuilt
2019-07-15T09:07:28.250Z - info: Site data built
2019-07-15T09:08:29.685Z - info: [5:08:29 PM] Reload for file change: C:\repos\nus-cs2103-AY1920S1\cs2103-website\admin\ip-w02.md
2019-07-15T09:08:30.687Z - info: Rebuilding affected source files
2019-07-15T09:08:30.689Z - info: Rebuilding 2 pages
2019-07-15T09:08:31.419Z - info: Pages rebuilt
2019-07-15T09:08:31.428Z - info: Site data built
2019-07-15T09:10:16.573Z - info: [5:10:16 PM] Reload for file change: C:\repos\nus-cs2103-AY1920S1\cs2103-website\admin\ip-w02.md
2019-07-15T09:10:17.585Z - info: Rebuilding affected source files
2019-07-15T09:10:17.587Z - info: Rebuilding 2 pages
2019-07-15T09:10:18.312Z - info: Pages rebuilt
2019-07-15T09:10:18.322Z - info: Site data built
2019-07-15T09:11:31.600Z - info: [5:11:31 PM] Reload for file change: C:\repos\nus-cs2103-AY1920S1\cs2103-website\admin\ip-w02.md
2019-07-15T09:11:32.616Z - info: Rebuilding affected source files
2019-07-15T09:11:32.619Z - info: Rebuilding 2 pages
2019-07-15T09:11:33.336Z - info: Pages rebuilt
2019-07-15T09:11:33.345Z - info: Site data built
2019-07-15T09:12:35.483Z - info: [5:12:35 PM] Reload for file change: C:\repos\nus-cs2103-AY1920S1\cs2103-website\admin\ip-w02.md
2019-07-15T09:12:36.484Z - info: Rebuilding affected source files
2019-07-15T09:12:36.488Z - info: Rebuilding 2 pages
2019-07-15T09:12:37.241Z - info: Pages rebuilt
2019-07-15T09:12:37.250Z - info: Site data built
2019-07-15T09:13:49.846Z - info: [5:13:49 PM] Reload for file change: C:\repos\nus-cs2103-AY1920S1\cs2103-website\admin\ip-w02.md
2019-07-15T09:13:50.849Z - info: Rebuilding affected source files
2019-07-15T09:13:50.852Z - info: Rebuilding 2 pages
2019-07-15T09:13:51.654Z - info: Pages rebuilt
2019-07-15T09:13:51.663Z - info: Site data built
2019-07-15T09:14:13.057Z - info: [5:14:13 PM] Reload for file change: C:\repos\nus-cs2103-AY1920S1\cs2103-website\admin\ip-w02.md
2019-07-15T09:14:14.068Z - info: Rebuilding affected source files
2019-07-15T09:14:14.072Z - info: Rebuilding 2 pages
2019-07-15T09:14:14.786Z - info: Pages rebuilt
2019-07-15T09:14:14.794Z - info: Site data built
2019-07-15T09:16:56.152Z - info: [5:16:56 PM] Reload for file change: C:\repos\nus-cs2103-AY1920S1\cs2103-website\admin\ip-w02.md
2019-07-15T09:16:57.155Z - info: Rebuilding affected source files
2019-07-15T09:16:57.158Z - info: Rebuilding 2 pages
2019-07-15T09:16:57.906Z - info: Pages rebuilt
2019-07-15T09:16:57.916Z - info: Site data built
2019-07-15T09:17:57.997Z - info: [5:17:57 PM] Reload for file change: C:\repos\nus-cs2103-AY1920S1\cs2103-website\admin\ip-w02.md
2019-07-15T09:17:58.999Z - info: Rebuilding affected source files
2019-07-15T09:17:59.000Z - info: Rebuilding 2 pages
2019-07-15T09:17:59.853Z - info: Pages rebuilt
2019-07-15T09:17:59.862Z - info: Site data built
2019-07-15T09:19:43.550Z - info: [5:19:43 PM] Reload for file change: C:\repos\nus-cs2103-AY1920S1\cs2103-website\_markbind\boilerplates\dukeFragment.md
2019-07-15T09:19:44.553Z - info: Rebuilding affected source files
2019-07-15T09:19:44.560Z - info: Rebuilding 11 pages
2019-07-15T09:19:48.069Z - info: Pages rebuilt
2019-07-15T09:19:48.084Z - info: Site data built
2019-07-15T09:20:27.610Z - info: [5:20:27 PM] Reload for file change: C:\repos\nus-cs2103-AY1920S1\cs2103-website\admin\ip-w02.md
2019-07-15T09:20:28.619Z - info: Rebuilding affected source files
2019-07-15T09:20:28.622Z - info: Rebuilding 2 pages
2019-07-15T09:20:29.435Z - info: Pages rebuilt
2019-07-15T09:20:29.444Z - info: Site data built
2019-07-15T09:20:44.603Z - info: [5:20:44 PM] Reload for file change: C:\repos\nus-cs2103-AY1920S1\cs2103-website\_markbind\boilerplates\dukeFragment.md
2019-07-15T09:20:45.604Z - info: Rebuilding affected source files
2019-07-15T09:20:45.610Z - info: Rebuilding 11 pages
2019-07-15T09:20:48.815Z - info: Pages rebuilt
2019-07-15T09:20:48.826Z - info: Site data built
2019-07-15T09:23:53.885Z - info: [5:23:53 PM] Reload for file change: C:\repos\nus-cs2103-AY1920S1\cs2103-website\book\projectDuke\text.md
2019-07-15T09:23:54.886Z - info: Rebuilding affected source files
2019-07-15T09:23:54.895Z - info: Rebuilding 9 pages
2019-07-15T09:23:57.237Z - info: Pages rebuilt
2019-07-15T09:23:57.248Z - info: Site data built
2019-07-15T09:26:44.364Z - info: [5:26:44 PM] Reload for file change: C:\repos\nus-cs2103-AY1920S1\cs2103-website\book\projectDuke\extensions.mbdf
2019-07-15T09:26:45.365Z - info: Rebuilding affected source files
2019-07-15T09:26:45.370Z - info: Rebuilding 12 pages
2019-07-15T09:26:49.297Z - info: Pages rebuilt
2019-07-15T09:26:49.310Z - info: Site data built
2019-07-15T09:28:26.640Z - info: [5:28:26 PM] Reload for file change: C:\repos\nus-cs2103-AY1920S1\cs2103-website\book\projectDuke\extensions.mbdf
2019-07-15T09:28:27.643Z - info: Rebuilding affected source files
2019-07-15T09:28:27.653Z - info: Rebuilding 12 pages
2019-07-15T09:28:31.804Z - info: Pages rebuilt
2019-07-15T09:28:31.815Z - info: Site data built
2019-07-15T09:32:16.295Z - info: [5:32:16 PM] Reload for file change: C:\repos\nus-cs2103-AY1920S1\cs2103-website\book\projectDuke\extensions.mbdf
2019-07-15T09:32:17.296Z - info: Rebuilding affected source files
2019-07-15T09:32:17.301Z - info: Rebuilding 12 pages
2019-07-15T09:32:21.448Z - info: Pages rebuilt
2019-07-15T09:32:21.462Z - info: Site data built
2019-07-15T09:33:02.018Z - info: [5:33:02 PM] Reload for file change: C:\repos\nus-cs2103-AY1920S1\cs2103-website\book\projectDuke\extensions.mbdf
2019-07-15T09:33:03.019Z - info: Rebuilding affected source files
2019-07-15T09:33:03.026Z - info: Rebuilding 12 pages
2019-07-15T09:33:07.093Z - info: Pages rebuilt
2019-07-15T09:33:07.105Z - info: Site data built
2019-07-15T09:38:14.248Z - info: [5:38:14 PM] Reload for file change: C:\repos\nus-cs2103-AY1920S1\cs2103-website\admin\ip-w02.md
2019-07-15T09:38:15.250Z - info: Rebuilding affected source files
2019-07-15T09:38:15.254Z - info: Rebuilding 2 pages
2019-07-15T09:38:16.132Z - info: Pages rebuilt
2019-07-15T09:38:16.144Z - info: Site data built
2019-07-15T09:38:28.054Z - info: [5:38:28 PM] Reload for file change: C:\repos\nus-cs2103-AY1920S1\cs2103-website\admin\ip-w02.md
2019-07-15T09:38:29.065Z - info: Rebuilding affected source files
2019-07-15T09:38:29.067Z - info: Rebuilding 2 pages
2019-07-15T09:38:29.709Z - info: Pages rebuilt
2019-07-15T09:38:29.717Z - info: Site data built
2019-07-15T09:38:40.881Z - info: [5:38:40 PM] Reload for file change: C:\repos\nus-cs2103-AY1920S1\cs2103-website\admin\ip-w02.md
2019-07-15T09:38:41.884Z - info: Rebuilding affected source files
2019-07-15T09:38:41.888Z - info: Rebuilding 2 pages
2019-07-15T09:38:42.619Z - info: Pages rebuilt
2019-07-15T09:38:42.628Z - info: Site data built
2019-07-15T09:39:16.834Z - info: [5:39:16 PM] Reload for file change: C:\repos\nus-cs2103-AY1920S1\cs2103-website\admin\ip-w02.md
2019-07-15T09:39:17.836Z - info: Rebuilding affected source files
2019-07-15T09:39:17.839Z - info: Rebuilding 2 pages
2019-07-15T09:39:18.674Z - info: Pages rebuilt
2019-07-15T09:39:18.683Z - info: Site data built
2019-07-15T09:40:54.951Z - info: [5:40:54 PM] Reload for file change: C:\repos\nus-cs2103-AY1920S1\cs2103-website\schedule\week2\project.md
2019-07-15T09:40:55.954Z - info: Rebuilding affected source files
2019-07-15T09:40:55.955Z - info: Rebuilding 1 pages
2019-07-15T09:40:56.365Z - info: Pages rebuilt
2019-07-15T09:40:56.374Z - info: Site data built
2019-07-15T09:41:25.859Z - info: [5:41:25 PM] Reload for file change: C:\repos\nus-cs2103-AY1920S1\cs2103-website\admin\ip-w02.md
2019-07-15T09:41:25.864Z - info: [5:41:25 PM] Reload for file change: C:\repos\nus-cs2103-AY1920S1\cs2103-website\schedule\week2\project.md
2019-07-15T09:41:26.861Z - info: Rebuilding affected source files
2019-07-15T09:41:26.864Z - info: Rebuilding 2 pages
2019-07-15T09:41:27.012Z - error:  Error: No such file: C:\repos\nus-cs2103-AY1920S1\cs2103-website\schedule\week2\ip-overview.md
Missing reference in C:\repos\nus-cs2103-AY1920S1\cs2103-website\schedule\week2\project.md
    at Parser._preprocess (C:\Users\dcsdcr\AppData\Roaming\npm\node_modules\markbind-cli\src\lib\markbind\src\parser.js:225:21)
    at element.children.element.children.map.e (C:\Users\dcsdcr\AppData\Roaming\npm\node_modules\markbind-cli\src\lib\markbind\src\parser.js:399:57)
    at Array.map (<anonymous>)
    at Parser._preprocess (C:\Users\dcsdcr\AppData\Roaming\npm\node_modules\markbind-cli\src\lib\markbind\src\parser.js:399:43)
    at element.children.element.children.map.e (C:\Users\dcsdcr\AppData\Roaming\npm\node_modules\markbind-cli\src\lib\markbind\src\parser.js:399:57)
    at Array.map (<anonymous>)
    at Parser._preprocess (C:\Users\dcsdcr\AppData\Roaming\npm\node_modules\markbind-cli\src\lib\markbind\src\parser.js:399:43)
    at dom.map (C:\Users\dcsdcr\AppData\Roaming\npm\node_modules\markbind-cli\src\lib\markbind\src\parser.js:567:28)
    at Array.map (<anonymous>)
    at DomHandler.htmlparser.DomHandler [as _callback] (C:\Users\dcsdcr\AppData\Roaming\npm\node_modules\markbind-cli\src\lib\markbind\src\parser.js:564:25)
    at DomHandler._handleCallback.DomHandler.onerror (C:\Users\dcsdcr\AppData\Roaming\npm\node_modules\markbind-cli\node_modules\domhandler\index.js:52:8)
    at DomHandler.onend (C:\Users\dcsdcr\AppData\Roaming\npm\node_modules\markbind-cli\node_modules\domhandler\index.js:46:7)
    at Parser.onend (C:\Users\dcsdcr\AppData\Roaming\npm\node_modules\markbind-cli\node_modules\htmlparser2\lib\Parser.js:310:32)
    at Tokenizer._finish (C:\Users\dcsdcr\AppData\Roaming\npm\node_modules\markbind-cli\node_modules\htmlparser2\lib\Tokenizer.js:853:12)
    at Tokenizer.end (C:\Users\dcsdcr\AppData\Roaming\npm\node_modules\markbind-cli\node_modules\htmlparser2\lib\Tokenizer.js:844:25)
    at Parser.end (C:\Users\dcsdcr\AppData\Roaming\npm\node_modules\markbind-cli\node_modules\htmlparser2\lib\Parser.js:338:18)
2019-07-15T09:41:27.013Z - error:  Error: No such file: C:\repos\nus-cs2103-AY1920S1\cs2103-website\schedule\week2\ip-overview.md
Missing reference in C:\repos\nus-cs2103-AY1920S1\cs2103-website\schedule\week2\project.md
    at Parser._preprocess (C:\Users\dcsdcr\AppData\Roaming\npm\node_modules\markbind-cli\src\lib\markbind\src\parser.js:225:21)
    at element.children.element.children.map.e (C:\Users\dcsdcr\AppData\Roaming\npm\node_modules\markbind-cli\src\lib\markbind\src\parser.js:399:57)
    at Array.map (<anonymous>)
    at Parser._preprocess (C:\Users\dcsdcr\AppData\Roaming\npm\node_modules\markbind-cli\src\lib\markbind\src\parser.js:399:43)
    at dom.map (C:\Users\dcsdcr\AppData\Roaming\npm\node_modules\markbind-cli\src\lib\markbind\src\parser.js:567:28)
    at Array.map (<anonymous>)
    at DomHandler.htmlparser.DomHandler [as _callback] (C:\Users\dcsdcr\AppData\Roaming\npm\node_modules\markbind-cli\src\lib\markbind\src\parser.js:564:25)
    at DomHandler._handleCallback.DomHandler.onerror (C:\Users\dcsdcr\AppData\Roaming\npm\node_modules\markbind-cli\node_modules\domhandler\index.js:52:8)
    at DomHandler.onend (C:\Users\dcsdcr\AppData\Roaming\npm\node_modules\markbind-cli\node_modules\domhandler\index.js:46:7)
    at Parser.onend (C:\Users\dcsdcr\AppData\Roaming\npm\node_modules\markbind-cli\node_modules\htmlparser2\lib\Parser.js:310:32)
    at Tokenizer._finish (C:\Users\dcsdcr\AppData\Roaming\npm\node_modules\markbind-cli\node_modules\htmlparser2\lib\Tokenizer.js:853:12)
    at Tokenizer.end (C:\Users\dcsdcr\AppData\Roaming\npm\node_modules\markbind-cli\node_modules\htmlparser2\lib\Tokenizer.js:844:25)
    at Parser.end (C:\Users\dcsdcr\AppData\Roaming\npm\node_modules\markbind-cli\node_modules\htmlparser2\lib\Parser.js:338:18)
    at Parser.parseComplete (C:\Users\dcsdcr\AppData\Roaming\npm\node_modules\markbind-cli\node_modules\htmlparser2\lib\Parser.js:330:7)
    at fs.readFile (C:\Users\dcsdcr\AppData\Roaming\npm\node_modules\markbind-cli\src\lib\markbind\src\parser.js:606:16)
    at FSReqWrap.readFileAfterClose [as oncomplete] (internal/fs/read_file_context.js:53:3)
2019-07-15T09:41:27.013Z - error:  Error: No such file: C:\repos\nus-cs2103-AY1920S1\cs2103-website\schedule\week2\ip-grading.md
Missing reference in C:\repos\nus-cs2103-AY1920S1\cs2103-website\schedule\week2\project.md
    at Parser._preprocess (C:\Users\dcsdcr\AppData\Roaming\npm\node_modules\markbind-cli\src\lib\markbind\src\parser.js:225:21)
    at element.children.element.children.map.e (C:\Users\dcsdcr\AppData\Roaming\npm\node_modules\markbind-cli\src\lib\markbind\src\parser.js:399:57)
    at Array.map (<anonymous>)
    at Parser._preprocess (C:\Users\dcsdcr\AppData\Roaming\npm\node_modules\markbind-cli\src\lib\markbind\src\parser.js:399:43)
    at element.children.element.children.map.e (C:\Users\dcsdcr\AppData\Roaming\npm\node_modules\markbind-cli\src\lib\markbind\src\parser.js:399:57)
    at Array.map (<anonymous>)
    at Parser._preprocess (C:\Users\dcsdcr\AppData\Roaming\npm\node_modules\markbind-cli\src\lib\markbind\src\parser.js:399:43)
    at dom.map (C:\Users\dcsdcr\AppData\Roaming\npm\node_modules\markbind-cli\src\lib\markbind\src\parser.js:567:28)
    at Array.map (<anonymous>)
    at DomHandler.htmlparser.DomHandler [as _callback] (C:\Users\dcsdcr\AppData\Roaming\npm\node_modules\markbind-cli\src\lib\markbind\src\parser.js:564:25)
    at DomHandler._handleCallback.DomHandler.onerror (C:\Users\dcsdcr\AppData\Roaming\npm\node_modules\markbind-cli\node_modules\domhandler\index.js:52:8)
    at DomHandler.onend (C:\Users\dcsdcr\AppData\Roaming\npm\node_modules\markbind-cli\node_modules\domhandler\index.js:46:7)
    at Parser.onend (C:\Users\dcsdcr\AppData\Roaming\npm\node_modules\markbind-cli\node_modules\htmlparser2\lib\Parser.js:310:32)
    at Tokenizer._finish (C:\Users\dcsdcr\AppData\Roaming\npm\node_modules\markbind-cli\node_modules\htmlparser2\lib\Tokenizer.js:853:12)
    at Tokenizer.end (C:\Users\dcsdcr\AppData\Roaming\npm\node_modules\markbind-cli\node_modules\htmlparser2\lib\Tokenizer.js:844:25)
    at Parser.end (C:\Users\dcsdcr\AppData\Roaming\npm\node_modules\markbind-cli\node_modules\htmlparser2\lib\Parser.js:338:18)
2019-07-15T09:41:27.014Z - error:  Error: No such file: C:\repos\nus-cs2103-AY1920S1\cs2103-website\schedule\week2\ip-grading.md
Missing reference in C:\repos\nus-cs2103-AY1920S1\cs2103-website\schedule\week2\project.md
    at Parser._preprocess (C:\Users\dcsdcr\AppData\Roaming\npm\node_modules\markbind-cli\src\lib\markbind\src\parser.js:225:21)
    at element.children.element.children.map.e (C:\Users\dcsdcr\AppData\Roaming\npm\node_modules\markbind-cli\src\lib\markbind\src\parser.js:399:57)
    at Array.map (<anonymous>)
    at Parser._preprocess (C:\Users\dcsdcr\AppData\Roaming\npm\node_modules\markbind-cli\src\lib\markbind\src\parser.js:399:43)
    at dom.map (C:\Users\dcsdcr\AppData\Roaming\npm\node_modules\markbind-cli\src\lib\markbind\src\parser.js:567:28)
    at Array.map (<anonymous>)
    at DomHandler.htmlparser.DomHandler [as _callback] (C:\Users\dcsdcr\AppData\Roaming\npm\node_modules\markbind-cli\src\lib\markbind\src\parser.js:564:25)
    at DomHandler._handleCallback.DomHandler.onerror (C:\Users\dcsdcr\AppData\Roaming\npm\node_modules\markbind-cli\node_modules\domhandler\index.js:52:8)
    at DomHandler.onend (C:\Users\dcsdcr\AppData\Roaming\npm\node_modules\markbind-cli\node_modules\domhandler\index.js:46:7)
    at Parser.onend (C:\Users\dcsdcr\AppData\Roaming\npm\node_modules\markbind-cli\node_modules\htmlparser2\lib\Parser.js:310:32)
    at Tokenizer._finish (C:\Users\dcsdcr\AppData\Roaming\npm\node_modules\markbind-cli\node_modules\htmlparser2\lib\Tokenizer.js:853:12)
    at Tokenizer.end (C:\Users\dcsdcr\AppData\Roaming\npm\node_modules\markbind-cli\node_modules\htmlparser2\lib\Tokenizer.js:844:25)
    at Parser.end (C:\Users\dcsdcr\AppData\Roaming\npm\node_modules\markbind-cli\node_modules\htmlparser2\lib\Parser.js:338:18)
    at Parser.parseComplete (C:\Users\dcsdcr\AppData\Roaming\npm\node_modules\markbind-cli\node_modules\htmlparser2\lib\Parser.js:330:7)
    at fs.readFile (C:\Users\dcsdcr\AppData\Roaming\npm\node_modules\markbind-cli\src\lib\markbind\src\parser.js:606:16)
    at FSReqWrap.readFileAfterClose [as oncomplete] (internal/fs/read_file_context.js:53:3)
2019-07-15T09:41:27.579Z - info: Pages rebuilt
2019-07-15T09:41:27.588Z - info: Site data built
2019-07-15T09:42:06.084Z - info: [5:42:06 PM] Reload for file change: C:\repos\nus-cs2103-AY1920S1\cs2103-website\schedule\week2\project.md
2019-07-15T09:42:07.087Z - info: Rebuilding affected source files
2019-07-15T09:42:07.092Z - info: Rebuilding 1 pages
2019-07-15T09:42:07.201Z - error:  Error: No such file: C:\repos\nus-cs2103-AY1920S1\cs2103-website\schedule\admin\ip-overview.md
Missing reference in C:\repos\nus-cs2103-AY1920S1\cs2103-website\schedule\week2\project.md
    at Parser._preprocess (C:\Users\dcsdcr\AppData\Roaming\npm\node_modules\markbind-cli\src\lib\markbind\src\parser.js:225:21)
    at element.children.element.children.map.e (C:\Users\dcsdcr\AppData\Roaming\npm\node_modules\markbind-cli\src\lib\markbind\src\parser.js:399:57)
    at Array.map (<anonymous>)
    at Parser._preprocess (C:\Users\dcsdcr\AppData\Roaming\npm\node_modules\markbind-cli\src\lib\markbind\src\parser.js:399:43)
    at element.children.element.children.map.e (C:\Users\dcsdcr\AppData\Roaming\npm\node_modules\markbind-cli\src\lib\markbind\src\parser.js:399:57)
    at Array.map (<anonymous>)
    at Parser._preprocess (C:\Users\dcsdcr\AppData\Roaming\npm\node_modules\markbind-cli\src\lib\markbind\src\parser.js:399:43)
    at dom.map (C:\Users\dcsdcr\AppData\Roaming\npm\node_modules\markbind-cli\src\lib\markbind\src\parser.js:567:28)
    at Array.map (<anonymous>)
    at DomHandler.htmlparser.DomHandler [as _callback] (C:\Users\dcsdcr\AppData\Roaming\npm\node_modules\markbind-cli\src\lib\markbind\src\parser.js:564:25)
    at DomHandler._handleCallback.DomHandler.onerror (C:\Users\dcsdcr\AppData\Roaming\npm\node_modules\markbind-cli\node_modules\domhandler\index.js:52:8)
    at DomHandler.onend (C:\Users\dcsdcr\AppData\Roaming\npm\node_modules\markbind-cli\node_modules\domhandler\index.js:46:7)
    at Parser.onend (C:\Users\dcsdcr\AppData\Roaming\npm\node_modules\markbind-cli\node_modules\htmlparser2\lib\Parser.js:310:32)
    at Tokenizer._finish (C:\Users\dcsdcr\AppData\Roaming\npm\node_modules\markbind-cli\node_modules\htmlparser2\lib\Tokenizer.js:853:12)
    at Tokenizer.end (C:\Users\dcsdcr\AppData\Roaming\npm\node_modules\markbind-cli\node_modules\htmlparser2\lib\Tokenizer.js:844:25)
    at Parser.end (C:\Users\dcsdcr\AppData\Roaming\npm\node_modules\markbind-cli\node_modules\htmlparser2\lib\Parser.js:338:18)
2019-07-15T09:42:07.201Z - error:  Error: No such file: C:\repos\nus-cs2103-AY1920S1\cs2103-website\schedule\admin\ip-overview.md
Missing reference in C:\repos\nus-cs2103-AY1920S1\cs2103-website\schedule\week2\project.md
    at Parser._preprocess (C:\Users\dcsdcr\AppData\Roaming\npm\node_modules\markbind-cli\src\lib\markbind\src\parser.js:225:21)
    at element.children.element.children.map.e (C:\Users\dcsdcr\AppData\Roaming\npm\node_modules\markbind-cli\src\lib\markbind\src\parser.js:399:57)
    at Array.map (<anonymous>)
    at Parser._preprocess (C:\Users\dcsdcr\AppData\Roaming\npm\node_modules\markbind-cli\src\lib\markbind\src\parser.js:399:43)
    at dom.map (C:\Users\dcsdcr\AppData\Roaming\npm\node_modules\markbind-cli\src\lib\markbind\src\parser.js:567:28)
    at Array.map (<anonymous>)
    at DomHandler.htmlparser.DomHandler [as _callback] (C:\Users\dcsdcr\AppData\Roaming\npm\node_modules\markbind-cli\src\lib\markbind\src\parser.js:564:25)
    at DomHandler._handleCallback.DomHandler.onerror (C:\Users\dcsdcr\AppData\Roaming\npm\node_modules\markbind-cli\node_modules\domhandler\index.js:52:8)
    at DomHandler.onend (C:\Users\dcsdcr\AppData\Roaming\npm\node_modules\markbind-cli\node_modules\domhandler\index.js:46:7)
    at Parser.onend (C:\Users\dcsdcr\AppData\Roaming\npm\node_modules\markbind-cli\node_modules\htmlparser2\lib\Parser.js:310:32)
    at Tokenizer._finish (C:\Users\dcsdcr\AppData\Roaming\npm\node_modules\markbind-cli\node_modules\htmlparser2\lib\Tokenizer.js:853:12)
    at Tokenizer.end (C:\Users\dcsdcr\AppData\Roaming\npm\node_modules\markbind-cli\node_modules\htmlparser2\lib\Tokenizer.js:844:25)
    at Parser.end (C:\Users\dcsdcr\AppData\Roaming\npm\node_modules\markbind-cli\node_modules\htmlparser2\lib\Parser.js:338:18)
    at Parser.parseComplete (C:\Users\dcsdcr\AppData\Roaming\npm\node_modules\markbind-cli\node_modules\htmlparser2\lib\Parser.js:330:7)
    at fs.readFile (C:\Users\dcsdcr\AppData\Roaming\npm\node_modules\markbind-cli\src\lib\markbind\src\parser.js:606:16)
    at FSReqWrap.readFileAfterClose [as oncomplete] (internal/fs/read_file_context.js:53:3)
2019-07-15T09:42:07.202Z - error:  Error: No such file: C:\repos\nus-cs2103-AY1920S1\cs2103-website\schedule\admin\ip-grading.md
Missing reference in C:\repos\nus-cs2103-AY1920S1\cs2103-website\schedule\week2\project.md
    at Parser._preprocess (C:\Users\dcsdcr\AppData\Roaming\npm\node_modules\markbind-cli\src\lib\markbind\src\parser.js:225:21)
    at element.children.element.children.map.e (C:\Users\dcsdcr\AppData\Roaming\npm\node_modules\markbind-cli\src\lib\markbind\src\parser.js:399:57)
    at Array.map (<anonymous>)
    at Parser._preprocess (C:\Users\dcsdcr\AppData\Roaming\npm\node_modules\markbind-cli\src\lib\markbind\src\parser.js:399:43)
    at element.children.element.children.map.e (C:\Users\dcsdcr\AppData\Roaming\npm\node_modules\markbind-cli\src\lib\markbind\src\parser.js:399:57)
    at Array.map (<anonymous>)
    at Parser._preprocess (C:\Users\dcsdcr\AppData\Roaming\npm\node_modules\markbind-cli\src\lib\markbind\src\parser.js:399:43)
    at dom.map (C:\Users\dcsdcr\AppData\Roaming\npm\node_modules\markbind-cli\src\lib\markbind\src\parser.js:567:28)
    at Array.map (<anonymous>)
    at DomHandler.htmlparser.DomHandler [as _callback] (C:\Users\dcsdcr\AppData\Roaming\npm\node_modules\markbind-cli\src\lib\markbind\src\parser.js:564:25)
    at DomHandler._handleCallback.DomHandler.onerror (C:\Users\dcsdcr\AppData\Roaming\npm\node_modules\markbind-cli\node_modules\domhandler\index.js:52:8)
    at DomHandler.onend (C:\Users\dcsdcr\AppData\Roaming\npm\node_modules\markbind-cli\node_modules\domhandler\index.js:46:7)
    at Parser.onend (C:\Users\dcsdcr\AppData\Roaming\npm\node_modules\markbind-cli\node_modules\htmlparser2\lib\Parser.js:310:32)
    at Tokenizer._finish (C:\Users\dcsdcr\AppData\Roaming\npm\node_modules\markbind-cli\node_modules\htmlparser2\lib\Tokenizer.js:853:12)
    at Tokenizer.end (C:\Users\dcsdcr\AppData\Roaming\npm\node_modules\markbind-cli\node_modules\htmlparser2\lib\Tokenizer.js:844:25)
    at Parser.end (C:\Users\dcsdcr\AppData\Roaming\npm\node_modules\markbind-cli\node_modules\htmlparser2\lib\Parser.js:338:18)
2019-07-15T09:42:07.202Z - error:  Error: No such file: C:\repos\nus-cs2103-AY1920S1\cs2103-website\schedule\admin\ip-grading.md
Missing reference in C:\repos\nus-cs2103-AY1920S1\cs2103-website\schedule\week2\project.md
    at Parser._preprocess (C:\Users\dcsdcr\AppData\Roaming\npm\node_modules\markbind-cli\src\lib\markbind\src\parser.js:225:21)
    at element.children.element.children.map.e (C:\Users\dcsdcr\AppData\Roaming\npm\node_modules\markbind-cli\src\lib\markbind\src\parser.js:399:57)
    at Array.map (<anonymous>)
    at Parser._preprocess (C:\Users\dcsdcr\AppData\Roaming\npm\node_modules\markbind-cli\src\lib\markbind\src\parser.js:399:43)
    at dom.map (C:\Users\dcsdcr\AppData\Roaming\npm\node_modules\markbind-cli\src\lib\markbind\src\parser.js:567:28)
    at Array.map (<anonymous>)
    at DomHandler.htmlparser.DomHandler [as _callback] (C:\Users\dcsdcr\AppData\Roaming\npm\node_modules\markbind-cli\src\lib\markbind\src\parser.js:564:25)
    at DomHandler._handleCallback.DomHandler.onerror (C:\Users\dcsdcr\AppData\Roaming\npm\node_modules\markbind-cli\node_modules\domhandler\index.js:52:8)
    at DomHandler.onend (C:\Users\dcsdcr\AppData\Roaming\npm\node_modules\markbind-cli\node_modules\domhandler\index.js:46:7)
    at Parser.onend (C:\Users\dcsdcr\AppData\Roaming\npm\node_modules\markbind-cli\node_modules\htmlparser2\lib\Parser.js:310:32)
    at Tokenizer._finish (C:\Users\dcsdcr\AppData\Roaming\npm\node_modules\markbind-cli\node_modules\htmlparser2\lib\Tokenizer.js:853:12)
    at Tokenizer.end (C:\Users\dcsdcr\AppData\Roaming\npm\node_modules\markbind-cli\node_modules\htmlparser2\lib\Tokenizer.js:844:25)
    at Parser.end (C:\Users\dcsdcr\AppData\Roaming\npm\node_modules\markbind-cli\node_modules\htmlparser2\lib\Parser.js:338:18)
    at Parser.parseComplete (C:\Users\dcsdcr\AppData\Roaming\npm\node_modules\markbind-cli\node_modules\htmlparser2\lib\Parser.js:330:7)
    at fs.readFile (C:\Users\dcsdcr\AppData\Roaming\npm\node_modules\markbind-cli\src\lib\markbind\src\parser.js:606:16)
    at FSReqWrap.readFileAfterClose [as oncomplete] (internal/fs/read_file_context.js:53:3)
2019-07-15T09:42:07.531Z - info: Pages rebuilt
2019-07-15T09:42:07.539Z - info: Site data built
2019-07-15T09:43:07.576Z - info: [5:43:07 PM] Reload for file change: C:\repos\nus-cs2103-AY1920S1\cs2103-website\schedule\week2\project.md
2019-07-15T09:43:08.576Z - info: Rebuilding affected source files
2019-07-15T09:43:08.579Z - info: Rebuilding 1 pages
2019-07-15T09:43:09.072Z - info: Pages rebuilt
2019-07-15T09:43:09.081Z - info: Site data built
2019-07-15T09:44:13.706Z - info: [5:44:13 PM] Reload for file change: C:\repos\nus-cs2103-AY1920S1\cs2103-website\schedule\week2\project.md
2019-07-15T09:44:14.707Z - info: Rebuilding affected source files
2019-07-15T09:44:14.709Z - info: Rebuilding 1 pages
2019-07-15T09:44:15.146Z - info: Pages rebuilt
2019-07-15T09:44:15.155Z - info: Site data built
2019-07-15T09:44:42.005Z - info: [5:44:42 PM] Reload for file change: C:\repos\nus-cs2103-AY1920S1\cs2103-website\schedule\week2\project.md
2019-07-15T09:44:43.006Z - info: Rebuilding affected source files
2019-07-15T09:44:43.007Z - info: Rebuilding 1 pages
2019-07-15T09:44:43.439Z - info: Pages rebuilt
2019-07-15T09:44:43.449Z - info: Site data built
2019-07-15T09:45:05.988Z - info: [5:45:05 PM] Reload for file change: C:\repos\nus-cs2103-AY1920S1\cs2103-website\schedule\week2\project.md
2019-07-15T09:45:06.988Z - info: Rebuilding affected source files
2019-07-15T09:45:06.991Z - info: Rebuilding 1 pages
2019-07-15T09:45:07.027Z - error: uncaughtException: Template render error: Template render error: Template render error: (C:\repos\nus-cs2103-AY1920S1\cs2103-website\schedule\week2\project.md) [Line 534, Column 19]
  Error: Unable to call `thub`, which is undefined or falsey date=Mon Jul 15 2019 17:45:07 GMT+0800 (Singapore Standard Time), pid=13248, uid=null, gid=null, cwd=C:\repos\nus-cs2103-AY1920S1\cs2103-website, execPath=C:\Program Files\nodejs\node.exe, version=v10.14.2, argv=[C:\Program Files\nodejs\node.exe, C:\Users\dcsdcr\AppData\Roaming\npm\node_modules\markbind-cli\index.js, serve], rss=246714368, heapTotal=270856192, heapUsed=197886296, external=428022, loadavg=[0, 0, 0], uptime=419561
Template render error: (C:\repos\nus-cs2103-AY1920S1\cs2103-website\schedule\week2\project.md) [Line 534, Column 19]
  Error: Unable to call `thub`, which is undefined or falsey
    at Object._prettifyError (C:\Users\dcsdcr\AppData\Roaming\npm\node_modules\markbind-cli\node_modules\nunjucks\src\lib.js:36:11)
    at C:\Users\dcsdcr\AppData\Roaming\npm\node_modules\markbind-cli\node_modules\nunjucks\src\environment.js:567:19
    at eval (eval at _compile (C:\Users\dcsdcr\AppData\Roaming\npm\node_modules\markbind-cli\node_modules\nunjucks\src\environment.js:637:18), <anonymous>:29:11)
    at C:\Users\dcsdcr\AppData\Roaming\npm\node_modules\markbind-cli\node_modules\nunjucks\src\environment.js:617:9
    at Template.root [as rootRenderFunc] (eval at _compile (C:\Users\dcsdcr\AppData\Roaming\npm\node_modules\markbind-cli\node_modules\nunjucks\src\environment.js:637:18), <anonymous>:221:3)
    at Template.getExported (C:\Users\dcsdcr\AppData\Roaming\npm\node_modules\markbind-cli\node_modules\nunjucks\src\environment.js:615:10)
    at eval (eval at _compile (C:\Users\dcsdcr\AppData\Roaming\npm\node_modules\markbind-cli\node_modules\nunjucks\src\environment.js:637:18), <anonymous>:28:5)
    at Environment.getTemplate (C:\Users\dcsdcr\AppData\Roaming\npm\node_modules\markbind-cli\node_modules\nunjucks\src\environment.js:279:9)
    at eval (eval at _compile (C:\Users\dcsdcr\AppData\Roaming\npm\node_modules\markbind-cli\node_modules\nunjucks\src\environment.js:637:18), <anonymous>:26:5)
    at C:\Users\dcsdcr\AppData\Roaming\npm\node_modules\markbind-cli\node_modules\nunjucks\src\environment.js:619:9
    at eval (eval at _compile (C:\Users\dcsdcr\AppData\Roaming\npm\node_modules\markbind-cli\node_modules\nunjucks\src\environment.js:637:18), <anonymous>:616:1)
    at C:\Users\dcsdcr\AppData\Roaming\npm\node_modules\markbind-cli\node_modules\nunjucks\src\environment.js:619:9
    at Template.root [as rootRenderFunc] (eval at _compile (C:\Users\dcsdcr\AppData\Roaming\npm\node_modules\markbind-cli\node_modules\nunjucks\src\environment.js:637:18), <anonymous>:245:1)
    at Template.getExported (C:\Users\dcsdcr\AppData\Roaming\npm\node_modules\markbind-cli\node_modules\nunjucks\src\environment.js:615:10)
    at eval (eval at _compile (C:\Users\dcsdcr\AppData\Roaming\npm\node_modules\markbind-cli\node_modules\nunjucks\src\environment.js:637:18), <anonymous>:11:5)
    at Environment.getTemplate (C:\Users\dcsdcr\AppData\Roaming\npm\node_modules\markbind-cli\node_modules\nunjucks\src\environment.js:279:9)
2019-07-15T09:45:16.016Z - info: [5:45:16 PM] Reload for file change: C:\repos\nus-cs2103-AY1920S1\cs2103-website\schedule\week2\project.md
2019-07-15T09:45:37.535Z - info: Website generation started at 5:45:35 PM
2019-07-15T09:45:40.001Z - info: Building assets...
2019-07-15T09:45:41.682Z - info: Assets built
2019-07-15T09:45:41.683Z - info: Generating pages...
2019-07-15T09:47:15.506Z - info: Pages built
2019-07-15T09:47:36.513Z - info: Website generation complete! Total build time: 120.946s
2019-07-15T09:47:36.847Z - info: Serving "C:\repos\nus-cs2103-AY1920S1\cs2103-website\_site" at http://127.0.0.1:8080
2019-07-15T09:47:36.847Z - info: Press CTRL+C to stop ...
2019-07-15T09:47:36.882Z - info: Site data built
2019-07-15T09:51:37.110Z - info: [5:51:37 PM] Reload for file change: C:\repos\nus-cs2103-AY1920S1\cs2103-website\admin\ip-w02.md
2019-07-15T09:51:37.115Z - info: [5:51:37 PM] Reload for file change: C:\repos\nus-cs2103-AY1920S1\cs2103-website\schedule\week2\project.md
2019-07-15T09:51:38.112Z - info: Rebuilding affected source files
2019-07-15T09:51:38.115Z - info: Rebuilding 2 pages
2019-07-15T09:51:39.137Z - info: Pages rebuilt
2019-07-15T09:51:39.147Z - info: Site data built
2019-07-15T09:55:05.226Z - info: [5:55:05 PM] Reload for file change: C:\repos\nus-cs2103-AY1920S1\cs2103-website\schedule\week2\project.md
2019-07-15T09:55:06.228Z - info: Rebuilding affected source files
2019-07-15T09:55:06.230Z - info: Rebuilding 1 pages
2019-07-15T09:55:06.637Z - info: Pages rebuilt
2019-07-15T09:55:06.644Z - info: Site data built
2019-07-15T09:55:33.861Z - info: [5:55:33 PM] Reload for file change: C:\repos\nus-cs2103-AY1920S1\cs2103-website\schedule\week2\project.md
2019-07-15T09:55:34.861Z - info: Rebuilding affected source files
2019-07-15T09:55:34.864Z - info: Rebuilding 1 pages
2019-07-15T09:55:35.305Z - info: Pages rebuilt
2019-07-15T09:55:35.314Z - info: Site data built
2019-07-15T09:56:08.001Z - info: [5:56:08 PM] Reload for file change: C:\repos\nus-cs2103-AY1920S1\cs2103-website\schedule\week2\project.md
2019-07-15T09:56:09.001Z - info: Rebuilding affected source files
2019-07-15T09:56:09.003Z - info: Rebuilding 1 pages
2019-07-15T09:56:09.466Z - info: Pages rebuilt
2019-07-15T09:56:09.475Z - info: Site data built
2019-07-15T09:59:03.012Z - info: [5:59:03 PM] Reload for file change: C:\repos\nus-cs2103-AY1920S1\cs2103-website\admin\ip-grading.md
2019-07-15T09:59:04.012Z - info: Rebuilding affected source files
2019-07-15T09:59:04.015Z - info: Rebuilding 2 pages
2019-07-15T09:59:04.568Z - info: Pages rebuilt
2019-07-15T09:59:04.577Z - info: Site data built
2019-07-15T09:59:38.207Z - info: [5:59:38 PM] Reload for file change: C:\repos\nus-cs2103-AY1920S1\cs2103-website\admin\ip-grading.md
2019-07-15T09:59:39.209Z - info: Rebuilding affected source files
2019-07-15T09:59:39.211Z - info: Rebuilding 2 pages
2019-07-15T09:59:39.779Z - info: Pages rebuilt
2019-07-15T09:59:39.787Z - info: Site data built
2019-07-15T10:02:42.908Z - info: [6:02:42 PM] Reload for file change: C:\repos\nus-cs2103-AY1920S1\cs2103-website\schedule\week2\project.md
2019-07-15T10:02:43.909Z - info: Rebuilding affected source files
2019-07-15T10:02:43.911Z - info: Rebuilding 1 pages
2019-07-15T10:02:44.343Z - info: Pages rebuilt
2019-07-15T10:02:44.352Z - info: Site data built
2019-07-15T10:04:35.590Z - info: [6:04:35 PM] Reload for file change: C:\repos\nus-cs2103-AY1920S1\cs2103-website\book\projectDuke\text.md
2019-07-15T10:04:36.592Z - info: Rebuilding affected source files
2019-07-15T10:04:36.600Z - info: Rebuilding 9 pages
2019-07-15T10:04:38.976Z - info: Pages rebuilt
2019-07-15T10:04:38.987Z - info: Site data built
2019-07-15T10:04:56.188Z - info: [6:04:56 PM] Reload for file change: C:\repos\nus-cs2103-AY1920S1\cs2103-website\book\projectDuke\text.md
2019-07-15T10:04:57.190Z - info: Rebuilding affected source files
2019-07-15T10:04:57.195Z - info: Rebuilding 9 pages
2019-07-15T10:04:59.610Z - info: Pages rebuilt
2019-07-15T10:04:59.621Z - info: Site data built
2019-07-15T10:05:28.564Z - info: [6:05:28 PM] Reload for file change: C:\repos\nus-cs2103-AY1920S1\cs2103-website\book\projectDuke\text.md
2019-07-15T10:05:29.567Z - info: Rebuilding affected source files
2019-07-15T10:05:29.570Z - info: Rebuilding 9 pages
2019-07-15T10:05:31.931Z - info: Pages rebuilt
2019-07-15T10:05:31.941Z - info: Site data built
2019-07-15T10:06:15.790Z - info: [6:06:15 PM] Reload for file change: C:\repos\nus-cs2103-AY1920S1\cs2103-website\book\projectDuke\text.md
2019-07-15T10:06:16.791Z - info: Rebuilding affected source files
2019-07-15T10:06:16.793Z - info: Rebuilding 9 pages
2019-07-15T10:06:19.059Z - info: Pages rebuilt
2019-07-15T10:06:19.070Z - info: Site data built
2019-07-15T10:07:34.678Z - info: [6:07:34 PM] Reload for file change: C:\repos\nus-cs2103-AY1920S1\cs2103-website\book\projectDuke\text.md
2019-07-15T10:07:35.678Z - info: Rebuilding affected source files
2019-07-15T10:07:35.682Z - info: Rebuilding 9 pages
2019-07-15T10:07:37.932Z - info: Pages rebuilt
2019-07-15T10:07:37.944Z - info: Site data built
2019-07-15T10:11:35.661Z - info: [6:11:35 PM] Reload for file change: C:\repos\nus-cs2103-AY1920S1\cs2103-website\book\projectDuke\text.md
2019-07-15T10:11:36.677Z - info: Rebuilding affected source files
2019-07-15T10:11:36.682Z - info: Rebuilding 9 pages
2019-07-15T10:11:39.031Z - info: Pages rebuilt
2019-07-15T10:11:39.042Z - info: Site data built
2019-07-15T10:12:45.177Z - info: [6:12:45 PM] Reload for file change: C:\repos\nus-cs2103-AY1920S1\cs2103-website\book\projectDuke\text.md
2019-07-15T10:12:46.179Z - info: Rebuilding affected source files
2019-07-15T10:12:46.184Z - info: Rebuilding 9 pages
2019-07-15T10:12:48.583Z - info: Pages rebuilt
2019-07-15T10:12:48.596Z - info: Site data built
2019-07-15T10:17:17.605Z - info: [6:17:17 PM] Reload for file change: C:\repos\nus-cs2103-AY1920S1\cs2103-website\book\projectDuke\extensions.mbdf
2019-07-15T10:17:18.606Z - info: Rebuilding affected source files
2019-07-15T10:17:18.611Z - info: Rebuilding 12 pages
2019-07-15T10:17:22.923Z - info: Pages rebuilt
2019-07-15T10:17:22.933Z - info: Site data built
2019-07-15T10:18:14.220Z - info: [6:18:14 PM] Reload for file change: C:\repos\nus-cs2103-AY1920S1\cs2103-website\book\projectDuke\extensions.mbdf
2019-07-15T10:18:15.220Z - info: Rebuilding affected source files
2019-07-15T10:18:15.223Z - info: Rebuilding 12 pages
2019-07-15T10:18:19.277Z - info: Pages rebuilt
2019-07-15T10:18:19.287Z - info: Site data built
2019-07-15T10:38:57.601Z - info: [6:38:57 PM] Reload for file change: C:\repos\nus-cs2103-AY1920S1\cs2103-website\admin\ip-w02.md
2019-07-15T10:38:58.605Z - info: Rebuilding affected source files
2019-07-15T10:38:58.606Z - info: Rebuilding 2 pages
2019-07-15T10:38:59.463Z - info: Pages rebuilt
2019-07-15T10:38:59.473Z - info: Site data built
2019-07-15T11:08:33.698Z - info: [7:08:33 PM] Reload for file change: C:\repos\nus-cs2103-AY1920S1\cs2103-website\admin\ip-w03.md
2019-07-15T11:08:34.700Z - info: Rebuilding affected source files
2019-07-15T11:08:34.701Z - info: Rebuilding 2 pages
2019-07-15T11:08:35.108Z - info: Pages rebuilt
2019-07-15T11:08:35.118Z - info: Site data built
2019-07-15T11:08:47.601Z - info: [7:08:47 PM] Reload for file change: C:\repos\nus-cs2103-AY1920S1\cs2103-website\admin\ip-w03.md
2019-07-15T11:08:48.603Z - info: Rebuilding affected source files
2019-07-15T11:08:48.606Z - info: Rebuilding 2 pages
2019-07-15T11:08:49.084Z - info: Pages rebuilt
2019-07-15T11:08:49.095Z - info: Site data built
2019-07-15T11:09:50.052Z - info: [7:09:50 PM] Reload for file change: C:\repos\nus-cs2103-AY1920S1\cs2103-website\admin\ip-w03.md
2019-07-15T11:09:51.054Z - info: Rebuilding affected source files
2019-07-15T11:09:51.058Z - info: Rebuilding 2 pages
2019-07-15T11:09:51.622Z - info: Pages rebuilt
2019-07-15T11:09:51.638Z - info: Site data built
2019-07-15T11:11:57.630Z - info: [7:11:57 PM] Reload for file change: C:\repos\nus-cs2103-AY1920S1\cs2103-website\book\projectDuke\text.md
2019-07-15T11:11:58.632Z - info: Rebuilding affected source files
2019-07-15T11:11:58.633Z - info: Rebuilding 9 pages
2019-07-15T11:12:01.198Z - info: Pages rebuilt
2019-07-15T11:12:01.209Z - info: Site data built
2019-07-15T11:12:22.986Z - info: [7:12:22 PM] Reload for file change: C:\repos\nus-cs2103-AY1920S1\cs2103-website\book\projectDuke\text.md
2019-07-15T11:12:23.987Z - info: Rebuilding affected source files
2019-07-15T11:12:23.990Z - info: Rebuilding 9 pages
2019-07-15T11:12:26.390Z - info: Pages rebuilt
2019-07-15T11:12:26.405Z - info: Site data built
2019-07-15T11:17:27.297Z - info: [7:17:27 PM] Reload for file change: C:\repos\nus-cs2103-AY1920S1\cs2103-website\book\projectDuke\extensions.mbdf
2019-07-15T11:17:28.298Z - info: Rebuilding affected source files
2019-07-15T11:17:28.302Z - info: Rebuilding 12 pages
2019-07-15T11:17:32.660Z - info: Pages rebuilt
2019-07-15T11:17:32.675Z - info: Site data built
2019-07-15T11:20:25.089Z - info: [7:20:25 PM] Reload for file change: C:\repos\nus-cs2103-AY1920S1\cs2103-website\book\projectDuke\extensions.mbdf
2019-07-15T11:20:26.092Z - info: Rebuilding affected source files
2019-07-15T11:20:26.096Z - info: Rebuilding 12 pages
2019-07-15T11:20:30.038Z - info: Pages rebuilt
2019-07-15T11:20:30.049Z - info: Site data built
2019-07-15T11:22:13.363Z - info: [7:22:13 PM] Reload for file change: C:\repos\nus-cs2103-AY1920S1\cs2103-website\book\projectDuke\extensions.mbdf
2019-07-15T11:22:14.366Z - info: Rebuilding affected source files
2019-07-15T11:22:14.371Z - info: Rebuilding 12 pages
2019-07-15T11:22:18.254Z - info: Pages rebuilt
2019-07-15T11:22:18.266Z - info: Site data built
2019-07-15T11:28:30.346Z - info: [7:28:30 PM] Reload for file change: C:\repos\nus-cs2103-AY1920S1\cs2103-website\admin\ip-w04.md
2019-07-15T11:28:31.349Z - info: Rebuilding affected source files
2019-07-15T11:28:31.353Z - info: Rebuilding 2 pages
2019-07-15T11:28:32.056Z - info: Pages rebuilt
2019-07-15T11:28:32.064Z - info: Site data built
2019-07-15T11:29:17.800Z - info: [7:29:17 PM] Reload for file change: C:\repos\nus-cs2103-AY1920S1\cs2103-website\admin\ip-w04.md
2019-07-15T11:29:18.801Z - info: Rebuilding affected source files
2019-07-15T11:29:18.803Z - info: Rebuilding 2 pages
2019-07-15T11:29:19.454Z - info: Pages rebuilt
2019-07-15T11:29:19.471Z - info: Site data built
2019-07-15T11:32:53.144Z - info: [7:32:53 PM] Reload for file change: C:\repos\nus-cs2103-AY1920S1\cs2103-website\book\projectDuke\extensions.mbdf
2019-07-15T11:32:54.146Z - info: Rebuilding affected source files
2019-07-15T11:32:54.152Z - info: Rebuilding 12 pages
2019-07-15T11:32:58.253Z - info: Pages rebuilt
2019-07-15T11:32:58.263Z - info: Site data built
2019-07-15T11:38:41.604Z - info: [7:38:41 PM] Reload for file change: C:\repos\nus-cs2103-AY1920S1\cs2103-website\admin\ip-w05.md
2019-07-15T11:38:42.605Z - info: Rebuilding affected source files
2019-07-15T11:38:42.608Z - info: Rebuilding 2 pages
2019-07-15T11:38:43.945Z - info: Pages rebuilt
2019-07-15T11:38:43.958Z - info: Site data built
2019-07-15T11:39:48.124Z - info: [7:39:48 PM] Reload for file change: C:\repos\nus-cs2103-AY1920S1\cs2103-website\admin\ip-w05.md
2019-07-15T11:39:49.125Z - info: Rebuilding affected source files
2019-07-15T11:39:49.126Z - info: Rebuilding 2 pages
2019-07-15T11:39:50.375Z - info: Pages rebuilt
2019-07-15T11:39:50.392Z - info: Site data built
2019-07-15T11:42:03.603Z - info: [7:42:03 PM] Reload for file change: C:\repos\nus-cs2103-AY1920S1\cs2103-website\admin\ip-w05.md
2019-07-15T11:42:04.606Z - info: Rebuilding affected source files
2019-07-15T11:42:04.607Z - info: Rebuilding 2 pages
2019-07-15T11:42:05.947Z - info: Pages rebuilt
2019-07-15T11:42:05.961Z - info: Site data built
2019-07-15T11:43:02.523Z - info: [7:43:02 PM] Reload for file change: C:\repos\nus-cs2103-AY1920S1\cs2103-website\admin\ip-w05.md
2019-07-15T11:43:03.525Z - info: Rebuilding affected source files
2019-07-15T11:43:03.527Z - info: Rebuilding 2 pages
2019-07-15T11:43:04.764Z - info: Pages rebuilt
2019-07-15T11:43:04.775Z - info: Site data built
2019-07-15T11:44:57.911Z - info: [7:44:57 PM] Reload for file change: C:\repos\nus-cs2103-AY1920S1\cs2103-website\admin\ip-w05.md
2019-07-15T11:44:58.913Z - info: Rebuilding affected source files
2019-07-15T11:44:58.916Z - info: Rebuilding 2 pages
2019-07-15T11:45:00.280Z - info: Pages rebuilt
2019-07-15T11:45:00.294Z - info: Site data built
2019-07-15T11:46:06.988Z - info: [7:46:06 PM] Reload for file change: C:\repos\nus-cs2103-AY1920S1\cs2103-website\admin\ip-w06.md
2019-07-15T11:46:07.988Z - info: Rebuilding affected source files
2019-07-15T11:46:07.989Z - info: Rebuilding 2 pages
2019-07-15T11:46:08.947Z - info: Pages rebuilt
2019-07-15T11:46:08.958Z - info: Site data built
2019-07-15T11:52:15.846Z - info: [7:52:15 PM] Reload for file change: C:\repos\nus-cs2103-AY1920S1\cs2103-website\schedule\week6\project.md
2019-07-15T11:52:16.847Z - info: Rebuilding affected source files
2019-07-15T11:52:16.849Z - info: Rebuilding 1 pages
2019-07-15T11:52:17.825Z - info: Pages rebuilt
2019-07-15T11:52:17.835Z - info: Site data built
2019-07-15T11:52:48.227Z - info: [7:52:48 PM] Reload for file change: C:\repos\nus-cs2103-AY1920S1\cs2103-website\schedule\week6\project.md
2019-07-15T11:52:49.227Z - info: Rebuilding affected source files
2019-07-15T11:52:49.227Z - info: Rebuilding 1 pages
2019-07-15T11:52:50.012Z - info: Pages rebuilt
2019-07-15T11:52:50.020Z - info: Site data built
2019-07-15T11:53:04.089Z - info: [7:53:04 PM] Reload for file change: C:\repos\nus-cs2103-AY1920S1\cs2103-website\schedule\week6\project.md
2019-07-15T11:53:05.089Z - info: Rebuilding affected source files
2019-07-15T11:53:05.091Z - info: Rebuilding 1 pages
2019-07-15T11:53:05.852Z - info: Pages rebuilt
2019-07-15T11:53:05.859Z - info: Site data built
2019-07-15T11:53:21.014Z - info: [7:53:21 PM] Reload for file change: C:\repos\nus-cs2103-AY1920S1\cs2103-website\schedule\week6\project.md
2019-07-15T11:53:22.016Z - info: Rebuilding affected source files
2019-07-15T11:53:22.017Z - info: Rebuilding 1 pages
2019-07-15T11:53:22.912Z - info: Pages rebuilt
2019-07-15T11:53:22.921Z - info: Site data built
2019-07-15T11:53:37.830Z - info: [7:53:37 PM] Reload for file change: C:\repos\nus-cs2103-AY1920S1\cs2103-website\schedule\week6\project.md
2019-07-15T11:53:38.832Z - info: Rebuilding affected source files
2019-07-15T11:53:38.834Z - info: Rebuilding 1 pages
2019-07-15T11:53:39.717Z - info: Pages rebuilt
2019-07-15T11:53:39.727Z - info: Site data built
2019-07-15T11:55:19.270Z - info: [7:55:19 PM] Reload for file change: C:\repos\nus-cs2103-AY1920S1\cs2103-website\schedule\week6\project.md
2019-07-15T11:55:20.273Z - info: Rebuilding affected source files
2019-07-15T11:55:20.274Z - info: Rebuilding 1 pages
2019-07-15T11:55:21.181Z - info: Pages rebuilt
2019-07-15T11:55:21.193Z - info: Site data built
2019-07-15T11:55:30.439Z - info: [7:55:30 PM] Reload for file change: C:\repos\nus-cs2103-AY1920S1\cs2103-website\schedule\week6\project.md
2019-07-15T11:55:31.440Z - info: Rebuilding affected source files
2019-07-15T11:55:31.442Z - info: Rebuilding 1 pages
2019-07-15T11:55:32.100Z - info: Pages rebuilt
2019-07-15T11:55:32.110Z - info: Site data built
2019-07-15T11:55:35.878Z - info: [7:55:35 PM] Reload for file change: C:\repos\nus-cs2103-AY1920S1\cs2103-website\schedule\week6\project.md
2019-07-15T11:55:36.881Z - info: Rebuilding affected source files
2019-07-15T11:55:36.882Z - info: Rebuilding 1 pages
2019-07-15T11:55:37.542Z - info: Pages rebuilt
2019-07-15T11:55:37.551Z - info: Site data built
2019-07-15T11:56:01.142Z - info: [7:56:01 PM] Reload for file change: C:\repos\nus-cs2103-AY1920S1\cs2103-website\schedule\week6\project.md
2019-07-15T11:56:02.148Z - info: Rebuilding affected source files
2019-07-15T11:56:02.150Z - info: Rebuilding 1 pages
2019-07-15T11:56:03.086Z - info: Pages rebuilt
2019-07-15T11:56:03.093Z - info: Site data built
2019-07-15T11:56:07.503Z - info: [7:56:07 PM] Reload for file change: C:\repos\nus-cs2103-AY1920S1\cs2103-website\schedule\week6\project.md
2019-07-15T11:56:08.504Z - info: Rebuilding affected source files
2019-07-15T11:56:08.507Z - info: Rebuilding 1 pages
2019-07-15T11:56:09.189Z - info: Pages rebuilt
2019-07-15T11:56:09.202Z - info: Site data built
2019-07-15T11:57:14.294Z - info: [7:57:14 PM] Reload for file change: C:\repos\nus-cs2103-AY1920S1\cs2103-website\schedule\week6\project.md
2019-07-15T11:57:15.294Z - info: Rebuilding affected source files
2019-07-15T11:57:15.295Z - info: Rebuilding 1 pages
2019-07-15T11:57:16.081Z - info: Pages rebuilt
2019-07-15T11:57:16.090Z - info: Site data built
2019-07-15T11:58:27.118Z - info: [7:58:27 PM] Reload for file change: C:\repos\nus-cs2103-AY1920S1\cs2103-website\_markbind\variables.md
2019-07-15T11:58:28.118Z - info: Rebuilding affected source files
2019-07-15T11:58:28.170Z - warn: Rebuilding all pages as variables file was changed, or the --force-reload flag was set
2019-07-15T11:58:28.324Z - info: Rebuilding 1353 pages
2019-07-15T11:59:19.488Z - info: [7:59:19 PM] Reload for file change: C:\repos\nus-cs2103-AY1920S1\cs2103-website\schedule\week5\project.md
2019-07-15T11:59:19.488Z - info: [7:59:19 PM] Reload for file change: C:\repos\nus-cs2103-AY1920S1\cs2103-website\schedule\week4\project.md
2019-07-15T11:59:19.489Z - info: [7:59:19 PM] Reload for file change: C:\repos\nus-cs2103-AY1920S1\cs2103-website\schedule\week6\project.md
2019-07-15T12:00:48.158Z - info: Pages rebuilt
2019-07-15T12:00:48.226Z - info: Site data built
2019-07-15T12:00:49.023Z - info: Rebuilding affected source files
2019-07-15T12:00:49.025Z - info: Rebuilding 3 pages
2019-07-15T12:00:51.125Z - info: Pages rebuilt
2019-07-15T12:00:51.136Z - info: Site data built
2019-07-15T12:06:24.826Z - info: Website generation started at 8:06:22 PM
2019-07-15T12:06:27.318Z - info: Building assets...
