2019-11-17T11:02:32.671Z - info: Website generation started at 7:02:26 PM
2019-11-17T11:02:36.809Z - info: Building assets...
2019-11-17T11:02:39.792Z - info: Assets built
2019-11-17T11:02:39.793Z - info: Generating pages...
2019-11-17T11:10:19.622Z - info: Website generation started at 7:10:18 PM
2019-11-17T11:10:23.238Z - info: Building assets...
2019-11-17T11:10:25.908Z - info: Assets built
2019-11-17T11:10:25.908Z - info: Generating pages...
2019-11-17T11:12:22.171Z - info: Pages built
2019-11-17T11:12:44.648Z - info: Website generation complete! Total build time: 146.438s
2019-11-17T11:12:45.011Z - info: Serving "C:\repos\nus-cs2103-AY1920S1\cs2103-website\_site" at http://127.0.0.1:8080
2019-11-17T11:12:45.011Z - info: Press CTRL+C to stop ...
2019-11-17T11:12:45.038Z - info: Site data built
2019-11-17T11:15:36.898Z - info: [7:15:36 PM] Reload for file change: C:\repos\nus-cs2103-AY1920S1\cs2103-website\admin\forumParticipation.md
2019-11-17T11:15:37.901Z - info: Rebuilding affected source files
2019-11-17T11:15:37.902Z - info: Rebuilding 1 pages
2019-11-17T11:15:38.295Z - info: Pages rebuilt
2019-11-17T11:15:38.308Z - info: Site data built
2019-11-17T11:16:31.946Z - info: [7:16:31 PM] Reload for file change: C:\repos\nus-cs2103-AY1920S1\cs2103-website\admin\forumParticipation.md
2019-11-17T11:16:32.948Z - info: Rebuilding affected source files
2019-11-17T11:16:32.949Z - info: Rebuilding 1 pages
2019-11-17T11:16:33.390Z - info: Pages rebuilt
2019-11-17T11:16:33.406Z - info: Site data built
2019-11-17T11:19:50.423Z - info: [7:19:50 PM] Reload for file change: C:\repos\nus-cs2103-AY1920S1\cs2103-website\admin\forumParticipation.md
2019-11-17T11:19:51.425Z - info: Rebuilding affected source files
2019-11-17T11:19:51.427Z - info: Rebuilding 1 pages
2019-11-17T11:19:51.874Z - info: Pages rebuilt
2019-11-17T11:19:51.885Z - info: Site data built
2019-11-17T11:21:56.473Z - info: [7:21:56 PM] Reload for file change: C:\repos\nus-cs2103-AY1920S1\cs2103-website\admin\forumParticipation.md
2019-11-17T11:21:57.474Z - info: Rebuilding affected source files
2019-11-17T11:21:57.475Z - info: Rebuilding 1 pages
2019-11-17T11:21:57.767Z - info: Pages rebuilt
2019-11-17T11:21:57.780Z - info: Site data built
2019-11-17T11:23:55.468Z - info: [7:23:55 PM] Reload for file change: C:\repos\nus-cs2103-AY1920S1\cs2103-website\admin\forumParticipation.md
2019-11-17T11:23:56.469Z - info: Rebuilding affected source files
2019-11-17T11:23:56.471Z - info: Rebuilding 1 pages
2019-11-17T11:23:57.314Z - info: Pages rebuilt
2019-11-17T11:23:57.327Z - info: Site data built
2019-11-17T11:24:27.523Z - info: [7:24:27 PM] Reload for file change: C:\repos\nus-cs2103-AY1920S1\cs2103-website\admin\forumParticipation.md
2019-11-17T11:24:28.525Z - info: Rebuilding affected source files
2019-11-17T11:24:28.526Z - info: Rebuilding 1 pages
2019-11-17T11:24:29.376Z - info: Pages rebuilt
2019-11-17T11:24:29.391Z - info: Site data built
2019-11-17T11:25:35.620Z - info: [7:25:35 PM] Reload for file change: C:\repos\nus-cs2103-AY1920S1\cs2103-website\admin\forumParticipation.md
2019-11-17T11:25:36.621Z - info: Rebuilding affected source files
2019-11-17T11:25:36.622Z - info: Rebuilding 1 pages
2019-11-17T11:25:37.374Z - info: Pages rebuilt
2019-11-17T11:25:37.386Z - info: Site data built
2019-11-17T11:29:27.558Z - info: [7:29:27 PM] Reload for file change: C:\repos\nus-cs2103-AY1920S1\cs2103-website\admin\forumParticipation.md
2019-11-17T11:29:28.559Z - info: Rebuilding affected source files
2019-11-17T11:29:28.560Z - info: Rebuilding 1 pages
2019-11-17T11:29:29.723Z - info: Pages rebuilt
2019-11-17T11:29:29.740Z - info: Site data built
2019-11-17T11:30:17.675Z - info: [7:30:17 PM] Reload for file change: C:\repos\nus-cs2103-AY1920S1\cs2103-website\admin\forumParticipation.md
2019-11-17T11:30:18.676Z - info: Rebuilding affected source files
2019-11-17T11:30:18.677Z - info: Rebuilding 1 pages
2019-11-17T11:30:19.830Z - info: Pages rebuilt
2019-11-17T11:30:19.843Z - info: Site data built
2019-11-17T11:32:03.223Z - info: [7:32:03 PM] Reload for file change: C:\repos\nus-cs2103-AY1920S1\cs2103-website\admin\forumParticipation.md
2019-11-17T11:32:04.225Z - info: Rebuilding affected source files
2019-11-17T11:32:04.226Z - info: Rebuilding 1 pages
2019-11-17T11:32:05.585Z - info: Pages rebuilt
2019-11-17T11:32:05.595Z - info: Site data built
2019-11-17T11:33:05.926Z - info: [7:33:05 PM] Reload for file change: C:\repos\nus-cs2103-AY1920S1\cs2103-website\admin\forumParticipation.md
2019-11-17T11:33:06.927Z - info: Rebuilding affected source files
2019-11-17T11:33:06.929Z - info: Rebuilding 1 pages
2019-11-17T11:33:08.037Z - info: Pages rebuilt
2019-11-17T11:33:08.048Z - info: Site data built
2019-11-17T11:40:49.047Z - info: [7:40:49 PM] Reload for file change: C:\repos\nus-cs2103-AY1920S1\cs2103-website\admin\forumParticipation.md
2019-11-17T11:40:50.047Z - info: Rebuilding affected source files
2019-11-17T11:40:50.048Z - info: Rebuilding 1 pages
2019-11-17T11:40:51.766Z - info: Pages rebuilt
2019-11-17T11:40:51.777Z - info: Site data built
2019-11-17T11:41:37.468Z - info: [7:41:37 PM] Reload for file change: C:\repos\nus-cs2103-AY1920S1\cs2103-website\admin\forumParticipation.md
2019-11-17T11:41:38.468Z - info: Rebuilding affected source files
2019-11-17T11:41:38.470Z - info: Rebuilding 1 pages
2019-11-17T11:41:39.729Z - info: Pages rebuilt
2019-11-17T11:41:39.740Z - info: Site data built
2019-11-17T11:42:47.776Z - info: [7:42:47 PM] Reload for file change: C:\repos\nus-cs2103-AY1920S1\cs2103-website\admin\forumParticipation.md
2019-11-17T11:42:48.778Z - info: Rebuilding affected source files
2019-11-17T11:42:48.781Z - info: Rebuilding 1 pages
2019-11-17T11:42:50.168Z - info: Pages rebuilt
2019-11-17T11:42:50.179Z - info: Site data built
2019-11-17T11:43:57.785Z - info: [7:43:57 PM] Reload for file change: C:\repos\nus-cs2103-AY1920S1\cs2103-website\admin\forumParticipation.md
2019-11-17T11:43:58.785Z - info: Rebuilding affected source files
2019-11-17T11:43:58.789Z - info: Rebuilding 1 pages
2019-11-17T11:44:00.095Z - info: Pages rebuilt
2019-11-17T11:44:00.106Z - info: Site data built
2019-11-17T11:49:28.247Z - info: [7:49:28 PM] Reload for file change: C:\repos\nus-cs2103-AY1920S1\cs2103-website\admin\forumParticipation.md
2019-11-17T11:49:29.249Z - info: Rebuilding affected source files
2019-11-17T11:49:29.253Z - info: Rebuilding 1 pages
2019-11-17T11:49:30.944Z - info: Pages rebuilt
2019-11-17T11:49:30.955Z - info: Site data built
