2019-08-07T14:15:35.264Z - info: Website generation started at 22:15:33
2019-08-07T14:15:38.456Z - info: Building assets...
2019-08-07T14:15:41.730Z - info: Assets built
2019-08-07T14:15:41.730Z - info: Generating pages...
2019-08-07T14:18:45.768Z - info: Pages built
2019-08-07T14:19:20.150Z - info: Website generation complete! Total build time: 226.988s
2019-08-07T14:19:20.707Z - info: Serving "C:\repos\nus-cs2103-AY1920S1\cs2103-website\_site" at http://127.0.0.1:8080
2019-08-07T14:19:20.707Z - info: Press CTRL+C to stop ...
2019-08-07T14:19:20.767Z - info: Site data built
2019-08-07T14:25:40.168Z - info: [22:25:40] Reload for file change: C:\repos\nus-cs2103-AY1920S1\cs2103-website\book\gatheringRequirements\prototyping\text.md
2019-08-07T14:25:41.179Z - info: Rebuilding affected source files
2019-08-07T14:25:41.179Z - info: Rebuilding 9 pages
2019-08-07T14:25:59.508Z - info: Pages rebuilt
2019-08-07T14:25:59.560Z - info: Site data built
2019-08-07T14:28:08.077Z - info: [22:28:08] Reload for file change: C:\repos\nus-cs2103-AY1920S1\cs2103-website\book\gatheringRequirements\prototyping\text.md
2019-08-07T14:28:09.081Z - info: Rebuilding affected source files
2019-08-07T14:28:09.081Z - info: Rebuilding 9 pages
2019-08-07T14:28:26.848Z - info: Pages rebuilt
2019-08-07T14:28:26.880Z - info: Site data built
2019-08-07T14:29:02.443Z - info: [22:29:02] Reload for file change: C:\repos\nus-cs2103-AY1920S1\cs2103-website\book\gatheringRequirements\prototyping\text.md
2019-08-07T14:29:03.449Z - info: Rebuilding affected source files
2019-08-07T14:29:03.449Z - info: Rebuilding 9 pages
2019-08-07T14:29:22.594Z - info: Pages rebuilt
2019-08-07T14:29:22.722Z - info: Site data built
2019-08-07T14:29:36.421Z - info: [22:29:36] Reload for file change: C:\repos\nus-cs2103-AY1920S1\cs2103-website\book\gatheringRequirements\prototyping\text.md
2019-08-07T14:29:37.429Z - info: Rebuilding affected source files
2019-08-07T14:29:37.433Z - info: Rebuilding 9 pages
2019-08-07T14:29:55.856Z - info: Pages rebuilt
2019-08-07T14:29:55.905Z - info: Site data built
2019-08-07T14:30:11.811Z - info: [22:30:11] Reload for file change: C:\repos\nus-cs2103-AY1920S1\cs2103-website\book\gatheringRequirements\prototyping\text.md
2019-08-07T14:30:12.816Z - info: Rebuilding affected source files
2019-08-07T14:30:12.820Z - info: Rebuilding 9 pages
2019-08-07T14:30:27.658Z - info: [22:30:27] Reload for file change: C:\repos\nus-cs2103-AY1920S1\cs2103-website\book\gatheringRequirements\prototyping\text.md
2019-08-07T14:30:32.970Z - info: Pages rebuilt
2019-08-07T14:30:33.026Z - info: Site data built
2019-08-07T14:30:33.287Z - info: Rebuilding affected source files
2019-08-07T14:30:33.291Z - info: Rebuilding 9 pages
2019-08-07T14:30:55.514Z - info: Pages rebuilt
2019-08-07T14:30:55.674Z - info: Site data built
2019-08-07T14:31:28.203Z - info: [22:31:28] Reload for file change: C:\repos\nus-cs2103-AY1920S1\cs2103-website\book\gatheringRequirements\prototyping\text.md
2019-08-07T14:31:29.203Z - info: Rebuilding affected source files
2019-08-07T14:31:29.215Z - info: Rebuilding 9 pages
2019-08-07T14:31:51.990Z - info: Pages rebuilt
2019-08-07T14:31:52.046Z - info: Site data built
2019-08-07T14:32:05.124Z - info: [22:32:05] Reload for file change: C:\repos\nus-cs2103-AY1920S1\cs2103-website\book\gatheringRequirements\prototyping\text.md
2019-08-07T14:32:06.134Z - info: Rebuilding affected source files
2019-08-07T14:32:06.138Z - info: Rebuilding 9 pages
2019-08-07T14:32:24.181Z - info: Pages rebuilt
2019-08-07T14:32:24.209Z - info: Site data built
2019-08-07T14:32:35.837Z - info: [22:32:35] Reload for file change: C:\repos\nus-cs2103-AY1920S1\cs2103-website\book\gatheringRequirements\prototyping\text.md
2019-08-07T14:32:36.852Z - info: Rebuilding affected source files
2019-08-07T14:32:36.856Z - info: Rebuilding 9 pages
2019-08-07T14:32:57.250Z - info: Pages rebuilt
2019-08-07T14:32:57.297Z - info: Site data built
2019-08-07T14:33:03.217Z - info: [22:33:03] Reload for file change: C:\repos\nus-cs2103-AY1920S1\cs2103-website\book\gatheringRequirements\prototyping\text.md
2019-08-07T14:33:04.225Z - info: Rebuilding affected source files
2019-08-07T14:33:04.225Z - info: Rebuilding 9 pages
2019-08-07T14:33:24.935Z - info: Pages rebuilt
2019-08-07T14:33:24.955Z - info: Site data built
2019-08-07T14:33:33.715Z - info: [22:33:33] Reload for file change: C:\repos\nus-cs2103-AY1920S1\cs2103-website\book\gatheringRequirements\prototyping\text.md
2019-08-07T14:33:34.723Z - info: Rebuilding affected source files
2019-08-07T14:33:34.723Z - info: Rebuilding 9 pages
2019-08-07T14:33:53.199Z - info: Pages rebuilt
2019-08-07T14:33:53.363Z - info: Site data built
2019-08-07T14:34:16.409Z - info: [22:34:16] Reload for file change: C:\repos\nus-cs2103-AY1920S1\cs2103-website\book\gatheringRequirements\prototyping\text.md
2019-08-07T14:34:17.413Z - info: Rebuilding affected source files
2019-08-07T14:34:17.413Z - info: Rebuilding 9 pages
2019-08-07T14:34:35.973Z - info: Pages rebuilt
2019-08-07T14:34:36.121Z - info: Site data built
2019-08-07T14:36:15.096Z - info: [22:36:15] Reload for file change: C:\repos\nus-cs2103-AY1920S1\cs2103-website\book\gatheringRequirements\prototyping\text.md
2019-08-07T14:36:16.104Z - info: Rebuilding affected source files
2019-08-07T14:36:16.108Z - info: Rebuilding 9 pages
2019-08-07T14:36:34.808Z - info: Pages rebuilt
2019-08-07T14:36:34.840Z - info: Site data built
2019-08-07T14:38:13.366Z - info: [22:38:13] Reload for file change: C:\repos\nus-cs2103-AY1920S1\cs2103-website\book\specifyingRequirements\featureList\what\text.md
2019-08-07T14:38:14.374Z - info: Rebuilding affected source files
2019-08-07T14:38:14.382Z - info: Rebuilding 9 pages
2019-08-07T14:38:34.959Z - info: Pages rebuilt
2019-08-07T14:38:34.983Z - info: Site data built
2019-08-07T14:39:37.624Z - info: [22:39:37] Reload for file change: C:\repos\nus-cs2103-AY1920S1\cs2103-website\book\specifyingRequirements\featureList\what\text.md
2019-08-07T14:39:38.632Z - info: Rebuilding affected source files
2019-08-07T14:39:38.632Z - info: Rebuilding 9 pages
2019-08-07T14:40:01.946Z - info: Pages rebuilt
2019-08-07T14:40:01.982Z - info: Site data built
2019-08-07T14:40:14.901Z - info: [22:40:14] Reload for file change: C:\repos\nus-cs2103-AY1920S1\cs2103-website\book\specifyingRequirements\featureList\what\text.md
2019-08-07T14:40:15.906Z - info: Rebuilding affected source files
2019-08-07T14:40:15.906Z - info: Rebuilding 9 pages
2019-08-07T14:40:37.264Z - info: Pages rebuilt
2019-08-07T14:40:37.304Z - info: Site data built
2019-08-07T14:50:51.655Z - info: [22:50:51] Reload for file change: C:\repos\nus-cs2103-AY1920S1\cs2103-website\book\codeQuality\maximiseReadability\basic\avoidMagicNumbers\text.md
2019-08-07T14:50:52.659Z - info: Rebuilding affected source files
2019-08-07T14:50:52.659Z - info: Rebuilding 10 pages
2019-08-07T14:51:17.953Z - info: Pages rebuilt
2019-08-07T14:51:18.223Z - info: Site data built
2019-08-07T14:52:59.349Z - info: [22:52:59] Reload for file change: C:\repos\nus-cs2103-AY1920S1\cs2103-website\book\codeQuality\maximiseReadability\basic\avoidMagicNumbers\text.md
2019-08-07T14:53:00.357Z - info: Rebuilding affected source files
2019-08-07T14:53:00.357Z - info: Rebuilding 10 pages
2019-08-07T14:53:23.895Z - info: Pages rebuilt
2019-08-07T14:53:23.939Z - info: Site data built
2019-08-07T14:53:55.403Z - info: [22:53:55] Reload for file change: C:\repos\nus-cs2103-AY1920S1\cs2103-website\book\codeQuality\maximiseReadability\intermediate\slapHard\text.md
2019-08-07T14:53:56.411Z - info: Rebuilding affected source files
2019-08-07T14:53:56.419Z - info: Rebuilding 10 pages
2019-08-07T14:54:19.821Z - info: Pages rebuilt
2019-08-07T14:54:19.857Z - info: Site data built
2019-08-07T14:54:55.654Z - info: [22:54:55] Reload for file change: C:\repos\nus-cs2103-AY1920S1\cs2103-website\book\codeQuality\maximiseReadability\intermediate\slapHard\text.md
2019-08-07T14:54:56.659Z - info: Rebuilding affected source files
2019-08-07T14:54:56.663Z - info: Rebuilding 10 pages
2019-08-07T14:55:19.593Z - info: Pages rebuilt
2019-08-07T14:55:19.629Z - info: Site data built
2019-08-07T15:00:22.541Z - info: [23:00:22] Reload for file change: C:\repos\nus-cs2103-AY1920S1\cs2103-website\book\codeQuality\nameWell\intermediate\avoidMisleadingNames\text.md
2019-08-07T15:00:23.547Z - info: Rebuilding affected source files
2019-08-07T15:00:23.551Z - info: Rebuilding 10 pages
2019-08-07T15:00:46.532Z - info: Pages rebuilt
2019-08-07T15:00:46.692Z - info: Site data built
2019-08-07T15:03:46.731Z - info: [23:03:46] Reload for file change: C:\repos\nus-cs2103-AY1920S1\cs2103-website\book\codeQuality\avoidShortcuts\intermediate\minimiseVariableScope\index.md
2019-08-07T15:03:46.739Z - info: [23:03:46] Reload for file change: C:\repos\nus-cs2103-AY1920S1\cs2103-website\book\codeQuality\avoidShortcuts\intermediate\minimiseCodeDuplication\index.md
2019-08-07T15:03:46.743Z - info: [23:03:46] Reload for file change: C:\repos\nus-cs2103-AY1920S1\cs2103-website\book\codeQuality\avoidShortcuts\intermediate\minimiseVariableScope\text.md
2019-08-07T15:03:46.747Z - info: [23:03:46] Reload for file change: C:\repos\nus-cs2103-AY1920S1\cs2103-website\book\codeQuality\avoidShortcuts\intermediate\minimiseCodeDuplication\text.md
2019-08-07T15:03:46.759Z - info: [23:03:46] Reload for file change: C:\repos\nus-cs2103-AY1920S1\cs2103-website\se-book-adapted\config.njk
2019-08-07T15:03:47.738Z - info: Rebuilding affected source files
2019-08-07T15:03:47.742Z - info: Rebuilding 11 pages
2019-08-07T15:04:00.837Z - info: Assets built
2019-08-07T15:04:17.185Z - info: Pages rebuilt
2019-08-07T15:04:17.221Z - info: Site data built
2019-08-07T15:07:16.241Z - info: [23:07:16] Reload for file change: C:\repos\nus-cs2103-AY1920S1\cs2103-website\book\codeQuality\commentMinimally\basic\writeToReader\text.md
2019-08-07T15:07:17.246Z - info: Rebuilding affected source files
2019-08-07T15:07:17.254Z - info: Rebuilding 10 pages
2019-08-07T15:07:50.403Z - info: Pages rebuilt
2019-08-07T15:07:50.427Z - info: Site data built
2019-08-07T15:09:39.113Z - info: [23:09:39] Reload for file change: C:\repos\nus-cs2103-AY1920S1\cs2103-website\book\refactoring\how\text.md
2019-08-07T15:09:40.116Z - info: Rebuilding affected source files
2019-08-07T15:09:40.120Z - info: Rebuilding 9 pages
2019-08-07T15:10:02.915Z - info: [23:10:02] Reload for file change: C:\repos\nus-cs2103-AY1920S1\cs2103-website\book\refactoring\how\text.md
2019-08-07T15:10:03.391Z - info: [23:10:03] Reload for file change: C:\repos\nus-cs2103-AY1920S1\cs2103-website\book\refactoring\how\text.md
2019-08-07T15:10:09.909Z - info: Pages rebuilt
2019-08-07T15:10:10.034Z - info: Site data built
2019-08-07T15:10:10.214Z - info: Rebuilding affected source files
2019-08-07T15:10:10.218Z - info: Rebuilding 9 pages
2019-08-07T15:10:42.039Z - info: Pages rebuilt
2019-08-07T15:10:42.111Z - info: Site data built
2019-08-07T15:13:17.302Z - info: [23:13:17] Reload for file change: C:\repos\nus-cs2103-AY1920S1\cs2103-website\book\integration\buildAutomation\what\text.md
2019-08-07T15:13:18.308Z - info: Rebuilding affected source files
2019-08-07T15:13:18.312Z - info: Rebuilding 9 pages
2019-08-07T15:13:41.285Z - info: Pages rebuilt
2019-08-07T15:13:41.423Z - info: Site data built
2019-08-07T15:15:06.579Z - info: [23:15:06] Reload for file change: C:\repos\nus-cs2103-AY1920S1\cs2103-website\book\integration\buildAutomation\continuousIntegrationDeployment\text.md
2019-08-07T15:15:07.585Z - info: Rebuilding affected source files
2019-08-07T15:15:07.589Z - info: Rebuilding 9 pages
2019-08-07T15:15:30.818Z - info: Pages rebuilt
2019-08-07T15:15:30.942Z - info: Site data built
2019-08-07T15:19:33.657Z - info: Website generation started at 23:19:31
2019-08-07T15:19:36.084Z - info: Building assets...
