2019-09-02T15:36:04.202Z - info: Website generation started at 23:35:58
2019-09-02T15:36:06.598Z - info: Building assets...
2019-09-02T15:36:09.108Z - info: Assets built
2019-09-02T15:36:09.109Z - info: Generating pages...
2019-09-02T15:38:20.783Z - info: Pages built
2019-09-02T15:38:49.235Z - info: Website generation complete! Total build time: 170.662s
2019-09-02T15:38:49.689Z - info: Serving "C:\repos\nus-cs2103-AY1920S1\cs2103-website\_site" at http://127.0.0.1:8080
2019-09-02T15:38:49.689Z - info: Press CTRL+C to stop ...
2019-09-02T15:38:49.715Z - info: Site data built
2019-09-02T15:39:03.416Z - info: [23:39:03] Reload for file change: C:\repos\nus-cs2103-AY1920S1\cs2103-website\schedule\week4\tutorial-cs2103.md
2019-09-02T15:39:04.420Z - info: Rebuilding affected source files
2019-09-02T15:39:04.421Z - info: Rebuilding 1 pages
2019-09-02T15:39:04.571Z - info: Pages rebuilt
2019-09-02T15:39:04.585Z - info: Site data built
2019-09-02T15:39:04.652Z - info: [23:39:04] Reload for file change: C:\repos\nus-cs2103-AY1920S1\cs2103-website\schedule\week4\tutorial-cs2103.md
2019-09-02T15:39:05.657Z - info: Rebuilding affected source files
2019-09-02T15:39:05.657Z - info: Rebuilding 1 pages
2019-09-02T15:39:05.829Z - info: Pages rebuilt
2019-09-02T15:39:05.829Z - info: Site data built
2019-09-02T15:39:52.638Z - info: [23:39:52] Reload for file change: C:\repos\nus-cs2103-AY1920S1\cs2103-website\schedule\week4\tutorial-cs2103.md
2019-09-02T15:39:53.640Z - info: Rebuilding affected source files
2019-09-02T15:39:53.648Z - info: Rebuilding 1 pages
2019-09-02T15:39:53.870Z - info: Pages rebuilt
2019-09-02T15:39:53.885Z - info: Site data built
2019-09-02T15:40:30.639Z - info: [23:40:30] Reload for file change: C:\repos\nus-cs2103-AY1920S1\cs2103-website\book\combined\exercises\interpretClassAndObjectDiagramAllNotations.md
2019-09-02T15:40:31.644Z - info: Rebuilding affected source files
2019-09-02T15:40:31.649Z - info: Rebuilding 1 pages
2019-09-02T15:40:32.031Z - info: Pages rebuilt
2019-09-02T15:40:32.040Z - info: Site data built
2019-09-02T15:41:16.508Z - info: [23:41:16] Reload for file change: C:\repos\nus-cs2103-AY1920S1\cs2103-website\book\combined\exercises\interpretClassAndObjectDiagramAllNotations.md
2019-09-02T15:41:17.517Z - info: Rebuilding affected source files
2019-09-02T15:41:17.525Z - info: Rebuilding 1 pages
2019-09-02T15:41:17.837Z - info: Pages rebuilt
2019-09-02T15:41:17.845Z - info: Site data built
2019-09-02T15:41:31.766Z - info: [23:41:31] Reload for file change: C:\repos\nus-cs2103-AY1920S1\cs2103-website\book\combined\exercises\interpretClassAndObjectDiagramAllNotations.md
2019-09-02T15:41:32.767Z - info: Rebuilding affected source files
2019-09-02T15:41:32.767Z - info: Rebuilding 1 pages
2019-09-02T15:41:32.950Z - info: Pages rebuilt
2019-09-02T15:41:32.950Z - info: Site data built
2019-09-02T15:42:25.190Z - info: [23:42:25] Reload for file change: C:\repos\nus-cs2103-AY1920S1\cs2103-website\book\combined\exercises\interpretClassAndObjectDiagramAllNotations.md
2019-09-02T15:42:26.196Z - info: Rebuilding affected source files
2019-09-02T15:42:26.196Z - info: Rebuilding 1 pages
2019-09-02T15:42:26.512Z - info: Pages rebuilt
2019-09-02T15:42:26.532Z - info: Site data built
2019-09-02T15:42:39.519Z - info: [23:42:39] Reload for file change: C:\repos\nus-cs2103-AY1920S1\cs2103-website\book\combined\exercises\interpretClassAndObjectDiagramAllNotations.md
2019-09-02T15:42:40.523Z - info: Rebuilding affected source files
2019-09-02T15:42:40.527Z - info: Rebuilding 1 pages
2019-09-02T15:42:40.804Z - info: Pages rebuilt
2019-09-02T15:42:40.812Z - info: Site data built
2019-09-02T15:42:58.570Z - info: [23:42:58] Reload for file change: C:\repos\nus-cs2103-AY1920S1\cs2103-website\book\combined\exercises\interpretClassAndObjectDiagramAllNotations.md
2019-09-02T15:42:59.574Z - info: Rebuilding affected source files
2019-09-02T15:42:59.574Z - info: Rebuilding 1 pages
2019-09-02T15:42:59.770Z - info: Pages rebuilt
2019-09-02T15:42:59.778Z - info: Site data built
2019-09-02T15:43:52.957Z - info: [23:43:52] Reload for file deletion: C:\repos\nus-cs2103-AY1920S1\cs2103-website\book\diagrams\combined\~$ClassAndObjectDiagramAllNotations.pptx
2019-09-02T15:43:53.960Z - info: Assets removed
2019-09-02T15:46:40.970Z - info: Website generation started at 23:46:35
2019-09-02T15:46:44.126Z - info: Building assets...
2019-09-02T15:46:47.593Z - info: Assets built
2019-09-02T15:46:47.593Z - info: Generating pages...
2019-09-02T15:49:21.964Z - info: Pages built
2019-09-02T15:49:55.410Z - info: Website generation complete! Total build time: 200.297s
2019-09-02T15:49:55.418Z - info: Build success!
2019-09-02T15:49:55.439Z - info: Site data built
2019-09-02T15:50:50.848Z - info: Deployed!
