2019-09-03T05:29:43.844Z - info: Website generation started at 1:29:41 PM
2019-09-03T05:29:46.769Z - info: Building assets...
2019-09-03T05:29:48.696Z - info: Assets built
2019-09-03T05:29:48.696Z - info: Generating pages...
2019-09-03T05:31:32.044Z - info: Pages built
2019-09-03T05:31:53.187Z - info: Website generation complete! Total build time: 131.646s
2019-09-03T05:31:53.188Z - info: Build success!
2019-09-03T05:31:53.197Z - info: Site data built
2019-09-03T05:32:50.513Z - info: Deployed!
2019-09-03T05:52:35.331Z - info: Website generation started at 1:52:33 PM
2019-09-03T05:52:37.664Z - info: Building assets...
2019-09-03T05:52:39.409Z - info: Assets built
2019-09-03T05:52:39.409Z - info: Generating pages...
2019-09-03T05:54:14.503Z - info: Pages built
2019-09-03T05:54:34.426Z - info: Website generation complete! Total build time: 121.124s
2019-09-03T05:54:34.770Z - info: Serving "C:\repos\nus-cs2103-AY1920S1\cs2103-website\_site" at http://127.0.0.1:8080
2019-09-03T05:54:34.770Z - info: Press CTRL+C to stop ...
2019-09-03T05:54:34.795Z - info: Site data built
2019-09-03T05:54:35.157Z - info: [1:54:35 PM] Reload for file change: C:\repos\nus-cs2103-AY1920S1\cs2103-website\admin\project-w05-v10.md
2019-09-03T05:54:36.167Z - info: Rebuilding affected source files
2019-09-03T05:54:36.169Z - info: Rebuilding 4 pages
2019-09-03T05:54:46.447Z - info: Pages rebuilt
2019-09-03T05:54:46.507Z - info: Site data built
2019-09-03T05:56:33.420Z - info: [1:56:33 PM] Reload for file change: C:\repos\nus-cs2103-AY1920S1\cs2103-website\admin\ip-w05.md
2019-09-03T05:56:34.420Z - info: Rebuilding affected source files
2019-09-03T05:56:34.422Z - info: Rebuilding 4 pages
2019-09-03T05:56:37.904Z - info: Pages rebuilt
2019-09-03T05:56:37.913Z - info: Site data built
2019-09-03T05:59:17.202Z - info: [1:59:17 PM] Reload for file change: C:\repos\nus-cs2103-AY1920S1\cs2103-website\admin\ip-w05.md
2019-09-03T05:59:18.202Z - info: Rebuilding affected source files
2019-09-03T05:59:18.203Z - info: Rebuilding 4 pages
2019-09-03T05:59:21.826Z - info: Pages rebuilt
2019-09-03T05:59:21.839Z - info: Site data built
2019-09-03T06:00:16.035Z - info: [2:00:16 PM] Reload for file change: C:\repos\nus-cs2103-AY1920S1\cs2103-website\admin\ip-w05.md
2019-09-03T06:00:17.037Z - info: Rebuilding affected source files
2019-09-03T06:00:17.038Z - info: Rebuilding 4 pages
2019-09-03T06:00:20.514Z - info: Pages rebuilt
2019-09-03T06:00:20.530Z - info: Site data built
2019-09-03T06:00:46.539Z - info: [2:00:46 PM] Reload for file change: C:\repos\nus-cs2103-AY1920S1\cs2103-website\admin\ip-w05.md
2019-09-03T06:00:47.541Z - info: Rebuilding affected source files
2019-09-03T06:00:47.543Z - info: Rebuilding 4 pages
2019-09-03T06:00:50.891Z - info: Pages rebuilt
2019-09-03T06:00:50.907Z - info: Site data built
2019-09-03T06:01:05.324Z - info: [2:01:05 PM] Reload for file change: C:\repos\nus-cs2103-AY1920S1\cs2103-website\admin\ip-w05.md
2019-09-03T06:01:06.325Z - info: Rebuilding affected source files
2019-09-03T06:01:06.326Z - info: Rebuilding 4 pages
2019-09-03T06:01:09.661Z - info: Pages rebuilt
2019-09-03T06:01:09.678Z - info: Site data built
2019-09-03T06:02:16.622Z - info: [2:02:16 PM] Reload for file change: C:\repos\nus-cs2103-AY1920S1\cs2103-website\admin\ip-w05.md
2019-09-03T06:02:17.624Z - info: Rebuilding affected source files
2019-09-03T06:02:17.625Z - info: Rebuilding 4 pages
2019-09-03T06:02:21.046Z - info: Pages rebuilt
2019-09-03T06:02:21.057Z - info: Site data built
2019-09-03T06:04:37.538Z - info: [2:04:37 PM] Reload for file change: C:\repos\nus-cs2103-AY1920S1\cs2103-website\admin\ip-w05.md
2019-09-03T06:04:38.540Z - info: Rebuilding affected source files
2019-09-03T06:04:38.542Z - info: Rebuilding 4 pages
2019-09-03T06:04:41.914Z - info: Pages rebuilt
2019-09-03T06:04:41.924Z - info: Site data built
2019-09-03T06:07:50.325Z - info: [2:07:50 PM] Reload for file change: C:\repos\nus-cs2103-AY1920S1\cs2103-website\admin\ip-w05.md
2019-09-03T06:07:51.327Z - info: Rebuilding affected source files
2019-09-03T06:07:51.328Z - info: Rebuilding 4 pages
2019-09-03T06:07:54.795Z - info: Pages rebuilt
2019-09-03T06:07:54.804Z - info: Site data built
2019-09-03T06:08:38.147Z - info: [2:08:38 PM] Reload for file change: C:\repos\nus-cs2103-AY1920S1\cs2103-website\admin\ip-w05.md
2019-09-03T06:08:39.149Z - info: Rebuilding affected source files
2019-09-03T06:08:39.150Z - info: Rebuilding 4 pages
2019-09-03T06:08:42.791Z - info: Pages rebuilt
2019-09-03T06:08:42.800Z - info: Site data built
2019-09-03T06:11:48.982Z - info: [2:11:48 PM] Reload for file change: C:\repos\nus-cs2103-AY1920S1\cs2103-website\admin\project-w05-v10.md
2019-09-03T06:11:49.987Z - info: Rebuilding affected source files
2019-09-03T06:11:49.989Z - info: Rebuilding 4 pages
2019-09-03T06:11:53.372Z - info: Pages rebuilt
2019-09-03T06:11:53.386Z - info: Site data built
2019-09-03T06:12:24.230Z - info: [2:12:24 PM] Reload for file change: C:\repos\nus-cs2103-AY1920S1\cs2103-website\admin\project-w05-v10.md
2019-09-03T06:12:25.231Z - info: Rebuilding affected source files
2019-09-03T06:12:25.232Z - info: Rebuilding 4 pages
2019-09-03T06:12:28.733Z - info: Pages rebuilt
2019-09-03T06:12:28.742Z - info: Site data built
2019-09-03T08:59:05.374Z - info: [4:59:05 PM] Reload for file change: C:\repos\nus-cs2103-AY1920S1\cs2103-website\admin\tutorials.md
2019-09-03T08:59:06.375Z - info: Rebuilding affected source files
2019-09-03T08:59:06.377Z - info: Rebuilding 7 pages
2019-09-03T08:59:09.241Z - info: Pages rebuilt
2019-09-03T08:59:09.261Z - info: Site data built
2019-09-03T08:59:50.935Z - info: [4:59:50 PM] Reload for file change: C:\repos\nus-cs2103-AY1920S1\cs2103-website\admin\tutorials.md
2019-09-03T08:59:51.937Z - info: Rebuilding affected source files
2019-09-03T08:59:51.938Z - info: Rebuilding 7 pages
2019-09-03T08:59:54.718Z - info: Pages rebuilt
2019-09-03T08:59:54.732Z - info: Site data built
2019-09-03T09:00:39.953Z - info: [5:00:39 PM] Reload for file change: C:\repos\nus-cs2103-AY1920S1\cs2103-website\admin\tutorials.md
2019-09-03T09:00:40.954Z - info: Rebuilding affected source files
2019-09-03T09:00:40.956Z - info: Rebuilding 7 pages
2019-09-03T09:00:43.786Z - info: Pages rebuilt
2019-09-03T09:00:43.796Z - info: Site data built
2019-09-03T09:01:23.125Z - info: [5:01:23 PM] Reload for file change: C:\repos\nus-cs2103-AY1920S1\cs2103-website\admin\tutorials.md
2019-09-03T09:01:24.130Z - info: Rebuilding affected source files
2019-09-03T09:01:24.132Z - info: Rebuilding 6 pages
2019-09-03T09:01:26.715Z - info: Pages rebuilt
2019-09-03T09:01:26.729Z - info: Site data built
2019-09-03T09:02:36.580Z - info: [5:02:36 PM] Reload for file change: C:\repos\nus-cs2103-AY1920S1\cs2103-website\admin\tutorials.md
2019-09-03T09:02:37.582Z - info: Rebuilding affected source files
2019-09-03T09:02:37.584Z - info: Rebuilding 6 pages
2019-09-03T09:02:40.379Z - info: Pages rebuilt
2019-09-03T09:02:40.390Z - info: Site data built
2019-09-03T09:03:29.277Z - info: [5:03:29 PM] Reload for file change: C:\repos\nus-cs2103-AY1920S1\cs2103-website\admin\tutorials.md
2019-09-03T09:03:30.279Z - info: Rebuilding affected source files
2019-09-03T09:03:30.281Z - info: Rebuilding 6 pages
2019-09-03T09:03:33.047Z - info: Pages rebuilt
2019-09-03T09:03:33.058Z - info: Site data built
2019-09-03T09:04:08.794Z - info: [5:04:08 PM] Reload for file change: C:\repos\nus-cs2103-AY1920S1\cs2103-website\admin\tutorials.md
2019-09-03T09:04:09.796Z - info: Rebuilding affected source files
2019-09-03T09:04:09.798Z - info: Rebuilding 6 pages
2019-09-03T09:04:12.530Z - info: Pages rebuilt
2019-09-03T09:04:12.541Z - info: Site data built
2019-09-03T09:04:50.829Z - info: [5:04:50 PM] Reload for file change: C:\repos\nus-cs2103-AY1920S1\cs2103-website\admin\tutorials.md
2019-09-03T09:04:51.830Z - info: Rebuilding affected source files
2019-09-03T09:04:51.832Z - info: Rebuilding 6 pages
2019-09-03T09:04:54.472Z - info: Pages rebuilt
2019-09-03T09:04:54.483Z - info: Site data built
2019-09-03T09:06:03.957Z - info: [5:06:03 PM] Reload for file change: C:\repos\nus-cs2103-AY1920S1\cs2103-website\admin\tutorials.md
2019-09-03T09:06:04.959Z - info: Rebuilding affected source files
2019-09-03T09:06:04.960Z - info: Rebuilding 6 pages
2019-09-03T09:06:09.119Z - info: Pages rebuilt
2019-09-03T09:06:09.163Z - info: Site data built
2019-09-03T09:09:42.561Z - info: Website generation started at 5:09:40 PM
2019-09-03T09:09:45.053Z - info: Building assets...
2019-09-03T09:09:46.808Z - info: Assets built
2019-09-03T09:09:46.809Z - info: Generating pages...
2019-09-03T09:11:25.864Z - info: Pages built
2019-09-03T09:11:45.974Z - info: Website generation complete! Total build time: 125.51s
2019-09-03T09:11:45.974Z - info: Build success!
2019-09-03T09:11:46.000Z - info: Site data built
2019-09-03T09:12:31.940Z - info: Deployed!
