2019-10-27T05:36:19.538Z - info: Website generation started at 1:36:13 PM
2019-10-27T05:36:23.209Z - info: Building assets...
2019-10-27T05:36:25.897Z - info: Assets built
2019-10-27T05:36:25.897Z - info: Generating pages...
2019-10-27T05:38:13.770Z - info: Pages built
2019-10-27T05:38:35.187Z - info: Website generation complete! Total build time: 141.701s
2019-10-27T05:38:35.529Z - info: Serving "C:\repos\nus-cs2103-AY1920S1\cs2103-website\_site" at http://127.0.0.1:8080
2019-10-27T05:38:35.529Z - info: Press CTRL+C to stop ...
2019-10-27T05:38:35.572Z - info: Site data built
2019-10-27T05:39:51.682Z - info: [1:39:51 PM] Reload for file change: C:\repos\nus-cs2103-AY1920S1\cs2103-website\schedule\week11\tutorial-cs2103.md
2019-10-27T05:39:51.688Z - info: [1:39:51 PM] Reload for file change: C:\repos\nus-cs2103-AY1920S1\cs2103-website\book\testCaseDesign\summary\exercises\q-essay-dayParameter.md
2019-10-27T05:39:52.694Z - info: Rebuilding affected source files
2019-10-27T05:39:52.697Z - info: Rebuilding 1 pages
2019-10-27T05:39:52.931Z - info: Pages rebuilt
2019-10-27T05:39:52.941Z - info: Site data built
2019-10-27T05:40:09.911Z - info: [1:40:09 PM] Reload for file change: C:\repos\nus-cs2103-AY1920S1\cs2103-website\schedule\week11\tutorial-cs2103.md
2019-10-27T05:40:10.918Z - info: Rebuilding affected source files
2019-10-27T05:40:10.922Z - info: Rebuilding 1 pages
2019-10-27T05:40:11.109Z - info: Pages rebuilt
2019-10-27T05:40:11.119Z - info: Site data built
2019-10-27T05:40:56.272Z - info: [1:40:56 PM] Reload for file change: C:\repos\nus-cs2103-AY1920S1\cs2103-website\book\testCaseDesign\combiningTestInputs\mix\q-testCasesForConsumeMethod.md
2019-10-27T05:40:57.273Z - info: Rebuilding affected source files
2019-10-27T05:40:57.277Z - info: Rebuilding 6 pages
2019-10-27T05:41:00.818Z - info: Pages rebuilt
2019-10-27T05:41:00.831Z - info: Site data built
2019-10-27T05:41:34.467Z - info: [1:41:34 PM] Reload for file change: C:\repos\nus-cs2103-AY1920S1\cs2103-website\book\testCaseDesign\combiningTestInputs\mix\q-testCasesForConsumeMethod.md
2019-10-27T05:41:34.471Z - info: [1:41:34 PM] Reload for file change: C:\repos\nus-cs2103-AY1920S1\cs2103-website\book\testCaseDesign\summary\exercises\q-essay-dayParameter.md
2019-10-27T05:41:35.470Z - info: Rebuilding affected source files
2019-10-27T05:41:35.472Z - info: Rebuilding 6 pages
2019-10-27T05:41:38.759Z - info: Pages rebuilt
2019-10-27T05:41:38.776Z - info: Site data built
2019-10-27T05:42:08.224Z - info: [1:42:08 PM] Reload for file change: C:\repos\nus-cs2103-AY1920S1\cs2103-website\book\testCaseDesign\summary\exercises\q-essay-dayParameter.md
2019-10-27T05:42:09.233Z - info: Rebuilding affected source files
2019-10-27T05:42:09.235Z - info: Rebuilding 3 pages
2019-10-27T05:42:10.769Z - info: Pages rebuilt
2019-10-27T05:42:10.807Z - info: Site data built
2019-10-27T06:17:12.500Z - info: [2:17:12 PM] Reload for file change: C:\repos\nus-cs2103-AY1920S1\cs2103-website\admin\project-deliverables.md
2019-10-27T06:17:13.503Z - info: Rebuilding affected source files
2019-10-27T06:17:13.532Z - info: Rebuilding 26 pages
2019-10-27T06:17:24.283Z - info: Pages rebuilt
2019-10-27T06:17:24.311Z - info: Site data built
2019-10-27T06:20:13.216Z - info: [2:20:13 PM] Reload for file change: C:\repos\nus-cs2103-AY1920S1\cs2103-website\admin\project-testing.mbdf
2019-10-27T06:20:14.218Z - info: Rebuilding affected source files
2019-10-27T06:20:14.221Z - info: Rebuilding 6 pages
2019-10-27T06:20:17.470Z - info: Pages rebuilt
2019-10-27T06:20:17.494Z - info: Site data built
2019-10-27T06:20:35.699Z - info: [2:20:35 PM] Reload for file change: C:\repos\nus-cs2103-AY1920S1\cs2103-website\admin\project-testing.mbdf
2019-10-27T06:20:36.700Z - info: Rebuilding affected source files
2019-10-27T06:20:36.704Z - info: Rebuilding 5 pages
2019-10-27T06:20:39.395Z - info: Pages rebuilt
2019-10-27T06:20:39.420Z - info: Site data built
2019-10-27T06:21:34.369Z - info: [2:21:34 PM] Reload for file change: C:\repos\nus-cs2103-AY1920S1\cs2103-website\admin\project-testing.mbdf
2019-10-27T06:21:35.372Z - info: Rebuilding affected source files
2019-10-27T06:21:35.374Z - info: Rebuilding 5 pages
2019-10-27T06:21:37.998Z - info: Pages rebuilt
2019-10-27T06:21:38.013Z - info: Site data built
2019-10-27T06:22:38.082Z - info: [2:22:38 PM] Reload for file change: C:\repos\nus-cs2103-AY1920S1\cs2103-website\admin\project-testing.mbdf
2019-10-27T06:22:39.084Z - info: Rebuilding affected source files
2019-10-27T06:22:39.086Z - info: Rebuilding 5 pages
2019-10-27T06:22:41.782Z - info: Pages rebuilt
2019-10-27T06:22:41.795Z - info: Site data built
2019-10-27T06:24:38.950Z - info: [2:24:38 PM] Reload for file change: C:\repos\nus-cs2103-AY1920S1\cs2103-website\admin\project-testing.mbdf
2019-10-27T06:24:39.951Z - info: Rebuilding affected source files
2019-10-27T06:24:39.956Z - info: Rebuilding 5 pages
2019-10-27T06:24:43.141Z - info: Pages rebuilt
2019-10-27T06:24:43.154Z - info: Site data built
2019-10-27T06:25:15.484Z - info: [2:25:15 PM] Reload for file change: C:\repos\nus-cs2103-AY1920S1\cs2103-website\admin\project-testing.mbdf
2019-10-27T06:25:16.486Z - info: Rebuilding affected source files
2019-10-27T06:25:16.488Z - info: Rebuilding 5 pages
2019-10-27T06:25:19.048Z - info: Pages rebuilt
2019-10-27T06:25:19.062Z - info: Site data built
2019-10-27T06:27:58.277Z - info: [2:27:58 PM] Reload for file change: C:\repos\nus-cs2103-AY1920S1\cs2103-website\admin\project-deliverables.md
2019-10-27T06:27:59.279Z - info: Rebuilding affected source files
2019-10-27T06:27:59.285Z - info: Rebuilding 26 pages
2019-10-27T06:28:08.453Z - info: Pages rebuilt
2019-10-27T06:28:08.470Z - info: Site data built
2019-10-27T06:30:12.891Z - info: [2:30:12 PM] Reload for file change: C:\repos\nus-cs2103-AY1920S1\cs2103-website\admin\project-deliverables.md
2019-10-27T06:30:13.892Z - info: Rebuilding affected source files
2019-10-27T06:30:13.899Z - info: Rebuilding 26 pages
2019-10-27T06:30:25.060Z - info: Pages rebuilt
2019-10-27T06:30:25.075Z - info: Site data built
2019-10-27T06:31:40.469Z - info: [2:31:40 PM] Reload for file change: C:\repos\nus-cs2103-AY1920S1\cs2103-website\admin\project-deliverables.md
2019-10-27T06:31:41.472Z - info: Rebuilding affected source files
2019-10-27T06:31:41.478Z - info: Rebuilding 26 pages
2019-10-27T06:31:51.079Z - info: Pages rebuilt
2019-10-27T06:31:51.097Z - info: Site data built
2019-10-27T06:41:44.419Z - info: [2:41:44 PM] Reload for file change: C:\repos\nus-cs2103-AY1920S1\cs2103-website\admin\project-testing.mbdf
2019-10-27T06:41:45.421Z - info: Rebuilding affected source files
2019-10-27T06:41:45.424Z - info: Rebuilding 6 pages
2019-10-27T06:41:48.561Z - info: Pages rebuilt
2019-10-27T06:41:48.595Z - info: Site data built
2019-10-27T06:45:26.341Z - info: [2:45:26 PM] Reload for file change: C:\repos\nus-cs2103-AY1920S1\cs2103-website\admin\project-testing.mbdf
2019-10-27T06:45:27.344Z - info: Rebuilding affected source files
2019-10-27T06:45:27.346Z - info: Rebuilding 5 pages
2019-10-27T06:45:30.249Z - info: Pages rebuilt
2019-10-27T06:45:30.305Z - info: Site data built
2019-10-27T06:47:12.348Z - info: [2:47:12 PM] Reload for file change: C:\repos\nus-cs2103-AY1920S1\cs2103-website\admin\project-testing.mbdf
2019-10-27T06:47:13.351Z - info: Rebuilding affected source files
2019-10-27T06:47:13.352Z - info: Rebuilding 5 pages
2019-10-27T06:47:16.156Z - info: Pages rebuilt
2019-10-27T06:47:16.169Z - info: Site data built
2019-10-27T06:47:42.395Z - info: [2:47:42 PM] Reload for file change: C:\repos\nus-cs2103-AY1920S1\cs2103-website\admin\project-testing.mbdf
2019-10-27T06:47:43.397Z - info: Rebuilding affected source files
2019-10-27T06:47:43.399Z - info: Rebuilding 5 pages
2019-10-27T06:47:46.173Z - info: Pages rebuilt
2019-10-27T06:47:46.187Z - info: Site data built
2019-10-27T06:48:10.804Z - info: [2:48:10 PM] Reload for file change: C:\repos\nus-cs2103-AY1920S1\cs2103-website\admin\project-testing.mbdf
2019-10-27T06:48:11.805Z - info: Rebuilding affected source files
2019-10-27T06:48:11.807Z - info: Rebuilding 5 pages
2019-10-27T06:48:14.622Z - info: Pages rebuilt
2019-10-27T06:48:14.638Z - info: Site data built
2019-10-27T06:49:23.423Z - info: [2:49:23 PM] Reload for file change: C:\repos\nus-cs2103-AY1920S1\cs2103-website\admin\project-testing.mbdf
2019-10-27T06:49:24.425Z - info: Rebuilding affected source files
2019-10-27T06:49:24.426Z - info: Rebuilding 5 pages
2019-10-27T06:49:27.664Z - info: Pages rebuilt
2019-10-27T06:49:27.679Z - info: Site data built
2019-10-27T06:50:44.213Z - info: [2:50:44 PM] Reload for file change: C:\repos\nus-cs2103-AY1920S1\cs2103-website\admin\project-testing.mbdf
2019-10-27T06:50:45.214Z - info: Rebuilding affected source files
2019-10-27T06:50:45.216Z - info: Rebuilding 5 pages
2019-10-27T06:50:48.030Z - info: Pages rebuilt
2019-10-27T06:50:48.052Z - info: Site data built
2019-10-27T06:51:18.629Z - info: [2:51:18 PM] Reload for file change: C:\repos\nus-cs2103-AY1920S1\cs2103-website\admin\project-testing.mbdf
2019-10-27T06:51:19.630Z - info: Rebuilding affected source files
2019-10-27T06:51:19.631Z - info: Rebuilding 5 pages
2019-10-27T06:51:22.422Z - info: Pages rebuilt
2019-10-27T06:51:22.439Z - info: Site data built
2019-10-27T06:51:59.365Z - info: [2:51:59 PM] Reload for file change: C:\repos\nus-cs2103-AY1920S1\cs2103-website\admin\project-testing.mbdf
2019-10-27T06:52:00.368Z - info: Rebuilding affected source files
2019-10-27T06:52:00.370Z - info: Rebuilding 5 pages
2019-10-27T06:52:03.164Z - info: Pages rebuilt
2019-10-27T06:52:03.182Z - info: Site data built
2019-10-27T06:52:19.139Z - info: [2:52:19 PM] Reload for file change: C:\repos\nus-cs2103-AY1920S1\cs2103-website\admin\project-testing.mbdf
2019-10-27T06:52:20.141Z - info: Rebuilding affected source files
2019-10-27T06:52:20.143Z - info: Rebuilding 5 pages
2019-10-27T06:52:22.975Z - info: Pages rebuilt
2019-10-27T06:52:22.990Z - info: Site data built
2019-10-27T06:52:57.413Z - info: [2:52:57 PM] Reload for file change: C:\repos\nus-cs2103-AY1920S1\cs2103-website\admin\project-testing.mbdf
2019-10-27T06:52:58.419Z - info: Rebuilding affected source files
2019-10-27T06:52:58.424Z - info: Rebuilding 5 pages
2019-10-27T06:53:01.300Z - info: Pages rebuilt
2019-10-27T06:53:01.322Z - info: Site data built
2019-10-27T06:53:10.507Z - info: [2:53:10 PM] Reload for file change: C:\repos\nus-cs2103-AY1920S1\cs2103-website\admin\project-testing.mbdf
2019-10-27T06:53:11.507Z - info: Rebuilding affected source files
2019-10-27T06:53:11.512Z - info: Rebuilding 5 pages
2019-10-27T06:53:14.130Z - info: Pages rebuilt
2019-10-27T06:53:14.149Z - info: Site data built
2019-10-27T06:53:39.587Z - info: [2:53:39 PM] Reload for file change: C:\repos\nus-cs2103-AY1920S1\cs2103-website\admin\project-testing.mbdf
2019-10-27T06:53:40.592Z - info: Rebuilding affected source files
2019-10-27T06:53:40.597Z - info: Rebuilding 5 pages
2019-10-27T06:53:43.353Z - info: Pages rebuilt
2019-10-27T06:53:43.378Z - info: Site data built
2019-10-27T06:54:17.373Z - info: [2:54:17 PM] Reload for file change: C:\repos\nus-cs2103-AY1920S1\cs2103-website\admin\project-testing.mbdf
2019-10-27T06:54:18.374Z - info: Rebuilding affected source files
2019-10-27T06:54:18.376Z - info: Rebuilding 5 pages
2019-10-27T06:54:21.175Z - info: Pages rebuilt
2019-10-27T06:54:21.190Z - info: Site data built
2019-10-27T06:54:50.500Z - info: [2:54:50 PM] Reload for file change: C:\repos\nus-cs2103-AY1920S1\cs2103-website\admin\project-testing.mbdf
2019-10-27T06:54:51.502Z - info: Rebuilding affected source files
2019-10-27T06:54:51.504Z - info: Rebuilding 5 pages
2019-10-27T06:54:54.310Z - info: Pages rebuilt
2019-10-27T06:54:54.323Z - info: Site data built
2019-10-27T06:55:18.185Z - info: [2:55:18 PM] Reload for file change: C:\repos\nus-cs2103-AY1920S1\cs2103-website\admin\project-testing.mbdf
2019-10-27T06:55:19.190Z - info: Rebuilding affected source files
2019-10-27T06:55:19.192Z - info: Rebuilding 5 pages
2019-10-27T06:55:21.987Z - info: Pages rebuilt
2019-10-27T06:55:22.010Z - info: Site data built
2019-10-27T06:55:49.651Z - info: [2:55:49 PM] Reload for file change: C:\repos\nus-cs2103-AY1920S1\cs2103-website\admin\project-testing.mbdf
2019-10-27T06:55:50.653Z - info: Rebuilding affected source files
2019-10-27T06:55:50.659Z - info: Rebuilding 5 pages
2019-10-27T06:55:53.599Z - info: Pages rebuilt
2019-10-27T06:55:53.611Z - info: Site data built
2019-10-27T07:03:01.863Z - info: [3:03:01 PM] Reload for file change: C:\repos\nus-cs2103-AY1920S1\cs2103-website\admin\project-deliverables.md
2019-10-27T07:03:02.865Z - info: Rebuilding affected source files
2019-10-27T07:03:02.873Z - info: Rebuilding 26 pages
2019-10-27T07:03:12.517Z - info: Pages rebuilt
2019-10-27T07:03:12.541Z - info: Site data built
2019-10-27T07:03:48.357Z - info: [3:03:48 PM] Reload for file change: C:\repos\nus-cs2103-AY1920S1\cs2103-website\admin\project-deliverables.md
2019-10-27T07:03:49.359Z - info: Rebuilding affected source files
2019-10-27T07:03:49.364Z - info: Rebuilding 26 pages
2019-10-27T07:03:58.551Z - info: Pages rebuilt
2019-10-27T07:03:58.570Z - info: Site data built
2019-10-27T07:04:21.120Z - info: [3:04:21 PM] Reload for file change: C:\repos\nus-cs2103-AY1920S1\cs2103-website\admin\project-deliverables.md
2019-10-27T07:04:22.122Z - info: Rebuilding affected source files
2019-10-27T07:04:22.128Z - info: Rebuilding 26 pages
2019-10-27T07:04:31.432Z - info: Pages rebuilt
2019-10-27T07:04:31.453Z - info: Site data built
2019-10-27T07:04:40.162Z - info: [3:04:40 PM] Reload for file change: C:\repos\nus-cs2103-AY1920S1\cs2103-website\admin\project-deliverables.md
2019-10-27T07:04:41.163Z - info: Rebuilding affected source files
2019-10-27T07:04:41.168Z - info: Rebuilding 26 pages
2019-10-27T07:04:50.430Z - info: Pages rebuilt
2019-10-27T07:04:50.449Z - info: Site data built
2019-10-27T07:05:35.402Z - info: [3:05:35 PM] Reload for file change: C:\repos\nus-cs2103-AY1920S1\cs2103-website\admin\project-deliverables.md
2019-10-27T07:05:36.404Z - info: Rebuilding affected source files
2019-10-27T07:05:36.409Z - info: Rebuilding 26 pages
2019-10-27T07:05:46.956Z - info: Pages rebuilt
2019-10-27T07:05:47.011Z - info: Site data built
2019-10-27T07:06:07.489Z - info: [3:06:07 PM] Reload for file change: C:\repos\nus-cs2103-AY1920S1\cs2103-website\admin\project-deliverables.md
2019-10-27T07:06:08.491Z - info: Rebuilding affected source files
2019-10-27T07:06:08.497Z - info: Rebuilding 26 pages
2019-10-27T07:06:17.922Z - info: Pages rebuilt
2019-10-27T07:06:17.938Z - info: Site data built
2019-10-27T07:08:20.951Z - info: [3:08:20 PM] Reload for file change: C:\repos\nus-cs2103-AY1920S1\cs2103-website\admin\project-deliverables.md
2019-10-27T07:08:21.952Z - info: Rebuilding affected source files
2019-10-27T07:08:21.958Z - info: Rebuilding 26 pages
2019-10-27T07:08:31.216Z - info: Pages rebuilt
2019-10-27T07:08:31.238Z - info: Site data built
2019-10-27T07:10:46.173Z - info: [3:10:46 PM] Reload for file change: C:\repos\nus-cs2103-AY1920S1\cs2103-website\admin\project-deliverables.md
2019-10-27T07:10:47.176Z - info: Rebuilding affected source files
2019-10-27T07:10:47.181Z - info: Rebuilding 26 pages
2019-10-27T07:10:56.966Z - info: Pages rebuilt
2019-10-27T07:10:56.984Z - info: Site data built
2019-10-27T07:11:44.879Z - info: [3:11:44 PM] Reload for file change: C:\repos\nus-cs2103-AY1920S1\cs2103-website\admin\project-deliverables.md
2019-10-27T07:11:45.881Z - info: Rebuilding affected source files
2019-10-27T07:11:45.886Z - info: Rebuilding 26 pages
2019-10-27T07:11:55.050Z - info: Pages rebuilt
2019-10-27T07:11:55.065Z - info: Site data built
2019-10-27T07:12:08.337Z - info: [3:12:08 PM] Reload for file change: C:\repos\nus-cs2103-AY1920S1\cs2103-website\admin\project-deliverables.md
2019-10-27T07:12:09.337Z - info: Rebuilding affected source files
2019-10-27T07:12:09.343Z - info: Rebuilding 26 pages
2019-10-27T07:12:18.622Z - info: Pages rebuilt
2019-10-27T07:12:18.641Z - info: Site data built
2019-10-27T07:15:10.042Z - info: [3:15:10 PM] Reload for file change: C:\repos\nus-cs2103-AY1920S1\cs2103-website\admin\project-deliverables.md
2019-10-27T07:15:11.044Z - info: Rebuilding affected source files
2019-10-27T07:15:11.053Z - info: Rebuilding 26 pages
2019-10-27T07:15:20.421Z - info: Pages rebuilt
2019-10-27T07:15:20.438Z - info: Site data built
2019-10-27T07:16:52.869Z - info: [3:16:52 PM] Reload for file change: C:\repos\nus-cs2103-AY1920S1\cs2103-website\admin\project-deliverables.md
2019-10-27T07:16:53.871Z - info: Rebuilding affected source files
2019-10-27T07:16:53.876Z - info: Rebuilding 26 pages
2019-10-27T07:17:03.015Z - info: Pages rebuilt
2019-10-27T07:17:03.034Z - info: Site data built
2019-10-27T07:22:45.823Z - info: [3:22:45 PM] Reload for file change: C:\repos\nus-cs2103-AY1920S1\cs2103-website\admin\project-deliverables.md
2019-10-27T07:22:46.826Z - info: Rebuilding affected source files
2019-10-27T07:22:46.832Z - info: Rebuilding 26 pages
2019-10-27T07:22:55.966Z - info: Pages rebuilt
2019-10-27T07:22:55.983Z - info: Site data built
2019-10-27T07:23:43.991Z - info: [3:23:43 PM] Reload for file change: C:\repos\nus-cs2103-AY1920S1\cs2103-website\admin\project-deliverables.md
2019-10-27T07:23:44.993Z - info: Rebuilding affected source files
2019-10-27T07:23:44.999Z - info: Rebuilding 26 pages
2019-10-27T07:23:54.367Z - info: Pages rebuilt
2019-10-27T07:23:54.382Z - info: Site data built
2019-10-27T07:24:50.726Z - info: [3:24:50 PM] Reload for file change: C:\repos\nus-cs2103-AY1920S1\cs2103-website\admin\project-deliverables.md
2019-10-27T07:24:51.728Z - info: Rebuilding affected source files
2019-10-27T07:24:51.736Z - info: Rebuilding 26 pages
2019-10-27T07:25:01.233Z - info: Pages rebuilt
2019-10-27T07:25:01.250Z - info: Site data built
2019-10-27T07:25:35.673Z - info: [3:25:35 PM] Reload for file change: C:\repos\nus-cs2103-AY1920S1\cs2103-website\admin\project-deliverables.md
2019-10-27T07:25:36.673Z - info: Rebuilding affected source files
2019-10-27T07:25:36.677Z - info: Rebuilding 26 pages
2019-10-27T07:25:46.069Z - info: Pages rebuilt
2019-10-27T07:25:46.087Z - info: Site data built
2019-10-27T07:26:22.831Z - info: [3:26:22 PM] Reload for file change: C:\repos\nus-cs2103-AY1920S1\cs2103-website\admin\project-deliverables.md
2019-10-27T07:26:23.833Z - info: Rebuilding affected source files
2019-10-27T07:26:23.837Z - info: Rebuilding 26 pages
2019-10-27T07:26:33.204Z - info: Pages rebuilt
2019-10-27T07:26:33.227Z - info: Site data built
2019-10-27T07:27:01.769Z - info: [3:27:01 PM] Reload for file change: C:\repos\nus-cs2103-AY1920S1\cs2103-website\admin\project-deliverables.md
2019-10-27T07:27:02.772Z - info: Rebuilding affected source files
2019-10-27T07:27:02.778Z - info: Rebuilding 26 pages
2019-10-27T07:27:12.119Z - info: Pages rebuilt
2019-10-27T07:27:12.137Z - info: Site data built
2019-10-27T07:27:57.191Z - info: [3:27:57 PM] Reload for file change: C:\repos\nus-cs2103-AY1920S1\cs2103-website\admin\project-deliverables.md
2019-10-27T07:27:58.194Z - info: Rebuilding affected source files
2019-10-27T07:27:58.199Z - info: Rebuilding 26 pages
2019-10-27T07:28:07.399Z - info: Pages rebuilt
2019-10-27T07:28:07.419Z - info: Site data built
2019-10-27T07:29:09.595Z - info: [3:29:09 PM] Reload for file change: C:\repos\nus-cs2103-AY1920S1\cs2103-website\admin\project-deliverables.md
2019-10-27T07:29:10.596Z - info: Rebuilding affected source files
2019-10-27T07:29:10.602Z - info: Rebuilding 26 pages
2019-10-27T07:29:19.972Z - info: Pages rebuilt
2019-10-27T07:29:19.993Z - info: Site data built
2019-10-27T07:31:02.908Z - info: [3:31:02 PM] Reload for file change: C:\repos\nus-cs2103-AY1920S1\cs2103-website\admin\project-deliverables.md
2019-10-27T07:31:03.910Z - info: Rebuilding affected source files
2019-10-27T07:31:03.917Z - info: Rebuilding 26 pages
2019-10-27T07:31:13.116Z - info: Pages rebuilt
2019-10-27T07:31:13.137Z - info: Site data built
2019-10-27T07:31:38.073Z - info: [3:31:38 PM] Reload for file change: C:\repos\nus-cs2103-AY1920S1\cs2103-website\admin\project-deliverables.md
2019-10-27T07:31:39.074Z - info: Rebuilding affected source files
2019-10-27T07:31:39.079Z - info: Rebuilding 26 pages
2019-10-27T07:31:48.150Z - info: Pages rebuilt
2019-10-27T07:31:48.169Z - info: Site data built
2019-10-27T07:32:44.123Z - info: [3:32:44 PM] Reload for file change: C:\repos\nus-cs2103-AY1920S1\cs2103-website\admin\project-deliverables.md
2019-10-27T07:32:45.125Z - info: Rebuilding affected source files
2019-10-27T07:32:45.130Z - info: Rebuilding 26 pages
2019-10-27T07:32:54.375Z - info: Pages rebuilt
2019-10-27T07:32:54.395Z - info: Site data built
2019-10-27T07:33:43.098Z - info: [3:33:43 PM] Reload for file change: C:\repos\nus-cs2103-AY1920S1\cs2103-website\admin\project-deliverables.md
2019-10-27T07:33:44.100Z - info: Rebuilding affected source files
2019-10-27T07:33:44.105Z - info: Rebuilding 26 pages
2019-10-27T07:33:53.342Z - info: Pages rebuilt
2019-10-27T07:33:53.361Z - info: Site data built
2019-10-27T07:34:35.244Z - info: [3:34:35 PM] Reload for file change: C:\repos\nus-cs2103-AY1920S1\cs2103-website\admin\project-deliverables.md
2019-10-27T07:34:36.247Z - info: Rebuilding affected source files
2019-10-27T07:34:36.253Z - info: Rebuilding 26 pages
2019-10-27T07:34:45.447Z - info: Pages rebuilt
2019-10-27T07:34:45.468Z - info: Site data built
2019-10-27T07:35:15.361Z - info: [3:35:15 PM] Reload for file change: C:\repos\nus-cs2103-AY1920S1\cs2103-website\admin\project-deliverables.md
2019-10-27T07:35:16.362Z - info: Rebuilding affected source files
2019-10-27T07:35:16.368Z - info: Rebuilding 26 pages
2019-10-27T07:35:25.578Z - info: Pages rebuilt
2019-10-27T07:35:25.599Z - info: Site data built
2019-10-27T07:36:52.249Z - info: [3:36:52 PM] Reload for file change: C:\repos\nus-cs2103-AY1920S1\cs2103-website\admin\project-deliverables.md
2019-10-27T07:36:53.251Z - info: Rebuilding affected source files
2019-10-27T07:36:53.257Z - info: Rebuilding 26 pages
2019-10-27T07:37:02.443Z - info: Pages rebuilt
2019-10-27T07:37:02.460Z - info: Site data built
2019-10-27T07:37:25.245Z - info: [3:37:25 PM] Reload for file change: C:\repos\nus-cs2103-AY1920S1\cs2103-website\admin\project-deliverables.md
2019-10-27T07:37:26.247Z - info: Rebuilding affected source files
2019-10-27T07:37:26.253Z - info: Rebuilding 26 pages
2019-10-27T07:37:35.561Z - info: Pages rebuilt
2019-10-27T07:37:35.579Z - info: Site data built
2019-10-27T07:37:48.706Z - info: [3:37:48 PM] Reload for file change: C:\repos\nus-cs2103-AY1920S1\cs2103-website\admin\project-deliverables.md
2019-10-27T07:37:49.708Z - info: Rebuilding affected source files
2019-10-27T07:37:49.713Z - info: Rebuilding 26 pages
2019-10-27T07:38:00.963Z - info: Pages rebuilt
2019-10-27T07:38:00.982Z - info: Site data built
2019-10-27T07:38:10.146Z - info: [3:38:10 PM] Reload for file change: C:\repos\nus-cs2103-AY1920S1\cs2103-website\admin\project-deliverables.md
2019-10-27T07:38:11.148Z - info: Rebuilding affected source files
2019-10-27T07:38:11.152Z - info: Rebuilding 26 pages
2019-10-27T07:38:20.555Z - info: Pages rebuilt
2019-10-27T07:38:20.574Z - info: Site data built
2019-10-27T07:39:09.293Z - info: [3:39:09 PM] Reload for file change: C:\repos\nus-cs2103-AY1920S1\cs2103-website\admin\project-deliverables.md
2019-10-27T07:39:10.294Z - info: Rebuilding affected source files
2019-10-27T07:39:10.299Z - info: Rebuilding 26 pages
2019-10-27T07:39:19.923Z - info: Pages rebuilt
2019-10-27T07:39:19.945Z - info: Site data built
2019-10-27T07:39:35.113Z - info: [3:39:35 PM] Reload for file change: C:\repos\nus-cs2103-AY1920S1\cs2103-website\admin\project-deliverables.md
2019-10-27T07:39:36.115Z - info: Rebuilding affected source files
2019-10-27T07:39:36.119Z - info: Rebuilding 26 pages
2019-10-27T07:39:45.636Z - info: Pages rebuilt
2019-10-27T07:39:45.655Z - info: Site data built
2019-10-27T07:40:03.636Z - info: [3:40:03 PM] Reload for file change: C:\repos\nus-cs2103-AY1920S1\cs2103-website\admin\project-deliverables.md
2019-10-27T07:40:04.637Z - info: Rebuilding affected source files
2019-10-27T07:40:04.642Z - info: Rebuilding 26 pages
2019-10-27T07:40:14.086Z - info: Pages rebuilt
2019-10-27T07:40:14.108Z - info: Site data built
2019-10-27T07:41:22.828Z - info: [3:41:22 PM] Reload for file change: C:\repos\nus-cs2103-AY1920S1\cs2103-website\admin\project-deliverables.md
2019-10-27T07:41:23.829Z - info: Rebuilding affected source files
2019-10-27T07:41:23.835Z - info: Rebuilding 26 pages
2019-10-27T07:41:33.120Z - info: Pages rebuilt
2019-10-27T07:41:33.141Z - info: Site data built
2019-10-27T07:42:06.248Z - info: [3:42:06 PM] Reload for file change: C:\repos\nus-cs2103-AY1920S1\cs2103-website\admin\project-deliverables.md
2019-10-27T07:42:07.251Z - info: Rebuilding affected source files
2019-10-27T07:42:07.257Z - info: Rebuilding 26 pages
2019-10-27T07:42:16.463Z - info: Pages rebuilt
2019-10-27T07:42:16.487Z - info: Site data built
2019-10-27T07:43:39.111Z - info: [3:43:39 PM] Reload for file change: C:\repos\nus-cs2103-AY1920S1\cs2103-website\admin\project-deliverables.md
2019-10-27T07:43:40.113Z - info: Rebuilding affected source files
2019-10-27T07:43:40.119Z - info: Rebuilding 26 pages
2019-10-27T07:43:49.230Z - info: Pages rebuilt
2019-10-27T07:43:49.251Z - info: Site data built
2019-10-27T07:44:01.112Z - info: [3:44:01 PM] Reload for file change: C:\repos\nus-cs2103-AY1920S1\cs2103-website\admin\project-deliverables.md
2019-10-27T07:44:02.114Z - info: Rebuilding affected source files
2019-10-27T07:44:02.119Z - info: Rebuilding 26 pages
2019-10-27T07:44:11.328Z - info: Pages rebuilt
2019-10-27T07:44:11.350Z - info: Site data built
2019-10-27T07:44:17.206Z - info: [3:44:17 PM] Reload for file change: C:\repos\nus-cs2103-AY1920S1\cs2103-website\admin\project-deliverables.md
2019-10-27T07:44:18.207Z - info: Rebuilding affected source files
2019-10-27T07:44:18.210Z - info: Rebuilding 26 pages
2019-10-27T07:44:27.308Z - info: Pages rebuilt
2019-10-27T07:44:27.322Z - info: Site data built
2019-10-27T07:44:45.663Z - info: [3:44:45 PM] Reload for file change: C:\repos\nus-cs2103-AY1920S1\cs2103-website\admin\project-deliverables.md
2019-10-27T07:44:46.665Z - info: Rebuilding affected source files
2019-10-27T07:44:46.670Z - info: Rebuilding 26 pages
2019-10-27T07:44:55.801Z - info: Pages rebuilt
2019-10-27T07:44:55.819Z - info: Site data built
2019-10-27T07:46:17.766Z - info: [3:46:17 PM] Reload for file change: C:\repos\nus-cs2103-AY1920S1\cs2103-website\admin\project-deliverables.md
2019-10-27T07:46:18.768Z - info: Rebuilding affected source files
2019-10-27T07:46:18.774Z - info: Rebuilding 26 pages
2019-10-27T07:46:28.126Z - info: Pages rebuilt
2019-10-27T07:46:28.146Z - info: Site data built
2019-10-27T07:46:35.243Z - info: [3:46:35 PM] Reload for file change: C:\repos\nus-cs2103-AY1920S1\cs2103-website\admin\project-deliverables.md
2019-10-27T07:46:36.244Z - info: Rebuilding affected source files
2019-10-27T07:46:36.247Z - info: Rebuilding 26 pages
2019-10-27T07:46:45.462Z - info: Pages rebuilt
2019-10-27T07:46:45.478Z - info: Site data built
2019-10-27T07:47:42.855Z - info: [3:47:42 PM] Reload for file change: C:\repos\nus-cs2103-AY1920S1\cs2103-website\admin\project-deliverables.md
2019-10-27T07:47:43.858Z - info: Rebuilding affected source files
2019-10-27T07:47:43.864Z - info: Rebuilding 26 pages
2019-10-27T07:47:52.857Z - info: Pages rebuilt
2019-10-27T07:47:52.877Z - info: Site data built
2019-10-27T07:48:26.368Z - info: [3:48:26 PM] Reload for file change: C:\repos\nus-cs2103-AY1920S1\cs2103-website\admin\project-deliverables.md
2019-10-27T07:48:27.373Z - info: Rebuilding affected source files
2019-10-27T07:48:27.378Z - info: Rebuilding 26 pages
2019-10-27T07:48:36.601Z - info: Pages rebuilt
2019-10-27T07:48:36.622Z - info: Site data built
2019-10-27T07:48:54.502Z - info: [3:48:54 PM] Reload for file change: C:\repos\nus-cs2103-AY1920S1\cs2103-website\admin\project-deliverables.md
2019-10-27T07:48:55.505Z - info: Rebuilding affected source files
2019-10-27T07:48:55.511Z - info: Rebuilding 26 pages
2019-10-27T07:49:04.535Z - info: Pages rebuilt
2019-10-27T07:49:04.552Z - info: Site data built
2019-10-27T07:49:39.567Z - info: [3:49:39 PM] Reload for file change: C:\repos\nus-cs2103-AY1920S1\cs2103-website\admin\project-deliverables.md
2019-10-27T07:49:40.570Z - info: Rebuilding affected source files
2019-10-27T07:49:40.576Z - info: Rebuilding 26 pages
2019-10-27T07:49:49.582Z - info: Pages rebuilt
2019-10-27T07:49:49.601Z - info: Site data built
2019-10-27T07:50:18.597Z - info: [3:50:18 PM] Reload for file change: C:\repos\nus-cs2103-AY1920S1\cs2103-website\admin\project-deliverables.md
2019-10-27T07:50:19.599Z - info: Rebuilding affected source files
2019-10-27T07:50:19.605Z - info: Rebuilding 26 pages
2019-10-27T07:50:28.763Z - info: Pages rebuilt
2019-10-27T07:50:28.781Z - info: Site data built
2019-10-27T07:50:40.876Z - info: [3:50:40 PM] Reload for file change: C:\repos\nus-cs2103-AY1920S1\cs2103-website\admin\project-deliverables.md
2019-10-27T07:50:41.880Z - info: Rebuilding affected source files
2019-10-27T07:50:41.885Z - info: Rebuilding 26 pages
2019-10-27T07:50:51.403Z - info: Pages rebuilt
2019-10-27T07:50:51.424Z - info: Site data built
2019-10-27T07:51:01.733Z - info: [3:51:01 PM] Reload for file change: C:\repos\nus-cs2103-AY1920S1\cs2103-website\admin\project-deliverables.md
2019-10-27T07:51:02.736Z - info: Rebuilding affected source files
2019-10-27T07:51:02.740Z - info: Rebuilding 26 pages
2019-10-27T07:51:12.231Z - info: Pages rebuilt
2019-10-27T07:51:12.250Z - info: Site data built
2019-10-27T07:51:46.561Z - info: [3:51:46 PM] Reload for file change: C:\repos\nus-cs2103-AY1920S1\cs2103-website\admin\project-deliverables.md
2019-10-27T07:51:47.564Z - info: Rebuilding affected source files
2019-10-27T07:51:47.569Z - info: Rebuilding 26 pages
2019-10-27T07:51:56.969Z - info: Pages rebuilt
2019-10-27T07:51:56.989Z - info: Site data built
2019-10-27T07:53:21.163Z - info: [3:53:21 PM] Reload for file change: C:\repos\nus-cs2103-AY1920S1\cs2103-website\admin\project-deliverables.md
2019-10-27T07:53:22.165Z - info: Rebuilding affected source files
2019-10-27T07:53:22.171Z - info: Rebuilding 26 pages
2019-10-27T07:53:31.610Z - info: Pages rebuilt
2019-10-27T07:53:31.645Z - info: Site data built
2019-10-27T07:54:43.455Z - info: [3:54:43 PM] Reload for file change: C:\repos\nus-cs2103-AY1920S1\cs2103-website\admin\project-deliverables.md
2019-10-27T07:54:44.457Z - info: Rebuilding affected source files
2019-10-27T07:54:44.464Z - info: Rebuilding 26 pages
2019-10-27T07:54:54.084Z - info: Pages rebuilt
2019-10-27T07:54:54.102Z - info: Site data built
2019-10-27T07:55:42.020Z - info: [3:55:42 PM] Reload for file change: C:\repos\nus-cs2103-AY1920S1\cs2103-website\admin\project-deliverables.md
2019-10-27T07:55:43.022Z - info: Rebuilding affected source files
2019-10-27T07:55:43.027Z - info: Rebuilding 26 pages
2019-10-27T07:55:52.578Z - info: Pages rebuilt
2019-10-27T07:55:52.597Z - info: Site data built
2019-10-27T07:56:34.431Z - info: [3:56:34 PM] Reload for file change: C:\repos\nus-cs2103-AY1920S1\cs2103-website\admin\project-deliverables.md
2019-10-27T07:56:35.433Z - info: Rebuilding affected source files
2019-10-27T07:56:35.438Z - info: Rebuilding 26 pages
2019-10-27T07:56:44.704Z - info: Pages rebuilt
2019-10-27T07:56:44.724Z - info: Site data built
2019-10-27T07:58:42.144Z - info: [3:58:42 PM] Reload for file change: C:\repos\nus-cs2103-AY1920S1\cs2103-website\admin\project-testing.mbdf
2019-10-27T07:58:42.150Z - info: [3:58:42 PM] Reload for file change: C:\repos\nus-cs2103-AY1920S1\cs2103-website\admin\project-deliverables.md
2019-10-27T07:58:43.146Z - info: Rebuilding affected source files
2019-10-27T07:58:43.151Z - info: Rebuilding 26 pages
2019-10-27T07:58:52.400Z - info: Pages rebuilt
2019-10-27T07:58:52.417Z - info: Site data built
2019-10-27T07:59:24.720Z - info: [3:59:24 PM] Reload for file change: C:\repos\nus-cs2103-AY1920S1\cs2103-website\admin\project-deliverables.md
2019-10-27T07:59:25.722Z - info: Rebuilding affected source files
2019-10-27T07:59:25.728Z - info: Rebuilding 26 pages
2019-10-27T07:59:34.926Z - info: Pages rebuilt
2019-10-27T07:59:34.946Z - info: Site data built
2019-10-27T08:01:24.075Z - info: [4:01:24 PM] Reload for file change: C:\repos\nus-cs2103-AY1920S1\cs2103-website\admin\project-deliverables.md
2019-10-27T08:01:25.077Z - info: Rebuilding affected source files
2019-10-27T08:01:25.083Z - info: Rebuilding 26 pages
2019-10-27T08:01:34.315Z - info: Pages rebuilt
2019-10-27T08:01:34.336Z - info: Site data built
2019-10-27T08:02:21.266Z - info: [4:02:21 PM] Reload for file change: C:\repos\nus-cs2103-AY1920S1\cs2103-website\admin\project-deliverables.md
2019-10-27T08:02:22.270Z - info: Rebuilding affected source files
2019-10-27T08:02:22.275Z - info: Rebuilding 26 pages
2019-10-27T08:02:31.270Z - info: Pages rebuilt
2019-10-27T08:02:31.294Z - info: Site data built
2019-10-27T08:02:36.918Z - info: [4:02:36 PM] Reload for file change: C:\repos\nus-cs2103-AY1920S1\cs2103-website\admin\project-deliverables.md
2019-10-27T08:02:37.920Z - info: Rebuilding affected source files
2019-10-27T08:02:37.925Z - info: Rebuilding 26 pages
2019-10-27T08:02:46.871Z - info: Pages rebuilt
2019-10-27T08:02:46.890Z - info: Site data built
2019-10-27T08:03:18.500Z - info: [4:03:18 PM] Reload for file change: C:\repos\nus-cs2103-AY1920S1\cs2103-website\admin\project-deliverables.md
2019-10-27T08:03:19.502Z - info: Rebuilding affected source files
2019-10-27T08:03:19.507Z - info: Rebuilding 26 pages
2019-10-27T08:03:28.642Z - info: Pages rebuilt
2019-10-27T08:03:28.663Z - info: Site data built
2019-10-27T08:04:35.927Z - info: [4:04:35 PM] Reload for file change: C:\repos\nus-cs2103-AY1920S1\cs2103-website\admin\project-deliverables.md
2019-10-27T08:04:36.930Z - info: Rebuilding affected source files
2019-10-27T08:04:36.934Z - info: Rebuilding 26 pages
2019-10-27T08:04:46.039Z - info: Pages rebuilt
2019-10-27T08:04:46.054Z - info: Site data built
2019-10-27T08:05:41.104Z - info: [4:05:41 PM] Reload for file change: C:\repos\nus-cs2103-AY1920S1\cs2103-website\admin\project-deliverables.md
2019-10-27T08:05:42.106Z - info: Rebuilding affected source files
2019-10-27T08:05:42.110Z - info: Rebuilding 26 pages
2019-10-27T08:05:51.726Z - info: Pages rebuilt
2019-10-27T08:05:51.746Z - info: Site data built
2019-10-27T08:06:22.449Z - info: [4:06:22 PM] Reload for file change: C:\repos\nus-cs2103-AY1920S1\cs2103-website\admin\project-deliverables.md
2019-10-27T08:06:23.450Z - info: Rebuilding affected source files
2019-10-27T08:06:23.455Z - info: Rebuilding 26 pages
2019-10-27T08:06:32.713Z - info: Pages rebuilt
2019-10-27T08:06:32.732Z - info: Site data built
2019-10-27T08:06:44.807Z - info: [4:06:44 PM] Reload for file change: C:\repos\nus-cs2103-AY1920S1\cs2103-website\admin\project-deliverables.md
2019-10-27T08:06:45.810Z - info: Rebuilding affected source files
2019-10-27T08:06:45.815Z - info: Rebuilding 26 pages
2019-10-27T08:06:55.165Z - info: Pages rebuilt
2019-10-27T08:06:55.186Z - info: Site data built
2019-10-27T08:17:56.836Z - info: [4:17:56 PM] Reload for file change: C:\repos\nus-cs2103-AY1920S1\cs2103-website\admin\project-deliverables.md
2019-10-27T08:17:57.839Z - info: Rebuilding affected source files
2019-10-27T08:17:57.845Z - info: Rebuilding 26 pages
2019-10-27T08:18:07.223Z - info: Pages rebuilt
2019-10-27T08:18:07.237Z - info: Site data built
2019-10-27T08:18:25.902Z - info: [4:18:25 PM] Reload for file change: C:\repos\nus-cs2103-AY1920S1\cs2103-website\admin\project-deliverables.md
2019-10-27T08:18:26.903Z - info: Rebuilding affected source files
2019-10-27T08:18:26.908Z - info: Rebuilding 26 pages
2019-10-27T08:18:36.098Z - info: Pages rebuilt
2019-10-27T08:18:36.119Z - info: Site data built
2019-10-27T08:47:35.057Z - info: [4:47:35 PM] Reload for file change: C:\repos\nus-cs2103-AY1920S1\cs2103-website\admin\project-deliverables.md
2019-10-27T08:47:36.058Z - info: Rebuilding affected source files
2019-10-27T08:47:36.064Z - info: Rebuilding 26 pages
2019-10-27T08:47:46.329Z - info: Pages rebuilt
2019-10-27T08:47:46.350Z - info: Site data built
2019-10-27T08:50:53.731Z - info: [4:50:53 PM] Reload for file change: C:\repos\nus-cs2103-AY1920S1\cs2103-website\admin\project-deliverables.md
2019-10-27T08:50:54.733Z - info: Rebuilding affected source files
2019-10-27T08:50:54.742Z - info: Rebuilding 26 pages
2019-10-27T08:51:04.751Z - info: Pages rebuilt
2019-10-27T08:51:04.770Z - info: Site data built
2019-10-27T08:52:22.043Z - info: [4:52:22 PM] Reload for file change: C:\repos\nus-cs2103-AY1920S1\cs2103-website\admin\project-deliverables.md
2019-10-27T08:52:23.044Z - info: Rebuilding affected source files
2019-10-27T08:52:23.050Z - info: Rebuilding 26 pages
2019-10-27T08:52:32.182Z - info: Pages rebuilt
2019-10-27T08:52:32.197Z - info: Site data built
2019-10-27T08:53:23.345Z - info: [4:53:23 PM] Reload for file change: C:\repos\nus-cs2103-AY1920S1\cs2103-website\admin\project-deliverables.md
2019-10-27T08:53:24.346Z - info: Rebuilding affected source files
2019-10-27T08:53:24.351Z - info: Rebuilding 26 pages
2019-10-27T08:53:33.522Z - info: Pages rebuilt
2019-10-27T08:53:33.543Z - info: Site data built
2019-10-27T08:53:51.621Z - info: [4:53:51 PM] Reload for file change: C:\repos\nus-cs2103-AY1920S1\cs2103-website\admin\project-deliverables.md
2019-10-27T08:53:52.624Z - info: Rebuilding affected source files
2019-10-27T08:53:52.629Z - info: Rebuilding 26 pages
2019-10-27T08:54:01.892Z - info: Pages rebuilt
2019-10-27T08:54:01.913Z - info: Site data built
2019-10-27T08:54:08.090Z - info: [4:54:08 PM] Reload for file change: C:\repos\nus-cs2103-AY1920S1\cs2103-website\admin\project-deliverables.md
2019-10-27T08:54:09.092Z - info: Rebuilding affected source files
2019-10-27T08:54:09.095Z - info: Rebuilding 26 pages
2019-10-27T08:54:18.082Z - info: Pages rebuilt
2019-10-27T08:54:18.100Z - info: Site data built
2019-10-27T08:54:41.261Z - info: [4:54:41 PM] Reload for file change: C:\repos\nus-cs2103-AY1920S1\cs2103-website\admin\project-deliverables.md
2019-10-27T08:54:42.263Z - info: Rebuilding affected source files
2019-10-27T08:54:42.268Z - info: Rebuilding 26 pages
2019-10-27T08:54:51.636Z - info: Pages rebuilt
2019-10-27T08:54:51.655Z - info: Site data built
2019-10-27T08:55:20.654Z - info: [4:55:20 PM] Reload for file change: C:\repos\nus-cs2103-AY1920S1\cs2103-website\admin\project-deliverables.md
2019-10-27T08:55:21.656Z - info: Rebuilding affected source files
2019-10-27T08:55:21.661Z - info: Rebuilding 26 pages
2019-10-27T08:55:30.948Z - info: Pages rebuilt
2019-10-27T08:55:30.965Z - info: Site data built
2019-10-27T08:56:23.739Z - info: [4:56:23 PM] Reload for file change: C:\repos\nus-cs2103-AY1920S1\cs2103-website\admin\project-deliverables.md
2019-10-27T08:56:24.741Z - info: Rebuilding affected source files
2019-10-27T08:56:24.746Z - info: Rebuilding 26 pages
2019-10-27T08:56:33.946Z - info: Pages rebuilt
2019-10-27T08:56:33.966Z - info: Site data built
2019-10-27T08:56:47.318Z - info: [4:56:47 PM] Reload for file change: C:\repos\nus-cs2103-AY1920S1\cs2103-website\admin\project-deliverables.md
2019-10-27T08:56:48.320Z - info: Rebuilding affected source files
2019-10-27T08:56:48.325Z - info: Rebuilding 26 pages
2019-10-27T08:56:57.672Z - info: Pages rebuilt
2019-10-27T08:56:57.695Z - info: Site data built
2019-10-27T08:57:16.749Z - info: [4:57:16 PM] Reload for file change: C:\repos\nus-cs2103-AY1920S1\cs2103-website\admin\project-deliverables.md
2019-10-27T08:57:17.751Z - info: Rebuilding affected source files
2019-10-27T08:57:17.758Z - info: Rebuilding 26 pages
2019-10-27T08:57:26.903Z - info: Pages rebuilt
2019-10-27T08:57:26.921Z - info: Site data built
2019-10-27T08:57:38.929Z - info: [4:57:38 PM] Reload for file change: C:\repos\nus-cs2103-AY1920S1\cs2103-website\admin\project-deliverables.md
2019-10-27T08:57:39.931Z - info: Rebuilding affected source files
2019-10-27T08:57:39.936Z - info: Rebuilding 26 pages
2019-10-27T08:57:49.216Z - info: Pages rebuilt
2019-10-27T08:57:49.234Z - info: Site data built
2019-10-27T08:58:12.639Z - info: [4:58:12 PM] Reload for file change: C:\repos\nus-cs2103-AY1920S1\cs2103-website\admin\project-deliverables.md
2019-10-27T08:58:13.642Z - info: Rebuilding affected source files
2019-10-27T08:58:13.646Z - info: Rebuilding 26 pages
2019-10-27T08:58:22.705Z - info: Pages rebuilt
2019-10-27T08:58:22.723Z - info: Site data built
2019-10-27T09:01:17.914Z - info: [5:01:17 PM] Reload for file change: C:\repos\nus-cs2103-AY1920S1\cs2103-website\admin\project-deliverables.md
2019-10-27T09:01:18.916Z - info: Rebuilding affected source files
2019-10-27T09:01:18.921Z - info: Rebuilding 26 pages
2019-10-27T09:01:28.485Z - info: Pages rebuilt
2019-10-27T09:01:28.510Z - info: Site data built
2019-10-27T09:01:45.790Z - info: [5:01:45 PM] Reload for file change: C:\repos\nus-cs2103-AY1920S1\cs2103-website\admin\project-deliverables.md
2019-10-27T09:01:46.792Z - info: Rebuilding affected source files
2019-10-27T09:01:46.797Z - info: Rebuilding 26 pages
2019-10-27T09:01:56.419Z - info: Pages rebuilt
2019-10-27T09:01:56.436Z - info: Site data built
2019-10-27T09:02:35.934Z - info: [5:02:35 PM] Reload for file change: C:\repos\nus-cs2103-AY1920S1\cs2103-website\admin\project-deliverables.md
2019-10-27T09:02:36.936Z - info: Rebuilding affected source files
2019-10-27T09:02:36.940Z - info: Rebuilding 26 pages
2019-10-27T09:02:46.455Z - info: Pages rebuilt
2019-10-27T09:02:46.500Z - info: Site data built
2019-10-27T09:04:18.871Z - info: [5:04:18 PM] Reload for file change: C:\repos\nus-cs2103-AY1920S1\cs2103-website\admin\project-deliverables.md
2019-10-27T09:04:19.873Z - info: Rebuilding affected source files
2019-10-27T09:04:19.878Z - info: Rebuilding 26 pages
2019-10-27T09:04:28.991Z - info: Pages rebuilt
2019-10-27T09:04:29.011Z - info: Site data built
2019-10-27T09:04:45.449Z - info: [5:04:45 PM] Reload for file change: C:\repos\nus-cs2103-AY1920S1\cs2103-website\admin\project-deliverables.md
2019-10-27T09:04:46.450Z - info: Rebuilding affected source files
2019-10-27T09:04:46.456Z - info: Rebuilding 26 pages
2019-10-27T09:04:55.705Z - info: Pages rebuilt
2019-10-27T09:04:55.731Z - info: Site data built
2019-10-27T09:06:12.610Z - info: [5:06:12 PM] Reload for file change: C:\repos\nus-cs2103-AY1920S1\cs2103-website\admin\project-deliverables.md
2019-10-27T09:06:13.612Z - info: Rebuilding affected source files
2019-10-27T09:06:13.618Z - info: Rebuilding 26 pages
2019-10-27T09:06:22.950Z - info: Pages rebuilt
2019-10-27T09:06:22.970Z - info: Site data built
2019-10-27T09:07:20.695Z - info: [5:07:20 PM] Reload for file change: C:\repos\nus-cs2103-AY1920S1\cs2103-website\admin\project-deliverables.md
2019-10-27T09:07:21.696Z - info: Rebuilding affected source files
2019-10-27T09:07:21.701Z - info: Rebuilding 26 pages
2019-10-27T09:07:30.876Z - info: Pages rebuilt
2019-10-27T09:07:30.894Z - info: Site data built
2019-10-27T09:07:54.566Z - info: [5:07:54 PM] Reload for file change: C:\repos\nus-cs2103-AY1920S1\cs2103-website\admin\project-deliverables.md
2019-10-27T09:07:55.569Z - info: Rebuilding affected source files
2019-10-27T09:07:55.574Z - info: Rebuilding 26 pages
2019-10-27T09:08:04.993Z - info: Pages rebuilt
2019-10-27T09:08:05.018Z - info: Site data built
2019-10-27T09:09:26.889Z - info: [5:09:26 PM] Reload for file change: C:\repos\nus-cs2103-AY1920S1\cs2103-website\admin\project-deliverables.md
2019-10-27T09:09:27.891Z - info: Rebuilding affected source files
2019-10-27T09:09:27.896Z - info: Rebuilding 26 pages
2019-10-27T09:09:37.009Z - info: Pages rebuilt
2019-10-27T09:09:37.026Z - info: Site data built
2019-10-27T09:10:35.921Z - info: [5:10:35 PM] Reload for file change: C:\repos\nus-cs2103-AY1920S1\cs2103-website\admin\project-deliverables.md
2019-10-27T09:10:36.922Z - info: Rebuilding affected source files
2019-10-27T09:10:36.928Z - info: Rebuilding 26 pages
2019-10-27T09:10:46.289Z - info: Pages rebuilt
2019-10-27T09:10:46.308Z - info: Site data built
2019-10-27T09:11:47.182Z - info: [5:11:47 PM] Reload for file change: C:\repos\nus-cs2103-AY1920S1\cs2103-website\admin\project-deliverables.md
2019-10-27T09:11:48.184Z - info: Rebuilding affected source files
2019-10-27T09:11:48.189Z - info: Rebuilding 26 pages
2019-10-27T09:11:57.508Z - info: Pages rebuilt
2019-10-27T09:11:57.532Z - info: Site data built
2019-10-27T09:12:25.206Z - info: [5:12:25 PM] Reload for file change: C:\repos\nus-cs2103-AY1920S1\cs2103-website\admin\project-deliverables.md
2019-10-27T09:12:26.208Z - info: Rebuilding affected source files
2019-10-27T09:12:26.214Z - info: Rebuilding 26 pages
2019-10-27T09:12:37.376Z - info: Pages rebuilt
2019-10-27T09:12:37.390Z - info: Site data built
2019-10-27T09:12:39.226Z - info: [5:12:39 PM] Reload for file change: C:\repos\nus-cs2103-AY1920S1\cs2103-website\admin\project-deliverables.md
2019-10-27T09:12:40.227Z - info: Rebuilding affected source files
2019-10-27T09:12:40.231Z - info: Rebuilding 26 pages
2019-10-27T09:12:49.192Z - info: Pages rebuilt
2019-10-27T09:12:49.218Z - info: Site data built
2019-10-27T09:13:04.634Z - info: [5:13:04 PM] Reload for file change: C:\repos\nus-cs2103-AY1920S1\cs2103-website\admin\project-deliverables.md
2019-10-27T09:13:05.636Z - info: Rebuilding affected source files
2019-10-27T09:13:05.641Z - info: Rebuilding 26 pages
2019-10-27T09:13:14.820Z - info: Pages rebuilt
2019-10-27T09:13:14.835Z - info: Site data built
2019-10-27T09:13:30.526Z - info: [5:13:30 PM] Reload for file change: C:\repos\nus-cs2103-AY1920S1\cs2103-website\admin\project-deliverables.md
2019-10-27T09:13:31.528Z - info: Rebuilding affected source files
2019-10-27T09:13:31.533Z - info: Rebuilding 26 pages
2019-10-27T09:13:40.768Z - info: Pages rebuilt
2019-10-27T09:13:40.783Z - info: Site data built
2019-10-27T09:14:12.411Z - info: [5:14:12 PM] Reload for file change: C:\repos\nus-cs2103-AY1920S1\cs2103-website\admin\project-deliverables.md
2019-10-27T09:14:13.413Z - info: Rebuilding affected source files
2019-10-27T09:14:13.418Z - info: Rebuilding 26 pages
2019-10-27T09:14:22.907Z - info: Pages rebuilt
2019-10-27T09:14:22.924Z - info: Site data built
2019-10-27T09:14:43.801Z - info: [5:14:43 PM] Reload for file change: C:\repos\nus-cs2103-AY1920S1\cs2103-website\admin\project-deliverables.md
2019-10-27T09:14:44.803Z - info: Rebuilding affected source files
2019-10-27T09:14:44.808Z - info: Rebuilding 26 pages
2019-10-27T09:14:54.252Z - info: Pages rebuilt
2019-10-27T09:14:54.265Z - info: Site data built
2019-10-27T09:15:33.790Z - info: [5:15:33 PM] Reload for file change: C:\repos\nus-cs2103-AY1920S1\cs2103-website\admin\project-deliverables.md
2019-10-27T09:15:34.792Z - info: Rebuilding affected source files
2019-10-27T09:15:34.797Z - info: Rebuilding 26 pages
2019-10-27T09:15:44.173Z - info: Pages rebuilt
2019-10-27T09:15:44.194Z - info: Site data built
2019-10-27T09:16:21.310Z - info: [5:16:21 PM] Reload for file change: C:\repos\nus-cs2103-AY1920S1\cs2103-website\admin\project-deliverables.md
2019-10-27T09:16:22.312Z - info: Rebuilding affected source files
2019-10-27T09:16:22.317Z - info: Rebuilding 26 pages
2019-10-27T09:16:31.851Z - info: Pages rebuilt
2019-10-27T09:16:31.870Z - info: Site data built
2019-10-27T09:18:25.716Z - info: [5:18:25 PM] Reload for file change: C:\repos\nus-cs2103-AY1920S1\cs2103-website\admin\project-deliverables.md
2019-10-27T09:18:26.718Z - info: Rebuilding affected source files
2019-10-27T09:18:26.724Z - info: Rebuilding 26 pages
2019-10-27T09:18:36.123Z - info: Pages rebuilt
2019-10-27T09:18:36.141Z - info: Site data built
2019-10-27T09:22:56.023Z - info: [5:22:56 PM] Reload for file change: C:\repos\nus-cs2103-AY1920S1\cs2103-website\admin\project-testing.mbdf
2019-10-27T09:22:57.025Z - info: Rebuilding affected source files
2019-10-27T09:22:57.028Z - info: Rebuilding 6 pages
2019-10-27T09:23:00.104Z - info: Pages rebuilt
2019-10-27T09:23:00.119Z - info: Site data built
2019-10-27T09:23:22.369Z - info: [5:23:22 PM] Reload for file change: C:\repos\nus-cs2103-AY1920S1\cs2103-website\admin\project-testing.mbdf
2019-10-27T09:23:23.372Z - info: Rebuilding affected source files
2019-10-27T09:23:23.374Z - info: Rebuilding 5 pages
2019-10-27T09:23:26.399Z - info: Pages rebuilt
2019-10-27T09:23:26.421Z - info: Site data built
2019-10-27T09:24:05.211Z - info: [5:24:05 PM] Reload for file change: C:\repos\nus-cs2103-AY1920S1\cs2103-website\admin\project-testing.mbdf
2019-10-27T09:24:06.213Z - info: Rebuilding affected source files
2019-10-27T09:24:06.215Z - info: Rebuilding 5 pages
2019-10-27T09:24:09.156Z - info: Pages rebuilt
2019-10-27T09:24:09.188Z - info: Site data built
2019-10-27T09:26:06.034Z - info: [5:26:06 PM] Reload for file change: C:\repos\nus-cs2103-AY1920S1\cs2103-website\admin\project-deliverables.md
2019-10-27T09:26:07.036Z - info: Rebuilding affected source files
2019-10-27T09:26:07.041Z - info: Rebuilding 26 pages
2019-10-27T09:26:16.382Z - info: Pages rebuilt
2019-10-27T09:26:16.394Z - info: Site data built
2019-10-27T09:30:26.061Z - info: [5:30:26 PM] Reload for file change: C:\repos\nus-cs2103-AY1920S1\cs2103-website\admin\project-deliverables.md
2019-10-27T09:30:27.064Z - info: Rebuilding affected source files
2019-10-27T09:30:27.072Z - info: Rebuilding 26 pages
2019-10-27T09:30:36.979Z - info: Pages rebuilt
2019-10-27T09:30:37.002Z - info: Site data built
2019-10-27T09:31:47.593Z - info: [5:31:47 PM] Reload for file change: C:\repos\nus-cs2103-AY1920S1\cs2103-website\admin\project-testing.mbdf
2019-10-27T09:31:48.595Z - info: Rebuilding affected source files
2019-10-27T09:31:48.597Z - info: Rebuilding 6 pages
2019-10-27T09:31:52.071Z - info: Pages rebuilt
2019-10-27T09:31:52.086Z - info: Site data built
2019-10-27T09:36:36.581Z - info: [5:36:36 PM] Reload for file change: C:\repos\nus-cs2103-AY1920S1\cs2103-website\admin\project-deliverables.md
2019-10-27T09:36:37.583Z - info: Rebuilding affected source files
2019-10-27T09:36:37.588Z - info: Rebuilding 26 pages
2019-10-27T09:36:47.253Z - info: Pages rebuilt
2019-10-27T09:36:47.274Z - info: Site data built
2019-10-27T09:37:37.859Z - info: [5:37:37 PM] Reload for file change: C:\repos\nus-cs2103-AY1920S1\cs2103-website\admin\project-deliverables.md
2019-10-27T09:37:38.860Z - info: Rebuilding affected source files
2019-10-27T09:37:38.866Z - info: Rebuilding 26 pages
2019-10-27T09:37:48.150Z - info: Pages rebuilt
2019-10-27T09:37:48.169Z - info: Site data built
2019-10-27T09:37:59.262Z - info: [5:37:59 PM] Reload for file change: C:\repos\nus-cs2103-AY1920S1\cs2103-website\admin\project-deliverables.md
2019-10-27T09:38:00.265Z - info: Rebuilding affected source files
2019-10-27T09:38:00.268Z - info: Rebuilding 26 pages
2019-10-27T09:38:09.494Z - info: Pages rebuilt
2019-10-27T09:38:09.512Z - info: Site data built
2019-10-27T09:39:29.990Z - info: [5:39:29 PM] Reload for file change: C:\repos\nus-cs2103-AY1920S1\cs2103-website\admin\project-deliverables.md
2019-10-27T09:39:30.992Z - info: Rebuilding affected source files
2019-10-27T09:39:30.997Z - info: Rebuilding 26 pages
2019-10-27T09:39:40.255Z - info: Pages rebuilt
2019-10-27T09:39:40.278Z - info: Site data built
2019-10-27T09:41:26.201Z - info: [5:41:26 PM] Reload for file change: C:\repos\nus-cs2103-AY1920S1\cs2103-website\admin\project-deliverables.md
2019-10-27T09:41:27.203Z - info: Rebuilding affected source files
2019-10-27T09:41:27.208Z - info: Rebuilding 26 pages
2019-10-27T09:41:36.730Z - info: Pages rebuilt
2019-10-27T09:41:36.755Z - info: Site data built
2019-10-27T09:42:57.184Z - info: [5:42:57 PM] Reload for file change: C:\repos\nus-cs2103-AY1920S1\cs2103-website\admin\project-deliverables.md
2019-10-27T09:42:58.187Z - info: Rebuilding affected source files
2019-10-27T09:42:58.191Z - info: Rebuilding 26 pages
2019-10-27T09:43:08.076Z - info: Pages rebuilt
2019-10-27T09:43:08.097Z - info: Site data built
2019-10-27T09:43:15.796Z - info: [5:43:15 PM] Reload for file change: C:\repos\nus-cs2103-AY1920S1\cs2103-website\admin\project-deliverables.md
2019-10-27T09:43:16.798Z - info: Rebuilding affected source files
2019-10-27T09:43:16.802Z - info: Rebuilding 26 pages
2019-10-27T09:43:26.380Z - info: Pages rebuilt
2019-10-27T09:43:26.402Z - info: Site data built
2019-10-27T09:43:52.259Z - info: [5:43:52 PM] Reload for file change: C:\repos\nus-cs2103-AY1920S1\cs2103-website\admin\project-deliverables.md
2019-10-27T09:43:53.261Z - info: Rebuilding affected source files
2019-10-27T09:43:53.267Z - info: Rebuilding 26 pages
2019-10-27T09:44:03.678Z - info: Pages rebuilt
2019-10-27T09:44:03.708Z - info: Site data built
2019-10-27T09:44:06.892Z - info: [5:44:06 PM] Reload for file change: C:\repos\nus-cs2103-AY1920S1\cs2103-website\admin\project-deliverables.md
2019-10-27T09:44:07.893Z - info: Rebuilding affected source files
2019-10-27T09:44:07.897Z - info: Rebuilding 26 pages
2019-10-27T09:44:17.302Z - info: Pages rebuilt
2019-10-27T09:44:17.321Z - info: Site data built
2019-10-27T09:44:44.431Z - info: [5:44:44 PM] Reload for file change: C:\repos\nus-cs2103-AY1920S1\cs2103-website\admin\project-deliverables.md
2019-10-27T09:44:45.432Z - info: Rebuilding affected source files
2019-10-27T09:44:45.436Z - info: Rebuilding 26 pages
2019-10-27T09:44:54.851Z - info: Pages rebuilt
2019-10-27T09:44:54.871Z - info: Site data built
2019-10-27T09:46:55.986Z - info: [5:46:55 PM] Reload for file change: C:\repos\nus-cs2103-AY1920S1\cs2103-website\admin\project-deliverables.md
2019-10-27T09:46:56.989Z - info: Rebuilding affected source files
2019-10-27T09:46:56.994Z - info: Rebuilding 26 pages
2019-10-27T09:47:06.338Z - info: Pages rebuilt
2019-10-27T09:47:06.356Z - info: Site data built
2019-10-27T09:49:56.019Z - info: [5:49:56 PM] Reload for file change: C:\repos\nus-cs2103-AY1920S1\cs2103-website\admin\project-deliverables.md
2019-10-27T09:49:57.019Z - info: Rebuilding affected source files
2019-10-27T09:49:57.023Z - info: Rebuilding 26 pages
2019-10-27T09:50:07.567Z - info: Pages rebuilt
2019-10-27T09:50:07.588Z - info: Site data built
2019-10-27T09:50:09.840Z - info: [5:50:09 PM] Reload for file change: C:\repos\nus-cs2103-AY1920S1\cs2103-website\admin\project-deliverables.md
2019-10-27T09:50:10.842Z - info: Rebuilding affected source files
2019-10-27T09:50:10.846Z - info: Rebuilding 26 pages
2019-10-27T09:50:19.943Z - info: Pages rebuilt
2019-10-27T09:50:19.960Z - info: Site data built
2019-10-27T09:51:10.606Z - info: [5:51:10 PM] Reload for file change: C:\repos\nus-cs2103-AY1920S1\cs2103-website\admin\project-deliverables.md
2019-10-27T09:51:11.609Z - info: Rebuilding affected source files
2019-10-27T09:51:11.614Z - info: Rebuilding 26 pages
2019-10-27T09:51:20.757Z - info: Pages rebuilt
2019-10-27T09:51:20.780Z - info: Site data built
2019-10-27T09:51:45.948Z - info: [5:51:45 PM] Reload for file change: C:\repos\nus-cs2103-AY1920S1\cs2103-website\admin\project-deliverables.md
2019-10-27T09:51:46.951Z - info: Rebuilding affected source files
2019-10-27T09:51:46.957Z - info: Rebuilding 26 pages
2019-10-27T09:51:56.205Z - info: Pages rebuilt
2019-10-27T09:51:56.225Z - info: Site data built
2019-10-27T09:52:48.680Z - info: [5:52:48 PM] Reload for file change: C:\repos\nus-cs2103-AY1920S1\cs2103-website\admin\project-deliverables.md
2019-10-27T09:52:49.682Z - info: Rebuilding affected source files
2019-10-27T09:52:49.687Z - info: Rebuilding 26 pages
2019-10-27T09:52:58.859Z - info: Pages rebuilt
2019-10-27T09:52:58.878Z - info: Site data built
2019-10-27T09:53:54.016Z - info: [5:53:54 PM] Reload for file change: C:\repos\nus-cs2103-AY1920S1\cs2103-website\admin\project-deliverables.md
2019-10-27T09:53:55.018Z - info: Rebuilding affected source files
2019-10-27T09:53:55.024Z - info: Rebuilding 26 pages
2019-10-27T09:54:04.418Z - info: Pages rebuilt
2019-10-27T09:54:04.439Z - info: Site data built
2019-10-27T09:55:06.620Z - info: [5:55:06 PM] Reload for file change: C:\repos\nus-cs2103-AY1920S1\cs2103-website\admin\project-deliverables.md
2019-10-27T09:55:07.623Z - info: Rebuilding affected source files
2019-10-27T09:55:07.628Z - info: Rebuilding 26 pages
2019-10-27T09:55:17.456Z - info: Pages rebuilt
2019-10-27T09:55:17.474Z - info: Site data built
2019-10-27T09:55:31.648Z - info: [5:55:31 PM] Reload for file change: C:\repos\nus-cs2103-AY1920S1\cs2103-website\admin\project-deliverables.md
2019-10-27T09:55:32.650Z - info: Rebuilding affected source files
2019-10-27T09:55:32.655Z - info: Rebuilding 26 pages
2019-10-27T09:55:41.719Z - info: Pages rebuilt
2019-10-27T09:55:41.736Z - info: Site data built
2019-10-27T09:56:33.348Z - info: [5:56:33 PM] Reload for file change: C:\repos\nus-cs2103-AY1920S1\cs2103-website\admin\project-deliverables.md
2019-10-27T09:56:34.350Z - info: Rebuilding affected source files
2019-10-27T09:56:34.355Z - info: Rebuilding 26 pages
2019-10-27T09:56:43.848Z - info: Pages rebuilt
2019-10-27T09:56:43.868Z - info: Site data built
2019-10-27T09:57:15.547Z - info: [5:57:15 PM] Reload for file change: C:\repos\nus-cs2103-AY1920S1\cs2103-website\admin\project-deliverables.md
2019-10-27T09:57:16.550Z - info: Rebuilding affected source files
2019-10-27T09:57:16.554Z - info: Rebuilding 26 pages
2019-10-27T09:57:25.771Z - info: Pages rebuilt
2019-10-27T09:57:25.796Z - info: Site data built
2019-10-27T09:57:53.735Z - info: [5:57:53 PM] Reload for file change: C:\repos\nus-cs2103-AY1920S1\cs2103-website\admin\project-deliverables.md
2019-10-27T09:57:54.737Z - info: Rebuilding affected source files
2019-10-27T09:57:54.743Z - info: Rebuilding 26 pages
2019-10-27T09:58:04.217Z - info: Pages rebuilt
2019-10-27T09:58:04.231Z - info: Site data built
2019-10-27T09:58:19.182Z - info: [5:58:19 PM] Reload for file change: C:\repos\nus-cs2103-AY1920S1\cs2103-website\admin\project-deliverables.md
2019-10-27T09:58:20.183Z - info: Rebuilding affected source files
2019-10-27T09:58:20.189Z - info: Rebuilding 26 pages
2019-10-27T09:58:30.681Z - info: Pages rebuilt
2019-10-27T09:58:30.703Z - info: Site data built
2019-10-27T09:58:34.719Z - info: [5:58:34 PM] Reload for file change: C:\repos\nus-cs2103-AY1920S1\cs2103-website\admin\project-deliverables.md
2019-10-27T09:58:35.720Z - info: Rebuilding affected source files
2019-10-27T09:58:35.724Z - info: Rebuilding 26 pages
2019-10-27T09:58:45.033Z - info: Pages rebuilt
2019-10-27T09:58:45.052Z - info: Site data built
2019-10-27T10:02:07.984Z - info: [6:02:07 PM] Reload for file change: C:\repos\nus-cs2103-AY1920S1\cs2103-website\admin\project-deliverables.md
2019-10-27T10:02:08.986Z - info: Rebuilding affected source files
2019-10-27T10:02:08.992Z - info: Rebuilding 26 pages
2019-10-27T10:02:18.275Z - info: Pages rebuilt
2019-10-27T10:02:18.292Z - info: Site data built
2019-10-27T10:31:00.117Z - info: [6:31:00 PM] Reload for file change: C:\repos\nus-cs2103-AY1920S1\cs2103-website\admin\project-deliverables.md
2019-10-27T10:31:01.119Z - info: Rebuilding affected source files
2019-10-27T10:31:01.125Z - info: Rebuilding 26 pages
2019-10-27T10:31:10.782Z - info: Pages rebuilt
2019-10-27T10:31:10.798Z - info: Site data built
2019-10-27T10:32:40.611Z - info: [6:32:40 PM] Reload for file change: C:\repos\nus-cs2103-AY1920S1\cs2103-website\admin\project-deliverables.md
2019-10-27T10:32:41.613Z - info: Rebuilding affected source files
2019-10-27T10:32:41.618Z - info: Rebuilding 26 pages
2019-10-27T10:32:50.943Z - info: Pages rebuilt
2019-10-27T10:32:50.959Z - info: Site data built
2019-10-27T10:37:28.775Z - info: [6:37:28 PM] Reload for file change: C:\repos\nus-cs2103-AY1920S1\cs2103-website\admin\project-deliverables.md
2019-10-27T10:37:29.777Z - info: Rebuilding affected source files
2019-10-27T10:37:29.782Z - info: Rebuilding 26 pages
2019-10-27T10:37:41.466Z - info: Pages rebuilt
2019-10-27T10:37:41.481Z - info: Site data built
2019-10-27T10:37:59.111Z - info: [6:37:59 PM] Reload for file change: C:\repos\nus-cs2103-AY1920S1\cs2103-website\admin\project-deliverables.md
2019-10-27T10:38:00.113Z - info: Rebuilding affected source files
2019-10-27T10:38:00.117Z - info: Rebuilding 26 pages
2019-10-27T10:38:10.753Z - info: Pages rebuilt
2019-10-27T10:38:10.768Z - info: Site data built
2019-10-27T10:38:13.071Z - info: [6:38:13 PM] Reload for file change: C:\repos\nus-cs2103-AY1920S1\cs2103-website\admin\project-deliverables.md
2019-10-27T10:38:14.072Z - info: Rebuilding affected source files
2019-10-27T10:38:14.076Z - info: Rebuilding 26 pages
2019-10-27T10:38:23.382Z - info: Pages rebuilt
2019-10-27T10:38:23.424Z - info: Site data built
2019-10-27T10:39:08.936Z - info: [6:39:08 PM] Reload for file change: C:\repos\nus-cs2103-AY1920S1\cs2103-website\admin\project-deliverables.md
2019-10-27T10:39:09.937Z - info: Rebuilding affected source files
2019-10-27T10:39:09.943Z - info: Rebuilding 26 pages
2019-10-27T10:39:19.505Z - info: Pages rebuilt
2019-10-27T10:39:19.520Z - info: Site data built
2019-10-27T10:41:12.810Z - info: [6:41:12 PM] Reload for file change: C:\repos\nus-cs2103-AY1920S1\cs2103-website\admin\project-deliverables.md
2019-10-27T10:41:13.810Z - info: Rebuilding affected source files
2019-10-27T10:41:13.815Z - info: Rebuilding 26 pages
2019-10-27T10:41:23.901Z - info: Pages rebuilt
2019-10-27T10:41:23.927Z - info: Site data built
2019-10-27T10:50:06.633Z - info: [6:50:06 PM] Reload for file change: C:\repos\nus-cs2103-AY1920S1\cs2103-website\admin\project-deliverables.md
2019-10-27T10:50:07.636Z - info: Rebuilding affected source files
2019-10-27T10:50:07.641Z - info: Rebuilding 26 pages
2019-10-27T10:50:17.061Z - info: Pages rebuilt
2019-10-27T10:50:17.082Z - info: Site data built
2019-10-27T10:54:50.184Z - info: [6:54:50 PM] Reload for file change: C:\repos\nus-cs2103-AY1920S1\cs2103-website\admin\project-deliverables.md
2019-10-27T10:54:51.186Z - info: Rebuilding affected source files
2019-10-27T10:54:51.192Z - info: Rebuilding 26 pages
2019-10-27T10:55:01.153Z - info: Pages rebuilt
2019-10-27T10:55:01.173Z - info: Site data built
2019-10-27T10:57:56.898Z - info: [6:57:56 PM] Reload for file change: C:\repos\nus-cs2103-AY1920S1\cs2103-website\admin\project-deliverables.md
2019-10-27T10:57:57.900Z - info: Rebuilding affected source files
2019-10-27T10:57:57.904Z - info: Rebuilding 26 pages
2019-10-27T10:58:07.271Z - info: Pages rebuilt
2019-10-27T10:58:07.293Z - info: Site data built
2019-10-27T10:59:03.959Z - info: [6:59:03 PM] Reload for file change: C:\repos\nus-cs2103-AY1920S1\cs2103-website\admin\project-deliverables.md
2019-10-27T10:59:04.961Z - info: Rebuilding affected source files
2019-10-27T10:59:04.967Z - info: Rebuilding 26 pages
2019-10-27T10:59:14.846Z - info: Pages rebuilt
2019-10-27T10:59:14.863Z - info: Site data built
2019-10-27T10:59:32.635Z - info: [6:59:32 PM] Reload for file change: C:\repos\nus-cs2103-AY1920S1\cs2103-website\admin\project-deliverables.md
2019-10-27T10:59:33.636Z - info: Rebuilding affected source files
2019-10-27T10:59:33.640Z - info: Rebuilding 26 pages
2019-10-27T10:59:44.139Z - info: Pages rebuilt
2019-10-27T10:59:44.155Z - info: Site data built
2019-10-27T11:00:24.324Z - info: [7:00:24 PM] Reload for file change: C:\repos\nus-cs2103-AY1920S1\cs2103-website\admin\project-deliverables.md
2019-10-27T11:00:25.326Z - info: Rebuilding affected source files
2019-10-27T11:00:25.331Z - info: Rebuilding 26 pages
2019-10-27T11:00:35.155Z - info: Pages rebuilt
2019-10-27T11:00:35.170Z - info: Site data built
2019-10-27T11:02:51.864Z - info: [7:02:51 PM] Reload for file change: C:\repos\nus-cs2103-AY1920S1\cs2103-website\admin\project-deliverables.md
2019-10-27T11:02:52.866Z - info: Rebuilding affected source files
2019-10-27T11:02:52.871Z - info: Rebuilding 26 pages
2019-10-27T11:03:02.668Z - info: Pages rebuilt
2019-10-27T11:03:02.690Z - info: Site data built
2019-10-27T11:07:07.365Z - info: [7:07:07 PM] Reload for file change: C:\repos\nus-cs2103-AY1920S1\cs2103-website\admin\project-deliverables.md
2019-10-27T11:07:08.367Z - info: Rebuilding affected source files
2019-10-27T11:07:08.371Z - info: Rebuilding 26 pages
2019-10-27T11:07:18.039Z - info: Pages rebuilt
2019-10-27T11:07:18.061Z - info: Site data built
2019-10-27T11:07:42.336Z - info: [7:07:42 PM] Reload for file change: C:\repos\nus-cs2103-AY1920S1\cs2103-website\admin\project-deliverables.md
2019-10-27T11:07:43.339Z - info: Rebuilding affected source files
2019-10-27T11:07:43.344Z - info: Rebuilding 26 pages
2019-10-27T11:07:53.195Z - info: Pages rebuilt
2019-10-27T11:07:53.214Z - info: Site data built
2019-10-27T11:08:23.296Z - info: [7:08:23 PM] Reload for file change: C:\repos\nus-cs2103-AY1920S1\cs2103-website\admin\project-deliverables.md
2019-10-27T11:08:24.298Z - info: Rebuilding affected source files
2019-10-27T11:08:24.303Z - info: Rebuilding 26 pages
2019-10-27T11:08:34.474Z - info: Pages rebuilt
2019-10-27T11:08:34.503Z - info: Site data built
2019-10-27T11:09:13.993Z - info: [7:09:13 PM] Reload for file change: C:\repos\nus-cs2103-AY1920S1\cs2103-website\admin\project-deliverables.md
2019-10-27T11:09:14.995Z - info: Rebuilding affected source files
2019-10-27T11:09:15.001Z - info: Rebuilding 26 pages
2019-10-27T11:09:24.571Z - info: Pages rebuilt
2019-10-27T11:09:24.589Z - info: Site data built
2019-10-27T11:10:08.430Z - info: [7:10:08 PM] Reload for file change: C:\repos\nus-cs2103-AY1920S1\cs2103-website\admin\project-deliverables.md
2019-10-27T11:10:09.432Z - info: Rebuilding affected source files
2019-10-27T11:10:09.439Z - info: Rebuilding 26 pages
2019-10-27T11:10:19.909Z - info: Pages rebuilt
2019-10-27T11:10:19.923Z - info: Site data built
2019-10-27T11:10:39.805Z - info: [7:10:39 PM] Reload for file change: C:\repos\nus-cs2103-AY1920S1\cs2103-website\admin\project-deliverables.md
2019-10-27T11:10:40.807Z - info: Rebuilding affected source files
2019-10-27T11:10:40.813Z - info: Rebuilding 26 pages
2019-10-27T11:10:50.241Z - info: Pages rebuilt
2019-10-27T11:10:50.257Z - info: Site data built
2019-10-27T11:12:06.583Z - info: [7:12:06 PM] Reload for file change: C:\repos\nus-cs2103-AY1920S1\cs2103-website\admin\project-deliverables.md
2019-10-27T11:12:07.584Z - info: Rebuilding affected source files
2019-10-27T11:12:07.590Z - info: Rebuilding 26 pages
2019-10-27T11:12:17.177Z - info: Pages rebuilt
2019-10-27T11:12:17.191Z - info: Site data built
2019-10-27T11:20:42.349Z - info: [7:20:42 PM] Reload for file change: C:\repos\nus-cs2103-AY1920S1\cs2103-website\admin\project-deliverables.md
2019-10-27T11:20:43.350Z - info: Rebuilding affected source files
2019-10-27T11:20:43.355Z - info: Rebuilding 26 pages
2019-10-27T11:20:53.188Z - info: Pages rebuilt
2019-10-27T11:20:53.208Z - info: Site data built
2019-10-27T11:21:21.959Z - info: [7:21:21 PM] Reload for file change: C:\repos\nus-cs2103-AY1920S1\cs2103-website\admin\project-deliverables.md
2019-10-27T11:21:22.962Z - info: Rebuilding affected source files
2019-10-27T11:21:22.969Z - info: Rebuilding 26 pages
2019-10-27T11:21:33.913Z - info: Pages rebuilt
2019-10-27T11:21:33.933Z - info: Site data built
2019-10-27T11:23:07.727Z - info: [7:23:07 PM] Reload for file change: C:\repos\nus-cs2103-AY1920S1\cs2103-website\admin\project-deliverables.md
2019-10-27T11:23:08.728Z - info: Rebuilding affected source files
2019-10-27T11:23:08.734Z - info: Rebuilding 26 pages
2019-10-27T11:23:18.408Z - info: Pages rebuilt
2019-10-27T11:23:18.434Z - info: Site data built
2019-10-27T11:23:20.936Z - info: [7:23:20 PM] Reload for file change: C:\repos\nus-cs2103-AY1920S1\cs2103-website\admin\project-deliverables.md
2019-10-27T11:23:21.935Z - info: Rebuilding affected source files
2019-10-27T11:23:21.939Z - info: Rebuilding 25 pages
2019-10-27T11:23:31.552Z - info: Pages rebuilt
2019-10-27T11:23:31.571Z - info: Site data built
2019-10-27T11:25:48.813Z - info: [7:25:48 PM] Reload for file change: C:\repos\nus-cs2103-AY1920S1\cs2103-website\admin\project-deliverables.md
2019-10-27T11:25:49.816Z - info: Rebuilding affected source files
2019-10-27T11:25:49.821Z - info: Rebuilding 25 pages
2019-10-27T11:25:59.210Z - info: Pages rebuilt
2019-10-27T11:25:59.232Z - info: Site data built
2019-10-27T11:30:39.315Z - info: [7:30:39 PM] Reload for file change: C:\repos\nus-cs2103-AY1920S1\cs2103-website\admin\project-deliverables.md
2019-10-27T11:30:40.317Z - info: Rebuilding affected source files
2019-10-27T11:30:40.324Z - info: Rebuilding 25 pages
2019-10-27T11:30:49.703Z - info: Pages rebuilt
2019-10-27T11:30:49.718Z - info: Site data built
2019-10-27T11:33:56.660Z - info: [7:33:56 PM] Reload for file change: C:\repos\nus-cs2103-AY1920S1\cs2103-website\admin\project-deliverables.md
2019-10-27T11:33:57.661Z - info: Rebuilding affected source files
2019-10-27T11:33:57.667Z - info: Rebuilding 25 pages
2019-10-27T11:34:07.587Z - info: Pages rebuilt
2019-10-27T11:34:07.613Z - info: Site data built
2019-10-27T11:34:38.076Z - info: [7:34:38 PM] Reload for file change: C:\repos\nus-cs2103-AY1920S1\cs2103-website\admin\project-deliverables.md
2019-10-27T11:34:39.079Z - info: Rebuilding affected source files
2019-10-27T11:34:39.083Z - info: Rebuilding 25 pages
2019-10-27T11:34:48.760Z - info: Pages rebuilt
2019-10-27T11:34:48.778Z - info: Site data built
2019-10-27T11:34:58.353Z - info: [7:34:58 PM] Reload for file change: C:\repos\nus-cs2103-AY1920S1\cs2103-website\admin\project-deliverables.md
2019-10-27T11:34:59.353Z - info: Rebuilding affected source files
2019-10-27T11:34:59.357Z - info: Rebuilding 25 pages
2019-10-27T11:35:08.652Z - info: Pages rebuilt
2019-10-27T11:35:08.672Z - info: Site data built
2019-10-27T11:35:25.177Z - info: [7:35:25 PM] Reload for file change: C:\repos\nus-cs2103-AY1920S1\cs2103-website\admin\project-deliverables.md
2019-10-27T11:35:26.178Z - info: Rebuilding affected source files
2019-10-27T11:35:26.184Z - info: Rebuilding 25 pages
2019-10-27T11:35:35.694Z - info: Pages rebuilt
2019-10-27T11:35:35.714Z - info: Site data built
2019-10-27T11:35:45.009Z - info: [7:35:45 PM] Reload for file change: C:\repos\nus-cs2103-AY1920S1\cs2103-website\admin\project-deliverables.md
2019-10-27T11:35:46.012Z - info: Rebuilding affected source files
2019-10-27T11:35:46.016Z - info: Rebuilding 25 pages
2019-10-27T11:35:55.458Z - info: Pages rebuilt
2019-10-27T11:35:55.477Z - info: Site data built
2019-10-27T11:36:35.769Z - info: [7:36:35 PM] Reload for file change: C:\repos\nus-cs2103-AY1920S1\cs2103-website\admin\project-deliverables.md
2019-10-27T11:36:36.771Z - info: Rebuilding affected source files
2019-10-27T11:36:36.776Z - info: Rebuilding 25 pages
2019-10-27T11:36:46.614Z - info: Pages rebuilt
2019-10-27T11:36:46.633Z - info: Site data built
2019-10-27T11:39:21.170Z - info: [7:39:21 PM] Reload for file change: C:\repos\nus-cs2103-AY1920S1\cs2103-website\admin\project-deliverables.md
2019-10-27T11:39:22.172Z - info: Rebuilding affected source files
2019-10-27T11:39:22.177Z - info: Rebuilding 25 pages
2019-10-27T11:39:31.637Z - info: Pages rebuilt
2019-10-27T11:39:31.668Z - info: Site data built
2019-10-27T11:42:16.121Z - info: [7:42:16 PM] Reload for file change: C:\repos\nus-cs2103-AY1920S1\cs2103-website\admin\project-deliverables.md
2019-10-27T11:42:17.122Z - info: Rebuilding affected source files
2019-10-27T11:42:17.128Z - info: Rebuilding 25 pages
2019-10-27T11:42:26.556Z - info: Pages rebuilt
2019-10-27T11:42:26.575Z - info: Site data built
2019-10-27T11:43:04.488Z - info: [7:43:04 PM] Reload for file change: C:\repos\nus-cs2103-AY1920S1\cs2103-website\admin\project-deliverables.md
2019-10-27T11:43:05.489Z - info: Rebuilding affected source files
2019-10-27T11:43:05.494Z - info: Rebuilding 25 pages
2019-10-27T11:43:14.734Z - info: Pages rebuilt
2019-10-27T11:43:14.753Z - info: Site data built
2019-10-27T11:44:11.497Z - info: [7:44:11 PM] Reload for file change: C:\repos\nus-cs2103-AY1920S1\cs2103-website\admin\project-deliverables.md
2019-10-27T11:44:12.500Z - info: Rebuilding affected source files
2019-10-27T11:44:12.506Z - info: Rebuilding 25 pages
2019-10-27T11:44:21.745Z - info: Pages rebuilt
2019-10-27T11:44:21.765Z - info: Site data built
2019-10-27T11:45:01.714Z - info: [7:45:01 PM] Reload for file change: C:\repos\nus-cs2103-AY1920S1\cs2103-website\admin\project-deliverables.md
2019-10-27T11:45:02.715Z - info: Rebuilding affected source files
2019-10-27T11:45:02.720Z - info: Rebuilding 25 pages
2019-10-27T11:45:12.153Z - info: Pages rebuilt
2019-10-27T11:45:12.172Z - info: Site data built
2019-10-27T11:46:47.412Z - info: [7:46:47 PM] Reload for file change: C:\repos\nus-cs2103-AY1920S1\cs2103-website\admin\project-deliverables.md
2019-10-27T11:46:48.415Z - info: Rebuilding affected source files
2019-10-27T11:46:48.419Z - info: Rebuilding 25 pages
2019-10-27T11:46:57.998Z - info: Pages rebuilt
2019-10-27T11:46:58.034Z - info: Site data built
2019-10-27T11:47:15.615Z - info: [7:47:15 PM] Reload for file change: C:\repos\nus-cs2103-AY1920S1\cs2103-website\admin\project-deliverables.md
2019-10-27T11:47:16.616Z - info: Rebuilding affected source files
2019-10-27T11:47:16.622Z - info: Rebuilding 25 pages
2019-10-27T11:47:26.091Z - info: Pages rebuilt
2019-10-27T11:47:26.108Z - info: Site data built
2019-10-27T11:47:37.501Z - info: [7:47:37 PM] Reload for file change: C:\repos\nus-cs2103-AY1920S1\cs2103-website\admin\project-deliverables.md
2019-10-27T11:47:38.505Z - info: Rebuilding affected source files
2019-10-27T11:47:38.510Z - info: Rebuilding 25 pages
2019-10-27T11:47:48.078Z - info: Pages rebuilt
2019-10-27T11:47:48.092Z - info: Site data built
2019-10-27T11:49:32.197Z - info: [7:49:32 PM] Reload for file change: C:\repos\nus-cs2103-AY1920S1\cs2103-website\admin\project-deliverables.md
2019-10-27T11:49:33.198Z - info: Rebuilding affected source files
2019-10-27T11:49:33.204Z - info: Rebuilding 25 pages
2019-10-27T11:49:42.775Z - info: Pages rebuilt
2019-10-27T11:49:42.797Z - info: Site data built
2019-10-27T11:56:12.736Z - info: [7:56:12 PM] Reload for file change: C:\repos\nus-cs2103-AY1920S1\cs2103-website\admin\project-deliverables.md
2019-10-27T11:56:13.736Z - info: Rebuilding affected source files
2019-10-27T11:56:13.744Z - info: Rebuilding 25 pages
2019-10-27T11:56:23.767Z - info: Pages rebuilt
2019-10-27T11:56:23.788Z - info: Site data built
2019-10-27T11:56:56.350Z - info: [7:56:56 PM] Reload for file change: C:\repos\nus-cs2103-AY1920S1\cs2103-website\admin\project-deliverables.md
2019-10-27T11:56:57.352Z - info: Rebuilding affected source files
2019-10-27T11:56:57.357Z - info: Rebuilding 25 pages
2019-10-27T11:57:07.149Z - info: Pages rebuilt
2019-10-27T11:57:07.170Z - info: Site data built
2019-10-27T12:01:15.256Z - info: [8:01:15 PM] Reload for file change: C:\repos\nus-cs2103-AY1920S1\cs2103-website\admin\project-grading.md
2019-10-27T12:01:16.258Z - info: Rebuilding affected source files
2019-10-27T12:01:16.261Z - info: Rebuilding 11 pages
2019-10-27T12:01:22.303Z - info: Pages rebuilt
2019-10-27T12:01:22.317Z - info: Site data built
2019-10-27T12:01:31.778Z - info: [8:01:31 PM] Reload for file change: C:\repos\nus-cs2103-AY1920S1\cs2103-website\admin\project-grading.md
2019-10-27T12:01:32.780Z - info: Rebuilding affected source files
2019-10-27T12:01:32.783Z - info: Rebuilding 11 pages
2019-10-27T12:01:38.267Z - info: Pages rebuilt
2019-10-27T12:01:38.282Z - info: Site data built
2019-10-27T12:02:22.358Z - info: [8:02:22 PM] Reload for file change: C:\repos\nus-cs2103-AY1920S1\cs2103-website\admin\project-grading.md
2019-10-27T12:02:23.359Z - info: Rebuilding affected source files
2019-10-27T12:02:23.361Z - info: Rebuilding 11 pages
2019-10-27T12:02:29.032Z - info: Pages rebuilt
2019-10-27T12:02:29.046Z - info: Site data built
2019-10-27T12:05:51.290Z - info: [8:05:51 PM] Reload for file change: C:\repos\nus-cs2103-AY1920S1\cs2103-website\admin\project-deliverables.md
2019-10-27T12:05:52.291Z - info: Rebuilding affected source files
2019-10-27T12:05:52.297Z - info: Rebuilding 26 pages
2019-10-27T12:06:03.543Z - info: Pages rebuilt
2019-10-27T12:06:03.560Z - info: Site data built
2019-10-27T12:10:05.674Z - info: [8:10:05 PM] Reload for file change: C:\repos\nus-cs2103-AY1920S1\cs2103-website\admin\project-deliverables.md
2019-10-27T12:10:06.675Z - info: Rebuilding affected source files
2019-10-27T12:10:06.680Z - info: Rebuilding 25 pages
2019-10-27T12:10:16.342Z - info: Pages rebuilt
2019-10-27T12:10:16.359Z - info: Site data built
2019-10-27T12:10:36.623Z - info: [8:10:36 PM] Reload for file change: C:\repos\nus-cs2103-AY1920S1\cs2103-website\admin\project-deliverables.md
2019-10-27T12:10:37.625Z - info: Rebuilding affected source files
2019-10-27T12:10:37.629Z - info: Rebuilding 25 pages
2019-10-27T12:10:47.102Z - info: Pages rebuilt
2019-10-27T12:10:47.135Z - info: Site data built
2019-10-27T12:17:51.006Z - info: Website generation started at 8:17:43 PM
2019-10-27T12:17:55.192Z - info: Building assets...
2019-10-27T12:17:58.525Z - info: Assets built
2019-10-27T12:17:58.525Z - info: Generating pages...
2019-10-27T12:20:06.340Z - info: Pages built
2019-10-27T12:20:28.265Z - info: Website generation complete! Total build time: 164.474s
2019-10-27T12:20:28.266Z - info: Build success!
2019-10-27T12:20:28.277Z - info: Site data built
2019-10-27T12:21:39.320Z - info: Deployed!
2019-10-27T12:33:06.189Z - info: Website generation started at 8:32:58 PM
2019-10-27T12:33:10.565Z - info: Building assets...
2019-10-27T12:33:14.082Z - info: Assets built
2019-10-27T12:33:14.086Z - info: Generating pages...
2019-10-27T12:35:19.319Z - info: Pages built
2019-10-27T12:35:42.729Z - info: Website generation complete! Total build time: 164.034s
2019-10-27T12:35:43.102Z - info: Serving "C:\repos\nus-cs2103-AY1920S1\cs2103-website\_site" at http://127.0.0.1:8080
2019-10-27T12:35:43.102Z - info: Press CTRL+C to stop ...
2019-10-27T12:35:43.128Z - info: Site data built
2019-10-27T12:36:29.598Z - info: [8:36:29 PM] Reload for file change: C:\repos\nus-cs2103-AY1920S1\cs2103-website\admin\project-deliverables.md
2019-10-27T12:36:30.600Z - info: Rebuilding affected source files
2019-10-27T12:36:30.606Z - info: Rebuilding 26 pages
2019-10-27T12:38:07.349Z - info: Website generation started at 8:37:59 PM
2019-10-27T12:38:11.863Z - info: Building assets...
2019-10-27T12:38:15.272Z - info: Assets built
2019-10-27T12:38:15.273Z - info: Generating pages...
2019-10-27T12:40:15.423Z - info: Pages built
2019-10-27T12:40:36.711Z - info: Website generation complete! Total build time: 156.775s
2019-10-27T12:40:36.711Z - info: Build success!
2019-10-27T12:40:36.726Z - info: Site data built
2019-10-27T12:41:34.574Z - info: Deployed!
