2019-09-22T05:58:12.681Z - info: Website generation started at 1:58:10 PM
2019-09-22T05:58:15.531Z - info: Building assets...
2019-09-22T05:58:17.809Z - info: Assets built
2019-09-22T05:58:17.810Z - info: Generating pages...
2019-09-22T05:59:56.938Z - info: Pages built
2019-09-22T06:00:16.562Z - info: Website generation complete! Total build time: 126.159s
2019-09-22T06:00:16.917Z - info: Serving "C:\repos\nus-cs2103-AY1920S1\cs2103-website\_site" at http://127.0.0.1:8080
2019-09-22T06:00:16.917Z - info: Press CTRL+C to stop ...
2019-09-22T06:00:16.948Z - info: Site data built
2019-09-22T06:00:17.301Z - info: [2:00:17 PM] Reload for file change: C:\repos\nus-cs2103-AY1920S1\cs2103-website\admin\ip-w07.md
2019-09-22T06:00:18.306Z - info: Rebuilding affected source files
2019-09-22T06:00:18.308Z - info: Rebuilding 6 pages
2019-09-22T06:00:28.831Z - info: Pages rebuilt
2019-09-22T06:00:29.196Z - info: Site data built
2019-09-22T06:00:35.640Z - info: [2:00:35 PM] Reload for file change: C:\repos\nus-cs2103-AY1920S1\cs2103-website\admin\ip-w07.md
2019-09-22T06:00:36.640Z - info: Rebuilding affected source files
2019-09-22T06:00:36.642Z - info: Rebuilding 6 pages
2019-09-22T06:00:39.700Z - info: Pages rebuilt
2019-09-22T06:00:39.712Z - info: Site data built
2019-09-22T06:01:38.870Z - info: [2:01:38 PM] Reload for file change: C:\repos\nus-cs2103-AY1920S1\cs2103-website\admin\ip-w07.md
2019-09-22T06:01:39.871Z - info: Rebuilding affected source files
2019-09-22T06:01:39.873Z - info: Rebuilding 6 pages
2019-09-22T06:01:43.682Z - info: Pages rebuilt
2019-09-22T06:01:43.704Z - info: Site data built
2019-09-22T06:02:17.071Z - info: [2:02:17 PM] Reload for file change: C:\repos\nus-cs2103-AY1920S1\cs2103-website\admin\ip-w07.md
2019-09-22T06:02:18.073Z - info: Rebuilding affected source files
2019-09-22T06:02:18.075Z - info: Rebuilding 6 pages
2019-09-22T06:02:21.782Z - info: Pages rebuilt
2019-09-22T06:02:21.792Z - info: Site data built
2019-09-22T06:47:42.691Z - info: [2:47:42 PM] Reload for file change: C:\repos\nus-cs2103-AY1920S1\cs2103-website\book\_markbind\boilerplates\dukeNestedFragment.md
2019-09-22T06:47:43.695Z - info: Rebuilding affected source files
2019-09-22T06:47:43.699Z - info: Rebuilding 7 pages
2019-09-22T06:47:46.694Z - info: Pages rebuilt
2019-09-22T06:47:46.711Z - info: Site data built
2019-09-22T07:07:59.745Z - info: [3:07:59 PM] Reload for file change: C:\repos\nus-cs2103-AY1920S1\cs2103-website\admin\ip-w07.md
2019-09-22T07:08:00.747Z - info: Rebuilding affected source files
2019-09-22T07:08:00.749Z - info: Rebuilding 6 pages
2019-09-22T07:08:05.958Z - info: Pages rebuilt
2019-09-22T07:08:05.970Z - info: Site data built
2019-09-22T07:10:09.091Z - info: [3:10:09 PM] Reload for file change: C:\repos\nus-cs2103-AY1920S1\cs2103-website\admin\ip-w07.md
2019-09-22T07:10:10.094Z - info: Rebuilding affected source files
2019-09-22T07:10:10.095Z - info: Rebuilding 6 pages
2019-09-22T07:10:13.693Z - info: Pages rebuilt
2019-09-22T07:10:13.704Z - info: Site data built
2019-09-22T07:10:24.292Z - info: [3:10:24 PM] Reload for file change: C:\repos\nus-cs2103-AY1920S1\cs2103-website\admin\ip-w07.md
2019-09-22T07:10:25.294Z - info: Rebuilding affected source files
2019-09-22T07:10:25.295Z - info: Rebuilding 6 pages
2019-09-22T07:10:28.699Z - info: Pages rebuilt
2019-09-22T07:10:28.714Z - info: Site data built
2019-09-22T07:11:10.259Z - info: [3:11:10 PM] Reload for file change: C:\repos\nus-cs2103-AY1920S1\cs2103-website\admin\ip-w07.md
2019-09-22T07:11:11.261Z - info: Rebuilding affected source files
2019-09-22T07:11:11.263Z - info: Rebuilding 6 pages
2019-09-22T07:11:14.985Z - info: Pages rebuilt
2019-09-22T07:11:14.995Z - info: Site data built
2019-09-22T07:12:13.829Z - info: [3:12:13 PM] Reload for file change: C:\repos\nus-cs2103-AY1920S1\cs2103-website\admin\ip-w07.md
2019-09-22T07:12:14.830Z - info: Rebuilding affected source files
2019-09-22T07:12:14.832Z - info: Rebuilding 6 pages
2019-09-22T07:12:18.578Z - info: Pages rebuilt
2019-09-22T07:12:18.590Z - info: Site data built
2019-09-22T07:13:34.994Z - info: [3:13:34 PM] Reload for file change: C:\repos\nus-cs2103-AY1920S1\cs2103-website\admin\project-w07-v11.md
2019-09-22T07:13:35.997Z - info: Rebuilding affected source files
2019-09-22T07:13:35.999Z - info: Rebuilding 6 pages
2019-09-22T07:13:39.894Z - info: Pages rebuilt
2019-09-22T07:13:39.906Z - info: Site data built
2019-09-22T07:15:19.875Z - info: [3:15:19 PM] Reload for file change: C:\repos\nus-cs2103-AY1920S1\cs2103-website\admin\appendixE-gitHub.md
2019-09-22T07:15:20.879Z - info: Rebuilding affected source files
2019-09-22T07:15:20.883Z - info: Rebuilding 20 pages
2019-09-22T07:15:28.227Z - info: Pages rebuilt
2019-09-22T07:15:28.259Z - info: Site data built
2019-09-22T07:16:18.313Z - info: [3:16:18 PM] Reload for file change: C:\repos\nus-cs2103-AY1920S1\cs2103-website\admin\appendixE-gitHub.md
2019-09-22T07:16:19.315Z - info: Rebuilding affected source files
2019-09-22T07:16:19.318Z - info: Rebuilding 20 pages
2019-09-22T07:16:27.750Z - info: Pages rebuilt
2019-09-22T07:16:27.768Z - info: Site data built
2019-09-22T07:16:30.654Z - info: [3:16:30 PM] Reload for file change: C:\repos\nus-cs2103-AY1920S1\cs2103-website\admin\appendixE-gitHub.md
2019-09-22T07:16:31.655Z - info: Rebuilding affected source files
2019-09-22T07:16:31.658Z - info: Rebuilding 20 pages
2019-09-22T07:16:38.651Z - info: Pages rebuilt
2019-09-22T07:16:38.668Z - info: Site data built
2019-09-22T07:29:00.396Z - info: [3:29:00 PM] Reload for file change: C:\repos\nus-cs2103-AY1920S1\cs2103-website\admin\project-w07-v11.md
2019-09-22T07:29:01.399Z - info: Rebuilding affected source files
2019-09-22T07:29:01.403Z - info: Rebuilding 6 pages
2019-09-22T07:29:06.224Z - info: Pages rebuilt
2019-09-22T07:29:06.237Z - info: Site data built
2019-09-22T07:29:36.127Z - info: [3:29:36 PM] Reload for file change: C:\repos\nus-cs2103-AY1920S1\cs2103-website\admin\project-w07-v11.md
2019-09-22T07:29:37.129Z - info: Rebuilding affected source files
2019-09-22T07:29:37.131Z - info: Rebuilding 6 pages
2019-09-22T07:29:41.133Z - info: Pages rebuilt
2019-09-22T07:29:41.147Z - info: Site data built
2019-09-22T07:32:02.413Z - info: [3:32:02 PM] Reload for file change: C:\repos\nus-cs2103-AY1920S1\cs2103-website\admin\project-w07-v11.md
2019-09-22T07:32:03.415Z - info: Rebuilding affected source files
2019-09-22T07:32:03.418Z - info: Rebuilding 6 pages
2019-09-22T07:32:07.339Z - info: Pages rebuilt
2019-09-22T07:32:07.355Z - info: Site data built
2019-09-22T08:28:53.056Z - info: [4:28:53 PM] Reload for file change: C:\repos\nus-cs2103-AY1920S1\cs2103-website\admin\appendixE-gitHub.md
2019-09-22T08:28:54.072Z - info: Rebuilding affected source files
2019-09-22T08:28:54.096Z - info: Rebuilding 20 pages
2019-09-22T08:29:01.820Z - info: Pages rebuilt
2019-09-22T08:29:01.860Z - info: Site data built
2019-09-22T08:31:05.761Z - info: [4:31:05 PM] Reload for file change: C:\repos\nus-cs2103-AY1920S1\cs2103-website\admin\appendixE-gitHub.md
2019-09-22T08:31:06.762Z - info: Rebuilding affected source files
2019-09-22T08:31:06.767Z - info: Rebuilding 20 pages
2019-09-22T08:31:14.545Z - info: Pages rebuilt
2019-09-22T08:31:14.563Z - info: Site data built
2019-09-22T08:32:21.271Z - info: [4:32:21 PM] Reload for file change: C:\repos\nus-cs2103-AY1920S1\cs2103-website\admin\appendixE-gitHub.md
2019-09-22T08:32:22.273Z - info: Rebuilding affected source files
2019-09-22T08:32:22.277Z - info: Rebuilding 20 pages
2019-09-22T08:32:29.616Z - info: Pages rebuilt
2019-09-22T08:32:29.630Z - info: Site data built
2019-09-22T08:32:56.695Z - info: [4:32:56 PM] Reload for file change: C:\repos\nus-cs2103-AY1920S1\cs2103-website\admin\appendixE-gitHub.md
2019-09-22T08:32:57.698Z - info: Rebuilding affected source files
2019-09-22T08:32:57.701Z - info: Rebuilding 20 pages
2019-09-22T08:33:05.084Z - info: Pages rebuilt
2019-09-22T08:33:05.100Z - info: Site data built
2019-09-22T08:34:10.123Z - info: [4:34:10 PM] Reload for file change: C:\repos\nus-cs2103-AY1920S1\cs2103-website\admin\appendixE-gitHub.md
2019-09-22T08:34:11.126Z - info: Rebuilding affected source files
2019-09-22T08:34:11.130Z - info: Rebuilding 20 pages
2019-09-22T08:34:18.449Z - info: Pages rebuilt
2019-09-22T08:34:18.462Z - info: Site data built
2019-09-22T08:34:58.787Z - info: [4:34:58 PM] Reload for file change: C:\repos\nus-cs2103-AY1920S1\cs2103-website\admin\appendixE-gitHub.md
2019-09-22T08:34:59.789Z - info: Rebuilding affected source files
2019-09-22T08:34:59.793Z - info: Rebuilding 20 pages
2019-09-22T08:35:07.200Z - info: Pages rebuilt
2019-09-22T08:35:07.212Z - info: Site data built
2019-09-22T08:36:29.429Z - info: [4:36:29 PM] Reload for file change: C:\repos\nus-cs2103-AY1920S1\cs2103-website\admin\appendixE-gitHub.md
2019-09-22T08:36:30.430Z - info: Rebuilding affected source files
2019-09-22T08:36:30.435Z - info: Rebuilding 20 pages
2019-09-22T08:36:38.112Z - info: Pages rebuilt
2019-09-22T08:36:38.126Z - info: Site data built
2019-09-22T08:37:02.844Z - info: [4:37:02 PM] Reload for file change: C:\repos\nus-cs2103-AY1920S1\cs2103-website\admin\appendixE-gitHub.md
2019-09-22T08:37:03.846Z - info: Rebuilding affected source files
2019-09-22T08:37:03.850Z - info: Rebuilding 20 pages
2019-09-22T08:37:11.163Z - info: Pages rebuilt
2019-09-22T08:37:11.177Z - info: Site data built
2019-09-22T08:37:28.327Z - info: [4:37:28 PM] Reload for file change: C:\repos\nus-cs2103-AY1920S1\cs2103-website\admin\appendixE-gitHub.md
2019-09-22T08:37:29.328Z - info: Rebuilding affected source files
2019-09-22T08:37:29.332Z - info: Rebuilding 20 pages
2019-09-22T08:37:36.753Z - info: Pages rebuilt
2019-09-22T08:37:36.775Z - info: Site data built
2019-09-22T08:40:49.173Z - info: [4:40:49 PM] Reload for file change: C:\repos\nus-cs2103-AY1920S1\cs2103-website\admin\appendixE-gitHub.md
2019-09-22T08:40:50.174Z - info: Rebuilding affected source files
2019-09-22T08:40:50.178Z - info: Rebuilding 20 pages
2019-09-22T08:40:58.045Z - info: Pages rebuilt
2019-09-22T08:40:58.057Z - info: Site data built
2019-09-22T08:42:25.054Z - info: [4:42:25 PM] Reload for file change: C:\repos\nus-cs2103-AY1920S1\cs2103-website\admin\appendixE-gitHub.md
2019-09-22T08:42:26.057Z - info: Rebuilding affected source files
2019-09-22T08:42:26.061Z - info: Rebuilding 20 pages
2019-09-22T08:42:33.329Z - info: Pages rebuilt
2019-09-22T08:42:33.348Z - info: Site data built
2019-09-22T08:43:16.778Z - info: [4:43:16 PM] Reload for file change: C:\repos\nus-cs2103-AY1920S1\cs2103-website\admin\appendixE-gitHub.md
2019-09-22T08:43:17.781Z - info: Rebuilding affected source files
2019-09-22T08:43:17.786Z - info: Rebuilding 20 pages
2019-09-22T08:43:25.087Z - info: Pages rebuilt
2019-09-22T08:43:25.116Z - info: Site data built
2019-09-22T08:44:48.264Z - info: [4:44:48 PM] Reload for file change: C:\repos\nus-cs2103-AY1920S1\cs2103-website\_markbind\variables.md
2019-09-22T08:44:49.265Z - info: Rebuilding affected source files
2019-09-22T08:44:49.324Z - warn: Rebuilding all pages as variables file was changed, or the --force-reload flag was set
2019-09-22T08:44:49.493Z - info: Rebuilding 1353 pages
2019-09-22T08:46:34.931Z - info: [4:46:34 PM] Reload for file change: C:\repos\nus-cs2103-AY1920S1\cs2103-website\admin\appendixE-gitHub.md
2019-09-22T08:46:36.263Z - info: [4:46:36 PM] Reload for file change: C:\repos\nus-cs2103-AY1920S1\cs2103-website\admin\appendixE-gitHub.md
2019-09-22T08:47:17.423Z - info: Pages rebuilt
2019-09-22T08:47:17.443Z - info: Site data built
2019-09-22T08:47:18.181Z - info: Rebuilding affected source files
2019-09-22T08:47:18.186Z - info: Rebuilding 20 pages
2019-09-22T08:47:26.499Z - info: Pages rebuilt
2019-09-22T08:47:26.515Z - info: Site data built
2019-09-22T08:48:57.919Z - info: [4:48:57 PM] Reload for file change: C:\repos\nus-cs2103-AY1920S1\cs2103-website\admin\appendixE-gitHub.md
2019-09-22T08:48:58.921Z - info: Rebuilding affected source files
2019-09-22T08:48:58.927Z - info: Rebuilding 20 pages
2019-09-22T08:49:07.144Z - info: Pages rebuilt
2019-09-22T08:49:07.160Z - info: Site data built
2019-09-22T08:49:47.719Z - info: [4:49:47 PM] Reload for file change: C:\repos\nus-cs2103-AY1920S1\cs2103-website\admin\appendixE-gitHub.md
2019-09-22T08:49:48.722Z - info: Rebuilding affected source files
2019-09-22T08:49:48.727Z - info: Rebuilding 20 pages
2019-09-22T08:49:56.740Z - info: Pages rebuilt
2019-09-22T08:49:56.760Z - info: Site data built
2019-09-22T08:59:08.813Z - info: Website generation started at 4:59:06 PM
2019-09-22T08:59:11.597Z - info: Building assets...
2019-09-22T08:59:13.814Z - info: Assets built
2019-09-22T08:59:13.815Z - info: Generating pages...
2019-09-22T09:01:03.587Z - info: Pages built
2019-09-22T09:01:25.553Z - info: Website generation complete! Total build time: 139.304s
2019-09-22T09:01:25.553Z - info: Build success!
2019-09-22T09:01:25.578Z - info: Site data built
2019-09-22T09:02:25.991Z - info: Deployed!
