2019-09-21T02:37:51.178Z - info: Website generation started at 10:37:44
2019-09-21T02:37:54.256Z - info: Building assets...
2019-09-21T02:37:57.035Z - info: Assets built
2019-09-21T02:37:57.036Z - info: Generating pages...
2019-09-21T02:40:05.271Z - info: Pages built
2019-09-21T02:40:29.996Z - info: Website generation complete! Total build time: 165.347s
2019-09-21T02:40:30.359Z - info: Serving "C:\repos\nus-cs2103-AY1920S1\cs2103-website\_site" at http://127.0.0.1:8080
2019-09-21T02:40:30.359Z - info: Press CTRL+C to stop ...
2019-09-21T02:40:30.379Z - info: Site data built
2019-09-21T03:11:33.143Z - info: Website generation started at 11:11:28
2019-09-21T03:11:35.616Z - info: Building assets...
2019-09-21T03:11:37.950Z - info: Assets built
2019-09-21T03:11:37.951Z - info: Generating pages...
2019-09-21T03:13:51.322Z - info: Pages built
2019-09-21T03:14:17.002Z - info: Website generation complete! Total build time: 168.694s
2019-09-21T03:14:17.003Z - info: Build success!
2019-09-21T03:14:17.020Z - info: Site data built
2019-09-21T03:15:15.799Z - info: Deployed!
2019-09-21T11:53:42.638Z - info: Website generation started at 19:53:31
2019-09-21T11:53:47.378Z - info: Building assets...
2019-09-21T11:53:51.454Z - info: Assets built
2019-09-21T11:53:51.454Z - info: Generating pages...
2019-09-21T11:56:35.623Z - info: Pages built
2019-09-21T11:57:01.418Z - info: Website generation complete! Total build time: 209.446s
2019-09-21T11:57:01.794Z - info: Serving "C:\repos\nus-cs2103-AY1920S1\cs2103-website\_site" at http://127.0.0.1:8080
2019-09-21T11:57:01.794Z - info: Press CTRL+C to stop ...
2019-09-21T11:57:01.822Z - info: Site data built
2019-09-21T12:01:36.484Z - info: [20:01:36] Reload for file change: C:\repos\nus-cs2103-AY1920S1\cs2103-website\admin\ip-w07.md
2019-09-21T12:01:37.507Z - info: Rebuilding affected source files
2019-09-21T12:01:37.519Z - info: Rebuilding 6 pages
2019-09-21T12:01:41.881Z - info: [20:01:41] Reload for file change: C:\repos\nus-cs2103-AY1920S1\cs2103-website\admin\ip-w07.md
2019-09-21T12:01:45.770Z - info: Pages rebuilt
2019-09-21T12:01:45.786Z - info: Site data built
2019-09-21T12:01:45.822Z - info: Rebuilding affected source files
2019-09-21T12:01:45.826Z - info: Rebuilding 6 pages
2019-09-21T12:01:52.833Z - info: Pages rebuilt
2019-09-21T12:01:52.845Z - info: Site data built
2019-09-21T12:03:31.411Z - info: [20:03:31] Reload for file change: C:\repos\nus-cs2103-AY1920S1\cs2103-website\admin\ip-w07.md
2019-09-21T12:03:32.415Z - info: Rebuilding affected source files
2019-09-21T12:03:32.415Z - info: Rebuilding 6 pages
2019-09-21T12:03:40.182Z - info: Pages rebuilt
2019-09-21T12:03:40.194Z - info: Site data built
2019-09-21T12:04:15.915Z - info: [20:04:15] Reload for file change: C:\repos\nus-cs2103-AY1920S1\cs2103-website\admin\ip-w07.md
2019-09-21T12:04:16.919Z - info: Rebuilding affected source files
2019-09-21T12:04:16.927Z - info: Rebuilding 6 pages
2019-09-21T12:04:24.724Z - info: Pages rebuilt
2019-09-21T12:04:24.736Z - info: Site data built
2019-09-21T12:04:33.586Z - info: [20:04:33] Reload for file change: C:\repos\nus-cs2103-AY1920S1\cs2103-website\admin\ip-w07.md
2019-09-21T12:04:34.594Z - info: Rebuilding affected source files
2019-09-21T12:04:34.602Z - info: Rebuilding 6 pages
2019-09-21T12:04:41.299Z - info: Pages rebuilt
2019-09-21T12:04:41.307Z - info: Site data built
2019-09-21T12:08:08.625Z - info: [20:08:08] Reload for file change: C:\repos\nus-cs2103-AY1920S1\cs2103-website\admin\ip-w07.md
2019-09-21T12:08:09.633Z - info: Rebuilding affected source files
2019-09-21T12:08:09.637Z - info: Rebuilding 6 pages
2019-09-21T12:08:17.349Z - info: Pages rebuilt
2019-09-21T12:08:17.361Z - info: Site data built
2019-09-21T12:11:41.656Z - info: [20:11:41] Reload for file change: C:\repos\nus-cs2103-AY1920S1\cs2103-website\admin\ip-w07.md
2019-09-21T12:11:42.664Z - info: Rebuilding affected source files
2019-09-21T12:11:42.672Z - info: Rebuilding 6 pages
2019-09-21T12:11:50.389Z - info: Pages rebuilt
2019-09-21T12:11:50.409Z - info: Site data built
2019-09-21T12:14:08.892Z - info: [20:14:08] Reload for file change: C:\repos\nus-cs2103-AY1920S1\cs2103-website\admin\ip-w07.md
2019-09-21T12:14:09.900Z - info: Rebuilding affected source files
2019-09-21T12:14:09.904Z - info: Rebuilding 6 pages
2019-09-21T12:14:19.463Z - info: Pages rebuilt
2019-09-21T12:14:19.483Z - info: Site data built
2019-09-21T12:15:48.015Z - info: [20:15:48] Reload for file change: C:\repos\nus-cs2103-AY1920S1\cs2103-website\admin\ip-w07.md
2019-09-21T12:15:49.023Z - info: Rebuilding affected source files
2019-09-21T12:15:49.023Z - info: Rebuilding 6 pages
2019-09-21T12:15:57.427Z - info: Pages rebuilt
2019-09-21T12:15:57.439Z - info: Site data built
2019-09-21T12:19:23.398Z - info: Website generation started at 20:19:17
2019-09-21T12:19:26.635Z - info: Building assets...
