2019-08-09T04:07:42.663Z - info: Website generation started at 12:07:40 PM
2019-08-09T04:07:45.125Z - info: Building assets...
2019-08-09T04:07:46.946Z - info: Assets built
2019-08-09T04:07:46.946Z - info: Generating pages...
2019-08-09T04:09:26.447Z - info: Pages built
2019-08-09T04:09:45.845Z - info: Website generation complete! Total build time: 125.377s
2019-08-09T04:09:46.183Z - info: Serving "C:\repos\nus-cs2103-AY1920S1\cs2103-website\_site" at http://127.0.0.1:8080
2019-08-09T04:09:46.185Z - info: Press CTRL+C to stop ...
2019-08-09T04:09:46.230Z - info: Site data built
2019-08-09T04:09:46.598Z - info: [12:09:46 PM] Reload for file change: C:\repos\nus-cs2103-AY1920S1\cs2103-website\schedule\timeline.md
2019-08-09T04:09:47.647Z - info: Rebuilding affected source files
2019-08-09T04:09:47.648Z - info: Rebuilding 3 pages
2019-08-09T04:09:58.044Z - info: Pages rebuilt
2019-08-09T04:09:58.161Z - info: Site data built
2019-08-09T04:11:01.727Z - info: [12:11:01 PM] Reload for file change: C:\repos\nus-cs2103-AY1920S1\cs2103-website\schedule\timeline.md
2019-08-09T04:11:02.730Z - info: Rebuilding affected source files
2019-08-09T04:11:02.737Z - info: Rebuilding 3 pages
2019-08-09T04:11:05.802Z - info: Pages rebuilt
2019-08-09T04:11:05.833Z - info: Site data built
2019-08-09T04:12:45.942Z - info: [12:12:45 PM] Reload for file change: C:\repos\nus-cs2103-AY1920S1\cs2103-website\schedule\timeline.md
2019-08-09T04:12:46.943Z - info: Rebuilding affected source files
2019-08-09T04:12:46.945Z - info: Rebuilding 3 pages
2019-08-09T04:12:49.752Z - info: Pages rebuilt
2019-08-09T04:12:49.780Z - info: Site data built
2019-08-09T04:13:02.647Z - info: [12:13:02 PM] Reload for file change: C:\repos\nus-cs2103-AY1920S1\cs2103-website\schedule\timeline.md
2019-08-09T04:13:03.649Z - info: Rebuilding affected source files
2019-08-09T04:13:03.650Z - info: Rebuilding 3 pages
2019-08-09T04:13:06.154Z - info: Pages rebuilt
2019-08-09T04:13:06.165Z - info: Site data built
2019-08-09T04:13:33.307Z - info: [12:13:33 PM] Reload for file change: C:\repos\nus-cs2103-AY1920S1\cs2103-website\schedule\timeline.md
2019-08-09T04:13:34.309Z - info: Rebuilding affected source files
2019-08-09T04:13:34.311Z - info: Rebuilding 3 pages
2019-08-09T04:13:37.109Z - info: Pages rebuilt
2019-08-09T04:13:37.122Z - info: Site data built
2019-08-09T04:16:17.212Z - info: [12:16:17 PM] Reload for file change: C:\repos\nus-cs2103-AY1920S1\cs2103-website\schedule\timeline.md
2019-08-09T04:16:18.215Z - info: Rebuilding affected source files
2019-08-09T04:16:18.216Z - info: Rebuilding 3 pages
2019-08-09T04:16:22.127Z - info: Pages rebuilt
2019-08-09T04:16:22.139Z - info: Site data built
2019-08-09T04:17:33.682Z - info: [12:17:33 PM] Reload for file change: C:\repos\nus-cs2103-AY1920S1\cs2103-website\schedule\timeline.md
2019-08-09T04:17:34.684Z - info: Rebuilding affected source files
2019-08-09T04:17:34.686Z - info: Rebuilding 3 pages
2019-08-09T04:17:37.554Z - info: Pages rebuilt
2019-08-09T04:17:37.566Z - info: Site data built
2019-08-09T04:17:55.857Z - info: [12:17:55 PM] Reload for file change: C:\repos\nus-cs2103-AY1920S1\cs2103-website\schedule\timeline.md
2019-08-09T04:17:56.857Z - info: Rebuilding affected source files
2019-08-09T04:17:56.861Z - info: Rebuilding 3 pages
2019-08-09T04:17:59.685Z - info: Pages rebuilt
2019-08-09T04:17:59.696Z - info: Site data built
2019-08-09T04:34:59.215Z - info: [12:34:59 PM] Reload for file change: C:\repos\nus-cs2103-AY1920S1\cs2103-website\book\css\textbook.css
2019-08-09T04:35:00.225Z - info: Assets built
2019-08-09T04:37:45.960Z - info: [12:37:45 PM] Reload for file change: C:\repos\nus-cs2103-AY1920S1\cs2103-website\book\css\textbook.css
2019-08-09T04:37:46.969Z - info: Assets built
2019-08-09T04:38:06.568Z - info: [12:38:06 PM] Reload for file change: C:\repos\nus-cs2103-AY1920S1\cs2103-website\book\css\textbook.css
2019-08-09T04:38:07.574Z - info: Assets built
2019-08-09T08:25:50.506Z - info: [4:25:50 PM] Reload for file change: C:\repos\nus-cs2103-AY1920S1\cs2103-website\admin\tools.md
2019-08-09T08:25:51.508Z - info: Rebuilding affected source files
2019-08-09T08:25:51.511Z - info: Rebuilding 15 pages
2019-08-09T08:25:57.313Z - info: Pages rebuilt
2019-08-09T08:25:57.330Z - info: Site data built
2019-08-09T09:43:05.474Z - info: Website generation started at 5:43:03 PM
2019-08-09T09:43:08.177Z - info: Building assets...
2019-08-09T09:43:10.396Z - info: Assets built
2019-08-09T09:43:10.396Z - info: Generating pages...
2019-08-09T09:44:56.699Z - info: Pages built
2019-08-09T09:45:17.173Z - info: Website generation complete! Total build time: 133.861s
2019-08-09T09:45:17.174Z - info: Build success!
2019-08-09T09:45:17.185Z - info: Site data built
2019-08-09T09:46:14.582Z - info: Deployed!
