2019-09-19T04:16:56.329Z - info: Website generation started at 12:16:54 PM
2019-09-19T04:16:58.967Z - info: Building assets...
2019-09-19T04:17:00.883Z - info: Assets built
2019-09-19T04:17:00.883Z - info: Generating pages...
2019-09-19T04:18:43.014Z - info: Pages built
2019-09-19T04:19:08.650Z - info: Website generation complete! Total build time: 134.352s
2019-09-19T04:19:09.039Z - info: Serving "C:\repos\nus-cs2103-AY1920S1\cs2103-website\_site" at http://127.0.0.1:8080
2019-09-19T04:19:09.039Z - info: Press CTRL+C to stop ...
2019-09-19T04:19:09.068Z - info: Site data built
2019-09-19T04:19:09.929Z - info: [12:19:09 PM] Reload for file change: C:\repos\nus-cs2103-AY1920S1\cs2103-website\admin\ip-w06.md
2019-09-19T04:19:11.824Z - info: Rebuilding affected source files
2019-09-19T04:19:11.826Z - info: Rebuilding 6 pages
2019-09-19T04:19:23.540Z - info: Pages rebuilt
2019-09-19T04:19:23.573Z - info: Site data built
2019-09-19T04:19:36.390Z - info: [12:19:36 PM] Reload for file change: C:\repos\nus-cs2103-AY1920S1\cs2103-website\admin\ip-w06.md
2019-09-19T04:19:37.391Z - info: Rebuilding affected source files
2019-09-19T04:19:37.393Z - info: Rebuilding 6 pages
2019-09-19T04:19:41.855Z - info: Pages rebuilt
2019-09-19T04:19:41.889Z - info: Site data built
2019-09-19T04:20:28.666Z - info: [12:20:28 PM] Reload for file change: C:\repos\nus-cs2103-AY1920S1\cs2103-website\admin\ip-w06.md
2019-09-19T04:20:29.668Z - info: Rebuilding affected source files
2019-09-19T04:20:29.669Z - info: Rebuilding 6 pages
2019-09-19T04:20:33.828Z - info: Pages rebuilt
2019-09-19T04:20:33.840Z - info: Site data built
2019-09-19T04:20:45.320Z - info: [12:20:45 PM] Reload for file change: C:\repos\nus-cs2103-AY1920S1\cs2103-website\admin\ip-w06.md
2019-09-19T04:20:46.321Z - info: Rebuilding affected source files
2019-09-19T04:20:46.323Z - info: Rebuilding 6 pages
2019-09-19T04:20:51.270Z - info: Pages rebuilt
2019-09-19T04:20:51.298Z - info: Site data built
2019-09-19T04:22:04.388Z - info: [12:22:04 PM] Reload for file change: C:\repos\nus-cs2103-AY1920S1\cs2103-website\admin\ip-w06.md
2019-09-19T04:22:05.389Z - info: Rebuilding affected source files
2019-09-19T04:22:05.392Z - info: Rebuilding 6 pages
2019-09-19T04:22:09.600Z - info: Pages rebuilt
2019-09-19T04:22:09.616Z - info: Site data built
2019-09-19T04:22:23.262Z - info: [12:22:23 PM] Reload for file change: C:\repos\nus-cs2103-AY1920S1\cs2103-website\admin\ip-w06.md
2019-09-19T04:22:24.264Z - info: Rebuilding affected source files
2019-09-19T04:22:24.266Z - info: Rebuilding 6 pages
2019-09-19T04:22:28.178Z - info: Pages rebuilt
2019-09-19T04:22:28.194Z - info: Site data built
2019-09-19T04:23:35.150Z - info: [12:23:35 PM] Reload for file change: C:\repos\nus-cs2103-AY1920S1\cs2103-website\admin\ip-w06.md
2019-09-19T04:23:36.155Z - info: Rebuilding affected source files
2019-09-19T04:23:36.157Z - info: Rebuilding 6 pages
2019-09-19T04:23:41.166Z - info: Pages rebuilt
2019-09-19T04:23:41.193Z - info: Site data built
2019-09-19T04:23:46.057Z - info: [12:23:46 PM] Reload for file change: C:\repos\nus-cs2103-AY1920S1\cs2103-website\admin\ip-w06.md
2019-09-19T04:23:47.058Z - info: Rebuilding affected source files
2019-09-19T04:23:47.060Z - info: Rebuilding 6 pages
2019-09-19T04:23:51.055Z - info: Pages rebuilt
2019-09-19T04:23:51.073Z - info: Site data built
2019-09-19T04:24:01.151Z - info: [12:24:01 PM] Reload for file change: C:\repos\nus-cs2103-AY1920S1\cs2103-website\admin\ip-w06.md
2019-09-19T04:24:02.153Z - info: Rebuilding affected source files
2019-09-19T04:24:02.155Z - info: Rebuilding 6 pages
2019-09-19T04:24:05.998Z - info: Pages rebuilt
2019-09-19T04:24:06.010Z - info: Site data built
2019-09-19T04:24:52.095Z - info: [12:24:52 PM] Reload for file change: C:\repos\nus-cs2103-AY1920S1\cs2103-website\admin\ip-w06.md
2019-09-19T04:24:53.097Z - info: Rebuilding affected source files
2019-09-19T04:24:53.099Z - info: Rebuilding 6 pages
2019-09-19T04:24:57.259Z - info: Pages rebuilt
2019-09-19T04:24:57.276Z - info: Site data built
2019-09-19T04:25:15.034Z - info: [12:25:15 PM] Reload for file change: C:\repos\nus-cs2103-AY1920S1\cs2103-website\admin\ip-w06.md
2019-09-19T04:25:16.037Z - info: Rebuilding affected source files
2019-09-19T04:25:16.039Z - info: Rebuilding 6 pages
2019-09-19T04:25:20.085Z - info: Pages rebuilt
2019-09-19T04:25:20.105Z - info: Site data built
2019-09-19T04:26:35.153Z - info: Website generation started at 12:26:33 PM
2019-09-19T04:26:37.528Z - info: Building assets...
2019-09-19T04:26:39.336Z - info: Assets built
2019-09-19T04:26:39.336Z - info: Generating pages...
2019-09-19T04:28:16.242Z - info: Pages built
2019-09-19T04:28:35.852Z - info: Website generation complete! Total build time: 122.638s
2019-09-19T04:28:36.215Z - info: Serving "C:\repos\nus-cs2103-AY1920S1\cs2103-website\_site" at http://127.0.0.1:8080
2019-09-19T04:28:36.216Z - info: Press CTRL+C to stop ...
2019-09-19T04:28:36.271Z - info: Site data built
2019-09-19T04:32:14.599Z - info: [12:32:14 PM] Reload for file change: C:\repos\nus-cs2103-AY1920S1\cs2103-website\schedule\week6\tutorial-cs2103.md
2019-09-19T04:32:15.601Z - info: Rebuilding affected source files
2019-09-19T04:32:15.603Z - info: Rebuilding 1 pages
2019-09-19T04:32:15.815Z - info: Pages rebuilt
2019-09-19T04:32:15.825Z - info: Site data built
2019-09-19T04:32:23.495Z - info: [12:32:23 PM] Reload for file change: C:\repos\nus-cs2103-AY1920S1\cs2103-website\schedule\week6\tutorial-cs2103.md
2019-09-19T04:32:24.496Z - info: Rebuilding affected source files
2019-09-19T04:32:24.497Z - info: Rebuilding 1 pages
2019-09-19T04:32:24.614Z - info: Pages rebuilt
2019-09-19T04:32:24.623Z - info: Site data built
2019-09-19T04:37:52.093Z - info: Website generation started at 12:37:50 PM
2019-09-19T04:37:54.547Z - info: Building assets...
