2019-07-02T02:58:01.048Z - info: Website generation started at 10:57:59 AM
2019-07-02T02:58:02.269Z - info: Building assets...
2019-07-02T02:58:03.399Z - info: Assets built
2019-07-02T02:58:03.399Z - info: Generating pages...
2019-07-02T02:59:08.317Z - info: Pages built
2019-07-02T02:59:22.548Z - info: Website generation complete! Total build time: 82.794s
2019-07-02T02:59:22.897Z - info: Serving "C:\repos\nus-cs2103-AY1920S1\cs2103-website\_site" at http://127.0.0.1:8080
2019-07-02T02:59:22.897Z - info: Press CTRL+C to stop ...
2019-07-02T02:59:22.922Z - info: Site data built
2019-07-02T04:37:33.429Z - info: [12:37:33 PM] Reload for file change: C:\repos\nus-cs2103-AY1920S1\cs2103-website\schedule\index.md
2019-07-02T04:37:34.437Z - info: Rebuilding affected source files
2019-07-02T04:37:34.439Z - info: Rebuilding 2 pages
2019-07-02T04:37:34.719Z - info: Pages rebuilt
2019-07-02T04:37:34.731Z - info: Site data built
2019-07-02T04:37:46.689Z - info: Website generation started at 12:37:45 PM
2019-07-02T04:37:48.063Z - info: Building assets...
2019-07-02T04:37:49.304Z - info: Assets built
2019-07-02T04:37:49.304Z - info: Generating pages...
2019-07-02T04:38:55.271Z - info: Pages built
2019-07-02T04:39:10.084Z - info: Website generation complete! Total build time: 84.697s
2019-07-02T04:39:10.441Z - info: Serving "C:\repos\nus-cs2103-AY1920S1\cs2103-website\_site" at http://127.0.0.1:8080
2019-07-02T04:39:10.441Z - info: Press CTRL+C to stop ...
2019-07-02T04:39:10.472Z - info: Site data built
2019-07-02T04:44:38.552Z - info: [12:44:38 PM] Reload for file change: C:\repos\nus-cs2103-AY1920S1\cs2103-website\schedule\index.md
2019-07-02T04:44:39.564Z - info: Rebuilding affected source files
2019-07-02T04:44:39.567Z - info: Rebuilding 2 pages
2019-07-02T04:44:39.860Z - info: Pages rebuilt
2019-07-02T04:44:39.871Z - info: Site data built
2019-07-02T08:45:25.838Z - info: [4:45:25 PM] Reload for file change: C:\repos\nus-cs2103-AY1920S1\cs2103-website\schedule\index.md
2019-07-02T08:45:26.846Z - info: Rebuilding affected source files
2019-07-02T08:45:26.867Z - info: Rebuilding 2 pages
2019-07-02T08:45:27.129Z - info: Pages rebuilt
2019-07-02T08:45:27.146Z - info: Site data built
2019-07-02T08:52:49.713Z - info: [4:52:49 PM] Reload for file change: C:\repos\nus-cs2103-AY1920S1\cs2103-website\schedule\index.md
2019-07-02T08:52:50.714Z - info: Rebuilding affected source files
2019-07-02T08:52:50.715Z - info: Rebuilding 2 pages
2019-07-02T08:52:50.975Z - info: Pages rebuilt
2019-07-02T08:52:50.983Z - info: Site data built
2019-07-02T08:58:48.882Z - info: Website generation started at 4:58:47 PM
2019-07-02T08:58:50.390Z - info: Building assets...
2019-07-02T08:58:51.949Z - info: Assets built
2019-07-02T08:58:51.950Z - info: Generating pages...
2019-07-02T09:00:01.941Z - info: Pages built
2019-07-02T09:00:16.512Z - info: Website generation complete! Total build time: 88.973s
2019-07-02T09:00:16.872Z - info: Serving "C:\repos\nus-cs2103-AY1920S1\cs2103-website\_site" at http://127.0.0.1:8080
2019-07-02T09:00:16.872Z - info: Press CTRL+C to stop ...
2019-07-02T09:00:16.896Z - info: Site data built
2019-07-02T09:38:28.537Z - info: [5:38:28 PM] Reload for file change: C:\repos\nus-cs2103-AY1920S1\cs2103-website\book\gatheringRequirements\interviews\text.md
2019-07-02T09:38:29.540Z - info: Rebuilding affected source files
2019-07-02T09:38:29.549Z - info: Rebuilding 6 pages
2019-07-02T09:38:37.286Z - info: Pages rebuilt
2019-07-02T09:38:37.303Z - info: Site data built
2019-07-02T09:52:43.525Z - info: [5:52:43 PM] Reload for file change: C:\repos\nus-cs2103-AY1920S1\cs2103-website\book\gatheringRequirements\interviews\text.md
2019-07-02T09:52:44.528Z - info: Rebuilding affected source files
2019-07-02T09:52:44.533Z - info: Rebuilding 6 pages
2019-07-02T09:52:51.393Z - info: Pages rebuilt
2019-07-02T09:52:51.416Z - info: Site data built
2019-07-02T11:10:40.593Z - info: [7:10:40 PM] Reload for file change: C:\repos\nus-cs2103-AY1920S1\cs2103-website\schedule\index.md
2019-07-02T11:10:41.601Z - info: Rebuilding affected source files
2019-07-02T11:10:41.610Z - info: Rebuilding 2 pages
2019-07-02T11:10:41.942Z - info: Pages rebuilt
2019-07-02T11:10:41.962Z - info: Site data built
2019-07-02T11:12:50.555Z - info: [7:12:50 PM] Reload for file change: C:\repos\nus-cs2103-AY1920S1\cs2103-website\schedule\index.md
2019-07-02T11:12:51.557Z - info: Rebuilding affected source files
2019-07-02T11:12:51.558Z - info: Rebuilding 2 pages
2019-07-02T11:12:51.764Z - info: Pages rebuilt
2019-07-02T11:12:51.775Z - info: Site data built
2019-07-02T11:35:27.382Z - info: [7:35:27 PM] Reload for file change: C:\repos\nus-cs2103-AY1920S1\cs2103-website\schedule\index.md
2019-07-02T11:35:28.384Z - info: Rebuilding affected source files
2019-07-02T11:35:28.386Z - info: Rebuilding 2 pages
2019-07-02T11:35:28.646Z - info: Pages rebuilt
2019-07-02T11:35:28.657Z - info: Site data built
2019-07-02T11:35:38.492Z - info: Website generation started at 7:35:37 PM
2019-07-02T11:35:39.860Z - info: Building assets...
2019-07-02T11:35:41.106Z - info: Assets built
2019-07-02T11:35:41.107Z - info: Generating pages...
2019-07-02T11:36:49.762Z - info: Pages built
2019-07-02T11:37:04.362Z - info: Website generation complete! Total build time: 87.066s
2019-07-02T11:37:04.723Z - info: Serving "C:\repos\nus-cs2103-AY1920S1\cs2103-website\_site" at http://127.0.0.1:8080
2019-07-02T11:37:04.723Z - info: Press CTRL+C to stop ...
2019-07-02T11:37:04.753Z - info: Site data built
