2019-07-24T16:02:11.839Z - info: Pages built
2019-07-24T16:02:41.145Z - info: Website generation complete! Total build time: 167.605s
2019-07-24T16:02:41.529Z - info: Serving "C:\repos\nus-cs2103-AY1920S1\cs2103-website\_site" at http://127.0.0.1:8080
2019-07-24T16:02:41.529Z - info: Press CTRL+C to stop ...
2019-07-24T16:02:41.545Z - info: Site data built
2019-07-24T16:05:27.293Z - info: [00:05:27] Reload for file change: C:\repos\nus-cs2103-AY1920S1\cs2103-website\common\admin.njk
2019-07-24T16:05:28.335Z - info: Assets built
2019-07-24T16:05:42.759Z - info: Website generation started at 00:05:41
2019-07-24T16:05:44.684Z - info: Building assets...
2019-07-24T16:05:46.017Z - info: Assets built
2019-07-24T16:05:46.017Z - info: Generating pages...
2019-07-24T16:08:17.165Z - info: Pages built
2019-07-24T16:08:51.871Z - info: Website generation complete! Total build time: 190.871s
2019-07-24T16:08:52.283Z - info: Serving "C:\repos\nus-cs2103-AY1920S1\cs2103-website\_site" at http://127.0.0.1:8080
2019-07-24T16:08:52.287Z - info: Press CTRL+C to stop ...
2019-07-24T16:08:52.311Z - info: Site data built
2019-07-25T13:41:39.462Z - info: Website generation started at 21:41:32
2019-07-25T13:41:44.374Z - info: Building assets...
2019-07-25T13:41:46.890Z - info: Assets built
2019-07-25T13:41:46.890Z - info: Generating pages...
2019-07-25T13:44:25.607Z - info: Pages built
2019-07-25T13:45:00.604Z - info: Website generation complete! Total build time: 207.818s
2019-07-25T13:45:00.946Z - info: Serving "C:\repos\nus-cs2103-AY1920S1\cs2103-website\_site" at http://127.0.0.1:8080
2019-07-25T13:45:00.946Z - info: Press CTRL+C to stop ...
2019-07-25T13:45:00.970Z - info: Site data built
2019-07-25T14:06:44.523Z - info: [22:06:44] Reload for file change: C:\repos\nus-cs2103-AY1920S1\cs2103-website\schedule\week3\notices-cs2103.md
2019-07-25T14:06:45.538Z - info: Rebuilding affected source files
2019-07-25T14:06:45.553Z - info: Rebuilding 1 pages
2019-07-25T14:06:45.824Z - info: Pages rebuilt
2019-07-25T14:06:45.839Z - info: Site data built
2019-07-25T14:16:32.429Z - info: [22:16:32] Reload for file change: C:\repos\nus-cs2103-AY1920S1\cs2103-website\admin\project-timeline.md
2019-07-25T14:16:33.430Z - info: Rebuilding affected source files
2019-07-25T14:16:33.444Z - info: Rebuilding 32 pages
2019-07-25T14:16:56.354Z - info: Pages rebuilt
2019-07-25T14:16:56.365Z - info: Site data built
2019-07-25T14:17:28.823Z - info: [22:17:28] Reload for file change: C:\repos\nus-cs2103-AY1920S1\cs2103-website\admin\project-timeline.md
2019-07-25T14:17:29.825Z - info: Rebuilding affected source files
2019-07-25T14:17:29.834Z - info: Rebuilding 32 pages
2019-07-25T14:17:50.977Z - info: Pages rebuilt
2019-07-25T14:17:50.985Z - info: Site data built
2019-07-25T14:18:30.765Z - info: [22:18:30] Reload for file change: C:\repos\nus-cs2103-AY1920S1\cs2103-website\common\admin.njk
2019-07-25T14:18:31.795Z - info: Assets built
2019-07-25T14:21:36.817Z - info: [22:21:36] Reload for file change: C:\repos\nus-cs2103-AY1920S1\cs2103-website\admin\project-timeline.md
2019-07-25T14:21:37.840Z - info: Rebuilding affected source files
2019-07-25T14:21:37.987Z - info: Rebuilding 32 pages
2019-07-25T14:22:06.464Z - info: Pages rebuilt
2019-07-25T14:22:06.474Z - info: Site data built
2019-07-25T14:24:17.530Z - info: [22:24:17] Reload for file change: C:\repos\nus-cs2103-AY1920S1\cs2103-website\admin\project-timeline.md
2019-07-25T14:24:18.531Z - info: Rebuilding affected source files
2019-07-25T14:24:18.557Z - info: Rebuilding 32 pages
2019-07-25T14:24:40.279Z - info: Pages rebuilt
2019-07-25T14:24:40.288Z - info: Site data built
2019-07-25T14:28:07.746Z - info: [22:28:07] Reload for file change: C:\repos\nus-cs2103-AY1920S1\cs2103-website\admin\project-timeline.md
2019-07-25T14:28:08.748Z - info: Rebuilding affected source files
2019-07-25T14:28:08.754Z - info: Rebuilding 32 pages
2019-07-25T14:28:32.702Z - info: Pages rebuilt
2019-07-25T14:28:32.714Z - info: Site data built
2019-07-25T14:29:10.359Z - info: [22:29:10] Reload for file change: C:\repos\nus-cs2103-AY1920S1\cs2103-website\admin\project-timeline.md
2019-07-25T14:29:11.361Z - info: Rebuilding affected source files
2019-07-25T14:29:11.442Z - info: Rebuilding 32 pages
2019-07-25T14:29:41.050Z - info: Pages rebuilt
2019-07-25T14:29:41.069Z - info: Site data built
2019-07-25T14:30:49.555Z - info: [22:30:49] Reload for file change: C:\repos\nus-cs2103-AY1920S1\cs2103-website\admin\project-timeline.md
2019-07-25T14:30:50.556Z - info: Rebuilding affected source files
2019-07-25T14:30:50.569Z - info: Rebuilding 32 pages
2019-07-25T14:31:20.665Z - info: Pages rebuilt
2019-07-25T14:31:20.673Z - info: Site data built
2019-07-25T14:33:14.586Z - info: [22:33:14] Reload for file change: C:\repos\nus-cs2103-AY1920S1\cs2103-website\admin\project-timeline.md
2019-07-25T14:33:15.588Z - info: Rebuilding affected source files
2019-07-25T14:33:15.614Z - info: Rebuilding 32 pages
2019-07-25T14:33:42.299Z - info: Pages rebuilt
2019-07-25T14:33:42.317Z - info: Site data built
2019-07-25T14:34:51.502Z - info: [22:34:51] Reload for file change: C:\repos\nus-cs2103-AY1920S1\cs2103-website\admin\project-timeline.md
2019-07-25T14:34:52.508Z - info: Rebuilding affected source files
2019-07-25T14:34:52.532Z - info: Rebuilding 32 pages
2019-07-25T14:35:17.166Z - info: Pages rebuilt
2019-07-25T14:35:17.173Z - info: Site data built
2019-07-25T14:35:33.098Z - info: [22:35:33] Reload for file add: C:\repos\nus-cs2103-AY1920S1\cs2103-website\admin\project-w03-kickoff.md
2019-07-25T14:35:33.191Z - info: [22:35:33] Reload for file deletion: C:\repos\nus-cs2103-AY1920S1\cs2103-website\admin\project-w03-inception.md
2019-07-25T14:35:34.113Z - warn: Rebuilding all source files
2019-07-25T14:35:35.819Z - info: Assets removed
2019-07-25T14:35:35.820Z - info: Generating pages...
2019-07-25T14:35:43.279Z - error:  Error: No such file: C:\repos\nus-cs2103-AY1920S1\cs2103-website\admin\project-w03-inception.md
Missing reference in C:\repos\nus-cs2103-AY1920S1\cs2103-website\schedule\week3\project.md
    at Parser._preprocess (C:\Users\damithch\AppData\Roaming\npm\node_modules\markbind-cli\src\lib\markbind\src\parser.js:225:21)
    at element.children.element.children.map.e (C:\Users\damithch\AppData\Roaming\npm\node_modules\markbind-cli\src\lib\markbind\src\parser.js:399:57)
    at Array.map (<anonymous>)
    at Parser._preprocess (C:\Users\damithch\AppData\Roaming\npm\node_modules\markbind-cli\src\lib\markbind\src\parser.js:399:43)
    at dom.map (C:\Users\damithch\AppData\Roaming\npm\node_modules\markbind-cli\src\lib\markbind\src\parser.js:567:28)
    at Array.map (<anonymous>)
    at DomHandler.htmlparser.DomHandler [as _callback] (C:\Users\damithch\AppData\Roaming\npm\node_modules\markbind-cli\src\lib\markbind\src\parser.js:564:25)
    at DomHandler._handleCallback.DomHandler.onerror (C:\Users\damithch\AppData\Roaming\npm\node_modules\markbind-cli\node_modules\domhandler\index.js:52:8)
    at DomHandler.onend (C:\Users\damithch\AppData\Roaming\npm\node_modules\markbind-cli\node_modules\domhandler\index.js:46:7)
    at Parser.onend (C:\Users\damithch\AppData\Roaming\npm\node_modules\markbind-cli\node_modules\htmlparser2\lib\Parser.js:310:32)
    at Tokenizer._finish (C:\Users\damithch\AppData\Roaming\npm\node_modules\markbind-cli\node_modules\htmlparser2\lib\Tokenizer.js:853:12)
    at Tokenizer.end (C:\Users\damithch\AppData\Roaming\npm\node_modules\markbind-cli\node_modules\htmlparser2\lib\Tokenizer.js:844:25)
    at Parser.end (C:\Users\damithch\AppData\Roaming\npm\node_modules\markbind-cli\node_modules\htmlparser2\lib\Parser.js:338:18)
    at Parser.parseComplete (C:\Users\damithch\AppData\Roaming\npm\node_modules\markbind-cli\node_modules\htmlparser2\lib\Parser.js:330:7)
    at fs.readFile (C:\Users\damithch\AppData\Roaming\npm\node_modules\markbind-cli\src\lib\markbind\src\parser.js:606:16)
    at FSReqWrap.readFileAfterClose [as oncomplete] (fs.js:511:3)
2019-07-25T14:37:07.690Z - info: [22:37:07] Reload for file deletion: C:\repos\nus-cs2103-AY1920S1\cs2103-website\admin\project-w04-mid-v10.md
2019-07-25T14:37:37.916Z - info: Website generation started at 22:37:28
2019-07-25T14:37:40.002Z - info: Building assets...
2019-07-25T14:37:42.386Z - info: Assets built
2019-07-25T14:37:42.386Z - info: Generating pages...
2019-07-25T14:40:06.938Z - info: Pages built
2019-07-25T14:40:37.374Z - info: Website generation complete! Total build time: 188.546s
2019-07-25T14:40:37.682Z - info: Serving "C:\repos\nus-cs2103-AY1920S1\cs2103-website\_site" at http://127.0.0.1:8080
2019-07-25T14:40:37.682Z - info: Press CTRL+C to stop ...
2019-07-25T14:40:37.706Z - info: Site data built
2019-07-25T14:49:18.613Z - info: [22:49:18] Reload for file change: C:\repos\nus-cs2103-AY1920S1\cs2103-website\admin\project-timeline.md
2019-07-25T14:49:19.616Z - info: Rebuilding affected source files
2019-07-25T14:49:19.624Z - info: Rebuilding 32 pages
2019-07-25T14:49:40.877Z - info: Pages rebuilt
2019-07-25T14:49:40.889Z - info: Site data built
2019-07-25T14:52:08.985Z - info: [22:52:08] Reload for file add: C:\repos\nus-cs2103-AY1920S1\cs2103-website\admin\images\project-timeline.puml
2019-07-25T14:52:09.986Z - warn: Rebuilding all source files
2019-07-25T14:52:11.638Z - info: Assets removed
2019-07-25T14:52:11.638Z - info: Generating pages...
2019-07-25T14:54:38.866Z - info: Pages built
2019-07-25T14:59:42.036Z - info: [22:59:42] Reload for file change: C:\repos\nus-cs2103-AY1920S1\cs2103-website\admin\images\project-timeline.puml
2019-07-25T14:59:42.061Z - info: [22:59:42] Reload for file change: C:\repos\nus-cs2103-AY1920S1\cs2103-website\admin\project-timeline.md
2019-07-25T14:59:43.096Z - info: Rebuilding affected source files
2019-07-25T14:59:43.113Z - info: Rebuilding 32 pages
2019-07-25T14:59:51.010Z - debug:  Error: ENOENT: no such file or directory, open 'C:\repos\nus-cs2103-AY1920S1\cs2103-website\admin\images\project-timeling.puml'
2019-07-25T14:59:51.011Z - error: Error reading C:\repos\nus-cs2103-AY1920S1\cs2103-website\admin\images\project-timeling.puml
2019-07-25T15:00:06.183Z - info: Pages rebuilt
2019-07-25T15:00:06.191Z - info: Site data built
2019-07-25T15:00:08.406Z - info: [23:00:08] Reload for file change: C:\repos\nus-cs2103-AY1920S1\cs2103-website\admin\project-timeline.md
2019-07-25T15:00:09.409Z - info: Rebuilding affected source files
2019-07-25T15:00:09.421Z - info: Rebuilding 32 pages
2019-07-25T15:00:31.617Z - info: Pages rebuilt
2019-07-25T15:00:31.640Z - info: Site data built
2019-07-25T15:01:45.804Z - info: [23:01:45] Reload for file change: C:\repos\nus-cs2103-AY1920S1\cs2103-website\admin\images\project-timeline.puml
2019-07-25T15:01:46.805Z - info: Rebuilding affected source files
2019-07-25T15:01:46.805Z - info: Rebuilding 0 pages
2019-07-25T15:01:46.807Z - info: Pages rebuilt
2019-07-25T15:01:46.810Z - info: Site data built
2019-07-25T15:10:42.347Z - info: [23:10:42] Reload for file change: C:\repos\nus-cs2103-AY1920S1\cs2103-website\admin\project-timeline.md
2019-07-25T15:10:43.348Z - info: Rebuilding affected source files
2019-07-25T15:10:43.358Z - info: Rebuilding 32 pages
2019-07-25T15:10:53.811Z - info: [23:10:53] Reload for file change: C:\repos\nus-cs2103-AY1920S1\cs2103-website\admin\project-timeline.md
2019-07-25T15:11:12.233Z - info: Pages rebuilt
2019-07-25T15:11:12.239Z - info: Site data built
2019-07-25T15:11:12.333Z - info: Rebuilding affected source files
2019-07-25T15:11:12.367Z - info: Rebuilding 32 pages
2019-07-25T15:11:37.706Z - info: Pages rebuilt
2019-07-25T15:11:37.721Z - info: Site data built
2019-07-25T15:12:26.068Z - info: [23:12:26] Reload for file change: C:\repos\nus-cs2103-AY1920S1\cs2103-website\admin\project-timeline.md
2019-07-25T15:12:27.071Z - info: Rebuilding affected source files
2019-07-25T15:12:27.077Z - info: Rebuilding 32 pages
2019-07-25T15:12:49.070Z - info: Pages rebuilt
2019-07-25T15:12:49.081Z - info: Site data built
2019-07-25T15:37:28.372Z - info: Website generation started at 23:37:23
2019-07-25T15:37:30.397Z - info: Building assets...
2019-07-25T15:37:33.293Z - info: Assets built
2019-07-25T15:37:33.295Z - info: Generating pages...
2019-07-25T15:40:04.502Z - info: Pages built
2019-07-25T15:40:34.963Z - info: Website generation complete! Total build time: 191.832s
2019-07-25T15:40:35.272Z - info: Serving "C:\repos\nus-cs2103-AY1920S1\cs2103-website\_site" at http://127.0.0.1:8080
2019-07-25T15:40:35.272Z - info: Press CTRL+C to stop ...
2019-07-25T15:40:35.294Z - info: Site data built
2019-07-25T15:43:05.825Z - info: [23:43:05] Reload for file change: C:\repos\nus-cs2103-AY1920S1\cs2103-website\admin\project-w03-kickoff.md
2019-07-25T15:43:05.832Z - info: [23:43:05] Reload for file change: C:\repos\nus-cs2103-AY1920S1\cs2103-website\admin\project-w04-inception.md
2019-07-25T15:43:05.835Z - info: [23:43:05] Reload for file change: C:\repos\nus-cs2103-AY1920S1\cs2103-website\schedule\week3\project.md
2019-07-25T15:43:05.840Z - info: [23:43:05] Reload for file change: C:\repos\nus-cs2103-AY1920S1\cs2103-website\admin\project-timeline.md
2019-07-25T15:43:06.826Z - info: Rebuilding affected source files
2019-07-25T15:43:06.836Z - info: Rebuilding 32 pages
2019-07-25T15:43:29.534Z - info: Pages rebuilt
2019-07-25T15:43:29.559Z - info: Site data built
2019-07-25T15:46:09.659Z - info: [23:46:09] Reload for file change: C:\repos\nus-cs2103-AY1920S1\cs2103-website\admin\project-w03-kickoff.md
2019-07-25T15:46:09.687Z - info: [23:46:09] Reload for file change: C:\repos\nus-cs2103-AY1920S1\cs2103-website\admin\project-w04-inception.md
2019-07-25T15:46:09.691Z - info: [23:46:09] Reload for file change: C:\repos\nus-cs2103-AY1920S1\cs2103-website\admin\project-timeline.md
2019-07-25T15:46:10.669Z - info: Rebuilding affected source files
2019-07-25T15:46:10.716Z - info: Rebuilding 32 pages
2019-07-25T15:46:32.598Z - info: Pages rebuilt
2019-07-25T15:46:32.610Z - info: Site data built
2019-07-25T15:47:57.513Z - info: [23:47:57] Reload for file change: C:\repos\nus-cs2103-AY1920S1\cs2103-website\admin\project-w03-kickoff.md
2019-07-25T15:47:58.518Z - info: Rebuilding affected source files
2019-07-25T15:47:58.522Z - info: Rebuilding 2 pages
2019-07-25T15:47:59.306Z - info: Pages rebuilt
2019-07-25T15:47:59.314Z - info: Site data built
2019-07-25T15:50:18.071Z - info: [23:50:18] Reload for file change: C:\repos\nus-cs2103-AY1920S1\cs2103-website\schedule\week3\tutorial-cs2103.md
2019-07-25T15:50:19.073Z - info: Rebuilding affected source files
2019-07-25T15:50:19.077Z - info: Rebuilding 1 pages
2019-07-25T15:50:19.777Z - info: Pages rebuilt
2019-07-25T15:50:19.793Z - info: Site data built
2019-07-25T15:50:44.188Z - info: [23:50:44] Reload for file change: C:\repos\nus-cs2103-AY1920S1\cs2103-website\schedule\week3\tutorial-cs2103.md
2019-07-25T15:50:45.192Z - info: Rebuilding affected source files
2019-07-25T15:50:45.192Z - info: Rebuilding 1 pages
2019-07-25T15:50:45.854Z - info: Pages rebuilt
2019-07-25T15:50:45.862Z - info: Site data built
