2019-09-18T02:34:00.812Z - info: Website generation started at 10:33:58 AM
2019-09-18T02:34:04.086Z - info: Building assets...
2019-09-18T02:34:06.834Z - info: Assets built
2019-09-18T02:34:06.834Z - info: Generating pages...
2019-09-18T02:35:50.565Z - info: Pages built
2019-09-18T02:36:10.166Z - info: Website generation complete! Total build time: 131.446s
2019-09-18T02:36:10.516Z - info: Serving "C:\repos\nus-cs2103-AY1920S1\cs2103-website\_site" at http://127.0.0.1:8080
2019-09-18T02:36:10.516Z - info: Press CTRL+C to stop ...
2019-09-18T02:36:10.551Z - info: Site data built
2019-09-18T02:37:54.691Z - info: [10:37:54 AM] Reload for file change: C:\repos\nus-cs2103-AY1920S1\cs2103-website\admin\projectList.md
2019-09-18T02:37:55.693Z - info: Rebuilding affected source files
2019-09-18T02:37:55.694Z - info: Rebuilding 1 pages
2019-09-18T02:37:57.075Z - info: Pages rebuilt
2019-09-18T02:37:57.085Z - info: Site data built
2019-09-18T02:39:42.030Z - info: [10:39:42 AM] Reload for file change: C:\repos\nus-cs2103-AY1920S1\cs2103-website\admin\projectList.md
2019-09-18T02:39:43.031Z - info: Rebuilding affected source files
2019-09-18T02:39:43.033Z - info: Rebuilding 1 pages
2019-09-18T02:39:44.259Z - info: Pages rebuilt
2019-09-18T02:39:44.272Z - info: Site data built
2019-09-18T02:40:27.783Z - info: [10:40:27 AM] Reload for file change: C:\repos\nus-cs2103-AY1920S1\cs2103-website\admin\projectList.md
2019-09-18T02:40:28.786Z - info: Rebuilding affected source files
2019-09-18T02:40:28.789Z - info: Rebuilding 1 pages
2019-09-18T02:40:30.001Z - info: Pages rebuilt
2019-09-18T02:40:30.013Z - info: Site data built
2019-09-18T02:41:18.612Z - info: [10:41:18 AM] Reload for file change: C:\repos\nus-cs2103-AY1920S1\cs2103-website\admin\projectList.md
2019-09-18T02:41:19.613Z - info: Rebuilding affected source files
2019-09-18T02:41:19.616Z - info: Rebuilding 1 pages
2019-09-18T02:41:20.797Z - info: Pages rebuilt
2019-09-18T02:41:20.809Z - info: Site data built
2019-09-18T02:42:12.849Z - info: Website generation started at 10:42:10 AM
2019-09-18T02:42:15.328Z - info: Building assets...
