2019-06-28T09:27:46.772Z - info: Website generation started at 5:27:44 PM
2019-06-28T09:27:50.832Z - info: Building assets...
2019-06-28T09:28:04.637Z - info: Assets built
2019-06-28T09:28:04.637Z - info: Generating pages...
2019-06-28T09:28:21.854Z - debug:  Error: ENOENT: no such file or directory, open 'C:\repos\nus-cs2103-AY1920S1\cs2103-website\book\designPatterns\{{baseUrl}}\designPatterns\singleton\what\images\singleton.puml'
2019-06-28T09:28:21.854Z - error: Error reading C:\repos\nus-cs2103-AY1920S1\cs2103-website\book\designPatterns\{{baseUrl}}\designPatterns\singleton\what\images\singleton.puml
2019-06-28T09:28:21.855Z - debug:  Error: ENOENT: no such file or directory, open 'C:\repos\nus-cs2103-AY1920S1\cs2103-website\book\designPatterns\singleton\{{baseUrl}}\designPatterns\singleton\what\images\singleton.puml'
2019-06-28T09:28:21.855Z - error: Error reading C:\repos\nus-cs2103-AY1920S1\cs2103-website\book\designPatterns\singleton\{{baseUrl}}\designPatterns\singleton\what\images\singleton.puml
2019-06-28T09:28:21.855Z - debug:  Error: ENOENT: no such file or directory, open 'C:\repos\nus-cs2103-AY1920S1\cs2103-website\book\designPatterns\singleton\what\{{baseUrl}}\designPatterns\singleton\what\images\singleton.puml'
2019-06-28T09:28:21.855Z - error: Error reading C:\repos\nus-cs2103-AY1920S1\cs2103-website\book\designPatterns\singleton\what\{{baseUrl}}\designPatterns\singleton\what\images\singleton.puml
2019-06-28T09:28:21.855Z - debug:  Error: ENOENT: no such file or directory, open 'C:\repos\nus-cs2103-AY1920S1\cs2103-website\book\common\{{baseUrl}}\designPatterns\singleton\what\images\singleton.puml'
2019-06-28T09:28:21.855Z - error: Error reading C:\repos\nus-cs2103-AY1920S1\cs2103-website\book\common\{{baseUrl}}\designPatterns\singleton\what\images\singleton.puml
2019-06-28T09:28:47.161Z - info: Pages built
2019-06-28T09:28:57.358Z - info: Website generation complete! Total build time: 73.129s
2019-06-28T09:28:57.728Z - info: Serving "C:\repos\nus-cs2103-AY1920S1\cs2103-website\book\_site" at http://127.0.0.1:8080
2019-06-28T09:28:57.728Z - info: Press CTRL+C to stop ...
2019-06-28T09:28:57.762Z - info: Site data built
2019-06-28T09:30:08.502Z - info: [5:30:08 PM] Reload for file add: C:\repos\nus-cs2103-AY1920S1\cs2103-website\book\designPatterns\singleton\what\singleton.puml
2019-06-28T09:30:09.511Z - warn: Rebuilding all source files
2019-06-28T09:30:18.109Z - info: Assets removed
2019-06-28T09:30:18.109Z - info: Generating pages...
2019-06-28T09:30:52.773Z - debug:  Error: ENOENT: no such file or directory, open 'C:\repos\nus-cs2103-AY1920S1\cs2103-website\book\_site\designPatterns\{{baseUrl}}\designPatterns\singleton\what\images\singleton.puml'
2019-06-28T09:30:52.774Z - error: Error reading C:\repos\nus-cs2103-AY1920S1\cs2103-website\book\_site\designPatterns\{{baseUrl}}\designPatterns\singleton\what\images\singleton.puml
2019-06-28T09:30:52.774Z - debug:  Error: ENOENT: no such file or directory, open 'C:\repos\nus-cs2103-AY1920S1\cs2103-website\book\_site\designPatterns\singleton\{{baseUrl}}\designPatterns\singleton\what\images\singleton.puml'
2019-06-28T09:30:52.774Z - error: Error reading C:\repos\nus-cs2103-AY1920S1\cs2103-website\book\_site\designPatterns\singleton\{{baseUrl}}\designPatterns\singleton\what\images\singleton.puml
2019-06-28T09:30:52.774Z - debug:  Error: ENOENT: no such file or directory, open 'C:\repos\nus-cs2103-AY1920S1\cs2103-website\book\_site\designPatterns\singleton\what\{{baseUrl}}\designPatterns\singleton\what\images\singleton.puml'
2019-06-28T09:30:52.774Z - error: Error reading C:\repos\nus-cs2103-AY1920S1\cs2103-website\book\_site\designPatterns\singleton\what\{{baseUrl}}\designPatterns\singleton\what\images\singleton.puml
2019-06-28T09:30:52.774Z - debug:  Error: ENOENT: no such file or directory, open 'C:\repos\nus-cs2103-AY1920S1\cs2103-website\book\designPatterns\singleton.puml'
2019-06-28T09:30:52.774Z - error: Error reading C:\repos\nus-cs2103-AY1920S1\cs2103-website\book\designPatterns\singleton.puml
2019-06-28T09:30:52.774Z - debug:  Error: ENOENT: no such file or directory, open 'C:\repos\nus-cs2103-AY1920S1\cs2103-website\book\designPatterns\singleton\singleton.puml'
2019-06-28T09:30:52.774Z - error: Error reading C:\repos\nus-cs2103-AY1920S1\cs2103-website\book\designPatterns\singleton\singleton.puml
2019-06-28T09:30:52.774Z - debug:  Error: ENOENT: no such file or directory, open 'C:\repos\nus-cs2103-AY1920S1\cs2103-website\book\_site\common\{{baseUrl}}\designPatterns\singleton\what\images\singleton.puml'
2019-06-28T09:30:52.774Z - error: Error reading C:\repos\nus-cs2103-AY1920S1\cs2103-website\book\_site\common\{{baseUrl}}\designPatterns\singleton\what\images\singleton.puml
2019-06-28T09:30:52.774Z - debug:  Error: ENOENT: no such file or directory, open 'C:\repos\nus-cs2103-AY1920S1\cs2103-website\book\common\singleton.puml'
2019-06-28T09:30:52.774Z - error: Error reading C:\repos\nus-cs2103-AY1920S1\cs2103-website\book\common\singleton.puml
2019-06-28T09:30:52.899Z - info: [5:30:52 PM] Reload for file change: C:\repos\nus-cs2103-AY1920S1\cs2103-website\book\designPatterns\singleton\what\text.md
2019-06-28T09:30:54.616Z - info: Rebuilding affected source files
2019-06-28T09:30:54.616Z - info: Rebuilding 0 pages
2019-06-28T09:30:54.656Z - info: Pages rebuilt
2019-06-28T09:30:56.949Z - info: Site data built
2019-06-28T09:31:52.759Z - info: Pages built
2019-06-28T09:32:51.940Z - info: [5:32:51 PM] Reload for file deletion: C:\repos\nus-cs2103-AY1920S1\cs2103-website\book\designPatterns\singleton\what\singleton.puml
2019-06-28T09:32:52.960Z - warn: Rebuilding all source files
2019-06-28T09:33:03.841Z - info: Assets removed
2019-06-28T09:33:03.842Z - info: Generating pages...
2019-06-28T09:34:33.875Z - info: Website generation started at 5:34:30 PM
2019-06-28T09:34:37.993Z - info: Building assets...
2019-06-28T09:34:45.850Z - info: Assets built
2019-06-28T09:34:45.850Z - info: Generating pages...
2019-06-28T09:35:02.354Z - debug:  Error: ENOENT: no such file or directory, open 'C:\repos\nus-cs2103-AY1920S1\cs2103-website\book\designPatterns\images\singleton.puml'
2019-06-28T09:35:02.354Z - error: Error reading C:\repos\nus-cs2103-AY1920S1\cs2103-website\book\designPatterns\images\singleton.puml
2019-06-28T09:35:02.354Z - debug:  Error: ENOENT: no such file or directory, open 'C:\repos\nus-cs2103-AY1920S1\cs2103-website\book\designPatterns\singleton\images\singleton.puml'
2019-06-28T09:35:02.354Z - error: Error reading C:\repos\nus-cs2103-AY1920S1\cs2103-website\book\designPatterns\singleton\images\singleton.puml
2019-06-28T09:35:02.354Z - debug:  Error: ENOENT: no such file or directory, open 'C:\repos\nus-cs2103-AY1920S1\cs2103-website\book\common\images\singleton.puml'
2019-06-28T09:35:02.355Z - error: Error reading C:\repos\nus-cs2103-AY1920S1\cs2103-website\book\common\images\singleton.puml
2019-06-28T09:35:27.365Z - info: Pages built
2019-06-28T09:35:37.707Z - info: Website generation complete! Total build time: 67.363s
2019-06-28T09:35:38.081Z - info: Serving "C:\repos\nus-cs2103-AY1920S1\cs2103-website\book\_site" at http://127.0.0.1:8080
2019-06-28T09:35:38.081Z - info: Press CTRL+C to stop ...
2019-06-28T09:35:38.122Z - info: Site data built
2019-06-28T09:36:04.178Z - info: [5:36:04 PM] Reload for file change: C:\repos\nus-cs2103-AY1920S1\cs2103-website\book\designPatterns\singleton\what\text.md
2019-06-28T09:36:05.199Z - info: Rebuilding affected source files
2019-06-28T09:36:05.202Z - info: Rebuilding 6 pages
2019-06-28T09:36:19.310Z - info: Pages rebuilt
2019-06-28T09:36:19.367Z - info: Site data built
2019-06-28T09:45:39.383Z - info: [5:45:39 PM] Reload for file change: C:\repos\nus-cs2103-AY1920S1\cs2103-website\book\designPatterns\singleton\what\images\singleton.puml
2019-06-28T09:45:40.385Z - info: Rebuilding affected source files
2019-06-28T09:45:40.386Z - info: Rebuilding 0 pages
2019-06-28T09:45:40.387Z - info: Pages rebuilt
2019-06-28T09:45:40.405Z - info: Site data built
2019-06-28T09:46:56.352Z - info: Website generation started at 5:46:53 PM
2019-06-28T09:47:00.833Z - info: Building assets...
2019-06-28T09:47:09.234Z - info: Assets built
2019-06-28T09:47:09.234Z - info: Generating pages...
2019-06-28T09:47:25.484Z - debug:  Error: ENOENT: no such file or directory, open 'C:\repos\nus-cs2103-AY1920S1\cs2103-website\book\designPatterns\images\singleton.puml'
2019-06-28T09:47:25.485Z - error: Error reading C:\repos\nus-cs2103-AY1920S1\cs2103-website\book\designPatterns\images\singleton.puml
2019-06-28T09:47:25.485Z - debug:  Error: ENOENT: no such file or directory, open 'C:\repos\nus-cs2103-AY1920S1\cs2103-website\book\designPatterns\singleton\images\singleton.puml'
2019-06-28T09:47:25.485Z - error: Error reading C:\repos\nus-cs2103-AY1920S1\cs2103-website\book\designPatterns\singleton\images\singleton.puml
2019-06-28T09:47:25.485Z - debug:  Error: ENOENT: no such file or directory, open 'C:\repos\nus-cs2103-AY1920S1\cs2103-website\book\common\images\singleton.puml'
2019-06-28T09:47:25.486Z - error: Error reading C:\repos\nus-cs2103-AY1920S1\cs2103-website\book\common\images\singleton.puml
2019-06-28T09:47:50.377Z - info: Pages built
2019-06-28T09:48:00.425Z - info: Website generation complete! Total build time: 66.657s
2019-06-28T09:48:00.787Z - info: Serving "C:\repos\nus-cs2103-AY1920S1\cs2103-website\book\_site" at http://127.0.0.1:8080
2019-06-28T09:48:00.787Z - info: Press CTRL+C to stop ...
2019-06-28T09:48:00.834Z - info: Site data built
2019-06-28T09:49:35.658Z - info: [5:49:35 PM] Reload for file change: C:\repos\nus-cs2103-AY1920S1\cs2103-website\book\designPatterns\singleton\what\images\singleton.puml
2019-06-28T09:49:36.660Z - info: Rebuilding affected source files
2019-06-28T09:49:36.661Z - info: Rebuilding 0 pages
2019-06-28T09:49:36.663Z - info: Pages rebuilt
2019-06-28T09:49:36.679Z - info: Site data built
2019-06-28T09:50:40.288Z - info: [5:50:40 PM] Reload for file change: C:\repos\nus-cs2103-AY1920S1\cs2103-website\book\designPatterns\singleton\what\images\singleton.puml
2019-06-28T09:50:41.288Z - info: Rebuilding affected source files
2019-06-28T09:50:41.289Z - info: Rebuilding 0 pages
2019-06-28T09:50:41.291Z - info: Pages rebuilt
2019-06-28T09:50:41.303Z - info: Site data built
2019-06-28T09:52:08.055Z - info: Website generation started at 5:52:05 PM
2019-06-28T09:52:12.094Z - info: Building assets...
2019-06-28T09:52:19.933Z - info: Assets built
2019-06-28T09:52:19.934Z - info: Generating pages...
2019-06-28T09:52:36.138Z - debug:  Error: ENOENT: no such file or directory, open 'C:\repos\nus-cs2103-AY1920S1\cs2103-website\book\designPatterns\images\singleton.puml'
2019-06-28T09:52:36.139Z - error: Error reading C:\repos\nus-cs2103-AY1920S1\cs2103-website\book\designPatterns\images\singleton.puml
2019-06-28T09:52:36.139Z - debug:  Error: ENOENT: no such file or directory, open 'C:\repos\nus-cs2103-AY1920S1\cs2103-website\book\designPatterns\singleton\images\singleton.puml'
2019-06-28T09:52:36.139Z - error: Error reading C:\repos\nus-cs2103-AY1920S1\cs2103-website\book\designPatterns\singleton\images\singleton.puml
2019-06-28T09:52:36.139Z - debug:  Error: ENOENT: no such file or directory, open 'C:\repos\nus-cs2103-AY1920S1\cs2103-website\book\common\images\singleton.puml'
2019-06-28T09:52:36.139Z - error: Error reading C:\repos\nus-cs2103-AY1920S1\cs2103-website\book\common\images\singleton.puml
2019-06-28T09:53:01.938Z - info: Pages built
2019-06-28T09:53:11.997Z - info: Website generation complete! Total build time: 66.303s
2019-06-28T09:53:12.402Z - info: Serving "C:\repos\nus-cs2103-AY1920S1\cs2103-website\book\_site" at http://127.0.0.1:8080
2019-06-28T09:53:12.402Z - info: Press CTRL+C to stop ...
2019-06-28T09:53:12.425Z - info: Site data built
